 1418118973 0 0 0 0 0 0 0 0 0 0 0
 1418118973 0 0 0 0 0 0 0 0 0 0 0
 1418118973 0 0 0 0 0 0 0 0 0 0 0
 1418118973 0 0 0 0 0 0 0 0 0 0 0
 1418118973 0 0 0 0 0 0 0 0 0 0 0
 1418118973 0 0 0 0 0 0 0 0 0 0 0
 1418118973 0 0 0 0 0 0 0 0 0 0 0
 1418118973 0 0 0 0 0 0 0 0 0 0 0
 1418118973 0 0 0 0 0 0 0 0 0 0 0
 1418118973 0 0 0 0 0 0 0 0 0 0 0
 1418118973 0 0 0 0 0 0 0 0 0 0 0
 1418118973 0 0 0 0 0 0 0 0 0 0 0
 1418118973 0 0 0 0 0 0 0 0 0 0 0
 1418118973 0 0 0 0 0 0 0 0 0 0 0
 1418118973 0 0 0 0 0 0 0 0 0 0 0
 1418118973 0 0 0 0 0 0 0 0 0 0 0
 1418118973 0 0 0 0 0 0 0 0 0 0 0
 1418118973 0 0 0 0 0 0 0 0 0 0 0
 1418118973 0 0 0 0 0 0 0 0 0 0 0
 1418118973 0 0 0 0 0 0 0 0 0 0 0
 1418118973 0 0 0 0 0 0 0 0 0 0 0
 1418118973 0 0 0 0 0 0 0 0 0 0 0
 1418118973 0 0 0 0 0 0 0 0 0 0 0
 1418118973 0 0 0 0 0 0 0 0 0 0 0
 1418118973 0 0 0 0 0 0 0 0 0 0 0
 1418118973 0 0 0 0 0 0 0 0 0 0 0
 1418118973 0 0 0 0 0 0 0 0 0 0 0
 1418118974 0 0 0 0 0 0 0 0 0 0 0
 1418118974 0 0 0 0 0 0 0 0 0 0 0
 1418118974 0 0 0 0 0 0 0 0 0 0 0
 1418118974 0 0 0 0 0 0 0 0 0 0 0
 1418118974 0 0 0 0 0 0 0 0 0 0 0
 1418118974 0 0 0 0 0 0 0 0 0 0 0
 1418118974 0 0 0 0 0 0 0 0 0 0 0
 1418118974 0 0 0 0 0 0 0 0 0 0 0
 1418118974 0 0 0 0 0 0 0 0 0 0 0
 1418118974 0 0 0 0 0 0 0 0 0 0 0
 1418118974 0 0 0 0 0 0 0 0 0 0 0
 1418118974 0 0 0 0 0 0 0 0 0 0 0
 1418118974 0 0 0 0 0 0 0 0 0 0 0
 1418118974 0 0 0 0 0 0 0 0 0 0 0
 1418118974 0 0 0 0 0 0 0 0 0 0 0
 1418118974 0 0 0 0 0 0 0 0 0 0 0
 1418118974 0 0 0 0 0 0 0 0 0 0 0
 1418118974 0 0 0 0 0 0 0 0 0 0 0
 1418118974 0 0 0 0 0 0 0 0 0 0 0
 1418118974 0 0 0 0 0 0 0 0 0 0 0
 1418118974 0 0 0 0 0 0 0 0 0 0 0
 1418118974 0 0 0 0 0 0 0 0 0 0 0
 1418118974 0 0 0 0 0 0 0 0 0 0 0
 1418118974 0 0 0 0 0 0 0 0 0 0 0
 1418118974 0 0 0 0 0 0 0 0 0 0 0
 1418118974 0 0 0 0 0 0 0 0 0 0 0
 1418118974 0 0 0 0 0 0 0 0 0 0 0
 1418118974 0 0 0 0 0 0 0 0 0 0 0
 1418118974 0 0 0 0 0 0 0 0 0 0 0
 1418118974 0 0 0 0 0 0 0 0 0 0 0
 1418118975 0 0 0 0 0 0 0 0 0 0 0
 1418118975 0 0 0 0 0 0 0 0 0 0 0
 1418118975 0 0 0 0 0 0 0 0 0 0 0
 1418118975 0 0 0 0 0 0 0 0 0 0 0
 1418118975 0 0 0 0 0 0 0 0 0 0 0
 1418118975 0 0 0 0 0 0 0 0 0 0 0
 1418118975 0 0 0 0 0 0 0 0 0 0 0
 1418118975 0 0 0 0 0 0 0 0 0 0 0
 1418118975 0 0 0 0 0 0 0 0 0 0 0
 1418118975 0 0 0 0 0 0 0 0 0 0 0
 1418118975 0 0 0 0 0 0 0 0 0 0 0
 1418118975 0 0 0 0 0 0 0 0 0 0 0
 1418118975 0 0 0 0 0 0 0 0 0 0 0
 1418118975 0 0 0 0 0 0 0 0 0 0 0
 1418118975 0 0 0 0 0 0 0 0 0 0 0
 1418118975 0 0 0 0 0 0 0 0 0 0 0
 1418118975 0 0 0 0 0 0 0 0 0 0 0
 1418118975 0 0 0 0 0 0 0 0 0 0 0
 1418118975 0 0 0 0 0 0 0 0 0 0 0
 1418118975 0 0 0 0 0 0 0 0 0 0 0
 1418118975 0 0 0 0 0 0 0 0 0 0 0
 1418118975 0 0 0 0 0 0 0 0 0 0 0
 1418118975 0 0 0 0 0 0 0 0 0 0 0
 1418118975 0 0 0 0 0 0 0 0 0 0 0
 1418118975 0 0 0 0 0 0 0 0 0 0 0
 1418118975 0 0 0 0 0 0 0 0 0 0 0
 1418118975 0 0 0 0 0 0 0 0 0 0 0
 1418118975 0 0 0 0 0 0 0 0 0 0 0
 1418118975 0 0 0 0 0 0 0 0 0 0 0
 1418118975 0 0 0 0 0 0 0 0 0 0 0
 1418118976 0 0 0 0 0 0 0 0 0 0 0
 1418118976 0 0 0 0 0 0 0 0 0 0 0
 1418118976 0 0 0 0 0 0 0 0 0 0 0
 1418118976 0 0 0 0 0 0 0 0 0 0 0
 1418118976 0 0 0 0 0 0 0 0 0 0 0
 1418118976 0 0 0 0 0 0 0 0 0 0 0
 1418118976 0 0 0 0 0 0 0 0 0 0 0
 1418118976 0 0 0 0 0 0 0 0 0 0 0
 1418118976 0 0 0 0 0 0 0 0 0 0 0
 1418118976 0 0 0 0 0 0 0 0 0 0 0
 1418118976 0 0 0 0 0 0 0 0 0 0 0
 1418118976 0 0 0 0 0 0 0 0 0 0 0
 1418118976 0 0 0 0 0 0 0 0 0 0 0
 1418118976 0 0 0 0 0 0 0 0 0 0 0
 1418118976 0 0 0 0 0 0 0 0 0 0 0
 1418118976 0 0 0 0 0 0 0 0 0 0 0
 1418118976 0 0 0 0 0 0 0 0 0 0 0
 1418118976 0 0 0 0 0 0 0 0 0 0 0
 1418118976 0 0 0 0 0 0 0 0 0 0 0
 1418118976 0 0 0 0 0 0 0 0 0 0 0
 1418118976 0 0 0 0 0 0 0 0 0 0 0
 1418118976 0 0 0 0 0 0 0 0 0 0 0
