 1418295988 5 -3 0 0 1 0 87 291 285 271 65
 1418295988 5 -3 0 0 1 0 87 291 285 271 65
 1418295989 5 -3 0 0 1 0 87 290 285 271 65
 1418295989 5 -3 0 0 1 0 87 290 285 271 65
 1418295989 5 -3 0 0 1 0 87 291 285 271 65
 1418295989 5 -3 0 0 1 0 87 291 285 271 65
 1418295990 5 -3 0 0 1 0 87 291 285 271 65
 1418295990 5 -3 0 0 1 0 87 290 285 271 65
 1418295990 5 -3 0 0 1 0 87 290 285 271 65
 1418295990 5 -3 0 0 1 0 87 290 285 271 65
 1418295991 5 -3 0 0 1 0 87 291 285 271 65
 1418295991 5 -3 0 0 1 0 87 290 285 271 65
 1418295991 5 -3 0 0 1 0 87 290 285 271 65
 1418295991 5 -3 0 0 1 0 87 290 285 271 65
 1418295992 5 -3 0 0 1 0 87 290 285 271 65
 1418295992 5 -3 0 0 1 0 87 290 285 271 65
 1418295992 5 -3 0 0 1 0 87 290 285 271 65
 1418295992 5 -3 0 0 1 0 87 290 285 271 65
 1418295993 5 -3 0 0 1 0 87 290 285 271 65
 1418295993 5 -3 0 0 1 0 87 290 285 271 65
 1418295993 5 -3 0 0 1 0 87 290 285 271 65
 1418295994 5 -3 0 0 1 0 87 290 285 271 65
 1418295994 5 -3 0 0 1 0 87 290 285 271 65
 1418295994 5 -3 0 0 1 0 87 290 285 271 65
 1418295994 5 -3 0 0 1 0 87 291 285 271 65
 1418295995 5 -3 0 0 1 0 87 291 285 271 65
 1418295995 5 -3 0 0 1 0 87 290 286 271 65
 1418295995 13 2 8 5 0 0 87 284 286 271 65
 1418295995 28 14 22 17 0 0 87 284 279 271 65
 1418295996 51 34 37 31 0 0 88 254 245 254 65
 1418295996 73 53 36 32 0 0 88 217 218 139 61
 1418295996 86 65 35 29 0 0 92 217 203 139 53
 1418295996 103 77 25 21 1 0 99 176 107 108 53
 1418295997 107 79 18 11 1 0 99 176 102 93 49
 1418295997 108 79 5 1 1 0 101 158 100 93 200
 1418295997 108 79 1 0 1 0 101 157 100 93 200
 1418295997 108 79 0 0 1 0 101 157 100 93 50
 1418295998 108 79 0 0 1 0 101 157 100 93 50
 1418295998 108 79 0 0 1 0 101 157 100 93 17
 1418295998 108 79 0 0 1 0 101 158 100 93 17
 1418295998 108 79 0 0 1 0 101 158 100 93 17
 1418295999 108 78 0 0 1 1 101 158 100 93 17
 1418295999 108 78 0 0 1 1 101 160 116 109 21
 1418295999 108 78 0 0 1 1 98 160 122 109 21
 1418295999 108 78 0 0 1 1 98 204 129 121 21
 1418296000 108 78 0 0 1 1 97 204 139 133 56
 1418296000 108 78 0 0 1 1 98 219 222 133 56
 1418296000 108 78 0 0 1 1 98 235 155 227 53
 1418296001 108 78 0 0 1 1 99 235 240 227 51
 1418296001 108 78 0 0 1 1 101 250 252 242 51
 1418296001 108 78 0 0 1 1 101 250 256 255 50
 1418296001 108 74 0 -3 1 0 102 275 266 255 48
 1418296002 107 72 -1 -6 1 0 102 287 271 263 48
 1418296002 106 70 -2 -6 1 0 104 287 273 263 47
 1418296002 106 70 -1 -2 1 0 104 289 273 185 47
 1418296002 106 70 0 0 1 0 104 289 273 268 47
 1418296003 107 70 1 0 1 0 104 285 272 268 47
 1418296003 107 70 1 0 1 0 104 285 272 267 47
 1418296003 107 70 0 0 1 0 104 285 273 267 47
 1418296003 107 70 0 0 1 0 104 289 273 267 47
 1418296004 107 70 0 0 1 0 104 285 272 186 47
 1418296004 107 70 0 0 1 0 104 285 272 186 47
