 1418298807 8 9 0 0 0 0 74 251 250 164 84
 1418298807 2 165 235 73 1 0 0 0 0 0 0
 1418298807 2 165 235 73 1 0 0 0 0 0 0
 1418298811 28 9 1 0 0 0 73 171 164 162 95
 1418298814 51 11 2 0 0 0 104 94 985 85 130
 1418298814 76 12 82 79 1 1 0 0 0 0 0
 1418298815 76 12 82 79 1 1 0 0 0 0 0
 1418298815 77 12 0 0 1 1 0 0 0 0 0
 1418298815 77 12 0 0 1 1 0 0 0 0 0
 1418298815 77 12 0 0 1 1 0 0 0 0 0
 1418298816 78 18 1 1 0 1 0 7 74 75 86
 1418298819 78 18 0 0 0 1 182 74 74 74 86
 1418298819 1 49 74 74 0 0 0 0 7 70 1
 1418298820 1 49 74 74 0 0 0 0 7 70 1
 1418298823 78 18 0 0 0 1 182 74 74 74 234
 1418298823 78 18 0 0 0 1 0 0 0 0 22482
 1418298824 78 18 0 0 0 1 0 0 0 0 22482
 1418298824 78 18 0 0 0 1 0 0 0 0 22
 1418298824 78 18 0 0 0 1 0 0 0 0 22
 1418298825 78 18 0 0 0 1 0 0 0 0 22
 1418298825 78 18 0 0 0 1 0 0 0 0 22
 1418298825 78 18 0 0 0 1 0 0 0 0 22
 1418298825 78 18 0 0 0 1 0 0 0 0 22
 1418298826 78 18 0 0 0 1 0 0 0 0 22
 1418298826 78 18 0 0 0 1 0 0 0 0 22
 1418298826 78 18 0 0 0 1 0 0 0 0 22
 1418298827 78 18 0 0 0 1 0 0 0 0 22
 1418298827 78 18 0 0 0 1 0 0 0 0 22
 1418298827 78 18 0 0 0 1 0 0 0 0 22
 1418298831 78 18 0 0 0 1 182 74 74 74 223
 1418298834 78 18 0 0 0 1 182 74 74 74 203
 1418298837 78 18 0 0 0 1 182 74 74 74 223
 1418298841 78 18 0 0 0 1 182 74 74 74 223
 1418298844 78 18 0 0 0 1 182 74 74 74 202
 1418298847 78 18 0 0 0 1 182 74 74 74 223
 1418298851 78 18 0 0 0 1 182 74 74 74 223
 1418298854 78 18 0 0 0 1 182 74 74 74 223
 1418298857 78 18 0 0 0 1 182 74 74 74 223
 1418298861 78 18 0 0 0 1 182 74 74 74 223
 1418298864 78 18 0 0 0 1 182 74 74 74 223
 1418298867 78 18 0 0 0 1 182 74 74 74 223
 1418298871 78 18 0 0 0 1 182 74 74 74 223
 1418298874 78 18 0 0 0 1 182 74 74 74 223
 1418298877 78 18 0 0 0 1 182 74 74 74 223
 1418298881 78 18 0 0 0 1 182 74 74 74 223
 1418298884 78 18 0 0 0 1 182 74 74 74 223
 1418298887 78 18 0 0 0 1 182 74 74 74 223
