 1418300528 0 0 0 0 0 0 67 324 319 314 102
 1418300529 0 0 0 0 0 0 67 324 315 314 102
 1418300529 0 0 0 0 0 0 67 324 316 314 102
 1418300529 0 0 0 0 0 0 67 324 319 314 102
 1418300530 0 0 0 0 0 0 67 324 315 314 102
 1418300530 0 0 0 0 0 0 67 324 315 314 102
 1418300530 0 0 0 0 0 0 67 324 319 314 102
 1418300531 0 0 0 0 0 0 67 324 320 314 101
 1418300531 0 0 0 0 0 0 67 324 318 314 101
 1418300531 0 0 0 0 0 0 67 324 320 314 102
 1418300532 0 0 0 0 0 0 67 324 320 314 102
 1418300532 0 0 0 0 0 0 67 324 318 314 102
 1418300532 0 0 0 0 0 0 67 324 320 314 102
 1418300532 0 0 0 0 0 0 67 324 319 314 102
 1418300533 0 0 0 0 0 0 67 324 320 314 102
 1418300533 0 0 0 0 0 0 67 324 319 314 102
 1418300533 0 0 0 0 0 0 67 324 320 314 101
 1418300534 0 0 0 0 0 0 67 324 316 314 102
 1418300534 0 0 0 0 0 0 67 324 319 314 102
 1418300534 0 0 0 0 0 0 67 324 318 314 102
 1418300535 0 0 0 0 0 0 67 324 320 314 102
 1418300535 0 0 0 0 0 0 67 324 320 314 101
 1418300535 0 0 0 0 0 0 67 324 320 314 101
