 1418300318 8 8 0 0 0 0 60 302 296 290 104
 1418300318 8 8 0 0 0 0 60 302 296 290 104
 1418300318 9 10 1 2 0 0 60 302 296 290 104
 1418300319 13 14 5 5 0 0 60 299 293 288 105
 1418300320 16 19 5 7 0 0 58 294 287 281 105
 1418300321 22 22 3 0 0 0 55 287 280 275 106
 1418300323 34 25 6 0 0 0 49 275 270 263 110
 1418300324 44 29 7 3 0 0 46 261 261 259 113
 1418300325 52 33 4 1 0 0 46 253 254 182 114
 1418300326 62 38 5 2 0 0 47 242 244 173 114
 1418300328 72 42 7 1 0 0 49 225 188 168 115
 1418300329 79 45 3 0 0 0 53 219 202 164 133
 1418300329 91 50 7 2 0 0 219 161 158 103 161
 1418300330 92 50 5 1 0 0 215 161 117 103 164
 1418300330 92 50 1 0 0 0 208 131 115 102 164
 1418300330 93 52 1 2 0 0 208 131 116 101 164
 1418300330 95 56 3 6 0 0 208 157 151 101 162
 1418300331 100 60 7 7 0 0 206 151 149 96 162
 1418300331 102 63 6 7 0 0 206 151 142 91 164
 1418300331 104 65 4 4 0 0 110 144 104 91 165
 1418300331 104 65 2 2 0 0 110 142 137 88 165
 1418300332 106 65 2 0 0 0 201 142 103 88 165
 1418300332 108 67 4 2 0 0 200 140 102 88 165
 1418300332 112 72 6 7 0 0 200 132 98 85 168
 1418300332 116 76 7 8 0 0 196 132 94 78 162
 1418300333 117 78 5 6 0 0 136 128 121 78 162
 1418300333 117 78 1 2 0 0 136 126 120 77 161
 1418300333 118 79 1 1 0 0 137 126 121 77 162
 1418300334 121 81 4 3 0 0 193 124 118 76 162
 1418300334 125 85 6 5 0 0 193 119 86 73 164
 1418300334 128 88 7 7 0 0 190 119 109 73 164
 1418300334 131 90 5 5 0 0 167 144 81 67 164
 1418300335 131 90 3 2 0 0 167 144 80 66 165
 1418300335 132 91 1 1 0 0 188 144 80 66 165
 1418300335 134 94 3 4 0 0 165 150 101 65 165
 1418300335 137 97 5 6 0 0 165 150 100 60 166
 1418300336 140 101 6 7 0 0 188 136 94 60 168
 1418300336 142 103 4 4 0 0 156 131 92 89 168
 1418300336 142 103 2 2 0 0 156 131 91 88 169
 1418300337 142 103 0 0 0 0 157 131 91 88 169
 1418300337 145 106 3 3 0 0 187 129 88 87 169
 1418300337 148 110 6 7 0 0 187 129 85 80 71
 1418300337 152 114 7 8 0 0 117 142 78 80 72
 1418300338 154 116 6 6 0 0 117 135 75 72 72
 1418300338 155 117 2 2 0 1 121 135 73 72 74
 1418300338 155 117 0 0 0 1 121 135 73 70 74
 1418300338 155 117 0 0 0 1 122 135 73 70 74
 1418300339 155 117 0 0 0 1 122 135 73 70 74
 1418300339 155 117 0 0 0 1 122 135 73 70 74
 1418300339 155 117 0 0 0 1 122 135 73 70 73
 1418300340 155 117 0 0 0 1 122 135 73 70 73
 1418300340 155 117 0 0 0 1 122 135 73 70 73
 1418300340 155 117 0 0 0 1 122 135 73 70 73
 1418300340 155 117 0 0 0 1 122 135 73 70 73
 1418300341 155 117 0 0 0 1 122 135 73 70 73
 1418300341 155 117 0 0 0 1 122 134 73 70 73
 1418300341 155 117 0 0 0 1 122 134 73 70 73
 1418300342 155 117 0 0 0 1 122 135 73 70 73
 1418300342 155 117 0 0 0 1 122 135 73 70 73
 1418300342 155 117 0 0 0 1 122 135 73 70 73
 1418300342 155 117 0 0 0 1 122 134 73 70 73
 1418300343 155 117 0 0 0 1 122 134 73 70 73
 1418300343 155 117 0 0 0 1 122 135 73 70 73
 1418300343 155 117 0 0 0 1 122 135 73 70 73
 1418300343 155 117 0 0 0 1 122 135 73 70 73
 1418300344 155 117 0 0 0 1 182 135 73 70 73
 1418300344 155 117 0 0 0 1 182 134 73 70 73
 1418300344 155 117 0 0 0 1 122 134 73 70 74
 1418300344 155 117 0 0 0 1 122 134 73 70 74
 1418300345 155 117 0 0 0 1 122 134 73 70 73
 1418300345 155 117 0 0 0 1 182 134 73 70 74
 1418300345 155 117 0 0 0 1 122 134 73 70 74
 1418300345 155 117 0 0 0 1 122 134 73 70 73
 1418300346 155 117 0 0 0 1 122 134 73 70 73
 1418300346 155 117 0 0 0 1 122 134 73 70 73
 1418300346 155 117 0 0 0 1 122 134 73 70 73
 1418300347 155 117 0 0 0 1 122 134 73 70 73
 1418300347 155 117 0 0 0 1 122 134 73 70 73
 1418300347 155 117 0 0 0 1 122 134 73 70 73
 1418300347 155 117 0 0 0 1 122 134 73 70 73
 1418300348 155 117 0 0 0 1 122 134 73 70 73
 1418300348 155 117 0 0 0 1 122 134 73 70 73
 1418300348 155 117 0 0 0 1 122 134 73 70 73
 1418300348 155 117 0 0 0 1 122 134 73 70 73
 1418300349 155 117 0 0 0 1 122 134 73 70 73
 1418300349 155 117 0 0 0 1 122 134 73 70 73
 1418300349 155 117 0 0 0 1 122 134 73 70 230
 1418300350 155 117 0 0 0 1 122 134 73 70 231
 1418300350 155 117 0 0 0 1 122 134 73 70 176
 1418300350 155 117 0 0 0 1 122 134 73 70 176
 1418300350 155 117 0 0 0 1 122 134 73 70 286
 1418300351 155 117 0 0 0 1 122 134 73 70 288
 1418300351 155 117 0 0 0 1 122 134 73 70 288
 1418300351 155 117 0 0 0 1 122 134 73 70 257
 1418300352 155 117 0 0 0 1 122 134 73 70 285
 1418300352 155 117 0 0 0 1 122 134 73 70 285
 1418300352 155 117 0 0 0 1 122 134 73 70 286
 1418300352 155 117 0 0 0 1 122 134 73 70 286
 1418300353 155 117 0 0 0 1 122 134 73 70 176
 1418300353 155 117 0 0 0 1 122 134 73 70 74
 1418300353 155 117 0 0 0 1 122 134 73 70 74
 1418300353 155 117 0 0 0 1 122 134 73 70 176
 1418300354 155 117 0 0 0 1 122 134 73 70 286
 1418300354 155 117 0 0 0 1 122 134 73 70 286
 1418300354 155 117 0 0 0 1 122 134 73 70 176
 1418300354 155 117 0 0 0 1 122 134 73 70 288
 1418300355 155 117 0 0 0 1 122 134 73 70 288
 1418300355 155 117 0 0 0 1 122 134 73 70 287
 1418300355 155 117 0 0 0 1 182 134 73 70 285
 1418300356 155 117 0 0 0 1 182 134 73 70 285
 1418300356 155 117 0 0 0 1 122 134 73 69 286
 1418300356 155 117 0 0 0 1 183 134 73 69 286
 1418300356 155 117 0 0 0 1 183 134 73 70 287
 1418300357 155 117 0 0 0 1 122 134 73 70 287
 1418300357 155 117 0 0 0 1 122 134 73 70 287
 1418300357 155 117 0 0 0 1 122 134 73 70 177
 1418300357 155 117 0 0 0 1 122 134 73 70 286
 1418300358 155 117 0 0 0 1 182 134 73 70 286
 1418300358 155 117 0 0 0 1 182 134 73 70 286
 1418300358 155 117 0 0 0 1 183 134 73 70 287
 1418300358 155 117 0 0 0 1 122 134 73 70 287
 1418300359 155 117 0 0 0 1 122 134 73 69 286
 1418300359 155 117 0 0 0 1 122 134 73 69 287
 1418300359 155 117 0 0 0 1 122 134 73 69 287
 1418300360 155 117 0 0 0 1 122 134 73 70 175
 1418300360 155 117 0 0 0 1 122 134 73 70 74
 1418300360 155 117 0 0 0 1 122 134 73 70 176
 1418300361 155 117 0 0 0 1 122 134 73 70 176
 1418300361 155 117 0 0 0 1 122 134 73 70 74
 1418300361 155 117 0 0 0 1 122 134 73 70 74
 1418300361 155 117 0 0 0 1 122 134 73 70 74
 1418300362 155 117 0 0 0 1 182 134 73 70 74
 1418300362 155 117 0 0 0 1 122 134 73 70 74
 1418300362 155 117 0 0 0 1 122 134 73 70 74
 1418300362 155 117 0 0 0 1 183 134 73 70 286
 1418300363 155 117 0 0 0 1 182 134 73 70 286
 1418300363 155 117 0 0 0 1 182 134 73 70 74
 1418300363 155 117 0 0 0 1 122 134 73 70 73
 1418300363 155 117 0 0 0 1 122 134 73 70 73
 1418300364 155 117 0 0 0 1 122 134 73 70 73
 1418300364 155 117 0 0 0 1 122 134 73 70 73
 1418300364 155 117 0 0 0 1 122 134 73 70 73
 1418300364 155 117 0 0 0 1 122 134 73 70 74
 1418300365 155 117 0 0 0 1 122 134 73 70 74
 1418300365 155 117 0 0 0 1 122 134 73 70 74
 1418300365 155 117 0 0 0 1 122 134 73 70 74
 1418300366 155 117 0 0 0 1 122 134 73 70 74
 1418300366 155 117 0 0 0 1 122 135 73 70 74
 1418300366 155 117 0 0 0 1 122 135 73 70 74
 1418300366 155 117 0 0 0 1 122 134 73 70 74
 1418300367 155 117 0 0 0 1 122 134 73 70 74
 1418300367 155 117 0 0 0 1 122 134 73 70 74
 1418300367 155 117 0 0 0 1 122 135 73 69 74
 1418300367 155 117 0 0 0 1 122 134 73 69 74
 1418300368 155 117 0 0 0 1 122 134 73 69 74
 1418300368 155 117 0 0 0 1 122 134 73 69 74
 1418300368 155 117 0 0 0 1 122 134 73 69 74
 1418300368 155 117 0 0 0 1 122 134 73 69 74
 1418300369 155 117 0 0 0 1 122 134 73 69 74
 1418300369 155 117 0 0 0 1 122 134 73 69 74
 1418300369 155 117 0 0 0 1 122 134 73 69 73
 1418300370 155 117 0 0 0 1 122 134 73 69 73
 1418300370 155 117 0 0 0 1 122 134 73 69 74
 1418300370 155 117 0 0 0 1 122 134 73 69 74
 1418300370 155 117 0 0 0 1 122 134 73 69 74
 1418300371 155 117 0 0 0 1 122 134 73 69 74
 1418300371 155 117 0 0 0 1 122 134 73 69 74
 1418300371 155 117 0 0 0 1 122 134 73 69 74
 1418300372 155 117 0 0 0 1 122 134 73 69 74
 1418300372 155 117 0 0 0 1 122 134 73 69 74
 1418300372 155 117 0 0 0 1 122 134 73 69 74
 1418300372 155 117 0 0 0 1 122 134 73 69 74
 1418300373 155 117 0 0 0 1 122 134 73 69 74
 1418300373 155 117 0 0 0 1 122 134 73 69 74
 1418300373 155 117 0 0 0 1 122 134 73 69 171
 1418300373 155 117 0 0 0 1 182 134 73 69 132
 1418300374 155 117 0 0 0 1 182 134 73 69 132
 1418300374 155 117 0 0 0 1 122 134 73 69 134
 1418300374 155 117 0 0 0 1 122 134 73 69 134
 1418300374 155 117 0 0 0 1 122 134 73 69 74
 1418300375 155 117 0 0 0 1 122 134 73 69 304
 1418300375 155 117 0 0 0 1 122 134 73 69 304
 1418300375 155 117 0 0 0 1 122 134 73 69 147
 1418300376 155 117 0 0 0 1 122 134 73 69 74
 1418300376 155 117 0 0 0 1 122 134 73 69 74
