 1418119100 0 0 0 0 0 0 0 0 0 0 0
 1418119100 0 0 0 0 0 0 0 0 0 0 0
 1418119100 0 0 0 0 0 0 0 0 0 0 0
 1418119101 0 0 0 0 0 0 0 0 0 0 0
 1418119101 0 0 0 0 0 0 0 0 0 0 0
 1418119101 0 0 0 0 0 0 0 0 0 0 0
 1418119102 0 0 0 0 0 0 0 0 0 0 0
 1418119102 0 0 0 0 0 0 0 0 0 0 0
 1418119102 0 0 0 0 0 0 0 0 0 0 0
 1418119103 0 0 0 0 0 0 0 0 0 0 0
 1418119103 0 0 0 0 0 0 0 0 0 0 0
 1418119103 0 0 0 0 0 0 0 0 0 0 0
 1418119104 0 0 0 0 0 0 0 0 0 0 0
 1418119104 0 0 0 0 0 0 0 0 0 0 0
 1418119104 0 0 0 0 0 0 0 0 0 0 0
 1418119105 0 0 0 0 0 0 0 0 0 0 0
 1418119105 0 0 0 0 0 0 0 0 0 0 0
 1418119105 0 0 0 0 0 0 0 0 0 0 0
 1418119106 0 0 0 0 0 0 0 0 0 0 0
 1418119106 0 0 0 0 0 0 0 0 0 0 0
 1418119106 0 0 0 0 0 0 0 0 0 0 0
 1418119107 0 0 0 0 0 0 0 0 0 0 0
 1418119107 0 0 0 0 0 0 0 0 0 0 0
 1418119107 0 0 0 0 0 0 0 0 0 0 0
 1418119108 0 0 0 0 0 0 0 0 0 0 0
 1418119108 0 0 0 0 0 0 0 0 0 0 0
 1418119108 0 0 0 0 0 0 0 0 0 0 0
 1418119109 0 0 0 0 0 0 0 0 0 0 0
 1418119109 0 0 0 0 0 0 0 0 0 0 0
 1418119109 0 0 0 0 0 0 0 0 0 0 0
 1418119110 0 0 0 0 0 0 0 0 0 0 0
 1418119110 0 0 0 0 0 0 0 0 0 0 0
 1418119110 0 0 0 0 0 0 0 0 0 0 0
 1418119111 0 0 0 0 0 0 0 0 0 0 0
 1418119111 0 0 0 0 0 0 0 0 0 0 0
 1418119111 0 0 0 0 0 0 0 0 0 0 0
 1418119111 0 0 0 0 0 0 0 0 0 0 0
 1418119112 0 0 0 0 0 0 0 0 0 0 0
 1418119112 0 0 0 0 0 0 0 0 0 0 0
 1418119112 0 0 0 0 0 0 0 0 0 0 0
 1418119113 0 0 0 0 0 0 0 0 0 0 0
 1418119113 0 0 0 0 0 0 0 0 0 0 0
 1418119113 0 0 0 0 0 0 0 0 0 0 0
 1418119113 0 0 0 0 0 0 0 0 0 0 0
 1418119114 0 0 0 0 0 0 0 0 0 0 0
 1418119114 0 0 0 0 0 0 0 0 0 0 0
 1418119114 0 0 0 0 0 0 0 0 0 0 0
 1418119115 0 0 0 0 0 0 0 0 0 0 0
 1418119115 0 0 0 0 0 0 0 0 0 0 0
 1418119115 0 0 0 0 0 0 0 0 0 0 0
 1418119115 0 0 0 0 0 0 0 0 0 0 0
 1418119116 0 0 0 0 0 0 0 0 0 0 0
 1418119116 0 0 0 0 0 0 0 0 0 0 0
 1418119116 0 0 0 0 0 0 0 0 0 0 0
 1418119117 0 0 0 0 0 0 0 0 0 0 0
 1418119117 0 0 0 0 0 0 0 0 0 0 0
 1418119117 0 0 0 0 0 0 0 0 0 0 0
 1418119118 0 0 0 0 0 0 0 0 0 0 0
 1418119118 0 0 0 0 0 0 0 0 0 0 0
 1418119118 0 0 0 0 0 0 0 0 0 0 0
 1418119119 0 0 0 0 0 0 0 0 0 0 0
 1418119119 0 0 0 0 0 0 0 0 0 0 0
 1418119119 0 0 0 0 0 0 0 0 0 0 0
 1418119119 0 0 0 0 0 0 0 0 0 0 0
 1418119120 0 0 0 0 0 0 0 0 0 0 0
 1418119120 0 0 0 0 0 0 0 0 0 0 0
 1418119120 0 0 0 0 0 0 0 0 0 0 0
 1418119121 0 0 0 0 0 0 0 0 0 0 0
 1418119121 0 0 0 0 0 0 0 0 0 0 0
 1418119121 0 0 0 0 0 0 0 0 0 0 0
 1418119121 0 0 0 0 0 0 0 0 0 0 0
 1418119122 0 0 0 0 0 0 0 0 0 0 0
 1418119122 0 0 0 0 0 0 0 0 0 0 0
 1418119122 0 0 0 0 0 0 0 0 0 0 0
 1418119122 0 0 0 0 0 0 0 0 0 0 0
 1418119123 0 0 0 0 0 0 0 0 0 0 0
 1418119123 0 0 0 0 0 0 0 0 0 0 0
 1418119123 0 0 0 0 0 0 0 0 0 0 0
 1418119124 0 0 0 0 0 0 0 0 0 0 0
 1418119124 0 0 0 0 0 0 0 0 0 0 0
 1418119124 0 0 0 0 0 0 0 0 0 0 0
 1418119124 0 0 0 0 0 0 0 0 0 0 0
 1418119125 0 0 0 0 0 0 0 0 0 0 0
 1418119125 0 0 0 0 0 0 0 0 0 0 0
 1418119125 0 0 0 0 0 0 0 0 0 0 0
 1418119126 0 0 0 0 0 0 0 0 0 0 0
 1418119126 0 0 0 0 0 0 0 0 0 0 0
 1418119126 0 0 0 0 0 0 0 0 0 0 0
 1418119126 0 0 0 0 0 0 0 0 0 0 0
 1418119127 0 0 0 0 0 0 0 0 0 0 0
 1418119127 0 0 0 0 0 0 0 0 0 0 0
 1418119127 0 0 0 0 0 0 0 0 0 0 0
 1418119128 0 0 0 0 0 0 0 0 0 0 0
 1418119128 0 0 0 0 0 0 0 0 0 0 0
 1418119128 0 0 0 0 0 0 0 0 0 0 0
 1418119129 0 0 0 0 0 0 0 0 0 0 0
 1418119129 0 0 0 0 0 0 0 0 0 0 0
 1418119129 0 0 0 0 0 0 0 0 0 0 0
 1418119129 0 0 0 0 0 0 0 0 0 0 0
 1418119130 0 0 0 0 0 0 0 0 0 0 0
 1418119130 0 0 0 0 0 0 0 0 0 0 0
 1418119130 0 0 0 0 0 0 0 0 0 0 0
 1418119130 0 0 0 0 0 0 0 0 0 0 0
 1418119131 0 0 0 0 0 0 0 0 0 0 0
 1418119131 0 0 0 0 0 0 0 0 0 0 0
 1418119131 0 0 0 0 0 0 0 0 0 0 0
 1418119132 0 0 0 0 0 0 0 0 0 0 0
 1418119132 0 0 0 0 0 0 0 0 0 0 0
 1418119132 0 0 0 0 0 0 0 0 0 0 0
 1418119132 0 0 0 0 0 0 0 0 0 0 0
 1418119133 0 0 0 0 0 0 0 0 0 0 0
 1418119133 0 0 0 0 0 0 0 0 0 0 0
 1418119133 0 0 0 0 0 0 0 0 0 0 0
 1418119134 0 0 0 0 0 0 0 0 0 0 0
 1418119134 0 0 0 0 0 0 0 0 0 0 0
 1418119134 0 0 0 0 0 0 0 0 0 0 0
 1418119134 0 0 0 0 0 0 0 0 0 0 0
 1418119135 0 0 0 0 0 0 0 0 0 0 0
 1418119135 0 0 0 0 0 0 0 0 0 0 0
 1418119135 0 0 0 0 0 0 0 0 0 0 0
 1418119136 0 0 0 0 0 0 0 0 0 0 0
 1418119136 0 0 0 0 0 0 0 0 0 0 0
 1418119136 0 0 0 0 0 0 0 0 0 0 0
 1418119136 0 0 0 0 0 0 0 0 0 0 0
 1418119137 0 0 0 0 0 0 0 0 0 0 0
 1418119137 0 0 0 0 0 0 0 0 0 0 0
 1418119137 0 0 0 0 0 0 0 0 0 0 0
 1418119138 0 0 0 0 0 0 0 0 0 0 0
 1418119138 0 0 0 0 0 0 0 0 0 0 0
 1418119138 0 0 0 0 0 0 0 0 0 0 0
 1418119138 0 0 0 0 0 0 0 0 0 0 0
 1418119139 0 0 0 0 0 0 0 0 0 0 0
 1418119139 0 0 0 0 0 0 0 0 0 0 0
 1418119139 0 0 0 0 0 0 0 0 0 0 0
 1418119140 0 0 0 0 0 0 0 0 0 0 0
 1418119140 0 0 0 0 0 0 0 0 0 0 0
 1418119140 0 0 0 0 0 0 0 0 0 0 0
 1418119141 0 0 0 0 0 0 0 0 0 0 0
 1418119141 0 0 0 0 0 0 0 0 0 0 0
 1418119141 0 0 0 0 0 0 0 0 0 0 0
 1418119141 0 0 0 0 0 0 0 0 0 0 0
 1418119142 0 0 0 0 0 0 0 0 0 0 0
 1418119142 0 0 0 0 0 0 0 0 0 0 0
 1418119142 0 0 0 0 0 0 0 0 0 0 0
 1418119142 0 0 0 0 0 0 0 0 0 0 0
 1418119143 0 0 0 0 0 0 0 0 0 0 0
 1418119143 0 0 0 0 0 0 0 0 0 0 0
 1418119143 0 0 0 0 0 0 0 0 0 0 0
 1418119144 0 0 0 0 0 0 0 0 0 0 0
 1418119144 0 0 0 0 0 0 0 0 0 0 0
 1418119144 0 0 0 0 0 0 0 0 0 0 0
 1418119144 0 0 0 0 0 0 0 0 0 0 0
 1418119145 0 0 0 0 0 0 0 0 0 0 0
 1418119145 0 0 0 0 0 0 0 0 0 0 0
 1418119145 0 0 0 0 0 0 0 0 0 0 0
 1418119145 0 0 0 0 0 0 0 0 0 0 0
 1418119146 0 0 0 0 0 0 0 0 0 0 0
 1418119146 0 0 0 0 0 0 0 0 0 0 0
 1418119146 0 0 0 0 0 0 0 0 0 0 0
 1418119147 0 0 0 0 0 0 0 0 0 0 0
 1418119147 0 0 0 0 0 0 0 0 0 0 0
 1418119147 0 0 0 0 0 0 0 0 0 0 0
 1418119147 0 0 0 0 0 0 0 0 0 0 0
 1418119148 0 0 0 0 0 0 0 0 0 0 0
 1418119148 0 0 0 0 0 0 0 0 0 0 0
 1418119148 0 0 0 0 0 0 0 0 0 0 0
 1418119149 0 0 0 0 0 0 0 0 0 0 0
 1418119149 0 0 0 0 0 0 0 0 0 0 0
 1418119149 0 0 0 0 0 0 0 0 0 0 0
 1418119149 0 0 0 0 0 0 0 0 0 0 0
 1418119150 0 0 0 0 0 0 0 0 0 0 0
 1418119150 0 0 0 0 0 0 0 0 0 0 0
 1418119150 0 0 0 0 0 0 0 0 0 0 0
 1418119150 0 0 0 0 0 0 0 0 0 0 0
 1418119151 0 0 0 0 0 0 0 0 0 0 0
 1418119151 0 0 0 0 0 0 0 0 0 0 0
 1418119151 0 0 0 0 0 0 0 0 0 0 0
 1418119152 0 0 0 0 0 0 0 0 0 0 0
 1418119152 0 0 0 0 0 0 0 0 0 0 0
 1418119152 0 0 0 0 0 0 0 0 0 0 0
 1418119152 0 0 0 0 0 0 0 0 0 0 0
 1418119153 0 0 0 0 0 0 0 0 0 0 0
 1418119153 0 0 0 0 0 0 0 0 0 0 0
 1418119153 0 0 0 0 0 0 0 0 0 0 0
 1418119153 0 0 0 0 0 0 0 0 0 0 0
 1418119154 0 0 0 0 0 0 0 0 0 0 0
 1418119154 0 0 0 0 0 0 0 0 0 0 0
 1418119154 0 0 0 0 0 0 0 0 0 0 0
 1418119155 0 0 0 0 0 0 0 0 0 0 0
 1418119155 0 0 0 0 0 0 0 0 0 0 0
 1418119155 0 0 0 0 0 0 0 0 0 0 0
 1418119155 0 0 0 0 0 0 0 0 0 0 0
 1418119156 0 0 0 0 0 0 0 0 0 0 0
 1418119156 0 0 0 0 0 0 0 0 0 0 0
 1418119156 0 0 0 0 0 0 0 0 0 0 0
 1418119156 0 0 0 0 0 0 0 0 0 0 0
 1418119157 0 0 0 0 0 0 0 0 0 0 0
 1418119157 0 0 0 0 0 0 0 0 0 0 0
 1418119157 0 0 0 0 0 0 0 0 0 0 0
 1418119158 0 0 0 0 0 0 0 0 0 0 0
 1418119158 0 0 0 0 0 0 0 0 0 0 0
 1418119158 0 0 0 0 0 0 0 0 0 0 0
 1418119159 0 0 0 0 0 0 0 0 0 0 0
 1418119159 0 0 0 0 0 0 0 0 0 0 0
 1418119159 0 0 0 0 0 0 0 0 0 0 0
 1418119159 0 0 0 0 0 0 0 0 0 0 0
 1418119160 0 0 0 0 0 0 0 0 0 0 0
 1418119160 0 0 0 0 0 0 0 0 0 0 0
 1418119160 0 0 0 0 0 0 0 0 0 0 0
 1418119160 0 0 0 0 0 0 0 0 0 0 0
 1418119161 0 0 0 0 0 0 0 0 0 0 0
 1418119161 0 0 0 0 0 0 0 0 0 0 0
 1418119161 0 0 0 0 0 0 0 0 0 0 0
 1418119162 0 0 0 0 0 0 0 0 0 0 0
 1418119162 0 0 0 0 0 0 0 0 0 0 0
 1418119162 0 0 0 0 0 0 0 0 0 0 0
 1418119162 0 0 0 0 0 0 0 0 0 0 0
 1418119163 0 0 0 0 0 0 0 0 0 0 0
 1418119163 0 0 0 0 0 0 0 0 0 0 0
 1418119163 0 0 0 0 0 0 0 0 0 0 0
 1418119163 0 0 0 0 0 0 0 0 0 0 0
 1418119164 0 0 0 0 0 0 0 0 0 0 0
 1418119164 0 0 0 0 0 0 0 0 0 0 0
 1418119164 0 0 0 0 0 0 0 0 0 0 0
 1418119165 0 0 0 0 0 0 0 0 0 0 0
 1418119165 0 0 0 0 0 0 0 0 0 0 0
 1418119165 0 0 0 0 0 0 0 0 0 0 0
 1418119165 0 0 0 0 0 0 0 0 0 0 0
 1418119166 0 0 0 0 0 0 0 0 0 0 0
 1418119166 0 0 0 0 0 0 0 0 0 0 0
 1418119166 0 0 0 0 0 0 0 0 0 0 0
 1418119166 0 0 0 0 0 0 0 0 0 0 0
 1418119167 0 0 0 0 0 0 0 0 0 0 0
 1418119167 0 0 0 0 0 0 0 0 0 0 0
 1418119167 0 0 0 0 0 0 0 0 0 0 0
 1418119167 0 0 0 0 0 0 0 0 0 0 0
 1418119168 0 0 0 0 0 0 0 0 0 0 0
 1418119168 0 0 0 0 0 0 0 0 0 0 0
 1418119168 0 0 0 0 0 0 0 0 0 0 0
 1418119169 0 0 0 0 0 0 0 0 0 0 0
 1418119169 0 0 0 0 0 0 0 0 0 0 0
 1418119169 0 0 0 0 0 0 0 0 0 0 0
 1418119170 0 0 0 0 0 0 0 0 0 0 0
 1418119170 0 0 0 0 0 0 0 0 0 0 0
 1418119170 0 0 0 0 0 0 0 0 0 0 0
 1418119170 0 0 0 0 0 0 0 0 0 0 0
 1418119171 0 0 0 0 0 0 0 0 0 0 0
 1418119171 0 0 0 0 0 0 0 0 0 0 0
 1418119171 0 0 0 0 0 0 0 0 0 0 0
 1418119171 0 0 0 0 0 0 0 0 0 0 0
 1418119172 0 0 0 0 0 0 0 0 0 0 0
 1418119172 0 0 0 0 0 0 0 0 0 0 0
 1418119172 0 0 0 0 0 0 0 0 0 0 0
 1418119173 0 0 0 0 0 0 0 0 0 0 0
 1418119173 0 0 0 0 0 0 0 0 0 0 0
 1418119173 0 0 0 0 0 0 0 0 0 0 0
 1418119173 0 0 0 0 0 0 0 0 0 0 0
 1418119174 0 0 0 0 0 0 0 0 0 0 0
 1418119174 0 0 0 0 0 0 0 0 0 0 0
 1418119174 0 0 0 0 0 0 0 0 0 0 0
 1418119174 0 0 0 0 0 0 0 0 0 0 0
 1418119175 0 0 0 0 0 0 0 0 0 0 0
 1418119175 0 0 0 0 0 0 0 0 0 0 0
 1418119175 0 0 0 0 0 0 0 0 0 0 0
 1418119176 0 0 0 0 0 0 0 0 0 0 0
 1418119176 0 0 0 0 0 0 0 0 0 0 0
 1418119176 0 0 0 0 0 0 0 0 0 0 0
 1418119176 0 0 0 0 0 0 0 0 0 0 0
 1418119177 0 0 0 0 0 0 0 0 0 0 0
 1418119177 0 0 0 0 0 0 0 0 0 0 0
 1418119177 0 0 0 0 0 0 0 0 0 0 0
 1418119177 0 0 0 0 0 0 0 0 0 0 0
 1418119178 0 0 0 0 0 0 0 0 0 0 0
 1418119178 0 0 0 0 0 0 0 0 0 0 0
 1418119178 0 0 0 0 0 0 0 0 0 0 0
 1418119179 0 0 0 0 0 0 0 0 0 0 0
 1418119179 0 0 0 0 0 0 0 0 0 0 0
 1418119179 0 0 0 0 0 0 0 0 0 0 0
 1418119180 0 0 0 0 0 0 0 0 0 0 0
 1418119180 0 0 0 0 0 0 0 0 0 0 0
 1418119180 0 0 0 0 0 0 0 0 0 0 0
 1418119180 0 0 0 0 0 0 0 0 0 0 0
 1418119181 0 0 0 0 0 0 0 0 0 0 0
 1418119181 0 0 0 0 0 0 0 0 0 0 0
 1418119181 0 0 0 0 0 0 0 0 0 0 0
 1418119181 0 0 0 0 0 0 0 0 0 0 0
