 1418300068 8 8 0 0 0 0 67 300 297 292 98
 1418300069 8 8 0 0 0 0 67 300 297 292 98
 1418300069 8 8 0 0 0 0 67 300 297 292 97
 1418300069 9 10 1 2 0 0 67 299 295 290 97
 1418300069 13 14 4 6 0 0 67 294 291 288 98
 1418300070 16 17 7 7 0 0 66 294 283 288 98
 1418300070 20 21 7 7 0 0 65 286 278 279 98
 1418300070 21 24 4 5 0 0 65 282 278 272 98
 1418300071 22 24 1 2 0 0 64 282 277 270 97
 1418300071 23 25 2 1 0 0 64 281 276 270 97
 1418300071 27 29 5 5 0 0 63 277 273 269 97
 1418300072 31 33 6 7 0 0 63 271 267 261 98
 1418300072 33 35 6 6 0 0 61 271 261 261 98
 1418300072 34 36 3 3 0 0 60 267 262 250 98
 1418300072 36 36 3 1 0 0 60 265 261 256 99
 1418300076 37 38 3 2 0 0 59 265 259 256 99
 1418300079 70 49 6 0 0 0 50 223 230 162 111
 1418300079 94 49 7 0 0 0 199 133 118 106 122
 1418300080 96 49 4 0 0 0 193 128 117 106 110
 1418300080 97 50 2 0 0 0 193 127 117 106 110
 1418300080 98 51 2 2 0 0 193 127 116 105 129
 1418300081 101 55 4 5 0 0 191 124 111 105 85
 1418300081 106 60 7 8 0 0 186 118 107 98 85
 1418300081 110 64 7 7 0 0 186 111 101 91 134
 1418300081 111 65 5 5 0 0 181 111 99 91 121
 1418300082 112 65 2 1 0 0 176 109 98 88 121
 1418300082 112 66 0 1 0 0 176 109 98 88 125
 1418300082 115 68 3 3 0 0 135 109 95 85 125
 1418300083 118 72 6 6 0 0 179 104 93 85 125
 1418300083 123 76 8 7 0 0 179 98 87 78 128
 1418300083 125 79 3 4 0 0 173 95 84 73 122
 1418300083 125 79 0 1 0 0 168 95 84 72 134
 1418300084 127 80 2 1 0 0 171 94 83 72 134
 1418300084 130 83 5 4 0 0 171 90 80 69 123
 1418300084 134 88 6 7 0 0 169 90 75 64 123
 1418300085 134 88 6 7 0 0 169 90 75 64 123
 1418300085 137 92 2 4 0 1 164 84 69 64 124
 1418300085 137 92 0 0 0 1 164 81 69 58 124
 1418300085 137 92 0 0 0 1 164 81 69 58 144
 1418300086 137 92 0 0 0 1 164 81 69 58 144
 1418300086 137 92 0 0 0 1 164 81 69 58 144
 1418300086 137 92 0 0 0 1 164 81 69 58 125
 1418300087 137 92 0 0 0 1 164 81 69 58 144
 1418300087 137 92 0 0 0 1 164 81 69 58 144
 1418300087 137 92 0 0 0 1 164 81 69 58 144
 1418300087 137 92 0 0 0 1 164 81 69 58 144
 1418300088 137 92 0 0 0 1 164 81 69 58 144
 1418300088 137 92 0 0 0 1 164 81 69 58 144
 1418300088 137 92 0 0 0 1 164 81 69 58 144
 1418300089 137 92 0 0 0 1 164 81 69 58 144
 1418300089 137 92 0 0 0 1 164 81 69 58 144
 1418300089 137 92 0 0 0 1 164 81 69 58 145
 1418300089 137 92 0 0 0 1 164 81 69 58 144
 1418300090 137 92 0 0 0 1 164 81 69 58 144
 1418300090 137 92 0 0 0 1 164 81 69 58 143
 1418300090 137 92 0 0 0 1 164 81 69 58 144
 1418300091 137 92 0 0 0 1 164 81 69 58 144
 1418300091 137 92 0 0 0 1 164 81 69 58 157
 1418300091 137 92 0 0 0 1 164 81 69 58 146
 1418300091 137 92 0 0 0 1 164 81 69 58 146
 1418300092 137 92 0 0 0 1 164 81 69 58 146
 1418300092 137 92 0 0 0 1 164 81 69 58 146
 1418300092 137 92 0 0 0 1 164 81 69 58 146
 1418300093 137 92 0 0 0 1 164 81 69 58 146
 1418300093 137 92 0 0 0 1 164 81 69 58 157
 1418300093 137 92 0 0 0 1 164 81 69 58 157
 1418300094 137 92 0 0 0 1 164 81 69 58 153
 1418300094 137 92 0 0 0 1 164 81 69 58 153
 1418300094 137 92 0 0 0 1 164 81 69 58 158
 1418300094 137 92 0 0 0 1 164 81 69 58 157
 1418300095 137 92 0 0 0 1 164 81 69 58 157
 1418300095 137 92 0 0 0 1 164 81 69 58 158
