 1418117670 0 0 0 0 0 0 0 0 0 0 0
 1418117670 0 0 0 0 0 0 0 0 0 0 0
 1418117671 0 0 0 0 0 0 0 0 0 0 0
 1418117671 0 0 0 0 0 0 0 0 0 0 0
 1418117671 0 0 0 0 0 0 0 0 0 0 0
 1418117672 0 0 0 0 0 0 0 0 0 0 0
 1418117672 0 0 0 0 0 0 0 0 0 0 0
 1418117672 0 0 0 0 0 0 0 0 0 0 0
 1418117673 0 0 0 0 0 0 0 0 0 0 0
 1418117673 0 0 0 0 0 0 0 0 0 0 0
 1418117673 0 0 0 0 0 0 0 0 0 0 0
 1418117674 0 0 0 0 0 0 0 0 0 0 0
 1418117674 0 0 0 0 0 0 0 0 0 0 0
 1418117674 0 0 0 0 0 0 0 0 0 0 0
 1418117675 0 0 0 0 0 0 0 0 0 0 0
 1418117675 0 0 0 0 0 0 0 0 0 0 0
 1418117675 0 0 0 0 0 0 0 0 0 0 0
 1418117676 0 0 0 0 0 0 0 0 0 0 0
 1418117676 0 0 0 0 0 0 0 0 0 0 0
 1418117676 0 0 0 0 0 0 0 0 0 0 0
 1418117676 0 0 0 0 0 0 0 0 0 0 0
 1418117677 0 0 0 0 0 0 0 0 0 0 0
 1418117677 0 0 0 0 0 0 0 0 0 0 0
 1418117677 0 0 0 0 0 0 0 0 0 0 0
 1418117678 0 0 0 0 0 0 0 0 0 0 0
 1418117678 0 0 0 0 0 0 0 0 0 0 0
 1418117678 0 0 0 0 0 0 0 0 0 0 0
 1418117679 0 0 0 0 0 0 0 0 0 0 0
 1418117679 0 0 0 0 0 0 0 0 0 0 0
 1418117679 0 0 0 0 0 0 0 0 0 0 0
 1418117679 0 0 0 0 0 0 0 0 0 0 0
 1418117680 0 0 0 0 0 0 0 0 0 0 0
 1418117680 0 0 0 0 0 0 0 0 0 0 0
 1418117680 0 0 0 0 0 0 0 0 0 0 0
 1418117681 0 0 0 0 0 0 0 0 0 0 0
 1418117681 0 0 0 0 0 0 0 0 0 0 0
 1418117681 0 0 0 0 0 0 0 0 0 0 0
 1418117681 0 0 0 0 0 0 0 0 0 0 0
 1418117682 0 0 0 0 0 0 0 0 0 0 0
 1418117682 0 0 0 0 0 0 0 0 0 0 0
 1418117682 0 0 0 0 0 0 0 0 0 0 0
 1418117683 0 0 0 0 0 0 0 0 0 0 0
 1418117683 0 0 0 0 0 0 0 0 0 0 0
 1418117683 0 0 0 0 0 0 0 0 0 0 0
 1418117683 0 0 0 0 0 0 0 0 0 0 0
 1418117684 0 0 0 0 0 0 0 0 0 0 0
 1418117684 0 0 0 0 0 0 0 0 0 0 0
 1418117684 0 0 0 0 0 0 0 0 0 0 0
 1418117685 0 0 0 0 0 0 0 0 0 0 0
 1418117685 0 0 0 0 0 0 0 0 0 0 0
 1418117685 0 0 0 0 0 0 0 0 0 0 0
 1418117686 0 0 0 0 0 0 0 0 0 0 0
 1418117686 0 0 0 0 0 0 0 0 0 0 0
 1418117686 0 0 0 0 0 0 0 0 0 0 0
 1418117687 0 0 0 0 0 0 0 0 0 0 0
 1418117687 0 0 0 0 0 0 0 0 0 0 0
 1418117687 0 0 0 0 0 0 0 0 0 0 0
 1418117688 0 0 0 0 0 0 0 0 0 0 0
 1418117688 0 0 0 0 0 0 0 0 0 0 0
 1418117688 0 0 0 0 0 0 0 0 0 0 0
 1418117689 0 0 0 0 0 0 0 0 0 0 0
 1418117689 0 0 0 0 0 0 0 0 0 0 0
 1418117689 0 0 0 0 0 0 0 0 0 0 0
 1418117690 0 0 0 0 0 0 0 0 0 0 0
 1418117690 0 0 0 0 0 0 0 0 0 0 0
 1418117690 0 0 0 0 0 0 0 0 0 0 0
 1418117691 0 0 0 0 0 0 0 0 0 0 0
 1418117691 0 0 0 0 0 0 0 0 0 0 0
 1418117691 0 0 0 0 0 0 0 0 0 0 0
 1418117691 0 0 0 0 0 0 0 0 0 0 0
 1418117692 0 0 0 0 0 0 0 0 0 0 0
 1418117692 0 0 0 0 0 0 0 0 0 0 0
 1418117692 0 0 0 0 0 0 0 0 0 0 0
 1418117693 0 0 0 0 0 0 0 0 0 0 0
 1418117693 0 0 0 0 0 0 0 0 0 0 0
 1418117693 0 0 0 0 0 0 0 0 0 0 0
 1418117694 0 0 0 0 0 0 0 0 0 0 0
 1418117694 0 0 0 0 0 0 0 0 0 0 0
 1418117694 0 0 0 0 0 0 0 0 0 0 0
 1418117695 0 0 0 0 0 0 0 0 0 0 0
 1418117695 0 0 0 0 0 0 0 0 0 0 0
 1418117695 0 0 0 0 0 0 0 0 0 0 0
 1418117695 0 0 0 0 0 0 0 0 0 0 0
 1418117696 0 0 0 0 0 0 0 0 0 0 0
 1418117696 0 0 0 0 0 0 0 0 0 0 0
 1418117696 0 0 0 0 0 0 0 0 0 0 0
 1418117697 0 0 0 0 0 0 0 0 0 0 0
 1418117697 0 0 0 0 0 0 0 0 0 0 0
 1418117697 0 0 0 0 0 0 0 0 0 0 0
 1418117698 0 0 0 0 0 0 0 0 0 0 0
 1418117698 0 0 0 0 0 0 0 0 0 0 0
 1418117698 0 0 0 0 0 0 0 0 0 0 0
 1418117698 0 0 0 0 0 0 0 0 0 0 0
 1418117699 0 0 0 0 0 0 0 0 0 0 0
 1418117699 0 0 0 0 0 0 0 0 0 0 0
 1418117699 0 0 0 0 0 0 0 0 0 0 0
 1418117700 0 0 0 0 0 0 0 0 0 0 0
 1418117700 0 0 0 0 0 0 0 0 0 0 0
 1418117700 0 0 0 0 0 0 0 0 0 0 0
 1418117700 0 0 0 0 0 0 0 0 0 0 0
 1418117701 0 0 0 0 0 0 0 0 0 0 0
 1418117701 0 0 0 0 0 0 0 0 0 0 0
 1418117701 0 0 0 0 0 0 0 0 0 0 0
 1418117702 0 0 0 0 0 0 0 0 0 0 0
 1418117702 0 0 0 0 0 0 0 0 0 0 0
 1418117702 0 0 0 0 0 0 0 0 0 0 0
 1418117703 0 0 0 0 0 0 0 0 0 0 0
 1418117703 0 0 0 0 0 0 0 0 0 0 0
 1418117703 0 0 0 0 0 0 0 0 0 0 0
 1418117703 0 0 0 0 0 0 0 0 0 0 0
 1418117704 0 0 0 0 0 0 0 0 0 0 0
 1418117704 0 0 0 0 0 0 0 0 0 0 0
 1418117704 0 0 0 0 0 0 0 0 0 0 0
 1418117705 0 0 0 0 0 0 0 0 0 0 0
 1418117705 0 0 0 0 0 0 0 0 0 0 0
 1418117705 0 0 0 0 0 0 0 0 0 0 0
 1418117706 0 0 0 0 0 0 0 0 0 0 0
 1418117706 0 0 0 0 0 0 0 0 0 0 0
 1418117706 0 0 0 0 0 0 0 0 0 0 0
 1418117706 0 0 0 0 0 0 0 0 0 0 0
 1418117707 0 0 0 0 0 0 0 0 0 0 0
 1418117707 0 0 0 0 0 0 0 0 0 0 0
 1418117707 0 0 0 0 0 0 0 0 0 0 0
 1418117708 0 0 0 0 0 0 0 0 0 0 0
 1418117708 0 0 0 0 0 0 0 0 0 0 0
 1418117708 0 0 0 0 0 0 0 0 0 0 0
 1418117709 0 0 0 0 0 0 0 0 0 0 0
 1418117709 0 0 0 0 0 0 0 0 0 0 0
 1418117709 0 0 0 0 0 0 0 0 0 0 0
 1418117709 0 0 0 0 0 0 0 0 0 0 0
 1418117710 0 0 0 0 0 0 0 0 0 0 0
 1418117710 0 0 0 0 0 0 0 0 0 0 0
 1418117710 0 0 0 0 0 0 0 0 0 0 0
 1418117711 0 0 0 0 0 0 0 0 0 0 0
 1418117711 0 0 0 0 0 0 0 0 0 0 0
 1418117711 0 0 0 0 0 0 0 0 0 0 0
 1418117711 0 0 0 0 0 0 0 0 0 0 0
 1418117712 0 0 0 0 0 0 0 0 0 0 0
 1418117712 0 0 0 0 0 0 0 0 0 0 0
 1418117712 0 0 0 0 0 0 0 0 0 0 0
 1418117713 0 0 0 0 0 0 0 0 0 0 0
 1418117713 0 0 0 0 0 0 0 0 0 0 0
 1418117713 0 0 0 0 0 0 0 0 0 0 0
 1418117714 0 0 0 0 0 0 0 0 0 0 0
 1418117714 0 0 0 0 0 0 0 0 0 0 0
 1418117714 0 0 0 0 0 0 0 0 0 0 0
 1418117714 0 0 0 0 0 0 0 0 0 0 0
 1418117715 0 0 0 0 0 0 0 0 0 0 0
 1418117715 0 0 0 0 0 0 0 0 0 0 0
 1418117716 0 0 0 0 0 0 0 0 0 0 0
 1418117716 0 0 0 0 0 0 0 0 0 0 0
 1418117716 0 0 0 0 0 0 0 0 0 0 0
 1418117716 0 0 0 0 0 0 0 0 0 0 0
 1418117717 0 0 0 0 0 0 0 0 0 0 0
 1418117717 0 0 0 0 0 0 0 0 0 0 0
 1418117717 0 0 0 0 0 0 0 0 0 0 0
 1418117718 0 0 0 0 0 0 0 0 0 0 0
 1418117718 0 0 0 0 0 0 0 0 0 0 0
 1418117718 0 0 0 0 0 0 0 0 0 0 0
 1418117719 0 0 0 0 0 0 0 0 0 0 0
 1418117719 0 0 0 0 0 0 0 0 0 0 0
 1418117719 0 0 0 0 0 0 0 0 0 0 0
 1418117719 0 0 0 0 0 0 0 0 0 0 0
 1418117720 0 0 0 0 0 0 0 0 0 0 0
 1418117720 0 0 0 0 0 0 0 0 0 0 0
 1418117720 0 0 0 0 0 0 0 0 0 0 0
 1418117721 0 0 0 0 0 0 0 0 0 0 0
 1418117721 0 0 0 0 0 0 0 0 0 0 0
 1418117721 0 0 0 0 0 0 0 0 0 0 0
 1418117721 0 0 0 0 0 0 0 0 0 0 0
 1418117722 0 0 0 0 0 0 0 0 0 0 0
 1418117722 0 0 0 0 0 0 0 0 0 0 0
 1418117722 0 0 0 0 0 0 0 0 0 0 0
 1418117723 0 0 0 0 0 0 0 0 0 0 0
 1418117723 0 0 0 0 0 0 0 0 0 0 0
 1418117723 0 0 0 0 0 0 0 0 0 0 0
 1418117723 0 0 0 0 0 0 0 0 0 0 0
 1418117724 0 0 0 0 0 0 0 0 0 0 0
