 1418300732 6 10 0 0 0 0 91 146 146 128 51
 1418300734 10 18 0 6 0 0 90 141 141 122 52
 1418300735 13 26 0 4 0 0 93 138 133 124 51
 1418300736 17 33 2 2 0 0 94 133 127 116 53
 1418300737 20 43 1 4 0 0 95 129 119 106 57
 1418300738 24 54 2 6 0 0 95 125 110 97 64
 1418300738 24 56 0 4 0 0 255 125 109 95 91
 1418300738 26 57 2 3 0 0 144 151 108 95 91
 1418300738 29 58 5 2 0 0 144 121 135 93 93
 1418300739 32 61 6 4 0 0 199 121 104 93 89
 1418300739 35 65 6 7 0 0 87 113 100 88 89
 1418300739 37 67 5 6 0 0 87 113 98 83 93
 1418300739 38 68 2 3 0 0 185 139 97 83 91
 1418300740 38 69 1 2 0 0 185 108 99 82 91
 1418300740 39 71 1 3 0 0 265 108 96 81 92
 1418300740 41 73 2 3 1 0 267 134 95 81 92
 1418300740 41 73 2 3 1 0 267 134 94 78 93
 1418300741 41 73 0 0 1 0 107 82 94 78 80
 1418300741 41 73 0 0 1 0 107 82 94 78 80
 1418300741 41 73 0 0 1 0 107 82 94 78 80
 1418300741 41 73 0 0 1 0 107 82 94 78 80
 1418300742 41 73 0 0 1 0 107 82 94 78 81
 1418300742 41 73 0 0 1 0 107 82 94 78 81
 1418300742 41 73 0 0 1 0 107 82 94 78 81
 1418300742 41 73 0 0 1 0 107 82 94 78 81
 1418300743 41 73 0 0 1 0 107 82 94 78 81
 1418300743 41 73 0 0 1 0 107 82 94 78 81
 1418300743 41 73 0 0 1 0 107 82 94 78 81
 1418300743 41 73 0 0 1 0 107 82 94 78 81
 1418300744 41 73 0 0 1 0 107 82 94 78 81
 1418300744 41 73 0 0 1 0 107 82 94 78 81
 1418300744 41 73 0 0 1 0 107 82 94 78 81
 1418300744 41 73 0 0 1 0 107 82 94 78 81
 1418300745 41 73 0 0 1 0 268 82 94 78 81
 1418300745 41 73 0 0 1 0 268 82 94 78 81
 1418300745 41 73 0 0 1 0 107 82 94 78 81
 1418300746 41 73 0 0 1 0 107 82 94 78 81
 1418300746 41 73 0 0 1 0 107 82 94 78 81
 1418300746 41 73 0 0 1 0 107 82 94 78 81
 1418300746 41 73 0 0 1 0 234 82 94 78 81
 1418300747 41 73 0 0 1 0 199 82 94 78 81
 1418300747 41 73 0 0 1 0 199 82 94 78 81
 1418300747 41 73 0 0 1 0 107 83 94 78 81
 1418300747 41 73 0 0 1 0 184 82 94 78 81
 1418300748 41 73 0 0 1 0 184 82 94 78 81
 1418300748 41 73 0 0 1 0 174 82 94 78 81
 1418300748 41 73 0 0 1 0 189 82 94 78 81
 1418300748 41 73 0 0 1 0 189 82 94 78 81
 1418300749 41 73 0 0 1 0 107 82 94 78 81
 1418300749 41 73 0 0 1 0 107 82 94 78 81
 1418300749 41 73 0 0 1 0 107 82 94 78 82
 1418300750 41 73 0 0 1 0 175 82 94 78 82
 1418300750 41 73 0 0 1 0 175 82 94 78 81
 1418300750 41 73 0 0 1 0 195 82 94 78 81
 1418300750 41 73 0 0 1 0 182 82 94 78 81
 1418300751 41 73 0 0 1 0 182 82 94 78 81
 1418300751 41 73 0 0 1 0 181 82 94 78 81
 1418300751 41 73 0 0 1 0 181 82 94 78 81
 1418300751 41 73 0 0 1 0 186 82 94 78 81
 1418300752 41 73 0 0 1 0 186 82 94 78 81
 1418300752 41 73 0 0 1 0 186 82 94 78 81
 1418300752 41 73 0 0 1 0 203 82 94 78 81
 1418300752 41 73 0 0 1 0 203 82 94 78 81
 1418300753 41 73 0 0 1 0 200 82 94 78 81
 1418300753 41 73 0 0 1 0 107 82 94 78 81
 1418300753 41 73 0 0 1 0 107 82 95 78 81
 1418300753 41 73 0 0 1 0 215 82 95 78 81
 1418300754 41 73 0 0 1 0 267 82 94 78 81
 1418300754 41 73 0 0 1 0 267 82 94 78 81
 1418300754 41 73 0 0 1 0 200 82 94 78 81
 1418300754 41 73 0 0 1 0 200 82 95 78 81
 1418300755 41 73 0 0 1 0 107 82 95 78 81
 1418300755 41 73 0 0 1 0 268 82 95 78 81
 1418300755 41 73 0 0 1 0 268 82 95 78 81
 1418300755 41 73 0 0 1 0 107 82 95 78 81
 1418300756 41 73 0 0 1 0 107 82 95 78 81
 1418300756 41 73 0 0 1 0 107 82 95 78 81
 1418300756 41 73 0 0 1 0 107 82 95 78 81
 1418300756 41 73 0 0 1 0 107 82 95 78 81
 1418300757 41 73 0 0 1 0 107 82 95 78 81
 1418300757 41 73 0 0 1 0 107 82 95 78 81
