 1418117954 0 0 0 0 0 0 0 0 0 0 0
 1418117954 0 0 0 0 0 0 0 0 0 0 0
 1418117955 0 0 0 0 0 0 0 0 0 0 0
 1418117955 0 0 0 0 0 0 0 0 0 0 0
 1418117955 0 0 0 0 0 0 0 0 0 0 0
 1418117956 0 0 0 0 0 0 0 0 0 0 0
 1418117956 0 0 0 0 0 0 0 0 0 0 0
 1418117956 0 0 0 0 0 0 0 0 0 0 0
 1418117957 0 0 0 0 0 0 0 0 0 0 0
 1418117957 0 0 0 0 0 0 0 0 0 0 0
 1418117957 0 0 0 0 0 0 0 0 0 0 0
 1418117958 0 0 0 0 0 0 0 0 0 0 0
 1418117958 0 0 0 0 0 0 0 0 0 0 0
 1418117958 0 0 0 0 0 0 0 0 0 0 0
 1418117959 0 0 0 0 0 0 0 0 0 0 0
 1418117959 0 0 0 0 0 0 0 0 0 0 0
 1418117959 0 0 0 0 0 0 0 0 0 0 0
 1418117960 0 0 0 0 0 0 0 0 0 0 0
 1418117960 0 0 0 0 0 0 0 0 0 0 0
 1418117960 0 0 0 0 0 0 0 0 0 0 0
 1418117961 0 0 0 0 0 0 0 0 0 0 0
 1418117961 0 0 0 0 0 0 0 0 0 0 0
 1418117961 0 0 0 0 0 0 0 0 0 0 0
 1418117962 0 0 0 0 0 0 0 0 0 0 0
 1418117962 0 0 0 0 0 0 0 0 0 0 0
 1418117962 0 0 0 0 0 0 0 0 0 0 0
 1418117963 0 0 0 0 0 0 0 0 0 0 0
 1418117963 0 0 0 0 0 0 0 0 0 0 0
 1418117964 0 0 0 0 0 0 0 0 0 0 0
 1418117964 0 0 0 0 0 0 0 0 0 0 0
