 1418152163 -175 -169 0 0 0 0 65 345 313 131 98
 1418152164 -175 -169 0 0 0 0 67 345 313 135 98
 1418152164 -173 -169 1 0 0 0 67 345 313 131 98
 1418152164 -172 -169 4 0 0 0 63 343 312 131 98
 1418152165 -167 -166 6 2 0 0 63 337 309 127 69
 1418152165 -164 -162 5 6 0 0 60 337 304 119 100
 1418152165 -163 -158 2 6 0 0 65 331 301 119 99
 1418152165 -162 -157 2 4 0 0 65 310 299 122 99
 1418152166 -160 -156 3 2 0 0 69 310 297 144 100
 1418152166 -155 -154 6 2 0 0 61 313 294 144 102
 1418152166 -151 -150 7 6 0 0 63 290 291 118 102
 1418152167 -149 -146 3 7 0 0 63 297 286 111 102
 1418152167 -148 -144 2 4 0 0 57 297 285 135 104
 1418152167 -147 -144 2 2 0 0 56 311 283 135 104
 1418152168 -142 -142 6 2 0 0 56 277 261 97 109
 1418152168 -138 -139 7 5 0 0 82 277 254 92 110
 1418152168 -136 -136 6 6 0 0 84 271 251 92 110
 1418152168 -136 -134 2 4 0 0 84 281 270 127 109
 1418152169 -134 -133 2 2 0 0 85 281 269 88 109
 1418152169 -132 -132 4 2 0 0 83 268 268 88 109
 1418152169 -128 -128 6 5 0 0 83 262 243 123 108
 1418152170 -125 -125 6 6 0 0 82 262 260 123 109
 1418152170 -124 -122 4 6 0 0 83 260 256 220 109
 1418152170 -123 -120 1 3 0 0 83 258 254 215 100
 1418152170 -122 -120 1 1 0 0 82 258 255 215 100
 1418152171 -118 -118 5 2 0 0 82 253 252 215 100
 1418152171 -113 -114 7 6 0 0 82 257 247 211 100
 1418152171 -111 -111 7 7 0 0 85 257 243 211 97
 1418152171 -108 -108 5 6 0 0 86 251 241 204 97
 1418152172 -108 -107 3 4 0 0 86 251 239 217 95
 1418152172 -108 -107 0 1 0 0 87 250 239 217 95
 1418152172 -107 -104 1 3 0 0 86 250 237 227 95
 1418152173 -105 -102 3 5 0 0 86 250 236 203 93
 1418152173 -100 -97 7 7 0 0 89 246 230 203 91
 1418152173 -97 -95 7 6 0 0 89 225 227 197 91
 1418152173 -94 -93 6 4 0 0 88 225 224 191 93
 1418152174 -94 -93 3 1 0 0 89 221 224 191 93
 1418152174 -93 -92 1 1 0 0 89 233 223 192 92
 1418152174 -91 -91 3 2 0 0 78 233 222 192 93
 1418152174 -87 -86 6 6 0 0 76 230 217 187 93
 1418152175 -84 -83 7 7 0 0 76 230 213 180 90
 1418152175 -82 -80 5 6 0 0 78 224 210 180 92
 1418152175 -81 -80 3 3 0 0 78 222 208 173 92
 1418152175 -81 -80 1 1 0 0 76 222 208 173 92
 1418152176 -81 -80 0 0 0 0 73 222 208 174 92
 1418152176 -81 -79 0 1 0 0 73 222 208 174 92
 1418152176 -78 -76 3 4 0 0 76 222 206 174 33
 1418152177 -72 -69 7 7 0 0 76 198 199 169 33
 1418152177 -70 -68 6 6 0 0 76 218 198 185 33
 1418152177 -68 -67 3 2 0 0 78 218 196 183 37
 1418152177 -68 -66 2 2 0 0 89 193 197 183 37
 1418152178 -66 -65 2 2 0 0 89 193 194 176 36
 1418152178 -62 -61 5 5 0 0 160 186 192 176 38
 1418152178 -59 -58 7 6 0 0 160 181 194 176 38
 1418152178 -56 -56 7 6 0 0 160 181 184 176 63
 1418152179 -56 -55 4 4 0 0 160 198 184 144 63
 1418152179 -55 -55 1 1 0 0 160 198 183 143 45
 1418152179 -54 -54 2 1 0 0 159 198 183 143 45
 1418152179 -52 -52 3 3 0 0 159 198 182 141 64
 1418152180 -50 -50 5 5 0 0 157 189 179 141 64
 1418152180 -46 -47 7 6 0 0 157 189 175 133 64
 1418152180 -43 -44 5 6 0 0 153 167 171 133 67
 1418152180 -43 -43 3 4 0 0 153 162 170 128 67
 1418152180 -43 -43 1 1 0 0 153 162 170 128 67
 1418152181 -42 -43 1 0 0 0 153 162 166 128 67
 1418152181 -40 -42 3 1 0 0 153 162 186 128 68
 1418152181 -38 -40 4 3 0 0 153 157 168 126 68
 1418152181 -34 -37 7 6 0 0 151 157 181 126 97
 1418152182 -30 -33 7 7 0 0 148 164 160 119 97
 1418152182 -28 -31 6 6 0 0 148 164 174 113 97
 1418152182 -27 -30 4 4 0 0 148 160 167 113 97
 1418152182 -27 -30 4 4 0 0 148 160 167 113 97
 1418152182 -27 -30 1 0 0 0 148 160 157 111 97
 1418152183 -26 -28 1 2 0 0 148 159 157 111 97
 1418152183 -24 -26 3 4 0 0 148 155 163 109 97
 1418152183 -20 -24 6 5 0 0 147 155 152 109 97
 1418152183 -17 -21 7 7 0 0 147 153 154 101 97
 1418152184 -15 -19 7 6 0 0 146 153 142 101 98
 1418152184 -14 -19 5 3 0 0 146 161 151 97 98
 1418152184 -14 -19 2 1 0 0 144 161 151 97 99
 1418152184 -13 -17 1 2 0 0 146 147 150 96 99
 1418152185 -11 -15 3 4 0 0 146 147 144 92 99
 1418152185 -9 -12 4 6 0 0 146 144 142 92 99
 1418152185 -8 -11 4 5 0 0 146 144 140 87 100
 1418152185 -7 -10 3 3 0 0 145 143 138 87 100
 1418152185 -5 -9 3 2 0 0 145 143 129 85 100
 1418152186 -1 -8 6 2 0 0 144 137 135 85 102
 1418152186 2 -5 7 4 0 0 144 131 133 81 102
 1418152186 4 -2 6 6 0 0 146 131 119 81 104
 1418152186 5 1 5 7 0 0 146 125 116 75 104
 1418152187 6 2 3 6 0 0 148 125 113 75 103
 1418152187 6 3 2 5 0 0 148 125 113 112 103
 1418152187 6 3 0 0 0 0 162 124 112 111 102
 1418152187 6 3 0 0 0 0 163 124 113 111 102
 1418152188 6 3 0 0 0 0 163 124 112 111 102
 1418152188 8 4 2 1 0 0 161 124 111 110 102
 1418152188 10 6 4 3 0 0 143 121 109 110 102
 1418152188 13 9 6 5 0 0 143 121 106 106 103
 1418152189 16 12 7 7 0 0 162 113 102 106 103
 1418152189 18 15 6 7 0 0 162 113 97 98 92
 1418152189 20 17 4 5 0 0 163 108 95 98 89
 1418152189 20 17 2 2 0 0 163 107 94 95 89
 1418152189 20 17 0 0 0 0 161 107 94 95 88
 1418152190 22 19 2 2 0 0 161 105 92 94 88
 1418152190 26 22 5 5 0 0 162 105 88 89 87
 1418152190 29 26 7 7 0 0 162 161 84 89 87
 1418152190 32 28 8 7 0 0 162 161 82 83 84
 1418152191 33 30 5 6 0 0 109 159 87 83 84
 1418152191 33 30 1 2 0 0 109 160 77 84 82
 1418152191 34 30 1 0 0 0 109 160 87 84 82
 1418152191 35 31 2 1 0 1 109 160 76 83 82
 1418152192 35 31 1 1 0 1 113 158 75 83 82
 1418152192 35 31 0 0 0 1 113 158 75 82 82
 1418152192 35 31 0 0 0 1 112 158 76 82 82
 1418152192 35 31 0 0 0 1 112 159 75 82 82
 1418152193 35 31 0 0 0 1 112 159 75 82 82
 1418152193 35 31 0 0 0 1 112 159 75 82 82
 1418152193 35 31 0 0 0 1 112 159 75 82 82
 1418152193 35 31 0 0 0 1 112 159 75 82 82
 1418152194 35 31 0 0 0 1 112 159 75 82 82
 1418152194 35 31 0 0 0 1 112 159 75 82 82
 1418152194 35 31 0 0 0 1 112 159 75 82 82
 1418152194 35 31 0 0 0 1 112 159 75 82 82
 1418152195 35 31 0 0 0 1 112 159 75 82 82
 1418152195 35 31 0 0 0 1 112 159 75 82 82
 1418152195 35 31 0 0 0 1 112 159 75 82 82
 1418152195 35 31 0 0 0 1 112 159 75 82 82
 1418152196 35 31 0 0 0 1 112 159 75 82 82
 1418152196 35 31 0 0 0 1 112 159 75 82 82
 1418152196 35 31 0 0 0 1 112 159 75 82 82
 1418152197 35 31 0 0 0 1 112 159 75 82 82
 1418152197 35 31 0 0 0 1 112 159 75 82 82
 1418152198 35 31 0 0 0 1 112 159 75 82 82
 1418152198 35 31 0 0 0 1 112 159 75 82 82
 1418152198 35 31 0 0 0 1 112 159 75 82 82
 1418152199 35 31 0 0 0 1 112 159 75 82 82
 1418152199 35 31 0 0 0 1 112 159 75 82 82
 1418152199 35 31 0 0 0 1 112 159 75 82 82
 1418152199 35 31 0 0 0 1 112 159 75 82 82
 1418152200 35 31 0 0 0 1 112 159 75 82 82
 1418152200 35 31 0 0 0 1 112 159 75 82 82
 1418152200 35 31 0 0 0 1 112 159 75 82 82
 1418152200 35 31 0 0 0 1 112 159 75 82 82
 1418152201 35 31 0 0 0 1 112 159 75 82 82
 1418152201 35 31 0 0 0 1 112 159 75 82 82
 1418152201 35 31 0 0 0 1 112 159 75 82 82
 1418152201 35 31 0 0 0 1 112 159 75 82 82
 1418152202 35 31 0 0 0 1 112 159 75 82 82
 1418152202 35 31 0 0 0 1 112 159 75 82 82
 1418152202 35 31 0 0 0 1 112 159 75 82 82
 1418152203 35 31 0 0 0 1 112 159 75 82 82
 1418152203 35 31 0 0 0 1 112 159 75 82 82
 1418152203 35 31 0 0 0 1 112 159 75 82 82
 1418152203 35 31 0 0 0 1 112 159 75 82 82
 1418152204 35 31 0 0 0 1 112 159 75 82 82
 1418152204 35 31 0 0 0 1 112 159 75 82 82
 1418152204 35 31 0 0 0 1 112 159 75 82 82
 1418152205 35 31 0 0 0 1 112 159 75 82 82
 1418152205 35 31 0 0 0 1 112 159 75 82 82
 1418152205 35 31 0 0 0 1 112 159 75 82 82
 1418152206 35 31 0 0 0 1 112 159 75 82 82
 1418152206 35 31 0 0 0 1 112 159 75 82 82
 1418152206 35 31 0 0 0 1 112 159 75 82 82
 1418152206 35 31 0 0 0 1 112 159 75 82 82
 1418152207 35 31 0 0 0 1 112 159 75 82 82
 1418152207 35 31 0 0 0 1 112 159 75 82 82
 1418152207 35 31 0 0 0 1 112 159 75 82 82
 1418152208 35 31 0 0 0 1 112 159 75 82 82
 1418152208 35 31 0 0 0 1 112 159 75 82 82
 1418152208 35 31 0 0 0 1 112 159 75 82 82
 1418152208 35 31 0 0 0 1 112 159 75 82 82
 1418152209 35 31 0 0 0 1 112 159 75 82 82
 1418152209 35 31 0 0 0 1 112 159 75 82 82
 1418152209 35 31 0 0 0 1 112 159 75 82 82
 1418152210 35 31 0 0 0 1 112 159 75 82 82
 1418152210 35 31 0 0 0 1 112 159 75 82 82
 1418152210 35 31 0 0 0 1 112 159 75 82 82
 1418152210 35 31 0 0 0 1 112 159 75 82 82
 1418152211 35 31 0 0 0 1 112 159 75 82 82
 1418152211 35 31 0 0 0 1 112 159 75 82 82
 1418152211 35 31 0 0 0 1 112 159 75 82 82
 1418152212 35 31 0 0 0 1 112 159 75 82 82
 1418152212 35 31 0 0 0 1 112 159 75 82 82
 1418152212 35 31 0 0 0 1 112 159 75 82 82
 1418152212 35 31 0 0 0 1 112 159 75 82 82
 1418152213 35 31 0 0 0 1 112 159 75 82 82
 1418152213 35 31 0 0 0 1 112 159 75 82 82
 1418152213 35 31 0 0 0 1 112 159 75 82 82
 1418152213 35 31 0 0 0 1 112 159 75 82 82
 1418152214 35 31 0 0 0 1 112 159 75 82 82
 1418152214 35 31 0 0 0 1 112 159 75 82 82
 1418152214 35 31 0 0 0 1 112 159 75 82 82
 1418152215 35 31 0 0 0 1 112 159 75 82 82
 1418152215 35 31 0 0 0 1 112 159 75 82 82
 1418152215 35 31 0 0 0 1 112 159 75 82 82
 1418152216 35 31 0 0 0 1 112 159 75 82 82
 1418152216 35 31 0 0 0 1 112 159 75 82 82
 1418152216 35 31 0 0 0 1 112 159 75 82 82
 1418152217 35 31 0 0 0 1 112 159 75 82 82
 1418152217 35 31 0 0 0 1 112 159 75 82 82
 1418152217 35 31 0 0 0 1 112 159 75 82 82
 1418152218 35 31 0 0 0 1 112 159 75 82 82
 1418152218 35 31 0 0 0 1 112 159 75 82 82
 1418152218 35 31 0 0 0 1 112 159 75 82 82
 1418152219 35 31 0 0 0 1 112 159 75 82 82
 1418152219 35 31 0 0 0 1 112 159 75 82 82
 1418152219 35 31 0 0 0 1 112 159 75 82 82
 1418152219 35 31 0 0 0 1 112 159 75 82 82
 1418152220 35 31 0 0 0 1 112 159 75 82 82
 1418152220 35 31 0 0 0 1 112 159 75 82 82
 1418152220 35 31 0 0 0 1 112 159 75 82 82
 1418152221 35 31 0 0 0 1 112 159 75 82 82
 1418152221 35 31 0 0 0 1 112 159 75 82 82
 1418152221 35 31 0 0 0 1 112 159 75 82 82
 1418152221 35 31 0 0 0 1 112 159 75 82 82
 1418152222 35 31 0 0 0 1 112 159 75 82 82
 1418152222 35 31 0 0 0 1 112 159 75 82 82
 1418152222 35 31 0 0 0 1 112 159 75 82 82
 1418152223 35 31 0 0 0 1 112 159 75 82 82
 1418152223 35 31 0 0 0 1 112 159 75 82 82
 1418152223 35 31 0 0 0 1 112 159 75 82 82
 1418152223 35 31 0 0 0 1 112 159 75 82 82
 1418152224 35 31 0 0 0 1 112 159 75 82 82
 1418152224 35 31 0 0 0 1 112 159 75 82 82
 1418152225 35 31 0 0 0 1 112 159 75 82 82
 1418152225 35 31 0 0 0 1 112 159 75 82 82
 1418152225 35 31 0 0 0 1 112 159 75 82 82
 1418152226 35 31 0 0 0 1 112 159 75 82 82
 1418152226 35 31 0 0 0 1 112 159 75 82 82
 1418152227 35 31 0 0 0 1 112 159 75 82 82
 1418152227 35 31 0 0 0 1 112 159 75 82 82
 1418152227 35 31 0 0 0 1 112 159 75 82 82
 1418152228 35 31 0 0 0 1 112 159 75 82 82
 1418152228 35 31 0 0 0 1 112 159 75 82 82
 1418152228 35 31 0 0 0 1 112 159 75 82 82
 1418152229 35 31 0 0 0 1 112 159 75 82 82
 1418152229 35 31 0 0 0 1 112 159 75 82 82
 1418152229 35 31 0 0 0 1 112 159 75 82 82
 1418152230 35 31 0 0 0 1 112 159 75 82 82
 1418152230 35 31 0 0 0 1 112 159 75 82 82
 1418152230 35 31 0 0 0 1 112 159 75 82 82
 1418152230 35 31 0 0 0 1 112 159 75 82 82
 1418152231 35 31 0 0 0 1 112 159 75 82 82
 1418152231 35 31 0 0 0 1 112 159 75 82 82
 1418152231 35 31 0 0 0 1 112 159 75 82 82
 1418152231 35 31 0 0 0 1 112 159 75 82 82
 1418152232 35 31 0 0 0 1 112 159 75 82 82
 1418152232 35 31 0 0 0 1 112 159 75 82 82
 1418152232 35 31 0 0 0 1 112 159 75 82 82
 1418152233 35 31 0 0 0 1 112 159 75 82 82
 1418152233 35 31 0 0 0 1 112 159 75 82 82
 1418152233 35 31 0 0 0 1 112 159 75 82 82
 1418152233 35 31 0 0 0 1 112 159 75 82 82
 1418152234 35 31 0 0 0 1 112 159 75 82 82
 1418152234 35 31 0 0 0 1 112 159 75 82 82
 1418152234 35 31 0 0 0 1 112 159 75 82 82
 1418152234 35 31 0 0 0 1 112 159 75 82 82
 1418152235 35 31 0 0 0 1 112 159 75 82 82
 1418152235 35 31 0 0 0 1 112 159 75 82 82
 1418152235 35 31 0 0 0 1 112 159 75 82 82
 1418152235 35 31 0 0 0 1 112 159 75 82 82
 1418152236 35 31 0 0 0 1 112 159 75 82 82
 1418152236 35 31 0 0 0 1 112 159 75 82 82
 1418152236 35 31 0 0 0 1 112 159 75 82 82
 1418152237 35 31 0 0 0 1 112 159 75 82 82
 1418152237 35 31 0 0 0 1 112 159 75 82 82
 1418152237 35 31 0 0 0 1 112 159 75 82 82
 1418152237 35 31 0 0 0 1 112 159 75 82 82
 1418152238 35 31 0 0 0 1 112 159 75 82 82
 1418152238 35 31 0 0 0 1 112 159 75 82 82
 1418152238 35 31 0 0 0 1 112 159 75 82 82
 1418152239 35 31 0 0 0 1 112 159 75 82 82
 1418152239 35 31 0 0 0 1 112 159 75 82 82
 1418152239 35 31 0 0 0 1 112 159 75 82 82
 1418152239 35 31 0 0 0 1 112 159 75 82 82
 1418152240 35 31 0 0 0 1 112 159 75 82 82
 1418152240 35 31 0 0 0 1 112 159 75 82 82
 1418152240 35 31 0 0 0 1 112 159 75 82 82
 1418152241 35 31 0 0 0 1 112 159 75 82 82
 1418152241 35 31 0 0 0 1 112 159 75 82 82
 1418152241 35 31 0 0 0 1 112 159 75 82 82
 1418152241 35 31 0 0 0 1 112 159 75 82 82
 1418152242 35 31 0 0 0 1 112 159 75 82 82
 1418152242 35 31 0 0 0 1 112 159 75 82 82
 1418152242 35 31 0 0 0 1 112 159 75 82 82
 1418152242 35 31 0 0 0 1 112 159 75 82 82
 1418152243 35 31 0 0 0 1 112 159 75 82 82
 1418152243 35 31 0 0 0 1 112 159 75 82 82
 1418152243 35 31 0 0 0 1 112 159 75 82 82
 1418152244 35 31 0 0 0 1 112 159 75 82 82
 1418152244 35 31 0 0 0 1 112 159 75 82 82
 1418152244 35 31 0 0 0 1 112 159 75 82 82
 1418152244 35 31 0 0 0 1 112 159 75 82 82
 1418152245 35 31 0 0 0 1 112 159 75 82 82
 1418152245 35 31 0 0 0 1 112 159 75 82 82
 1418152245 35 31 0 0 0 1 112 159 75 82 82
 1418152245 35 31 0 0 0 1 112 159 75 82 82
 1418152246 35 31 0 0 0 1 112 159 75 82 82
 1418152246 35 31 0 0 0 1 112 159 75 82 82
 1418152246 35 31 0 0 0 1 112 159 75 82 82
 1418152247 35 31 0 0 0 1 112 159 75 82 82
 1418152247 35 31 0 0 0 1 112 159 75 82 82
 1418152247 35 31 0 0 0 1 112 159 75 82 82
 1418152247 35 31 0 0 0 1 112 159 75 82 82
 1418152248 35 31 0 0 0 1 112 159 75 82 82
 1418152248 35 31 0 0 0 1 112 159 75 82 82
 1418152248 35 31 0 0 0 1 112 159 75 82 82
 1418152249 35 31 0 0 0 1 112 159 75 82 82
 1418152249 35 31 0 0 0 1 112 159 75 82 82
 1418152249 35 31 0 0 0 1 112 159 75 82 82
 1418152250 35 31 0 0 0 1 112 159 75 82 82
 1418152250 35 31 0 0 0 1 112 159 75 82 82
 1418152250 35 31 0 0 0 1 112 159 75 82 82
 1418152250 35 31 0 0 0 1 112 159 75 82 82
 1418152251 35 31 0 0 0 1 112 159 75 82 82
 1418152251 35 31 0 0 0 1 112 159 75 82 82
 1418152251 35 31 0 0 0 1 112 159 75 82 82
 1418152251 35 31 0 0 0 1 112 159 75 82 82
 1418152252 35 31 0 0 0 1 112 159 75 82 82
 1418152252 35 31 0 0 0 1 112 159 75 82 82
 1418152252 35 31 0 0 0 1 112 159 75 82 82
 1418152252 35 31 0 0 0 1 112 159 75 82 82
 1418152253 35 31 0 0 0 1 112 159 75 82 82
 1418152253 35 31 0 0 0 1 112 159 75 82 82
 1418152253 35 31 0 0 0 1 112 159 75 82 82
 1418152254 35 31 0 0 0 1 112 159 75 82 82
 1418152254 35 31 0 0 0 1 112 159 75 82 82
 1418152254 35 31 0 0 0 1 112 159 75 82 82
 1418152254 35 31 0 0 0 1 112 159 75 82 82
 1418152255 35 31 0 0 0 1 112 159 75 82 82
 1418152255 35 31 0 0 0 1 112 159 75 82 82
 1418152255 35 31 0 0 0 1 112 159 75 82 82
 1418152255 35 31 0 0 0 1 112 159 75 82 82
 1418152256 35 31 0 0 0 1 112 159 75 82 82
 1418152256 35 31 0 0 0 1 112 159 75 82 82
 1418152256 35 31 0 0 0 1 112 159 75 82 82
 1418152256 35 31 0 0 0 1 112 159 75 82 82
 1418152257 35 31 0 0 0 1 112 159 75 82 82
 1418152257 35 31 0 0 0 1 112 159 75 82 82
 1418152257 35 31 0 0 0 1 112 159 75 82 82
 1418152258 35 31 0 0 0 1 112 159 75 82 82
 1418152258 35 31 0 0 0 1 112 159 75 82 82
 1418152258 35 31 0 0 0 1 112 159 75 82 82
 1418152258 35 31 0 0 0 1 112 159 75 82 82
 1418152259 35 31 0 0 0 1 112 159 75 82 82
 1418152259 35 31 0 0 0 1 112 159 75 82 82
 1418152259 35 31 0 0 0 1 112 159 75 82 82
 1418152260 35 31 0 0 0 1 112 159 75 82 82
 1418152260 35 31 0 0 0 1 112 159 75 82 82
 1418152260 35 31 0 0 0 1 112 159 75 82 82
 1418152260 35 31 0 0 0 1 112 159 75 82 82
 1418152261 35 31 0 0 0 1 112 159 75 82 82
 1418152261 35 31 0 0 0 1 112 159 75 82 82
 1418152261 35 31 0 0 0 1 112 159 75 82 82
 1418152262 35 31 0 0 0 1 112 159 75 82 82
 1418152262 35 31 0 0 0 1 112 159 75 82 82
 1418152262 35 31 0 0 0 1 112 159 75 82 82
 1418152263 35 31 0 0 0 1 112 159 75 82 82
 1418152263 35 31 0 0 0 1 112 159 75 82 82
 1418152263 35 31 0 0 0 1 112 159 75 82 82
 1418152263 35 31 0 0 0 1 112 159 75 82 82
 1418152264 35 31 0 0 0 1 112 159 75 82 82
 1418152264 35 31 0 0 0 1 112 159 75 82 82
 1418152264 35 31 0 0 0 1 112 159 75 82 82
 1418152265 35 31 0 0 0 1 112 159 75 82 82
 1418152265 35 31 0 0 0 1 112 159 75 82 82
 1418152265 35 31 0 0 0 1 112 159 75 82 82
 1418152265 35 31 0 0 0 1 112 159 75 82 82
 1418152266 35 31 0 0 0 1 112 159 75 82 82
 1418152266 35 31 0 0 0 1 112 159 75 82 82
 1418152266 35 31 0 0 0 1 112 159 75 82 82
 1418152267 35 31 0 0 0 1 112 159 75 82 82
 1418152267 35 31 0 0 0 1 112 159 75 82 82
 1418152267 35 31 0 0 0 1 112 159 75 82 82
 1418152267 35 31 0 0 0 1 112 159 75 82 82
 1418152268 35 31 0 0 0 1 112 159 75 82 82
 1418152268 35 31 0 0 0 1 112 159 75 82 82
 1418152268 35 31 0 0 0 1 112 159 75 82 82
 1418152268 35 31 0 0 0 1 112 159 75 82 82
 1418152269 35 31 0 0 0 1 112 159 75 82 82
 1418152269 35 31 0 0 0 1 112 159 75 82 82
 1418152270 35 31 0 0 0 1 112 159 75 82 82
 1418152270 35 31 0 0 0 1 112 159 75 82 82
 1418152271 35 31 0 0 0 1 112 159 75 82 82
 1418152271 35 31 0 0 0 1 112 159 75 82 82
 1418152271 35 31 0 0 0 1 112 159 75 82 82
 1418152272 35 31 0 0 0 1 112 159 75 82 82
 1418152272 35 31 0 0 0 1 112 159 75 82 82
 1418152272 35 31 0 0 0 1 112 159 75 82 82
 1418152272 35 31 0 0 0 1 112 159 75 82 82
 1418152273 35 31 0 0 0 1 112 159 75 82 82
 1418152273 35 31 0 0 0 1 112 159 75 82 82
 1418152273 35 31 0 0 0 1 112 159 75 82 82
 1418152273 35 31 0 0 0 1 112 159 75 82 82
 1418152274 35 31 0 0 0 1 112 159 75 82 82
 1418152274 35 31 0 0 0 1 112 159 75 82 82
 1418152274 35 31 0 0 0 1 112 159 75 82 82
 1418152274 35 31 0 0 0 1 112 159 75 82 82
 1418152275 35 31 0 0 0 1 112 159 75 82 82
 1418152275 35 31 0 0 0 1 112 159 75 82 82
 1418152275 35 31 0 0 0 1 112 159 75 82 82
 1418152276 35 31 0 0 0 1 112 159 75 82 82
 1418152276 35 31 0 0 0 1 112 159 75 82 82
 1418152276 35 31 0 0 0 1 112 159 75 82 82
 1418152276 35 31 0 0 0 1 112 159 75 82 82
 1418152277 35 31 0 0 0 1 112 159 75 82 82
 1418152277 35 31 0 0 0 1 112 159 75 82 82
 1418152277 35 31 0 0 0 1 112 159 75 82 82
 1418152277 35 31 0 0 0 1 112 159 75 82 82
 1418152278 35 31 0 0 0 1 112 159 75 82 82
 1418152278 35 31 0 0 0 1 112 159 75 82 82
 1418152278 35 31 0 0 0 1 112 159 75 82 82
 1418152278 35 31 0 0 0 1 112 159 75 82 82
 1418152279 35 31 0 0 0 1 112 159 75 82 82
 1418152279 35 31 0 0 0 1 112 159 75 82 82
 1418152279 35 31 0 0 0 1 112 159 75 82 82
 1418152280 35 31 0 0 0 1 112 159 75 82 82
 1418152280 35 31 0 0 0 1 112 159 75 82 82
 1418152280 35 31 0 0 0 1 112 159 75 82 82
 1418152281 35 31 0 0 0 1 112 159 75 82 82
 1418152281 35 31 0 0 0 1 112 159 75 82 82
 1418152281 35 31 0 0 0 1 112 159 75 82 82
 1418152281 35 31 0 0 0 1 112 159 75 82 82
 1418152282 35 31 0 0 0 1 112 159 75 82 82
 1418152282 35 31 0 0 0 1 112 159 75 82 82
 1418152282 35 31 0 0 0 1 112 159 75 82 82
 1418152282 35 31 0 0 0 1 112 159 75 82 82
 1418152283 35 31 0 0 0 1 112 159 75 82 82
 1418152283 35 31 0 0 0 1 112 159 75 82 82
 1418152283 35 31 0 0 0 1 112 159 75 82 82
 1418152283 35 31 0 0 0 1 112 159 75 82 82
 1418152284 35 31 0 0 0 1 112 159 75 82 82
 1418152284 35 31 0 0 0 1 112 159 75 82 82
 1418152284 35 31 0 0 0 1 112 159 75 82 82
 1418152285 35 31 0 0 0 1 112 159 75 82 82
 1418152285 35 31 0 0 0 1 112 159 75 82 82
 1418152285 35 31 0 0 0 1 112 159 75 82 82
 1418152285 35 31 0 0 0 1 112 159 75 82 82
 1418152286 35 31 0 0 0 1 112 159 75 82 82
 1418152286 35 31 0 0 0 1 112 159 75 82 82
 1418152286 35 31 0 0 0 1 112 159 75 82 82
 1418152286 35 31 0 0 0 1 112 159 75 82 82
 1418152287 35 31 0 0 0 1 112 159 75 82 82
 1418152287 35 31 0 0 0 1 112 159 75 82 82
 1418152287 35 31 0 0 0 1 112 159 75 82 82
 1418152287 35 31 0 0 0 1 112 159 75 82 82
 1418152288 35 31 0 0 0 1 112 159 75 82 82
 1418152288 35 31 0 0 0 1 112 159 75 82 82
 1418152288 35 31 0 0 0 1 112 159 75 82 82
 1418152289 35 31 0 0 0 1 112 159 75 82 82
 1418152289 35 31 0 0 0 1 112 159 75 82 82
 1418152289 35 31 0 0 0 1 112 159 75 82 82
 1418152289 35 31 0 0 0 1 112 159 75 82 82
 1418152290 35 31 0 0 0 1 112 159 75 82 82
 1418152290 35 31 0 0 0 1 112 159 75 82 82
 1418152290 35 31 0 0 0 1 112 159 75 82 82
 1418152291 35 31 0 0 0 1 112 159 75 82 82
 1418152291 35 31 0 0 0 1 112 159 75 82 82
 1418152291 35 31 0 0 0 1 112 159 75 82 82
 1418152291 35 31 0 0 0 1 112 159 75 82 82
 1418152292 35 31 0 0 0 1 112 159 75 82 82
 1418152292 35 31 0 0 0 1 112 159 75 82 82
 1418152292 35 31 0 0 0 1 112 159 75 82 82
 1418152292 35 31 0 0 0 1 112 159 75 82 82
 1418152293 35 31 0 0 0 1 112 159 75 82 82
 1418152293 35 31 0 0 0 1 112 159 75 82 82
 1418152293 35 31 0 0 0 1 112 159 75 82 82
 1418152294 35 31 0 0 0 1 112 159 75 82 82
 1418152294 35 31 0 0 0 1 112 159 75 82 82
 1418152294 35 31 0 0 0 1 112 159 75 82 82
 1418152294 35 31 0 0 0 1 112 159 75 82 82
 1418152295 35 31 0 0 0 1 112 159 75 82 82
 1418152295 35 31 0 0 0 1 112 159 75 82 82
 1418152295 35 31 0 0 0 1 112 159 75 82 82
 1418152295 35 31 0 0 0 1 112 159 75 82 82
 1418152296 35 31 0 0 0 1 112 159 75 82 82
 1418152296 35 31 0 0 0 1 112 159 75 82 82
 1418152296 35 31 0 0 0 1 112 159 75 82 82
 1418152296 35 31 0 0 0 1 112 159 75 82 82
 1418152297 35 31 0 0 0 1 112 159 75 82 82
 1418152297 35 31 0 0 0 1 112 159 75 82 82
 1418152297 35 31 0 0 0 1 112 159 75 82 82
 1418152298 35 31 0 0 0 1 112 159 75 82 82
 1418152298 35 31 0 0 0 1 112 159 75 82 82
 1418152298 35 31 0 0 0 1 112 159 75 82 82
 1418152298 35 31 0 0 0 1 112 159 75 82 82
 1418152299 35 31 0 0 0 1 112 159 75 82 82
 1418152299 35 31 0 0 0 1 112 159 75 82 82
 1418152299 35 31 0 0 0 1 112 159 75 82 82
 1418152299 35 31 0 0 0 1 112 159 75 82 82
 1418152300 35 31 0 0 0 1 112 159 75 82 82
 1418152300 35 31 0 0 0 1 112 159 75 82 82
 1418152300 35 31 0 0 0 1 112 159 75 82 82
 1418152300 35 31 0 0 0 1 112 159 75 82 82
 1418152301 35 31 0 0 0 1 112 159 75 82 82
 1418152301 35 31 0 0 0 1 112 159 75 82 82
 1418152301 35 31 0 0 0 1 112 159 75 82 82
 1418152302 35 31 0 0 0 1 112 159 75 82 82
 1418152302 35 31 0 0 0 1 112 159 75 82 82
 1418152302 35 31 0 0 0 1 112 159 75 82 82
 1418152302 35 31 0 0 0 1 112 159 75 82 82
 1418152303 35 31 0 0 0 1 112 159 75 82 82
 1418152303 35 31 0 0 0 1 112 159 75 82 82
 1418152303 35 31 0 0 0 1 112 159 75 82 82
 1418152303 35 31 0 0 0 1 112 159 75 82 82
 1418152304 35 31 0 0 0 1 112 159 75 82 82
 1418152304 35 31 0 0 0 1 112 159 75 82 82
 1418152304 35 31 0 0 0 1 112 159 75 82 82
 1418152304 35 31 0 0 0 1 112 159 75 82 82
 1418152304 35 31 0 0 0 1 112 159 75 82 82
 1418152305 35 31 0 0 0 1 112 159 75 82 82
 1418152305 35 31 0 0 0 1 112 159 75 82 82
 1418152305 35 31 0 0 0 1 112 159 75 82 82
 1418152305 35 31 0 0 0 1 112 159 75 82 82
 1418152306 35 31 0 0 0 1 112 159 75 82 82
 1418152306 35 31 0 0 0 1 112 159 75 82 82
 1418152306 35 31 0 0 0 1 112 159 75 82 82
 1418152306 35 31 0 0 0 1 112 159 75 82 82
 1418152306 35 31 0 0 0 1 112 159 75 82 82
 1418152307 35 31 0 0 0 1 112 159 75 82 82
 1418152307 35 31 0 0 0 1 112 159 75 82 82
 1418152307 35 31 0 0 0 1 112 159 75 82 82
 1418152307 35 31 0 0 0 1 112 159 75 82 82
 1418152308 35 31 0 0 0 1 112 159 75 82 82
 1418152308 35 31 0 0 0 1 112 159 75 82 82
 1418152308 35 31 0 0 0 1 112 159 75 82 82
 1418152308 35 31 0 0 0 1 112 159 75 82 82
 1418152309 35 31 0 0 0 1 112 159 75 82 82
 1418152309 35 31 0 0 0 1 112 159 75 82 82
 1418152309 35 31 0 0 0 1 112 159 75 82 82
 1418152309 35 31 0 0 0 1 112 159 75 82 82
 1418152310 35 31 0 0 0 1 112 159 75 82 82
 1418152310 35 31 0 0 0 1 112 159 75 82 82
 1418152310 35 31 0 0 0 1 112 159 75 82 82
 1418152310 35 31 0 0 0 1 112 159 75 82 82
 1418152311 35 31 0 0 0 1 112 159 75 82 82
 1418152311 35 31 0 0 0 1 112 159 75 82 82
 1418152311 35 31 0 0 0 1 112 159 75 82 82
 1418152312 35 31 0 0 0 1 112 159 75 82 82
 1418152312 35 31 0 0 0 1 112 159 75 82 82
 1418152312 35 31 0 0 0 1 112 159 75 82 82
 1418152313 35 31 0 0 0 1 112 159 75 82 82
 1418152313 35 31 0 0 0 1 112 159 75 82 82
 1418152313 35 31 0 0 0 1 112 159 75 82 82
 1418152313 35 31 0 0 0 1 112 159 75 82 82
 1418152314 35 31 0 0 0 1 112 159 75 82 82
 1418152314 35 31 0 0 0 1 112 159 75 82 82
 1418152314 35 31 0 0 0 1 112 159 75 82 82
 1418152315 35 31 0 0 0 1 112 159 75 82 82
 1418152315 35 31 0 0 0 1 112 159 75 82 82
 1418152315 35 31 0 0 0 1 112 159 75 82 82
 1418152315 35 31 0 0 0 1 112 159 75 82 82
 1418152316 35 31 0 0 0 1 112 159 75 82 82
 1418152316 35 31 0 0 0 1 112 159 75 82 82
 1418152316 35 31 0 0 0 1 112 159 75 82 82
 1418152317 35 31 0 0 0 1 112 159 75 82 82
 1418152317 35 31 0 0 0 1 112 159 75 82 82
 1418152317 35 31 0 0 0 1 112 159 75 82 82
 1418152317 35 31 0 0 0 1 112 159 75 82 82
 1418152318 35 31 0 0 0 1 112 159 75 82 82
 1418152318 35 31 0 0 0 1 112 159 75 82 82
 1418152318 35 31 0 0 0 1 112 159 75 82 82
 1418152319 35 31 0 0 0 1 112 159 75 82 82
 1418152319 35 31 0 0 0 1 112 159 75 82 82
 1418152319 35 31 0 0 0 1 112 159 75 82 82
 1418152320 35 31 0 0 0 1 112 159 75 82 82
 1418152320 35 31 0 0 0 1 112 159 75 82 82
 1418152320 35 31 0 0 0 1 112 159 75 82 82
 1418152320 35 31 0 0 0 1 112 159 75 82 82
 1418152321 35 31 0 0 0 1 112 159 75 82 82
 1418152321 35 31 0 0 0 1 112 159 75 82 82
 1418152321 35 31 0 0 0 1 112 159 75 82 82
 1418152322 35 31 0 0 0 1 112 159 75 82 82
 1418152322 35 31 0 0 0 1 112 159 75 82 82
 1418152322 35 31 0 0 0 1 112 159 75 82 82
 1418152323 35 31 0 0 0 1 112 159 75 82 82
 1418152323 35 31 0 0 0 1 112 159 75 82 82
 1418152323 35 31 0 0 0 1 112 159 75 82 82
 1418152324 35 31 0 0 0 1 112 159 75 82 82
 1418152324 35 31 0 0 0 1 112 159 75 82 82
 1418152324 35 31 0 0 0 1 112 159 75 82 82
 1418152324 35 31 0 0 0 1 112 159 75 82 82
 1418152325 35 31 0 0 0 1 112 159 75 82 82
 1418152325 35 31 0 0 0 1 112 159 75 82 82
 1418152326 35 31 0 0 0 1 112 159 75 82 82
 1418152326 35 31 0 0 0 1 112 159 75 82 82
 1418152327 35 31 0 0 0 1 112 159 75 82 82
 1418152327 35 31 0 0 0 1 112 159 75 82 82
 1418152328 35 31 0 0 0 1 112 159 75 82 82
 1418152328 35 31 0 0 0 1 112 159 75 82 82
 1418152329 35 31 0 0 0 1 112 159 75 82 82
 1418152329 35 31 0 0 0 1 112 159 75 82 82
 1418152330 35 31 0 0 0 1 112 159 75 82 82
 1418152330 35 31 0 0 0 1 112 159 75 82 82
 1418152330 35 31 0 0 0 1 112 159 75 82 82
 1418152330 35 31 0 0 0 1 112 159 75 82 82
 1418152331 35 31 0 0 0 1 112 159 75 82 82
 1418152331 35 31 0 0 0 1 112 159 75 82 82
 1418152331 35 31 0 0 0 1 112 159 75 82 82
 1418152332 35 31 0 0 0 1 112 159 75 82 82
 1418152332 35 31 0 0 0 1 112 159 75 82 82
 1418152332 35 31 0 0 0 1 112 159 75 82 82
 1418152333 35 31 0 0 0 1 112 159 75 82 82
 1418152333 35 31 0 0 0 1 112 159 75 82 82
 1418152333 35 31 0 0 0 1 112 159 75 82 82
 1418152334 35 31 0 0 0 1 112 159 75 82 82
 1418152334 35 31 0 0 0 1 112 159 75 82 82
 1418152334 35 31 0 0 0 1 112 159 75 82 82
 1418152335 35 31 0 0 0 1 112 159 75 82 82
 1418152335 35 31 0 0 0 1 112 159 75 82 82
 1418152335 35 31 0 0 0 1 112 159 75 82 82
 1418152335 35 31 0 0 0 1 112 159 75 82 82
 1418152336 35 31 0 0 0 1 112 159 75 82 82
 1418152336 35 31 0 0 0 1 112 159 75 82 82
 1418152336 35 31 0 0 0 1 112 159 75 82 82
 1418152337 35 31 0 0 0 1 112 159 75 82 82
 1418152337 35 31 0 0 0 1 112 159 75 82 82
 1418152337 35 31 0 0 0 1 112 159 75 82 82
 1418152338 35 31 0 0 0 1 112 159 75 82 82
 1418152338 35 31 0 0 0 1 112 159 75 82 82
 1418152338 35 31 0 0 0 1 112 159 75 82 82
 1418152338 35 31 0 0 0 1 112 159 75 82 82
 1418152339 35 31 0 0 0 1 112 159 75 82 82
 1418152339 35 31 0 0 0 1 112 159 75 82 82
 1418152339 35 31 0 0 0 1 112 159 75 82 82
 1418152340 35 31 0 0 0 1 112 159 75 82 82
 1418152340 35 31 0 0 0 1 112 159 75 82 82
 1418152340 35 31 0 0 0 1 112 159 75 82 82
 1418152341 35 31 0 0 0 1 112 159 75 82 82
 1418152341 35 31 0 0 0 1 112 159 75 82 82
 1418152341 35 31 0 0 0 1 112 159 75 82 82
 1418152342 35 31 0 0 0 1 112 159 75 82 82
 1418152342 35 31 0 0 0 1 112 159 75 82 82
 1418152342 35 31 0 0 0 1 112 159 75 82 82
 1418152343 35 31 0 0 0 1 112 159 75 82 82
 1418152343 35 31 0 0 0 1 112 159 75 82 82
 1418152343 35 31 0 0 0 1 112 159 75 82 82
 1418152344 35 31 0 0 0 1 112 159 75 82 82
 1418152344 35 31 0 0 0 1 112 159 75 82 82
 1418152344 35 31 0 0 0 1 112 159 75 82 82
 1418152344 35 31 0 0 0 1 112 159 75 82 82
 1418152345 35 31 0 0 0 1 112 159 75 82 82
 1418152345 35 31 0 0 0 1 112 159 75 82 82
 1418152345 35 31 0 0 0 1 112 159 75 82 82
 1418152346 35 31 0 0 0 1 112 159 75 82 82
 1418152346 35 31 0 0 0 1 112 159 75 82 82
 1418152346 35 31 0 0 0 1 112 159 75 82 82
 1418152347 35 31 0 0 0 1 112 159 75 82 82
 1418152347 35 31 0 0 0 1 112 159 75 82 82
 1418152347 35 31 0 0 0 1 112 159 75 82 82
 1418152347 35 31 0 0 0 1 112 159 75 82 82
 1418152348 35 31 0 0 0 1 112 159 75 82 82
 1418152348 35 31 0 0 0 1 112 159 75 82 82
 1418152348 35 31 0 0 0 1 112 159 75 82 82
 1418152349 35 31 0 0 0 1 112 159 75 82 82
 1418152349 35 31 0 0 0 1 112 159 75 82 82
 1418152349 35 31 0 0 0 1 112 159 75 82 82
 1418152350 35 31 0 0 0 1 112 159 75 82 82
 1418152350 35 31 0 0 0 1 112 159 75 82 82
 1418152350 35 31 0 0 0 1 112 159 75 82 82
 1418152350 35 31 0 0 0 1 112 159 75 82 82
 1418152351 35 31 0 0 0 1 112 159 75 82 82
 1418152351 35 31 0 0 0 1 112 159 75 82 82
 1418152352 35 31 0 0 0 1 112 159 75 82 82
 1418152352 35 31 0 0 0 1 112 159 75 82 82
 1418152352 35 31 0 0 0 1 112 159 75 82 82
 1418152353 35 31 0 0 0 1 112 159 75 82 82
 1418152353 35 31 0 0 0 1 112 159 75 82 82
 1418152353 35 31 0 0 0 1 112 159 75 82 82
 1418152354 35 31 0 0 0 1 112 159 75 82 82
 1418152354 35 31 0 0 0 1 112 159 75 82 82
 1418152354 35 31 0 0 0 1 112 159 75 82 82
 1418152355 35 31 0 0 0 1 112 159 75 82 82
 1418152355 35 31 0 0 0 1 112 159 75 82 82
 1418152355 35 31 0 0 0 1 112 159 75 82 82
 1418152355 35 31 0 0 0 1 112 159 75 82 82
 1418152356 35 31 0 0 0 1 112 159 75 82 82
 1418152356 35 31 0 0 0 1 112 159 75 82 82
 1418152357 35 31 0 0 0 1 112 159 75 82 82
 1418152357 35 31 0 0 0 1 112 159 75 82 82
 1418152358 35 31 0 0 0 1 112 159 75 82 82
 1418152358 35 31 0 0 0 1 112 159 75 82 82
 1418152358 35 31 0 0 0 1 112 159 75 82 82
 1418152358 35 31 0 0 0 1 112 159 75 82 82
 1418152359 35 31 0 0 0 1 112 159 75 82 82
 1418152359 35 31 0 0 0 1 112 159 75 82 82
 1418152359 35 31 0 0 0 1 112 159 75 82 82
 1418152360 35 31 0 0 0 1 112 159 75 82 82
 1418152360 35 31 0 0 0 1 112 159 75 82 82
 1418152360 35 31 0 0 0 1 112 159 75 82 82
 1418152360 35 31 0 0 0 1 112 159 75 82 82
 1418152361 35 31 0 0 0 1 112 159 75 82 82
 1418152361 35 31 0 0 0 1 112 159 75 82 82
 1418152361 35 31 0 0 0 1 112 159 75 82 82
 1418152362 35 31 0 0 0 1 112 159 75 82 82
 1418152362 35 31 0 0 0 1 112 159 75 82 82
 1418152362 35 31 0 0 0 1 112 159 75 82 82
 1418152363 35 31 0 0 0 1 112 159 75 82 82
 1418152363 35 31 0 0 0 1 112 159 75 82 82
 1418152363 35 31 0 0 0 1 112 159 75 82 82
 1418152364 35 31 0 0 0 1 112 159 75 82 82
 1418152364 35 31 0 0 0 1 112 159 75 82 82
 1418152364 35 31 0 0 0 1 112 159 75 82 82
 1418152365 35 31 0 0 0 1 112 159 75 82 82
 1418152365 35 31 0 0 0 1 112 159 75 82 82
 1418152365 35 31 0 0 0 1 112 159 75 82 82
 1418152365 35 31 0 0 0 1 112 159 75 82 82
 1418152366 35 31 0 0 0 1 112 159 75 82 82
 1418152366 35 31 0 0 0 1 112 159 75 82 82
 1418152366 35 31 0 0 0 1 112 159 75 82 82
 1418152367 35 31 0 0 0 1 112 159 75 82 82
 1418152367 35 31 0 0 0 1 112 159 75 82 82
 1418152367 35 31 0 0 0 1 112 159 75 82 82
 1418152368 35 31 0 0 0 1 112 159 75 82 82
 1418152368 35 31 0 0 0 1 112 159 75 82 82
 1418152368 35 31 0 0 0 1 112 159 75 82 82
 1418152368 35 31 0 0 0 1 112 159 75 82 82
 1418152369 35 31 0 0 0 1 112 159 75 82 82
 1418152369 35 31 0 0 0 1 112 159 75 82 82
 1418152369 35 31 0 0 0 1 112 159 75 82 82
 1418152370 35 31 0 0 0 1 112 159 75 82 82
 1418152370 35 31 0 0 0 1 112 159 75 82 82
 1418152370 35 31 0 0 0 1 112 159 75 82 82
 1418152370 35 31 0 0 0 1 112 159 75 82 82
 1418152371 35 31 0 0 0 1 112 159 75 82 82
 1418152371 35 31 0 0 0 1 112 159 75 82 82
 1418152371 35 31 0 0 0 1 112 159 75 82 82
 1418152372 35 31 0 0 0 1 112 159 75 82 82
 1418152372 35 31 0 0 0 1 112 159 75 82 82
 1418152372 35 31 0 0 0 1 112 159 75 82 82
 1418152373 35 31 0 0 0 1 112 159 75 82 82
 1418152373 35 31 0 0 0 1 112 159 75 82 82
 1418152373 35 31 0 0 0 1 112 159 75 82 82
 1418152374 35 31 0 0 0 1 112 159 75 82 82
 1418152374 35 31 0 0 0 1 112 159 75 82 82
 1418152374 35 31 0 0 0 1 112 159 75 82 82
 1418152375 35 31 0 0 0 1 112 159 75 82 82
 1418152375 35 31 0 0 0 1 112 159 75 82 82
 1418152375 35 31 0 0 0 1 112 159 75 82 82
 1418152376 35 31 0 0 0 1 112 159 75 82 82
 1418152376 35 31 0 0 0 1 112 159 75 82 82
 1418152376 35 31 0 0 0 1 112 159 75 82 82
 1418152377 35 31 0 0 0 1 112 159 75 82 82
 1418152377 35 31 0 0 0 1 112 159 75 82 82
 1418152377 35 31 0 0 0 1 112 159 75 82 82
 1418152377 35 31 0 0 0 1 112 159 75 82 82
 1418152378 35 31 0 0 0 1 112 159 75 82 82
 1418152378 35 31 0 0 0 1 112 159 75 82 82
 1418152378 35 31 0 0 0 1 112 159 75 82 82
 1418152379 35 31 0 0 0 1 112 159 75 82 82
 1418152379 35 31 0 0 0 1 112 159 75 82 82
 1418152379 35 31 0 0 0 1 112 159 75 82 82
 1418152380 35 31 0 0 0 1 112 159 75 82 82
 1418152380 35 31 0 0 0 1 112 159 75 82 82
 1418152380 35 31 0 0 0 1 112 159 75 82 82
 1418152381 35 31 0 0 0 1 112 159 75 82 82
 1418152381 35 31 0 0 0 1 112 159 75 82 82
 1418152381 35 31 0 0 0 1 112 159 75 82 82
 1418152381 35 31 0 0 0 1 112 159 75 82 82
 1418152382 35 31 0 0 0 1 112 159 75 82 82
 1418152382 35 31 0 0 0 1 112 159 75 82 82
 1418152382 35 31 0 0 0 1 112 159 75 82 82
 1418152383 35 31 0 0 0 1 112 159 75 82 82
 1418152383 35 31 0 0 0 1 112 159 75 82 82
 1418152383 35 31 0 0 0 1 112 159 75 82 82
 1418152384 35 31 0 0 0 1 112 159 75 82 82
 1418152384 35 31 0 0 0 1 112 159 75 82 82
 1418152384 35 31 0 0 0 1 112 159 75 82 82
 1418152385 35 31 0 0 0 1 112 159 75 82 82
 1418152385 35 31 0 0 0 1 112 159 75 82 82
 1418152385 35 31 0 0 0 1 112 159 75 82 82
 1418152386 35 31 0 0 0 1 112 159 75 82 82
 1418152386 35 31 0 0 0 1 112 159 75 82 82
 1418152386 35 31 0 0 0 1 112 159 75 82 82
 1418152387 35 31 0 0 0 1 112 159 75 82 82
 1418152387 35 31 0 0 0 1 112 159 75 82 82
 1418152387 35 31 0 0 0 1 112 159 75 82 82
 1418152387 35 31 0 0 0 1 112 159 75 82 82
 1418152388 35 31 0 0 0 1 112 159 75 82 82
 1418152388 35 31 0 0 0 1 112 159 75 82 82
 1418152388 35 31 0 0 0 1 112 159 75 82 82
 1418152389 35 31 0 0 0 1 112 159 75 82 82
 1418152389 35 31 0 0 0 1 112 159 75 82 82
 1418152389 35 31 0 0 0 1 112 159 75 82 82
 1418152390 35 31 0 0 0 1 112 159 75 82 82
 1418152390 35 31 0 0 0 1 112 159 75 82 82
 1418152390 35 31 0 0 0 1 112 159 75 82 82
 1418152391 35 31 0 0 0 1 112 159 75 82 82
 1418152391 35 31 0 0 0 1 112 159 75 82 82
 1418152392 35 31 0 0 0 1 112 159 75 82 82
 1418152392 35 31 0 0 0 1 112 159 75 82 82
 1418152392 35 31 0 0 0 1 112 159 75 82 82
 1418152393 35 31 0 0 0 1 112 159 75 82 82
 1418152393 35 31 0 0 0 1 112 159 75 82 82
 1418152393 35 31 0 0 0 1 112 159 75 82 82
 1418152393 35 31 0 0 0 1 112 159 75 82 82
 1418152394 35 31 0 0 0 1 112 159 75 82 82
 1418152394 35 31 0 0 0 1 112 159 75 82 82
 1418152395 35 31 0 0 0 1 112 159 75 82 82
 1418152395 35 31 0 0 0 1 112 159 75 82 82
 1418152395 35 31 0 0 0 1 112 159 75 82 82
 1418152396 35 31 0 0 0 1 112 159 75 82 82
 1418152396 35 31 0 0 0 1 112 159 75 82 82
 1418152396 35 31 0 0 0 1 112 159 75 82 82
 1418152396 35 31 0 0 0 1 112 159 75 82 82
 1418152397 35 31 0 0 0 1 112 159 75 82 82
 1418152397 35 31 0 0 0 1 112 159 75 82 82
 1418152397 35 31 0 0 0 1 112 159 75 82 82
 1418152398 35 31 0 0 0 1 112 159 75 82 82
 1418152398 35 31 0 0 0 1 112 159 75 82 82
 1418152398 35 31 0 0 0 1 112 159 75 82 82
 1418152399 35 31 0 0 0 1 112 159 75 82 82
 1418152399 35 31 0 0 0 1 112 159 75 82 82
 1418152400 35 31 0 0 0 1 112 159 75 82 82
 1418152400 35 31 0 0 0 1 112 159 75 82 82
 1418152400 35 31 0 0 0 1 112 159 75 82 82
 1418152401 35 31 0 0 0 1 112 159 75 82 82
 1418152401 35 31 0 0 0 1 112 159 75 82 82
 1418152401 35 31 0 0 0 1 112 159 75 82 82
 1418152402 35 31 0 0 0 1 112 159 75 82 82
 1418152402 35 31 0 0 0 1 112 159 75 82 82
 1418152402 35 31 0 0 0 1 112 159 75 82 82
 1418152403 35 31 0 0 0 1 112 159 75 82 82
 1418152403 35 31 0 0 0 1 112 159 75 82 82
 1418152403 35 31 0 0 0 1 112 159 75 82 82
 1418152404 35 31 0 0 0 1 112 159 75 82 82
 1418152404 35 31 0 0 0 1 112 159 75 82 82
 1418152404 35 31 0 0 0 1 112 159 75 82 82
 1418152405 35 31 0 0 0 1 112 159 75 82 82
 1418152405 35 31 0 0 0 1 112 159 75 82 82
 1418152405 35 31 0 0 0 1 112 159 75 82 82
 1418152406 35 31 0 0 0 1 112 159 75 82 82
 1418152407 35 31 0 0 0 1 112 159 75 82 82
 1418152407 35 31 0 0 0 1 112 159 75 82 82
 1418152408 35 31 0 0 0 1 112 159 75 82 82
 1418152408 35 31 0 0 0 1 112 159 75 82 82
 1418152409 35 31 0 0 0 1 112 159 75 82 82
 1418152409 35 31 0 0 0 1 112 159 75 82 82
 1418152409 35 31 0 0 0 1 112 159 75 82 82
 1418152410 35 31 0 0 0 1 112 159 75 82 82
 1418152410 35 31 0 0 0 1 112 159 75 82 82
 1418152410 35 31 0 0 0 1 112 159 75 82 82
 1418152411 35 31 0 0 0 1 112 159 75 82 82
 1418152411 35 31 0 0 0 1 112 159 75 82 82
 1418152412 35 31 0 0 0 1 112 159 75 82 82
 1418152412 35 31 0 0 0 1 112 159 75 82 82
 1418152412 35 31 0 0 0 1 112 159 75 82 82
 1418152413 35 31 0 0 0 1 112 159 75 82 82
 1418152413 35 31 0 0 0 1 112 159 75 82 82
 1418152413 35 31 0 0 0 1 112 159 75 82 82
 1418152413 35 31 0 0 0 1 112 159 75 82 82
 1418152414 35 31 0 0 0 1 112 159 75 82 82
 1418152414 35 31 0 0 0 1 112 159 75 82 82
 1418152414 35 31 0 0 0 1 112 159 75 82 82
 1418152415 35 31 0 0 0 1 112 159 75 82 82
 1418152415 35 31 0 0 0 1 112 159 75 82 82
 1418152415 35 31 0 0 0 1 112 159 75 82 82
 1418152416 35 31 0 0 0 1 112 159 75 82 82
 1418152416 35 31 0 0 0 1 112 159 75 82 82
 1418152416 35 31 0 0 0 1 112 159 75 82 82
 1418152417 35 31 0 0 0 1 112 159 75 82 82
 1418152417 35 31 0 0 0 1 112 159 75 82 82
 1418152417 35 31 0 0 0 1 112 159 75 82 82
 1418152418 35 31 0 0 0 1 112 159 75 82 82
 1418152418 35 31 0 0 0 1 112 159 75 82 82
 1418152418 35 31 0 0 0 1 112 159 75 82 82
 1418152418 35 31 0 0 0 1 112 159 75 82 82
 1418152419 35 31 0 0 0 1 112 159 75 82 82
 1418152419 35 31 0 0 0 1 112 159 75 82 82
 1418152419 35 31 0 0 0 1 112 159 75 82 82
 1418152420 35 31 0 0 0 1 112 159 75 82 82
 1418152420 35 31 0 0 0 1 112 159 75 82 82
 1418152420 35 31 0 0 0 1 112 159 75 82 82
 1418152421 35 31 0 0 0 1 112 159 75 82 82
 1418152421 35 31 0 0 0 1 112 159 75 82 82
 1418152421 35 31 0 0 0 1 112 159 75 82 82
 1418152421 35 31 0 0 0 1 112 159 75 82 82
 1418152422 35 31 0 0 0 1 112 159 75 82 82
 1418152422 35 31 0 0 0 1 112 159 75 82 82
 1418152422 35 31 0 0 0 1 112 159 75 82 82
 1418152423 35 31 0 0 0 1 112 159 75 82 82
 1418152423 35 31 0 0 0 1 112 159 75 82 82
 1418152423 35 31 0 0 0 1 112 159 75 82 82
 1418152424 35 31 0 0 0 1 112 159 75 82 82
 1418152424 35 31 0 0 0 1 112 159 75 82 82
 1418152424 35 31 0 0 0 1 112 159 75 82 82
 1418152425 35 31 0 0 0 1 112 159 75 82 82
 1418152425 35 31 0 0 0 1 112 159 75 82 82
 1418152425 35 31 0 0 0 1 112 159 75 82 82
 1418152426 35 31 0 0 0 1 112 159 75 82 82
 1418152426 35 31 0 0 0 1 112 159 75 82 82
 1418152426 35 31 0 0 0 1 112 159 75 82 82
 1418152426 35 31 0 0 0 1 112 159 75 82 82
 1418152427 35 31 0 0 0 1 112 159 75 82 82
 1418152427 35 31 0 0 0 1 112 159 75 82 82
 1418152427 35 31 0 0 0 1 112 159 75 82 82
 1418152428 35 31 0 0 0 1 112 159 75 82 82
 1418152428 35 31 0 0 0 1 112 159 75 82 82
 1418152428 35 31 0 0 0 1 112 159 75 82 82
 1418152429 35 31 0 0 0 1 112 159 75 82 82
 1418152429 35 31 0 0 0 1 112 159 75 82 82
 1418152429 35 31 0 0 0 1 112 159 75 82 82
 1418152429 35 31 0 0 0 1 112 159 75 82 82
 1418152430 35 31 0 0 0 1 112 159 75 82 82
 1418152430 35 31 0 0 0 1 112 159 75 82 82
 1418152430 35 31 0 0 0 1 112 159 75 82 82
 1418152431 35 31 0 0 0 1 112 159 75 82 82
 1418152431 35 31 0 0 0 1 112 159 75 82 82
 1418152431 35 31 0 0 0 1 112 159 75 82 82
 1418152432 35 31 0 0 0 1 112 159 75 82 82
 1418152432 35 31 0 0 0 1 112 159 75 82 82
 1418152432 35 31 0 0 0 1 112 159 75 82 82
 1418152432 35 31 0 0 0 1 112 159 75 82 82
 1418152433 35 31 0 0 0 1 112 159 75 82 82
 1418152433 35 31 0 0 0 1 112 159 75 82 82
 1418152433 35 31 0 0 0 1 112 159 75 82 82
 1418152434 35 31 0 0 0 1 112 159 75 82 82
 1418152434 35 31 0 0 0 1 112 159 75 82 82
 1418152434 35 31 0 0 0 1 112 159 75 82 82
 1418152435 35 31 0 0 0 1 112 159 75 82 82
 1418152435 35 31 0 0 0 1 112 159 75 82 82
 1418152435 35 31 0 0 0 1 112 159 75 82 82
 1418152436 35 31 0 0 0 1 112 159 75 82 82
 1418152436 35 31 0 0 0 1 112 159 75 82 82
 1418152436 35 31 0 0 0 1 112 159 75 82 82
 1418152437 35 31 0 0 0 1 112 159 75 82 82
 1418152437 35 31 0 0 0 1 112 159 75 82 82
 1418152437 35 31 0 0 0 1 112 159 75 82 82
 1418152437 35 31 0 0 0 1 112 159 75 82 82
 1418152438 35 31 0 0 0 1 112 159 75 82 82
 1418152438 35 31 0 0 0 1 112 159 75 82 82
 1418152438 35 31 0 0 0 1 112 159 75 82 82
 1418152439 35 31 0 0 0 1 112 159 75 82 82
 1418152439 35 31 0 0 0 1 112 159 75 82 82
 1418152439 35 31 0 0 0 1 112 159 75 82 82
 1418152440 35 31 0 0 0 1 112 159 75 82 82
 1418152440 35 31 0 0 0 1 112 159 75 82 82
 1418152440 35 31 0 0 0 1 112 159 75 82 82
 1418152440 35 31 0 0 0 1 112 159 75 82 82
 1418152441 35 31 0 0 0 1 112 159 75 82 82
 1418152441 35 31 0 0 0 1 112 159 75 82 82
 1418152441 35 31 0 0 0 1 112 159 75 82 82
 1418152442 35 31 0 0 0 1 112 159 75 82 82
 1418152442 35 31 0 0 0 1 112 159 75 82 82
 1418152442 35 31 0 0 0 1 112 159 75 82 82
 1418152443 35 31 0 0 0 1 112 159 75 82 82
 1418152443 35 31 0 0 0 1 112 159 75 82 82
 1418152443 35 31 0 0 0 1 112 159 75 82 82
 1418152443 35 31 0 0 0 1 112 159 75 82 82
 1418152444 35 31 0 0 0 1 112 159 75 82 82
 1418152444 35 31 0 0 0 1 112 159 75 82 82
 1418152444 35 31 0 0 0 1 112 159 75 82 82
 1418152445 35 31 0 0 0 1 112 159 75 82 82
 1418152445 35 31 0 0 0 1 112 159 75 82 82
 1418152445 35 31 0 0 0 1 112 159 75 82 82
 1418152446 35 31 0 0 0 1 112 159 75 82 82
 1418152446 35 31 0 0 0 1 112 159 75 82 82
 1418152446 35 31 0 0 0 1 112 159 75 82 82
 1418152447 35 31 0 0 0 1 112 159 75 82 82
 1418152447 35 31 0 0 0 1 112 159 75 82 82
 1418152447 35 31 0 0 0 1 112 159 75 82 82
 1418152447 35 31 0 0 0 1 112 159 75 82 82
 1418152448 35 31 0 0 0 1 112 159 75 82 82
 1418152448 35 31 0 0 0 1 112 159 75 82 82
 1418152448 35 31 0 0 0 1 112 159 75 82 82
 1418152449 35 31 0 0 0 1 112 159 75 82 82
 1418152449 35 31 0 0 0 1 112 159 75 82 82
 1418152449 35 31 0 0 0 1 112 159 75 82 82
 1418152450 35 31 0 0 0 1 112 159 75 82 82
 1418152450 35 31 0 0 0 1 112 159 75 82 82
 1418152450 35 31 0 0 0 1 112 159 75 82 82
 1418152451 35 31 0 0 0 1 112 159 75 82 82
 1418152451 35 31 0 0 0 1 112 159 75 82 82
 1418152451 35 31 0 0 0 1 112 159 75 82 82
 1418152451 35 31 0 0 0 1 112 159 75 82 82
 1418152452 35 31 0 0 0 1 112 159 75 82 82
 1418152452 35 31 0 0 0 1 112 159 75 82 82
 1418152452 35 31 0 0 0 1 112 159 75 82 82
 1418152453 35 31 0 0 0 1 112 159 75 82 82
 1418152453 35 31 0 0 0 1 112 159 75 82 82
 1418152453 35 31 0 0 0 1 112 159 75 82 82
 1418152454 35 31 0 0 0 1 112 159 75 82 82
 1418152454 35 31 0 0 0 1 112 159 75 82 82
 1418152454 35 31 0 0 0 1 112 159 75 82 82
 1418152455 35 31 0 0 0 1 112 159 75 82 82
 1418152455 35 31 0 0 0 1 112 159 75 82 82
 1418152455 35 31 0 0 0 1 112 159 75 82 82
 1418152456 35 31 0 0 0 1 112 159 75 82 82
 1418152456 35 31 0 0 0 1 112 159 75 82 82
 1418152456 35 31 0 0 0 1 112 159 75 82 82
 1418152457 35 31 0 0 0 1 112 159 75 82 82
 1418152457 35 31 0 0 0 1 112 159 75 82 82
 1418152457 35 31 0 0 0 1 112 159 75 82 82
 1418152458 35 31 0 0 0 1 112 159 75 82 82
 1418152458 35 31 0 0 0 1 112 159 75 82 82
 1418152458 35 31 0 0 0 1 112 159 75 82 82
 1418152459 35 31 0 0 0 1 112 159 75 82 82
 1418152459 35 31 0 0 0 1 112 159 75 82 82
 1418152459 35 31 0 0 0 1 112 159 75 82 82
 1418152459 35 31 0 0 0 1 112 159 75 82 82
 1418152460 35 31 0 0 0 1 112 159 75 82 82
 1418152460 35 31 0 0 0 1 112 159 75 82 82
 1418152460 35 31 0 0 0 1 112 159 75 82 82
