 1418122324 8 8 0 0 0 0 165 118 118 120 170
 1418122324 8 8 0 0 0 0 165 120 121 120 170
 1418122325 8 8 0 0 0 0 165 116 125 123 170
 1418122325 9 8 1 0 0 0 165 117 129 128 170
 1418122325 10 8 2 0 0 0 165 117 129 128 170
 1418122326 13 10 5 2 0 0 164 117 124 128 170
 1418122326 18 14 7 5 0 0 164 113 118 122 169
 1418122326 20 18 5 6 0 0 164 113 111 113 158
 1418122327 21 20 2 4 0 0 165 108 110 113 159
 1418122327 21 20 0 1 0 0 166 108 110 111 159
 1418122327 21 20 0 0 0 0 166 109 110 111 159
 1418122327 21 20 0 0 0 0 166 109 111 111 159
 1418122328 21 20 0 0 0 0 166 111 113 111 158
 1418122328 21 20 0 0 0 0 166 114 116 122 158
 1418122328 21 20 0 0 0 0 166 118 116 117 158
 1418122329 21 20 0 0 0 0 166 118 115 117 158
 1418122329 21 20 0 0 0 0 166 114 115 116 158
 1418122329 21 20 0 0 0 0 166 111 116 119 159
 1418122330 21 20 0 0 0 0 166 111 115 117 158
 1418122330 21 20 0 0 0 0 166 141 127 129 158
 1418122330 21 20 0 0 0 0 166 127 131 129 158
 1418122331 21 20 0 0 0 0 166 135 136 142 158
 1418122331 21 20 0 0 0 0 166 135 141 142 158
 1418122331 21 20 0 0 0 0 166 140 142 142 157
 1418122331 21 20 0 0 0 0 166 140 144 141 157
 1418122332 21 20 0 0 0 0 166 148 152 142 157
 1418122332 21 20 0 0 0 0 166 148 152 141 157
 1418122332 21 20 0 0 0 0 166 153 152 141 157
 1418122333 22 21 1 1 0 0 166 158 152 141 157
 1418122333 26 25 5 5 0 0 166 158 146 138 168
 1418122333 30 30 7 8 0 0 166 161 169 138 161
 1418122334 34 34 6 7 0 0 167 161 139 127 161
 1418122334 34 35 2 3 0 0 167 154 138 122 161
 1418122334 34 37 0 2 0 0 168 154 162 122 161
 1418122334 36 38 2 3 0 0 168 153 159 122 161
 1418122335 39 43 5 6 0 0 168 149 160 120 158
 1418122335 44 47 7 7 0 0 156 149 152 113 159
 1418122335 46 49 4 4 0 0 157 142 151 113 150
 1418122336 46 48 1 0 0 0 153 136 145 111 150
 1418122336 49 50 3 0 0 0 153 131 143 112 150
 1418122336 53 53 6 4 0 0 149 131 147 103 162
 1418122337 57 58 7 7 0 0 161 125 138 103 160
 1418122337 59 61 4 6 0 0 149 124 137 99 160
 1418122337 59 61 1 2 0 0 149 121 132 98 160
 1418122338 61 63 2 2 0 0 149 121 133 121 159
 1418122338 63 65 4 4 0 0 167 120 132 121 159
 1418122338 69 71 7 7 0 0 149 115 127 93 162
 1418122338 70 73 5 6 0 0 149 115 125 117 163
 1418122339 71 74 2 3 0 0 153 111 122 117 163
 1418122339 71 74 0 0 0 0 151 110 122 116 163
 1418122339 74 77 3 2 0 0 151 112 124 115 148
 1418122340 78 81 6 6 0 0 155 112 118 111 169
 1418122340 84 86 6 6 0 0 165 109 109 104 148
 1418122340 85 87 3 3 0 0 165 68 76 104 150
 1418122341 85 88 1 2 0 0 165 74 78 84 150
 1418122341 88 91 3 3 0 1 156 74 76 84 171
 1418122341 90 94 4 5 0 1 159 67 73 85 171
 1418122342 91 94 2 2 0 1 159 65 87 97 149
 1418122342 91 94 0 0 0 1 164 65 72 96 173
 1418122342 91 94 0 0 0 1 164 65 73 96 173
 1418122343 91 94 0 0 0 1 164 66 69 98 173
 1418122343 91 94 0 0 0 1 164 63 69 97 172
 1418122343 91 94 0 0 0 1 165 63 70 100 172
 1418122344 91 94 0 0 0 1 165 64 70 100 172
 1418122344 91 94 0 0 0 1 165 65 71 100 172
 1418122344 91 94 0 0 0 1 165 88 71 83 172
 1418122344 91 94 0 0 0 1 165 88 71 79 150
 1418122345 91 94 0 0 0 1 165 66 70 79 150
 1418122345 91 94 0 0 0 1 165 68 69 91 150
 1418122345 91 94 0 0 0 1 165 62 67 73 150
 1418122346 91 94 0 0 0 1 165 62 64 69 172
 1418122346 91 94 0 0 0 1 165 59 62 69 150
 1418122346 91 94 0 0 0 1 165 58 62 69 150
 1418122347 91 94 0 0 0 1 165 57 62 83 171
 1418122347 91 94 0 0 0 1 165 57 62 70 172
 1418122347 91 94 0 0 0 1 165 58 62 70 171
 1418122348 91 94 0 0 0 1 165 58 62 68 171
 1418122348 91 94 0 0 0 1 165 57 66 71 172
 1418122348 92 95 1 1 0 1 165 57 71 98 173
 1418122349 95 99 4 5 0 1 165 57 95 98 148
 1418122349 99 104 6 8 0 1 164 82 93 95 148
 1418122349 102 107 5 6 0 1 164 81 88 87 148
 1418122349 104 109 3 4 0 1 165 81 86 87 87
 1418122350 104 109 1 1 0 1 164 56 51 87 147
 1418122350 107 110 3 1 0 1 164 95 45 83 147
 1418122351 113 115 7 6 0 1 163 59 49 51 90
 1418122351 117 119 7 7 0 1 163 63 61 65 84
 1418122351 118 121 3 4 0 1 163 63 64 69 83
 1418122351 119 121 1 0 0 1 163 65 66 69 82
 1418122352 122 123 4 2 0 1 163 65 64 71 82
 1418122352 126 128 6 6 0 1 163 56 56 64 79
 1418122352 130 132 7 7 0 1 20 56 48 60 76
 1418122353 130 134 4 5 1 1 17 48 45 60 76
 1418122353 130 133 1 1 1 1 17 60 45 59 76
 1418122353 130 133 0 0 1 1 200 60 38 60 76
 1418122354 130 133 0 0 1 1 23 31 53 60 76
 1418122354 130 133 0 0 1 1 23 22 61 60 76
 1418122354 130 133 0 0 1 1 23 41 58 59 76
 1418122355 130 133 0 0 1 1 27 41 60 60 76
 1418122355 130 133 0 0 1 1 27 41 60 62 76
 1418122355 130 133 0 0 1 1 27 24 60 62 76
 1418122356 130 133 0 0 1 1 27 23 60 68 76
 1418122356 130 133 0 0 1 1 27 41 60 60 76
 1418122356 130 133 0 0 1 1 27 41 59 61 76
 1418122357 130 133 0 0 1 1 24 33 53 61 76
 1418122357 130 133 0 0 1 1 35 27 53 61 76
 1418122357 130 133 0 0 1 1 35 122 53 61 76
 1418122358 130 133 0 0 1 1 49 122 59 61 76
 1418122358 130 133 0 0 1 1 30 122 60 61 75
 1418122358 130 133 0 0 1 1 168 122 53 61 75
 1418122358 130 133 0 0 1 1 168 122 59 61 75
 1418122359 130 133 0 0 1 1 34 113 59 61 76
 1418122359 130 133 0 0 1 1 200 113 53 61 76
 1418122359 130 133 0 0 1 1 200 123 53 61 76
 1418122360 130 133 0 0 1 1 19 123 58 61 76
 1418122360 130 133 0 0 1 1 22 113 53 61 75
 1418122361 130 133 0 0 1 1 21 113 53 61 76
 1418122361 130 133 0 0 1 1 200 113 53 61 76
 1418122361 130 133 0 0 1 1 42 113 53 61 75
 1418122362 130 133 0 0 1 1 42 113 53 61 75
 1418122362 130 133 0 0 1 1 34 113 53 61 76
 1418122362 130 133 0 0 1 1 34 113 53 61 75
 1418122363 130 133 0 0 1 1 32 113 53 61 75
 1418122363 130 133 0 0 1 1 32 113 53 61 75
 1418122363 130 133 0 0 1 1 30 113 53 61 76
 1418122364 130 133 0 0 1 1 33 113 53 61 76
 1418122364 130 133 0 0 1 1 33 113 58 61 76
 1418122364 130 133 0 0 1 1 32 113 58 61 76
 1418122365 130 133 0 0 1 1 31 113 53 61 76
 1418122365 130 133 0 0 1 1 31 113 53 61 76
 1418122365 130 133 0 0 1 1 31 113 58 62 76
 1418122366 130 133 0 0 1 1 32 113 53 62 76
 1418122366 130 133 0 0 1 1 32 113 53 61 76
 1418122366 130 133 0 0 1 1 32 114 53 61 75
 1418122366 130 133 0 0 1 1 31 114 53 61 76
 1418122367 130 133 0 0 1 1 33 114 58 61 76
 1418122367 130 133 0 0 1 1 31 123 53 61 76
 1418122367 130 133 0 0 1 1 31 123 53 61 76
 1418122368 130 133 0 0 1 1 31 113 53 60 75
 1418122368 130 133 0 0 1 1 31 113 54 61 75
 1418122368 130 133 0 0 1 1 31 113 53 61 75
 1418122369 130 133 0 0 1 1 31 113 53 61 75
 1418122369 130 133 0 0 1 1 31 113 58 60 75
 1418122369 130 133 0 0 1 1 30 113 53 61 75
 1418122370 130 133 0 0 1 1 30 113 53 61 76
 1418122370 130 133 0 0 1 1 33 113 53 61 76
 1418122370 130 133 0 0 1 1 33 113 53 60 76
 1418122371 130 133 0 0 1 1 33 113 53 60 75
 1418122371 130 133 0 0 1 1 32 113 53 60 75
 1418122371 130 133 0 0 1 1 33 113 53 60 75
 1418122372 130 133 0 0 1 1 34 113 53 61 75
 1418122372 130 133 0 0 1 1 34 113 53 61 75
 1418122372 130 133 0 0 1 1 34 113 53 61 76
 1418122373 130 133 0 0 1 1 34 113 59 61 75
 1418122373 130 133 0 0 1 1 33 113 53 61 76
 1418122373 130 133 0 0 1 1 33 113 53 61 76
 1418122374 130 133 0 0 1 1 33 113 53 61 75
 1418122374 130 133 0 0 1 1 33 113 58 61 75
 1418122374 130 133 0 0 1 1 34 113 53 61 75
 1418122375 130 133 0 0 1 1 34 113 53 61 75
 1418122375 130 133 0 0 1 1 34 114 53 61 75
 1418122375 130 133 0 0 1 1 34 123 53 61 75
 1418122376 130 133 0 0 1 1 34 123 53 61 75
 1418122376 130 133 0 0 1 1 34 114 53 61 75
 1418122376 130 133 0 0 1 1 34 123 53 61 75
 1418122377 130 133 0 0 1 1 34 122 53 61 75
 1418122377 130 133 0 0 1 1 33 122 58 61 75
 1418122377 130 133 0 0 1 1 127 115 59 61 75
 1418122378 130 133 0 0 1 1 66 122 59 61 75
 1418122378 130 133 0 0 1 1 80 122 53 61 75
 1418122378 130 133 0 0 1 1 80 122 53 61 76
 1418122379 130 133 0 0 1 1 62 122 53 61 76
 1418122379 130 133 0 0 1 1 72 113 59 61 75
 1418122379 130 133 0 0 1 1 64 113 53 61 75
 1418122380 130 133 0 0 1 1 64 114 59 61 75
 1418122380 130 133 0 0 1 1 50 114 53 61 75
 1418122380 130 133 0 0 1 1 47 113 53 61 75
 1418122381 130 133 0 0 1 1 52 113 53 61 75
 1418122381 130 133 0 0 1 1 52 113 59 61 76
 1418122381 130 133 0 0 1 1 43 113 58 60 76
 1418122382 130 133 0 0 1 1 41 113 53 61 76
 1418122382 130 133 0 0 1 1 40 113 59 61 76
 1418122382 130 133 0 0 1 1 41 113 58 60 76
 1418122383 130 133 0 0 1 1 41 122 53 60 75
 1418122383 130 133 0 0 1 1 41 122 53 61 75
 1418122383 130 133 0 0 1 1 40 122 53 61 75
 1418122384 130 133 0 0 1 1 40 123 53 60 75
 1418122384 130 133 0 0 1 1 40 123 58 60 75
 1418122384 130 133 0 0 1 1 40 113 53 60 75
 1418122384 130 133 0 0 1 1 40 113 53 61 75
 1418122385 130 133 0 0 1 1 40 113 53 61 75
 1418122385 130 133 0 0 1 1 40 113 53 61 75
 1418122385 130 133 0 0 1 1 40 113 53 60 76
 1418122386 130 133 0 0 1 1 40 113 53 61 75
 1418122386 130 133 0 0 1 1 40 113 53 61 75
 1418122386 130 133 0 0 1 1 40 113 53 61 75
 1418122387 130 133 0 0 1 1 40 113 59 61 75
 1418122387 130 133 0 0 1 1 40 113 53 61 75
 1418122387 130 133 0 0 1 1 40 113 53 61 75
 1418122388 130 133 0 0 1 1 40 113 58 61 75
 1418122388 130 133 0 0 1 1 40 113 53 61 75
 1418122388 130 133 0 0 1 1 40 113 53 61 75
 1418122389 130 133 0 0 1 1 40 113 53 61 75
 1418122389 130 133 0 0 1 1 40 113 53 61 75
 1418122389 130 133 0 0 1 1 41 113 58 61 75
 1418122390 130 133 0 0 1 1 41 113 53 61 75
 1418122390 130 133 0 0 1 1 40 113 53 61 75
 1418122390 130 133 0 0 1 1 40 113 53 61 75
 1418122391 130 133 0 0 1 1 40 113 53 61 75
 1418122391 130 133 0 0 1 1 40 113 53 61 75
 1418122391 130 133 0 0 1 1 40 113 53 61 75
 1418122392 130 133 0 0 1 1 40 113 58 61 75
 1418122392 130 133 0 0 1 1 40 113 58 61 75
 1418122392 130 133 0 0 1 1 40 122 53 61 75
 1418122393 130 133 0 0 1 1 40 115 53 61 75
 1418122393 130 133 0 0 1 1 40 113 53 61 75
 1418122393 130 133 0 0 1 1 41 113 53 61 75
 1418122394 130 133 0 0 1 1 40 113 58 61 75
 1418122394 130 133 0 0 1 1 40 113 53 61 75
 1418122394 130 133 0 0 1 1 41 113 53 61 75
 1418122395 130 133 0 0 1 1 41 113 53 61 75
 1418122395 130 133 0 0 1 1 40 113 59 61 75
 1418122395 130 133 0 0 1 1 40 113 53 61 75
 1418122396 130 133 0 0 1 1 41 113 53 61 75
 1418122396 130 133 0 0 1 1 41 113 53 61 75
 1418122396 130 133 0 0 1 1 40 113 58 61 76
 1418122397 130 133 0 0 1 1 41 113 53 61 76
 1418122397 130 133 0 0 1 1 41 113 53 61 76
 1418122397 130 133 0 0 1 1 41 113 53 61 76
 1418122398 130 133 0 0 1 1 41 113 59 61 76
 1418122398 130 133 0 0 1 1 41 113 58 61 75
 1418122398 130 133 0 0 1 1 41 113 53 61 75
 1418122398 130 133 0 0 1 1 41 113 53 61 75
 1418122399 130 133 0 0 1 1 41 113 53 61 76
 1418122399 130 133 0 0 1 1 41 113 53 61 76
 1418122399 130 133 0 0 1 1 41 113 53 61 75
 1418122400 130 133 0 0 1 1 41 122 53 61 75
 1418122400 130 133 0 0 1 1 41 113 58 61 76
 1418122400 130 133 0 0 1 1 41 113 53 61 76
 1418122401 130 133 0 0 1 1 41 113 58 61 76
 1418122401 130 133 0 0 1 1 41 113 53 61 76
 1418122401 130 133 0 0 1 1 41 113 53 61 75
 1418122402 130 133 0 0 1 1 41 113 53 61 75
 1418122402 130 133 0 0 1 1 41 113 53 61 76
 1418122402 130 133 0 0 1 1 41 113 58 61 76
 1418122403 130 133 0 0 1 1 41 113 53 61 76
 1418122403 130 133 0 0 1 1 41 113 53 61 76
 1418122403 130 133 0 0 1 1 41 113 53 61 75
 1418122404 130 133 0 0 1 1 41 113 53 61 75
 1418122404 130 133 0 0 1 1 41 113 53 61 75
 1418122404 130 133 0 0 1 1 41 113 53 61 75
 1418122405 130 133 0 0 1 1 41 113 53 61 75
 1418122405 130 133 0 0 1 1 41 113 53 61 76
 1418122405 130 133 0 0 1 1 41 113 53 61 75
 1418122406 130 133 0 0 1 1 41 113 53 61 75
 1418122406 130 133 0 0 1 1 41 113 53 61 75
 1418122406 130 133 0 0 1 1 41 113 58 61 75
 1418122407 130 133 0 0 1 1 41 112 59 61 75
 1418122407 130 133 0 0 1 1 41 113 53 61 75
 1418122407 130 133 0 0 1 1 42 113 53 61 75
 1418122408 130 133 0 0 1 1 42 113 53 61 76
 1418122408 130 133 0 0 1 1 47 113 53 61 75
 1418122408 130 133 0 0 1 1 47 113 59 61 75
 1418122409 130 133 0 0 1 1 46 113 53 61 75
 1418122409 130 133 0 0 1 1 46 113 53 60 75
 1418122409 130 133 0 0 1 1 46 113 53 61 75
 1418122410 130 133 0 0 1 1 46 113 58 61 76
 1418122410 130 133 0 0 1 1 45 113 53 60 76
 1418122410 130 133 0 0 1 1 46 113 53 61 76
 1418122410 130 133 0 0 1 1 46 113 59 61 76
 1418122411 130 133 0 0 1 1 47 113 53 61 76
 1418122411 130 133 0 0 1 1 46 113 53 61 76
 1418122411 130 133 0 0 1 1 46 114 53 61 76
 1418122412 130 133 0 0 1 1 46 123 53 61 75
 1418122412 130 133 0 0 1 1 46 123 53 60 75
 1418122413 130 133 0 0 1 1 47 123 53 61 75
 1418122413 130 133 0 0 1 1 54 123 53 61 75
 1418122413 130 133 0 0 1 1 48 123 53 61 75
 1418122414 130 133 0 0 1 1 48 115 53 61 75
 1418122414 130 133 0 0 1 1 49 123 53 60 75
 1418122414 130 133 0 0 1 1 47 123 59 61 75
 1418122414 130 133 0 0 1 1 48 122 53 61 75
 1418122415 130 133 0 0 1 1 46 114 53 61 75
 1418122415 130 133 0 0 1 1 46 113 58 61 75
 1418122415 130 133 0 0 1 1 48 113 58 61 75
 1418122416 130 133 0 0 1 1 47 113 53 61 75
 1418122416 130 133 0 0 1 1 46 113 58 61 75
 1418122416 130 133 0 0 1 1 46 113 53 61 75
 1418122417 130 133 0 0 1 1 48 113 53 61 75
 1418122417 130 133 0 0 1 1 47 113 58 61 75
 1418122417 130 133 0 0 1 1 46 113 53 61 75
 1418122418 130 133 0 0 1 1 44 113 53 61 75
 1418122418 130 133 0 0 1 1 44 113 53 61 75
 1418122418 130 133 0 0 1 1 44 113 53 60 75
 1418122419 130 133 0 0 1 1 44 113 53 60 75
 1418122419 130 133 0 0 1 1 44 112 53 60 75
