 1418300805 0 0 0 0 0 0 60 320 316 312 87
 1418300805 0 0 0 0 0 0 60 320 316 311 87
 1418300806 0 0 0 0 0 0 60 320 316 311 87
 1418300806 0 0 0 0 0 0 60 321 316 311 87
 1418300806 0 0 0 0 0 0 60 321 317 311 87
 1418300806 0 0 0 0 0 0 60 321 316 311 87
 1418300807 0 0 0 0 0 0 60 321 317 311 87
 1418300807 0 0 0 0 0 0 60 321 317 311 87
 1418300807 0 0 0 0 0 0 60 321 317 311 87
 1418300808 0 0 0 0 0 0 60 321 317 311 87
 1418300808 0 0 0 0 0 0 60 321 317 311 87
 1418300808 0 0 0 0 0 0 60 321 317 312 87
 1418300809 0 0 0 0 0 0 60 320 317 311 87
 1418300809 0 0 0 0 0 0 60 320 316 311 87
 1418300809 0 0 0 0 0 0 60 320 316 311 87
 1418300810 0 0 0 0 0 0 60 320 317 311 87
 1418300810 0 0 0 0 0 0 60 320 317 311 87
 1418300810 0 0 0 0 0 0 60 320 317 311 87
 1418300811 0 0 0 0 0 0 60 320 316 311 87
 1418300811 0 0 0 0 0 0 60 320 317 311 87
 1418300811 0 0 0 0 0 0 60 320 316 311 87
 1418300811 0 0 0 0 0 0 60 320 317 311 87
 1418300812 0 0 0 0 0 0 60 320 317 311 87
 1418300812 0 0 0 0 0 0 60 320 317 311 87
 1418300812 0 0 0 0 0 0 60 321 317 311 87
 1418300813 0 0 0 0 0 0 60 321 317 311 87
 1418300813 0 0 0 0 0 0 60 321 317 311 87
 1418300813 0 0 0 0 0 0 60 321 317 311 87
 1418300814 0 0 0 0 0 0 60 321 317 311 87
 1418300814 0 0 0 0 0 0 60 321 317 311 87
 1418300814 0 0 0 0 0 0 60 321 317 311 87
