 1418146600 0 0 0 0 0 0 0 0 0 0 0
 1418146600 0 0 0 0 0 0 0 0 0 0 0
 1418146600 0 0 0 0 0 0 0 0 0 0 0
 1418146600 0 0 0 0 0 0 0 0 0 0 0
 1418146600 0 0 0 0 0 0 0 0 0 0 0
 1418146600 0 0 0 0 0 0 0 0 0 0 0
 1418146600 0 0 0 0 0 0 0 0 0 0 0
 1418146600 0 0 0 0 0 0 0 0 0 0 0
 1418146600 0 0 0 0 0 0 0 0 0 0 0
 1418146600 0 0 0 0 0 0 0 0 0 0 0
 1418146600 0 0 0 0 0 0 0 0 0 0 0
 1418146600 0 0 0 0 0 0 0 0 0 0 0
 1418146600 0 0 0 0 0 0 0 0 0 0 0
 1418146600 0 0 0 0 0 0 0 0 0 0 0
 1418146600 0 0 0 0 0 0 0 0 0 0 0
 1418146601 0 0 0 0 0 0 0 0 0 0 0
 1418146601 0 0 0 0 0 0 0 0 0 0 0
 1418146601 0 0 0 0 0 0 0 0 0 0 0
 1418146601 0 0 0 0 0 0 0 0 0 0 0
 1418146601 0 0 0 0 0 0 0 0 0 0 0
 1418146601 0 0 0 0 0 0 0 0 0 0 0
 1418146601 0 0 0 0 0 0 0 0 0 0 0
 1418146601 0 0 0 0 0 0 0 0 0 0 0
 1418146601 0 0 0 0 0 0 0 0 0 0 0
 1418146601 0 0 0 0 0 0 0 0 0 0 0
 1418146601 0 0 0 0 0 0 0 0 0 0 0
 1418146601 0 0 0 0 0 0 0 0 0 0 0
 1418146601 0 0 0 0 0 0 0 0 0 0 0
 1418146601 0 0 0 0 0 0 0 0 0 0 0
 1418146601 0 0 0 0 0 0 0 0 0 0 0
 1418146601 0 0 0 0 0 0 0 0 0 0 0
 1418146601 0 0 0 0 0 0 0 0 0 0 0
 1418146601 0 0 0 0 0 0 0 0 0 0 0
 1418146601 0 0 0 0 0 0 0 0 0 0 0
 1418146601 0 0 0 0 0 0 0 0 0 0 0
 1418146601 0 0 0 0 0 0 0 0 0 0 0
 1418146601 0 0 0 0 0 0 0 0 0 0 0
 1418146601 0 0 0 0 0 0 0 0 0 0 0
 1418146601 0 0 0 0 0 0 0 0 0 0 0
 1418146601 0 0 0 0 0 0 0 0 0 0 0
 1418146601 0 0 0 0 0 0 0 0 0 0 0
 1418146601 0 0 0 0 0 0 0 0 0 0 0
 1418146601 0 0 0 0 0 0 0 0 0 0 0
 1418146601 0 0 0 0 0 0 0 0 0 0 0
 1418146601 0 0 0 0 0 0 0 0 0 0 0
 1418146602 0 0 0 0 0 0 0 0 0 0 0
 1418146602 0 0 0 0 0 0 0 0 0 0 0
 1418146602 0 0 0 0 0 0 0 0 0 0 0
 1418146602 0 0 0 0 0 0 0 0 0 0 0
 1418146602 0 0 0 0 0 0 0 0 0 0 0
 1418146602 0 0 0 0 0 0 0 0 0 0 0
 1418146602 0 0 0 0 0 0 0 0 0 0 0
 1418146602 0 0 0 0 0 0 0 0 0 0 0
 1418146602 0 0 0 0 0 0 0 0 0 0 0
 1418146602 0 0 0 0 0 0 0 0 0 0 0
 1418146602 0 0 0 0 0 0 0 0 0 0 0
 1418146602 0 0 0 0 0 0 0 0 0 0 0
 1418146602 0 0 0 0 0 0 0 0 0 0 0
 1418146602 0 0 0 0 0 0 0 0 0 0 0
 1418146602 0 0 0 0 0 0 0 0 0 0 0
 1418146602 0 0 0 0 0 0 0 0 0 0 0
 1418146602 0 0 0 0 0 0 0 0 0 0 0
 1418146602 0 0 0 0 0 0 0 0 0 0 0
 1418146602 0 0 0 0 0 0 0 0 0 0 0
 1418146602 0 0 0 0 0 0 0 0 0 0 0
 1418146602 0 0 0 0 0 0 0 0 0 0 0
 1418146602 0 0 0 0 0 0 0 0 0 0 0
 1418146602 0 0 0 0 0 0 0 0 0 0 0
 1418146602 0 0 0 0 0 0 0 0 0 0 0
 1418146602 0 0 0 0 0 0 0 0 0 0 0
 1418146602 0 0 0 0 0 0 0 0 0 0 0
 1418146602 0 0 0 0 0 0 0 0 0 0 0
 1418146602 0 0 0 0 0 0 0 0 0 0 0
 1418146602 0 0 0 0 0 0 0 0 0 0 0
 1418146602 0 0 0 0 0 0 0 0 0 0 0
 1418146603 0 0 0 0 0 0 0 0 0 0 0
 1418146603 0 0 0 0 0 0 0 0 0 0 0
 1418146603 0 0 0 0 0 0 0 0 0 0 0
 1418146603 0 0 0 0 0 0 0 0 0 0 0
 1418146603 0 0 0 0 0 0 0 0 0 0 0
 1418146603 0 0 0 0 0 0 0 0 0 0 0
 1418146603 0 0 0 0 0 0 0 0 0 0 0
 1418146603 0 0 0 0 0 0 0 0 0 0 0
 1418146603 0 0 0 0 0 0 0 0 0 0 0
 1418146603 0 0 0 0 0 0 0 0 0 0 0
 1418146603 0 0 0 0 0 0 0 0 0 0 0
 1418146603 0 0 0 0 0 0 0 0 0 0 0
 1418146603 0 0 0 0 0 0 0 0 0 0 0
 1418146603 0 0 0 0 0 0 0 0 0 0 0
 1418146603 0 0 0 0 0 0 0 0 0 0 0
 1418146603 0 0 0 0 0 0 0 0 0 0 0
 1418146603 0 0 0 0 0 0 0 0 0 0 0
 1418146603 0 0 0 0 0 0 0 0 0 0 0
 1418146603 0 0 0 0 0 0 0 0 0 0 0
 1418146603 0 0 0 0 0 0 0 0 0 0 0
 1418146603 0 0 0 0 0 0 0 0 0 0 0
 1418146603 0 0 0 0 0 0 0 0 0 0 0
