 1418120110 0 0 0 0 0 0 0 0 0 0 0
 1418120110 0 0 0 0 0 0 0 0 0 0 0
 1418120110 0 0 0 0 0 0 0 0 0 0 0
 1418120111 0 0 0 0 0 0 0 0 0 0 0
 1418120111 0 0 0 0 0 0 0 0 0 0 0
 1418120111 0 0 0 0 0 0 0 0 0 0 0
 1418120111 0 0 0 0 0 0 0 0 0 0 0
 1418120112 0 0 0 0 0 0 0 0 0 0 0
 1418120112 0 0 0 0 0 0 0 0 0 0 0
 1418120112 0 0 0 0 0 0 0 0 0 0 0
 1418120112 0 0 0 0 0 0 0 0 0 0 0
 1418120113 0 0 0 0 0 0 0 0 0 0 0
 1418120113 0 0 0 0 0 0 0 0 0 0 0
 1418120113 0 0 0 0 0 0 0 0 0 0 0
 1418120114 0 0 0 0 0 0 0 0 0 0 0
 1418120114 0 0 0 0 0 0 0 0 0 0 0
 1418120114 0 0 0 0 0 0 0 0 0 0 0
 1418120114 0 0 0 0 0 0 0 0 0 0 0
 1418120115 0 0 0 0 0 0 0 0 0 0 0
 1418120115 0 0 0 0 0 0 0 0 0 0 0
 1418120115 0 0 0 0 0 0 0 0 0 0 0
 1418120115 0 0 0 0 0 0 0 0 0 0 0
 1418120116 0 0 0 0 0 0 0 0 0 0 0
 1418120116 0 0 0 0 0 0 0 0 0 0 0
 1418120116 0 0 0 0 0 0 0 0 0 0 0
 1418120117 0 0 0 0 0 0 0 0 0 0 0
 1418120117 0 0 0 0 0 0 0 0 0 0 0
 1418120117 0 0 0 0 0 0 0 0 0 0 0
 1418120117 0 0 0 0 0 0 0 0 0 0 0
 1418120118 0 0 0 0 0 0 0 0 0 0 0
 1418120118 0 0 0 0 0 0 0 0 0 0 0
 1418120118 0 0 0 0 0 0 0 0 0 0 0
 1418120118 0 0 0 0 0 0 0 0 0 0 0
 1418120119 0 0 0 0 0 0 0 0 0 0 0
 1418120119 0 0 0 0 0 0 0 0 0 0 0
 1418120119 0 0 0 0 0 0 0 0 0 0 0
 1418120120 0 0 0 0 0 0 0 0 0 0 0
 1418120120 0 0 0 0 0 0 0 0 0 0 0
 1418120120 0 0 0 0 0 0 0 0 0 0 0
 1418120120 0 0 0 0 0 0 0 0 0 0 0
 1418120121 0 0 0 0 0 0 0 0 0 0 0
 1418120121 0 0 0 0 0 0 0 0 0 0 0
 1418120121 0 0 0 0 0 0 0 0 0 0 0
 1418120121 0 0 0 0 0 0 0 0 0 0 0
 1418120122 0 0 0 0 0 0 0 0 0 0 0
 1418120122 0 0 0 0 0 0 0 0 0 0 0
 1418120122 0 0 0 0 0 0 0 0 0 0 0
 1418120122 0 0 0 0 0 0 0 0 0 0 0
 1418120123 0 0 0 0 0 0 0 0 0 0 0
 1418120123 0 0 0 0 0 0 0 0 0 0 0
 1418120123 0 0 0 0 0 0 0 0 0 0 0
 1418120124 0 0 0 0 0 0 0 0 0 0 0
 1418120124 0 0 0 0 0 0 0 0 0 0 0
 1418120124 0 0 0 0 0 0 0 0 0 0 0
 1418120124 0 0 0 0 0 0 0 0 0 0 0
 1418120125 0 0 0 0 0 0 0 0 0 0 0
 1418120125 0 0 0 0 0 0 0 0 0 0 0
 1418120125 0 0 0 0 0 0 0 0 0 0 0
 1418120125 0 0 0 0 0 0 0 0 0 0 0
 1418120126 0 0 0 0 0 0 0 0 0 0 0
 1418120126 0 0 0 0 0 0 0 0 0 0 0
 1418120126 0 0 0 0 0 0 0 0 0 0 0
 1418120127 0 0 0 0 0 0 0 0 0 0 0
 1418120127 0 0 0 0 0 0 0 0 0 0 0
 1418120127 0 0 0 0 0 0 0 0 0 0 0
