 1418155326 7 8 0 0 0 0 99 205 237 239 37
 1418155327 9 8 2 0 0 0 96 286 261 239 38
 1418155327 12 8 5 0 0 0 63 259 259 239 38
 1418155327 16 9 6 1 0 0 63 252 256 74 54
 1418155328 18 10 5 2 0 0 91 252 255 74 45
 1418155328 18 10 2 1 0 0 93 250 254 69 45
 1418155328 19 11 1 1 0 0 93 249 252 68 42
 1418155328 20 11 2 1 0 0 56 249 252 66 47
 1418155329 21 12 2 1 0 0 53 247 252 66 47
 1418155329 22 14 2 3 0 0 53 244 249 68 39
 1418155329 22 13 0 0 0 0 53 244 248 67 38
 1418155330 22 13 0 -1 0 0 53 244 249 67 39
 1418155330 23 15 1 2 0 0 53 244 248 67 39
 1418155330 24 17 2 3 0 0 53 241 244 67 38
 1418155331 26 19 3 3 0 0 54 241 243 67 34
 1418155331 30 23 5 6 0 0 56 236 240 245 34
 1418155331 32 25 6 6 0 0 56 236 236 237 27
 1418155331 33 27 3 4 0 0 55 230 235 237 25
 1418155332 34 27 1 1 0 0 55 230 230 235 25
 1418155332 36 27 3 0 0 0 55 230 229 234 29
 1418155332 40 31 6 4 0 0 65 226 230 234 30
 1418155332 43 34 7 7 0 0 65 210 228 229 30
 1418155333 46 37 6 6 0 0 63 210 222 223 28
 1418155333 48 38 5 4 0 0 61 204 244 223 28
 1418155333 48 39 1 2 0 0 61 212 218 221 28
 1418155333 48 40 0 2 0 0 62 212 242 221 27
 1418155334 50 43 2 4 0 0 66 233 212 239 27
 1418155334 52 47 4 7 0 0 66 233 207 214 35
 1418155334 55 50 6 8 0 0 98 194 202 214 35
 1418155334 58 53 5 6 0 0 98 221 200 202 47
 1418155335 58 54 3 4 0 0 64 221 192 202 29
 1418155335 59 54 1 1 0 0 64 186 198 203 29
 1418155335 60 55 2 1 0 0 64 186 200 202 48
 1418155335 62 57 4 3 0 0 63 186 188 202 48
 1418155336 66 61 6 6 0 0 63 177 194 197 32
 1418155336 69 65 7 8 0 0 65 177 189 197 32
 1418155336 71 67 6 7 0 0 65 171 186 178 32
 1418155336 72 69 3 4 0 0 69 171 182 174 33
 1418155337 72 69 1 2 0 0 67 156 182 174 33
 1418155337 74 70 2 1 0 0 67 166 182 184 25
 1418155337 76 72 4 3 0 0 109 166 181 184 36
 1418155337 79 75 6 5 0 0 109 160 176 178 36
 1418155338 83 79 7 7 0 0 105 160 177 173 106
 1418155338 84 80 5 5 0 0 105 155 170 173 106
 1418155338 85 81 3 3 0 0 105 155 166 170 106
 1418155338 85 81 1 1 0 0 105 152 167 170 107
 1418155339 87 82 2 1 0 0 105 149 156 170 107
 1418155339 89 84 4 2 0 0 102 149 153 170 160
 1418155339 92 87 6 6 0 0 102 144 151 185 160
 1418155339 94 88 7 6 0 0 99 144 148 185 160
 1418155340 98 93 5 6 0 0 98 136 141 146 84
 1418155340 98 94 2 3 0 0 98 135 140 142 89
 1418155340 98 95 0 2 0 0 98 135 139 142 90
 1418155340 100 96 2 2 0 0 98 133 138 142 90
 1418155341 102 98 4 4 0 0 96 133 136 142 89
 1418155341 104 101 5 6 0 0 96 127 133 137 89
 1418155341 108 105 6 7 0 0 94 127 131 137 89
 1418155341 110 107 6 6 0 0 94 127 124 128 129
 1418155341 110 107 2 2 0 0 91 120 124 128 131
 1418155342 111 108 1 1 0 0 91 118 123 127 131
 1418155342 112 110 2 3 0 0 91 118 122 127 131
 1418155342 115 112 5 5 0 0 91 113 119 124 131
 1418155342 118 115 6 6 0 0 89 113 115 124 91
 1418155343 122 119 6 7 0 0 85 106 111 117 91
 1418155343 123 119 5 4 0 0 85 106 109 115 92
 1418155343 123 119 3 1 0 0 84 103 108 115 92
 1418155343 124 121 1 2 0 0 84 102 108 114 91
 1418155344 126 123 3 4 0 0 83 102 106 114 91
 1418155344 128 125 4 5 0 0 83 97 103 109 91
 1418155344 133 129 7 6 0 0 82 97 98 104 92
 1418155344 135 131 7 6 0 0 78 89 96 104 92
 1418155345 136 132 4 4 0 0 78 89 95 117 92
 1418155345 137 132 2 1 0 0 77 86 95 117 92
 1418155345 138 132 2 0 0 0 77 84 117 118 92
 1418155345 140 134 3 2 0 0 76 84 115 118 93
 1418155346 145 138 7 6 0 0 75 78 107 112 93
 1418155346 148 141 7 7 0 0 75 78 106 105 93
