 1418293602 0 0 0 0 0 0 0 0 0 0 0
 1418293602 0 0 0 0 0 0 0 0 0 0 0
 1418293602 0 0 0 0 0 0 0 0 0 0 0
 1418293602 0 0 0 0 0 0 0 0 0 0 0
 1418293602 0 0 0 0 0 0 0 0 0 0 0
 1418293602 0 0 0 0 0 0 0 0 0 0 0
 1418293602 0 0 0 0 0 0 0 0 0 0 0
 1418293602 0 0 0 0 0 0 0 0 0 0 0
 1418293602 0 0 0 0 0 0 0 0 0 0 0
 1418293602 0 0 0 0 0 0 0 0 0 0 0
 1418293602 0 0 0 0 0 0 0 0 0 0 0
 1418293602 0 0 0 0 0 0 0 0 0 0 0
 1418293602 0 0 0 0 0 0 0 0 0 0 0
 1418293602 0 0 0 0 0 0 0 0 0 0 0
 1418293602 0 0 0 0 0 0 0 0 0 0 0
 1418293603 0 0 0 0 0 0 0 0 0 0 0
 1418293603 0 0 0 0 0 0 0 0 0 0 0
 1418293603 0 0 0 0 0 0 0 0 0 0 0
 1418293603 0 0 0 0 0 0 0 0 0 0 0
 1418293603 0 0 0 0 0 0 0 0 0 0 0
 1418293603 0 0 0 0 0 0 0 0 0 0 0
 1418293603 0 0 0 0 0 0 0 0 0 0 0
 1418293603 0 0 0 0 0 0 0 0 0 0 0
 1418293603 0 0 0 0 0 0 0 0 0 0 0
 1418293603 0 0 0 0 0 0 0 0 0 0 0
 1418293603 0 0 0 0 0 0 0 0 0 0 0
 1418293603 0 0 0 0 0 0 0 0 0 0 0
 1418293603 0 0 0 0 0 0 0 0 0 0 0
 1418293603 0 0 0 0 0 0 0 0 0 0 0
 1418293603 0 0 0 0 0 0 0 0 0 0 0
 1418293603 0 0 0 0 0 0 0 0 0 0 0
 1418293603 0 0 0 0 0 0 0 0 0 0 0
 1418293603 0 0 0 0 0 0 0 0 0 0 0
 1418293603 0 0 0 0 0 0 0 0 0 0 0
 1418293603 0 0 0 0 0 0 0 0 0 0 0
 1418293603 0 0 0 0 0 0 0 0 0 0 0
 1418293603 0 0 0 0 0 0 0 0 0 0 0
 1418293603 0 0 0 0 0 0 0 0 0 0 0
 1418293603 0 0 0 0 0 0 0 0 0 0 0
 1418293603 0 0 0 0 0 0 0 0 0 0 0
 1418293603 0 0 0 0 0 0 0 0 0 0 0
 1418293603 0 0 0 0 0 0 0 0 0 0 0
 1418293603 0 0 0 0 0 0 0 0 0 0 0
 1418293603 0 0 0 0 0 0 0 0 0 0 0
 1418293603 0 0 0 0 0 0 0 0 0 0 0
 1418293604 0 0 0 0 0 0 0 0 0 0 0
 1418293604 0 0 0 0 0 0 0 0 0 0 0
 1418293604 0 0 0 0 0 0 0 0 0 0 0
