 1418117899 0 0 0 0 0 0 0 0 0 0 0
 1418117899 0 0 0 0 0 0 0 0 0 0 0
 1418117900 0 0 0 0 0 0 0 0 0 0 0
 1418117900 0 0 0 0 0 0 0 0 0 0 0
 1418117900 0 0 0 0 0 0 0 0 0 0 0
 1418117900 0 0 0 0 0 0 0 0 0 0 0
 1418117901 0 0 0 0 0 0 0 0 0 0 0
 1418117901 0 0 0 0 0 0 0 0 0 0 0
 1418117901 0 0 0 0 0 0 0 0 0 0 0
 1418117902 0 0 0 0 0 0 0 0 0 0 0
 1418117902 0 0 0 0 0 0 0 0 0 0 0
 1418117902 0 0 0 0 0 0 0 0 0 0 0
 1418117903 0 0 0 0 0 0 0 0 0 0 0
 1418117903 0 0 0 0 0 0 0 0 0 0 0
 1418117903 0 0 0 0 0 0 0 0 0 0 0
 1418117904 0 0 0 0 0 0 0 0 0 0 0
 1418117904 0 0 0 0 0 0 0 0 0 0 0
 1418117904 0 0 0 0 0 0 0 0 0 0 0
 1418117905 0 0 0 0 0 0 0 0 0 0 0
 1418117905 0 0 0 0 0 0 0 0 0 0 0
 1418117905 0 0 0 0 0 0 0 0 0 0 0
 1418117906 0 0 0 0 0 0 0 0 0 0 0
 1418117906 0 0 0 0 0 0 0 0 0 0 0
 1418117906 0 0 0 0 0 0 0 0 0 0 0
 1418117906 0 0 0 0 0 0 0 0 0 0 0
 1418117907 0 0 0 0 0 0 0 0 0 0 0
 1418117907 0 0 0 0 0 0 0 0 0 0 0
 1418117908 0 0 0 0 0 0 0 0 0 0 0
 1418117908 0 0 0 0 0 0 0 0 0 0 0
 1418117908 0 0 0 0 0 0 0 0 0 0 0
 1418117908 0 0 0 0 0 0 0 0 0 0 0
 1418117909 0 0 0 0 0 0 0 0 0 0 0
 1418117909 0 0 0 0 0 0 0 0 0 0 0
 1418117909 0 0 0 0 0 0 0 0 0 0 0
 1418117910 0 0 0 0 0 0 0 0 0 0 0
 1418117910 0 0 0 0 0 0 0 0 0 0 0
 1418117910 0 0 0 0 0 0 0 0 0 0 0
 1418117911 0 0 0 0 0 0 0 0 0 0 0
