 1418119610 0 0 0 0 0 0 0 0 0 0 0
 1418119611 0 0 0 0 0 0 0 0 0 0 0
 1418119611 0 0 0 0 0 0 0 0 0 0 0
 1418119611 0 0 0 0 0 0 0 0 0 0 0
 1418119612 0 0 0 0 0 0 0 0 0 0 0
 1418119612 0 0 0 0 0 0 0 0 0 0 0
 1418119612 0 0 0 0 0 0 0 0 0 0 0
 1418119612 0 0 0 0 0 0 0 0 0 0 0
 1418119613 0 0 0 0 0 0 0 0 0 0 0
 1418119613 0 0 0 0 0 0 0 0 0 0 0
 1418119613 0 0 0 0 0 0 0 0 0 0 0
 1418119613 0 0 0 0 0 0 0 0 0 0 0
 1418119614 0 0 0 0 0 0 0 0 0 0 0
 1418119614 0 0 0 0 0 0 0 0 0 0 0
 1418119614 0 0 0 0 0 0 0 0 0 0 0
 1418119615 0 0 0 0 0 0 0 0 0 0 0
 1418119615 0 0 0 0 0 0 0 0 0 0 0
 1418119615 0 0 0 0 0 0 0 0 0 0 0
 1418119615 0 0 0 0 0 0 0 0 0 0 0
 1418119616 0 0 0 0 0 0 0 0 0 0 0
 1418119616 0 0 0 0 0 0 0 0 0 0 0
 1418119616 0 0 0 0 0 0 0 0 0 0 0
 1418119616 0 0 0 0 0 0 0 0 0 0 0
 1418119617 0 0 0 0 0 0 0 0 0 0 0
 1418119617 0 0 0 0 0 0 0 0 0 0 0
 1418119617 0 0 0 0 0 0 0 0 0 0 0
 1418119617 0 0 0 0 0 0 0 0 0 0 0
 1418119618 0 0 0 0 0 0 0 0 0 0 0
 1418119618 0 0 0 0 0 0 0 0 0 0 0
 1418119618 0 0 0 0 0 0 0 0 0 0 0
 1418119618 0 0 0 0 0 0 0 0 0 0 0
 1418119619 0 0 0 0 0 0 0 0 0 0 0
 1418119619 0 0 0 0 0 0 0 0 0 0 0
 1418119619 0 0 0 0 0 0 0 0 0 0 0
 1418119620 0 0 0 0 0 0 0 0 0 0 0
 1418119620 0 0 0 0 0 0 0 0 0 0 0
 1418119620 0 0 0 0 0 0 0 0 0 0 0
 1418119621 0 0 0 0 0 0 0 0 0 0 0
 1418119621 0 0 0 0 0 0 0 0 0 0 0
 1418119621 0 0 0 0 0 0 0 0 0 0 0
 1418119621 0 0 0 0 0 0 0 0 0 0 0
 1418119622 0 0 0 0 0 0 0 0 0 0 0
 1418119622 0 0 0 0 0 0 0 0 0 0 0
 1418119622 0 0 0 0 0 0 0 0 0 0 0
 1418119623 0 0 0 0 0 0 0 0 0 0 0
 1418119623 0 0 0 0 0 0 0 0 0 0 0
 1418119623 0 0 0 0 0 0 0 0 0 0 0
 1418119624 0 0 0 0 0 0 0 0 0 0 0
 1418119624 0 0 0 0 0 0 0 0 0 0 0
 1418119624 0 0 0 0 0 0 0 0 0 0 0
 1418119624 0 0 0 0 0 0 0 0 0 0 0
 1418119625 0 0 0 0 0 0 0 0 0 0 0
 1418119625 0 0 0 0 0 0 0 0 0 0 0
 1418119625 0 0 0 0 0 0 0 0 0 0 0
 1418119626 0 0 0 0 0 0 0 0 0 0 0
 1418119626 0 0 0 0 0 0 0 0 0 0 0
 1418119626 0 0 0 0 0 0 0 0 0 0 0
 1418119627 0 0 0 0 0 0 0 0 0 0 0
 1418119627 0 0 0 0 0 0 0 0 0 0 0
 1418119627 0 0 0 0 0 0 0 0 0 0 0
 1418119628 0 0 0 0 0 0 0 0 0 0 0
 1418119628 0 0 0 0 0 0 0 0 0 0 0
 1418119628 0 0 0 0 0 0 0 0 0 0 0
 1418119629 0 0 0 0 0 0 0 0 0 0 0
 1418119629 0 0 0 0 0 0 0 0 0 0 0
 1418119629 0 0 0 0 0 0 0 0 0 0 0
 1418119630 0 0 0 0 0 0 0 0 0 0 0
 1418119630 0 0 0 0 0 0 0 0 0 0 0
 1418119630 0 0 0 0 0 0 0 0 0 0 0
 1418119631 0 0 0 0 0 0 0 0 0 0 0
 1418119631 0 0 0 0 0 0 0 0 0 0 0
 1418119631 0 0 0 0 0 0 0 0 0 0 0
 1418119631 0 0 0 0 0 0 0 0 0 0 0
 1418119632 0 0 0 0 0 0 0 0 0 0 0
 1418119632 0 0 0 0 0 0 0 0 0 0 0
 1418119632 0 0 0 0 0 0 0 0 0 0 0
 1418119632 0 0 0 0 0 0 0 0 0 0 0
 1418119633 0 0 0 0 0 0 0 0 0 0 0
 1418119633 0 0 0 0 0 0 0 0 0 0 0
 1418119633 0 0 0 0 0 0 0 0 0 0 0
 1418119633 0 0 0 0 0 0 0 0 0 0 0
 1418119634 0 0 0 0 0 0 0 0 0 0 0
 1418119634 0 0 0 0 0 0 0 0 0 0 0
 1418119634 0 0 0 0 0 0 0 0 0 0 0
 1418119635 0 0 0 0 0 0 0 0 0 0 0
 1418119635 0 0 0 0 0 0 0 0 0 0 0
 1418119635 0 0 0 0 0 0 0 0 0 0 0
 1418119636 0 0 0 0 0 0 0 0 0 0 0
 1418119636 0 0 0 0 0 0 0 0 0 0 0
 1418119636 0 0 0 0 0 0 0 0 0 0 0
 1418119636 0 0 0 0 0 0 0 0 0 0 0
 1418119637 0 0 0 0 0 0 0 0 0 0 0
 1418119637 0 0 0 0 0 0 0 0 0 0 0
 1418119637 0 0 0 0 0 0 0 0 0 0 0
 1418119637 0 0 0 0 0 0 0 0 0 0 0
 1418119638 0 0 0 0 0 0 0 0 0 0 0
 1418119638 0 0 0 0 0 0 0 0 0 0 0
 1418119638 0 0 0 0 0 0 0 0 0 0 0
 1418119638 0 0 0 0 0 0 0 0 0 0 0
 1418119639 0 0 0 0 0 0 0 0 0 0 0
 1418119639 0 0 0 0 0 0 0 0 0 0 0
 1418119639 0 0 0 0 0 0 0 0 0 0 0
 1418119640 0 0 0 0 0 0 0 0 0 0 0
 1418119640 0 0 0 0 0 0 0 0 0 0 0
 1418119640 0 0 0 0 0 0 0 0 0 0 0
 1418119640 0 0 0 0 0 0 0 0 0 0 0
 1418119641 0 0 0 0 0 0 0 0 0 0 0
 1418119641 0 0 0 0 0 0 0 0 0 0 0
 1418119641 0 0 0 0 0 0 0 0 0 0 0
 1418119642 0 0 0 0 0 0 0 0 0 0 0
 1418119642 0 0 0 0 0 0 0 0 0 0 0
 1418119642 0 0 0 0 0 0 0 0 0 0 0
 1418119643 0 0 0 0 0 0 0 0 0 0 0
 1418119643 0 0 0 0 0 0 0 0 0 0 0
 1418119643 0 0 0 0 0 0 0 0 0 0 0
 1418119643 0 0 0 0 0 0 0 0 0 0 0
 1418119644 0 0 0 0 0 0 0 0 0 0 0
 1418119644 0 0 0 0 0 0 0 0 0 0 0
 1418119644 0 0 0 0 0 0 0 0 0 0 0
 1418119645 0 0 0 0 0 0 0 0 0 0 0
 1418119645 0 0 0 0 0 0 0 0 0 0 0
 1418119645 0 0 0 0 0 0 0 0 0 0 0
 1418119646 0 0 0 0 0 0 0 0 0 0 0
 1418119646 0 0 0 0 0 0 0 0 0 0 0
 1418119646 0 0 0 0 0 0 0 0 0 0 0
 1418119647 0 0 0 0 0 0 0 0 0 0 0
 1418119647 0 0 0 0 0 0 0 0 0 0 0
 1418119647 0 0 0 0 0 0 0 0 0 0 0
 1418119647 0 0 0 0 0 0 0 0 0 0 0
 1418119648 0 0 0 0 0 0 0 0 0 0 0
 1418119648 0 0 0 0 0 0 0 0 0 0 0
 1418119648 0 0 0 0 0 0 0 0 0 0 0
 1418119649 0 0 0 0 0 0 0 0 0 0 0
 1418119649 0 0 0 0 0 0 0 0 0 0 0
 1418119649 0 0 0 0 0 0 0 0 0 0 0
 1418119649 0 0 0 0 0 0 0 0 0 0 0
 1418119650 0 0 0 0 0 0 0 0 0 0 0
 1418119650 0 0 0 0 0 0 0 0 0 0 0
 1418119650 0 0 0 0 0 0 0 0 0 0 0
 1418119651 0 0 0 0 0 0 0 0 0 0 0
 1418119651 0 0 0 0 0 0 0 0 0 0 0
 1418119651 0 0 0 0 0 0 0 0 0 0 0
 1418119652 0 0 0 0 0 0 0 0 0 0 0
 1418119652 0 0 0 0 0 0 0 0 0 0 0
 1418119652 0 0 0 0 0 0 0 0 0 0 0
 1418119653 0 0 0 0 0 0 0 0 0 0 0
 1418119653 0 0 0 0 0 0 0 0 0 0 0
 1418119653 0 0 0 0 0 0 0 0 0 0 0
 1418119653 0 0 0 0 0 0 0 0 0 0 0
 1418119654 0 0 0 0 0 0 0 0 0 0 0
 1418119654 0 0 0 0 0 0 0 0 0 0 0
 1418119654 0 0 0 0 0 0 0 0 0 0 0
 1418119655 0 0 0 0 0 0 0 0 0 0 0
 1418119655 0 0 0 0 0 0 0 0 0 0 0
 1418119655 0 0 0 0 0 0 0 0 0 0 0
 1418119656 0 0 0 0 0 0 0 0 0 0 0
 1418119656 0 0 0 0 0 0 0 0 0 0 0
 1418119656 0 0 0 0 0 0 0 0 0 0 0
 1418119657 0 0 0 0 0 0 0 0 0 0 0
 1418119657 0 0 0 0 0 0 0 0 0 0 0
 1418119657 0 0 0 0 0 0 0 0 0 0 0
 1418119657 0 0 0 0 0 0 0 0 0 0 0
 1418119658 0 0 0 0 0 0 0 0 0 0 0
 1418119658 0 0 0 0 0 0 0 0 0 0 0
 1418119658 0 0 0 0 0 0 0 0 0 0 0
 1418119659 0 0 0 0 0 0 0 0 0 0 0
 1418119659 0 0 0 0 0 0 0 0 0 0 0
 1418119659 0 0 0 0 0 0 0 0 0 0 0
 1418119660 0 0 0 0 0 0 0 0 0 0 0
 1418119660 0 0 0 0 0 0 0 0 0 0 0
 1418119660 0 0 0 0 0 0 0 0 0 0 0
 1418119660 0 0 0 0 0 0 0 0 0 0 0
 1418119661 0 0 0 0 0 0 0 0 0 0 0
 1418119661 0 0 0 0 0 0 0 0 0 0 0
 1418119661 0 0 0 0 0 0 0 0 0 0 0
 1418119662 0 0 0 0 0 0 0 0 0 0 0
 1418119662 0 0 0 0 0 0 0 0 0 0 0
 1418119662 0 0 0 0 0 0 0 0 0 0 0
 1418119663 0 0 0 0 0 0 0 0 0 0 0
 1418119663 0 0 0 0 0 0 0 0 0 0 0
 1418119663 0 0 0 0 0 0 0 0 0 0 0
 1418119663 0 0 0 0 0 0 0 0 0 0 0
 1418119664 0 0 0 0 0 0 0 0 0 0 0
 1418119664 0 0 0 0 0 0 0 0 0 0 0
 1418119664 0 0 0 0 0 0 0 0 0 0 0
 1418119665 0 0 0 0 0 0 0 0 0 0 0
 1418119665 0 0 0 0 0 0 0 0 0 0 0
 1418119665 0 0 0 0 0 0 0 0 0 0 0
 1418119666 0 0 0 0 0 0 0 0 0 0 0
 1418119666 0 0 0 0 0 0 0 0 0 0 0
 1418119666 0 0 0 0 0 0 0 0 0 0 0
 1418119667 0 0 0 0 0 0 0 0 0 0 0
 1418119667 0 0 0 0 0 0 0 0 0 0 0
