 1418155870 38 -13 1 0 0 0 202 100 92 88 62
 1418155870 38 -13 0 0 0 0 202 100 92 88 62
 1418155870 39 -13 1 0 0 0 202 99 92 88 62
 1418155871 41 -13 3 0 0 0 219 99 91 88 63
 1418155871 46 -12 5 1 0 0 218 96 89 88 76
 1418155872 50 -8 7 5 0 0 218 89 83 85 76
 1418155872 53 -2 4 8 0 0 251 91 76 78 63
 1418155872 55 1 3 4 0 1 251 91 74 105 58
 1418155873 56 2 2 1 0 1 250 87 45 105 57
 1418155873 57 2 1 1 0 1 348 86 42 32 57
 1418155873 57 2 0 0 0 1 348 86 40 42 58
 1418155874 57 2 0 0 0 1 347 86 36 36 58
 1418155874 57 2 0 0 0 1 347 39 36 36 58
 1418155874 57 2 0 0 0 1 347 39 38 41 58
 1418155875 57 2 0 0 0 1 347 40 38 42 58
 1418155875 57 2 0 0 0 1 347 38 37 41 58
 1418155875 57 2 0 0 0 1 347 38 37 41 58
 1418155876 57 2 0 0 0 1 347 39 38 41 58
 1418155876 57 2 0 0 0 1 347 39 38 42 58
 1418155876 57 2 0 0 0 1 348 39 38 41 57
 1418155876 57 2 0 0 0 1 347 39 38 41 57
 1418155877 57 2 0 0 0 1 347 39 37 41 57
 1418155877 57 2 0 0 0 1 347 40 37 40 57
 1418155877 57 2 0 0 0 1 348 40 38 41 58
 1418155878 57 2 0 0 0 1 348 40 40 41 50
 1418155878 57 2 0 0 0 1 347 41 38 42 50
 1418155878 57 2 0 0 0 1 347 40 40 41 77
 1418155879 57 2 0 0 0 1 347 40 38 40 52
 1418155879 57 2 0 0 0 1 348 40 36 41 200
 1418155879 57 2 0 0 0 1 347 37 34 41 76
 1418155880 57 2 0 0 0 1 347 36 32 38 76
 1418155880 57 2 0 0 0 1 347 34 31 37 76
 1418155880 57 2 0 0 0 1 347 34 31 37 50
 1418155881 57 2 0 0 0 1 347 36 34 39 50
 1418155881 57 2 0 0 0 1 347 38 35 39 50
 1418155881 57 2 0 0 0 1 347 46 37 41 49
 1418155882 57 2 0 0 0 1 347 47 36 42 49
 1418155882 57 2 0 0 0 1 348 44 34 42 63
 1418155883 57 2 0 0 0 1 347 41 38 42 63
 1418155883 57 2 0 0 0 1 347 39 36 42 57
 1418155883 57 2 0 0 0 1 347 39 38 43 70
 1418155884 57 2 0 0 0 1 348 39 38 46 73
 1418155884 57 2 0 0 0 1 348 42 34 46 67
 1418155884 57 2 0 0 0 1 348 42 36 43 67
 1418155885 57 2 0 0 0 1 348 42 37 43 63
 1418155885 57 2 0 0 0 1 348 42 39 43 44
 1418155885 57 2 0 0 0 1 347 42 38 42 44
 1418155886 57 2 0 0 0 1 347 43 40 42 35
 1418155886 57 2 0 0 0 1 347 43 36 45 38
 1418155886 57 2 0 0 0 1 348 47 43 45 38
 1418155887 57 2 0 0 0 1 347 43 40 45 38
 1418155887 57 2 0 0 0 1 348 40 37 41 38
 1418155887 57 2 0 0 0 1 348 41 38 40 23
 1418155888 57 2 0 0 0 1 347 41 38 41 27
 1418155888 57 2 0 0 0 1 347 42 39 42 23
 1418155888 57 2 0 0 0 1 347 42 38 42 35
 1418155889 57 2 0 0 0 1 347 43 37 42 35
 1418155889 57 2 0 0 0 1 347 47 200 46 32
 1418155889 57 2 0 0 0 1 347 47 36 50 40
 1418155890 57 2 0 0 0 1 347 51 49 51 200
 1418155890 57 2 0 0 0 1 347 49 47 51 54
 1418155890 57 2 0 0 0 1 348 45 44 47 54
 1418155891 57 2 0 0 0 1 348 45 44 47 47
 1418155891 57 2 0 0 0 1 347 45 44 47 38
 1418155891 57 2 0 0 0 1 348 42 40 45 38
 1418155892 57 2 0 0 0 1 348 39 31 41 45
 1418155892 57 2 0 0 0 1 348 40 34 40 39
 1418155892 57 2 0 0 0 1 347 42 38 41 35
 1418155893 57 2 0 0 0 1 347 42 36 200 27
 1418155893 57 2 0 0 0 1 348 44 43 200 20
 1418155893 57 2 0 0 0 1 347 45 43 200 22
 1418155894 57 2 0 0 0 1 348 45 43 200 22
 1418155894 57 2 0 0 0 1 348 45 41 200 21
 1418155894 57 2 0 0 0 1 348 43 38 200 21
 1418155895 57 2 0 0 0 1 348 43 34 200 22
 1418155895 57 2 0 0 0 1 348 85 71 200 21
 1418155895 57 2 0 0 0 1 347 85 71 200 21
 1418155896 57 2 0 0 0 1 347 86 71 200 22
 1418155896 57 2 0 0 0 1 347 86 71 200 23
 1418155896 57 2 0 0 0 1 348 86 71 200 23
 1418155897 57 2 0 0 0 1 347 85 71 200 23
 1418155897 57 2 0 0 0 1 347 85 71 200 22
 1418155897 57 2 0 0 0 1 347 85 71 47 38
 1418155898 57 2 0 0 0 1 347 86 71 47 38
 1418155898 57 2 0 0 0 1 347 86 71 48 23
 1418155898 57 2 0 0 0 1 246 86 71 47 25
 1418155899 57 2 0 0 0 1 347 86 71 47 22
 1418155899 57 2 0 0 0 1 348 86 71 48 22
 1418155899 57 2 0 0 0 1 348 86 71 49 23
 1418155899 57 2 0 0 0 1 347 86 71 50 47
 1418155900 57 2 0 0 0 1 347 86 71 50 47
 1418155900 57 2 0 0 0 1 347 86 71 51 22
 1418155900 57 2 0 0 0 1 348 86 71 54 22
 1418155901 57 2 0 0 0 1 347 86 71 54 22
 1418155901 57 2 0 0 0 1 348 86 71 49 22
 1418155901 57 2 0 0 0 1 348 86 71 105 24
 1418155902 57 2 0 0 0 1 348 86 71 105 24
 1418155902 57 2 0 0 0 1 348 86 71 105 24
 1418155902 57 2 0 0 0 1 348 86 71 123 23
 1418155903 57 2 0 0 0 1 348 86 71 105 23
 1418155903 57 2 0 0 0 1 348 86 71 105 23
 1418155903 57 2 0 0 0 1 347 86 71 105 23
 1418155904 57 2 0 0 0 1 348 86 71 105 23
 1418155904 57 2 0 0 0 1 348 86 71 104 25
 1418155904 57 2 0 0 0 1 347 86 71 105 31
 1418155905 57 2 0 0 0 1 348 86 71 105 37
 1418155905 57 2 0 0 0 1 348 86 71 105 37
 1418155905 57 2 0 0 0 1 348 86 71 104 47
 1418155905 57 2 0 0 0 1 348 85 71 104 52
 1418155906 57 2 0 0 0 1 348 85 71 105 52
 1418155906 57 2 0 0 0 1 348 86 71 104 67
 1418155906 57 2 0 0 0 1 348 86 71 104 75
 1418155907 57 2 0 0 0 1 348 86 71 104 75
 1418155907 57 2 0 0 0 1 348 85 71 105 67
 1418155907 57 2 0 0 0 1 348 85 71 105 68
 1418155908 57 2 0 0 0 1 347 85 71 105 67
 1418155908 57 2 0 0 0 1 347 85 71 105 67
 1418155908 57 2 0 0 0 1 347 85 71 104 67
 1418155908 57 2 0 0 0 1 347 85 71 104 67
 1418155909 57 2 0 0 0 1 245 85 71 105 67
 1418155909 57 2 0 0 0 1 245 85 71 102 50
 1418155909 57 2 0 0 0 1 348 85 71 102 65
 1418155910 57 2 0 0 0 1 348 85 71 104 65
 1418155910 57 2 0 0 0 1 348 86 71 104 66
 1418155910 57 2 0 0 0 1 348 86 71 104 95
 1418155911 58 3 1 0 0 1 348 85 71 104 67
 1418155911 57 2 0 0 0 1 348 85 70 100 67
 1418155911 57 2 -1 -1 0 1 349 85 70 102 75
 1418155911 57 2 0 0 0 1 349 85 71 102 78
 1418155912 57 2 0 0 0 1 349 85 71 102 78
 1418155912 57 2 0 0 0 1 349 85 71 102 81
 1418155912 57 2 0 0 0 1 349 85 71 102 47
 1418155913 57 2 0 0 0 1 349 85 71 102 41
 1418155913 57 2 0 0 0 1 348 85 71 102 27
 1418155913 57 2 0 0 0 1 246 85 71 102 27
 1418155914 57 2 0 0 0 1 246 85 71 102 17
 1418155914 57 2 0 0 0 1 246 85 71 102 200
 1418155914 57 2 0 0 0 1 348 85 71 102 200
 1418155915 57 2 0 0 0 1 348 85 71 102 200
 1418155915 57 2 0 0 0 1 348 85 71 102 200
 1418155915 57 2 0 0 0 1 348 85 71 102 200
 1418155916 57 2 0 0 0 1 348 85 71 102 200
 1418155916 57 2 0 0 0 1 348 85 71 102 200
 1418155916 57 2 0 0 0 1 348 85 71 102 200
 1418155916 57 2 0 0 0 1 348 85 71 102 200
 1418155917 57 2 0 0 0 1 348 85 71 102 200
 1418155917 57 2 0 0 0 1 348 85 71 102 200
 1418155917 57 2 0 0 0 1 348 85 71 102 200
 1418155918 57 2 0 0 0 1 348 85 71 102 200
 1418155918 57 2 0 0 0 1 348 85 71 102 200
 1418155918 57 2 0 0 0 1 348 85 71 102 200
 1418155919 57 2 0 0 0 1 348 85 71 102 200
 1418155919 57 2 0 0 0 1 348 85 71 102 200
 1418155919 57 2 0 0 0 1 348 85 71 102 200
 1418155919 57 2 0 0 0 1 348 85 71 102 200
 1418155920 57 2 0 0 0 1 348 85 71 102 200
 1418155920 57 2 0 0 0 1 348 85 71 102 200
 1418155920 57 2 0 0 0 1 348 85 71 102 200
 1418155920 57 2 0 0 0 1 348 85 71 102 200
 1418155920 57 2 0 0 0 1 348 85 71 102 200
 1418155920 57 2 0 0 0 1 348 85 71 102 200
 1418155921 57 2 0 0 0 1 348 85 71 102 200
 1418155921 57 2 0 0 0 1 348 85 71 102 200
 1418155921 57 2 0 0 0 1 348 85 71 102 200
 1418155922 57 2 0 0 0 1 348 85 71 102 200
 1418155922 57 2 0 0 0 1 348 85 71 102 200
 1418155922 57 2 0 0 0 1 348 85 71 102 200
 1418155922 57 2 0 0 0 1 348 85 71 102 200
 1418155923 57 2 0 0 0 1 348 85 71 102 200
 1418155923 57 2 0 0 0 1 348 85 71 102 200
