 1418148961 161 162 0 0 0 0 126 106 99 95 126
 1418148962 161 162 0 0 0 0 128 106 100 95 126
 1418148962 162 162 1 0 0 0 131 106 98 94 126
 1418148962 165 164 4 2 0 0 132 110 95 94 126
 1418148963 171 170 7 7 0 0 131 102 88 91 127
 1418148963 173 173 4 6 0 0 131 96 84 85 127
 1418148963 174 174 1 2 0 0 113 93 82 79 128
 1418148964 174 174 0 0 0 0 113 93 82 79 129
 1418148964 175 175 1 1 0 0 95 93 82 79 138
 1418148965 178 179 4 5 0 0 93 91 78 76 129
 1418148965 179 181 4 6 0 0 93 91 76 76 25
 1418148965 185 187 5 6 0 1 93 84 68 68 25
 1418148966 189 189 4 2 0 1 91 77 64 58 49
 1418148966 190 189 2 1 0 1 108 77 76 78 50
 1418148966 190 189 0 0 0 1 115 89 90 87 50
 1418148967 190 189 0 0 0 1 89 106 112 87 50
 1418148967 190 189 0 0 0 1 89 140 142 125 50
 1418148967 190 189 0 0 0 1 91 169 159 150 50
 1418148968 190 189 0 0 0 0 91 169 171 168 50
 1418148968 190 189 0 0 0 0 106 168 176 173 50
 1418148968 191 190 1 1 0 0 100 168 185 172 50
 1418148969 195 193 5 4 0 0 100 166 173 172 51
 1418148969 201 200 7 8 0 0 98 159 166 168 186
 1418148969 204 202 5 5 0 0 85 153 163 160 186
 1418148970 205 203 2 2 0 0 85 153 162 157 195
 1418148970 205 203 0 0 0 0 87 153 164 157 194
 1418148971 205 203 0 0 0 0 100 153 162 157 194
 1418148971 205 203 0 0 0 0 86 153 162 157 190
 1418148971 205 203 0 0 0 0 89 152 163 157 194
 1418148972 205 203 0 0 0 0 89 151 162 157 194
 1418148972 205 203 0 0 0 0 89 151 162 157 194
 1418148972 205 203 0 0 0 0 87 151 161 157 194
 1418148973 205 203 0 0 0 0 99 151 160 157 194
 1418148973 205 203 0 0 0 0 100 150 160 157 194
 1418148973 205 203 0 0 0 0 86 150 160 157 194
 1418148974 205 203 0 0 0 0 107 150 160 157 194
 1418148974 205 203 0 0 0 0 107 150 160 157 189
 1418148975 205 203 0 0 0 0 86 150 160 157 189
 1418148975 205 203 0 0 0 0 86 150 160 157 189
 1418148975 205 203 0 0 0 0 86 150 160 157 190
 1418148976 205 203 0 0 0 0 100 150 160 157 193
 1418148976 205 203 0 0 0 0 106 150 160 157 194
 1418148976 205 203 0 0 0 0 91 150 160 157 194
 1418148977 205 203 0 0 0 0 91 150 160 157 194
 1418148977 205 203 0 0 0 0 98 150 160 157 194
 1418148977 205 203 0 0 0 0 98 150 160 157 194
 1418148978 205 203 0 0 0 0 98 150 160 157 190
 1418148978 205 203 0 0 0 0 91 150 155 157 194
 1418148978 205 203 0 0 0 0 89 140 126 132 194
 1418148979 205 203 0 0 0 0 84 109 127 132 194
 1418148979 205 203 0 0 0 0 84 150 160 157 194
 1418148979 205 203 0 0 0 0 76 150 159 157 194
 1418148980 205 203 0 0 0 0 76 150 160 157 194
 1418148980 205 203 0 0 0 0 72 150 160 157 194
 1418148980 205 203 0 0 0 0 80 150 161 157 194
 1418148981 207 205 2 2 0 0 80 149 158 157 195
 1418148981 211 209 6 6 0 0 78 144 153 155 195
 1418148981 216 214 8 8 0 0 78 136 148 146 223
 1418148982 219 216 6 5 0 0 82 136 148 140 219
 1418148982 221 217 3 2 0 0 73 131 142 140 58
 1418148982 222 220 1 3 0 0 74 130 141 138 210
 1418148983 225 223 4 5 0 0 73 126 137 134 210
 1418148983 228 226 5 5 0 0 73 122 133 128 62
 1418148983 229 227 2 2 0 0 94 122 137 126 205
 1418148984 229 227 0 0 0 0 66 121 137 126 206
 1418148984 229 227 0 0 0 0 51 121 137 126 207
 1418148984 229 227 0 0 0 0 56 121 137 126 207
 1418148985 229 227 0 0 0 0 56 121 135 125 206
