 1418154672 9 10 0 0 0 0 69 200 360 213 73
 1418154672 9 10 0 0 0 0 69 200 360 213 43
 1418154672 9 10 0 0 0 0 69 200 360 213 44
 1418154673 11 12 1 2 0 0 69 200 368 213 43
 1418154673 14 16 5 6 0 0 69 388 355 210 43
 1418154673 18 21 6 8 0 0 69 347 348 372 76
 1418154674 20 23 4 5 0 0 71 347 344 343 75
 1418154674 21 24 2 2 0 0 72 343 343 343 75
 1418154674 23 25 2 2 0 0 72 341 342 341 75
 1418154674 27 29 5 5 0 0 72 335 338 344 73
 1418154675 30 32 6 7 0 0 85 335 334 344 71
 1418154675 33 36 6 7 0 0 88 358 324 336 71
 1418154675 34 38 3 4 0 0 88 356 326 323 72
 1418154676 34 39 0 2 0 0 89 356 348 331 72
 1418154676 36 42 2 3 0 0 89 354 320 331 71
 1418154676 40 46 5 6 0 0 92 350 316 342 71
 1418154677 42 48 6 7 0 0 92 350 339 342 71
 1418154677 46 51 5 4 0 0 92 337 333 333 71
 1418154677 47 52 2 2 0 0 100 337 331 331 121
 1418154677 48 53 1 1 0 0 153 335 329 331 71
 1418154678 51 58 4 6 0 0 100 297 326 304 71
 1418154678 54 61 7 7 0 0 100 297 322 297 140
 1418154678 59 64 7 5 0 0 103 297 290 297 143
 1418154679 61 65 5 2 0 0 102 290 287 300 143
 1418154679 61 65 1 0 0 0 102 289 287 313 73
 1418154679 63 68 2 3 0 0 102 289 312 309 144
 1418154680 65 71 4 5 0 0 106 286 308 309 144
 1418154680 70 76 7 7 0 0 106 305 302 261 148
 1418154680 73 79 5 6 0 0 106 305 296 254 149
 1418154680 74 80 2 2 0 0 108 273 270 254 146
 1418154681 74 80 1 0 0 0 108 273 270 254 146
 1418154681 75 82 1 1 0 0 108 273 295 254 147
 1418154681 79 86 5 6 0 0 108 270 266 254 146
 1418154682 83 90 7 7 0 0 111 265 262 246 146
 1418154682 86 93 6 5 0 0 111 206 259 238 133
 1418154682 86 94 2 3 0 0 147 206 257 238 131
 1418154683 88 94 2 0 0 0 114 230 277 237 132
 1418154683 92 98 5 4 0 0 114 228 248 253 131
 1418154683 97 103 7 7 0 0 116 220 226 245 131
 1418154683 99 105 6 7 0 0 116 220 223 224 109
 1418154684 100 106 3 3 0 0 164 240 221 224 117
 1418154684 100 107 0 1 0 0 164 215 220 239 117
 1418154684 102 110 2 3 0 0 164 212 217 237 107
 1418154685 106 115 6 7 0 0 164 212 212 236 114
 1418154685 110 119 6 7 0 0 163 180 208 236 92
 1418154685 111 121 5 6 0 0 163 173 205 230 92
 1418154686 111 121 1 2 0 0 162 173 203 217 93
 1418154686 112 121 1 0 0 0 162 173 203 217 93
 1418154686 115 123 4 2 0 0 162 169 200 225 93
 1418154686 119 128 7 7 0 0 162 169 195 208 100
 1418154687 122 131 7 8 0 0 129 187 192 208 100
 1418154687 124 133 5 5 0 0 129 181 149 190 91
 1418154687 125 133 2 1 0 0 126 181 189 190 92
 1418154687 125 134 1 1 0 0 126 181 188 190 92
 1418154688 128 137 3 4 0 0 126 164 187 189 91
 1418154688 130 141 5 6 0 0 124 164 164 189 93
 1418154688 135 144 7 6 0 0 120 147 159 193 93
 1418154688 136 146 5 5 0 0 120 147 157 177 95
 1418154689 137 146 2 1 0 0 118 140 155 177 95
 1418154689 138 147 2 1 0 0 118 140 155 162 95
 1418154689 141 149 4 3 0 0 118 140 153 171 98
 1418154689 144 153 6 5 0 0 114 134 148 171 98
 1418154690 146 156 6 7 0 0 114 134 144 164 102
 1418154690 149 158 4 5 0 0 113 128 142 164 105
 1418154690 149 159 2 3 0 0 113 127 132 159 105
 1418154690 150 159 1 1 0 0 113 127 140 157 107
 1418154691 152 161 3 2 0 0 110 126 138 157 107
 1418154691 154 163 4 4 0 0 110 126 136 154 108
 1418154691 159 168 7 7 0 0 108 126 129 154 100
 1418154691 162 170 8 6 0 0 108 119 149 144 100
 1418154692 163 172 5 4 0 0 99 119 146 144 100
 1418154692 164 173 2 3 0 0 97 133 132 143 100
 1418154692 164 173 0 1 0 0 97 133 144 140 101
 1418154692 165 175 1 3 0 0 108 114 123 140 101
 1418154693 166 177 2 3 0 0 108 114 120 140 102
 1418154693 174 186 6 8 0 0 117 103 107 127 103
 1418154693 176 188 6 6 0 0 116 103 104 127 105
 1418154694 176 189 3 4 0 0 116 98 103 121 105
 1418154694 177 188 1 0 0 0 60 98 103 120 105
 1418154694 178 189 2 0 0 0 20 98 109 120 105
 1418154694 180 191 3 3 0 0 20 98 101 119 105
 1418154695 180 191 3 3 0 0 20 98 101 119 105
 1418154695 188 197 8 6 0 1 64 95 96 119 105
 1418154695 195 202 10 7 0 1 64 126 109 106 109
 1418154695 198 205 9 8 0 1 70 126 105 106 111
 1418154696 200 206 7 5 0 1 70 120 102 98 111
 1418154696 201 206 3 1 0 1 65 120 101 97 111
 1418154696 201 206 1 0 0 1 63 104 101 97 111
 1418154696 201 206 1 0 0 0 63 104 101 97 111
 1418154696 201 206 0 0 0 0 62 105 101 97 111
 1418154697 201 207 0 1 0 0 62 105 101 97 111
 1418154697 201 208 0 2 0 0 64 105 101 97 111
 1418154697 203 209 2 3 0 0 64 104 100 95 111
 1418154697 206 214 5 6 0 0 63 104 95 89 112
 1418154698 209 217 6 8 0 0 60 122 93 89 112
 1418154698 212 219 6 6 1 0 60 122 108 81 113
 1418154698 212 219 5 4 1 0 60 94 107 81 113
 1418154698 212 219 0 0 1 0 59 94 107 81 114
 1418154699 212 219 0 0 1 0 59 94 107 81 114
 1418154699 212 219 0 0 1 0 59 94 107 81 114
 1418154699 212 219 0 0 1 0 58 94 107 81 114
 1418154699 212 219 0 0 1 0 58 94 107 81 114
 1418154700 212 219 0 0 1 0 58 94 107 81 114
 1418154700 212 219 0 0 1 0 58 94 107 81 114
 1418154700 212 219 0 0 1 0 58 94 107 81 57
 1418154700 212 219 0 0 1 0 58 95 107 81 57
 1418154701 212 219 0 0 1 0 58 95 107 81 61
 1418154701 212 219 0 0 1 0 117 94 107 81 61
 1418154701 212 219 0 0 1 0 117 94 107 81 84
 1418154701 212 219 0 0 1 0 58 94 107 81 114
 1418154702 212 219 0 0 1 0 58 94 107 81 114
 1418154702 212 219 0 0 1 0 58 94 107 81 114
 1418154702 212 219 0 0 1 0 60 94 107 81 114
 1418154702 212 219 0 0 1 0 60 94 107 81 114
 1418154703 212 219 0 0 1 0 58 94 107 81 114
 1418154703 212 219 0 0 1 0 58 94 107 81 114
 1418154703 212 219 0 0 1 0 58 94 107 81 114
 1418154704 212 219 0 0 1 0 58 94 107 81 114
 1418154704 212 219 0 0 1 0 60 94 107 81 113
 1418154704 212 219 0 0 1 0 60 94 107 80 113
 1418154704 212 219 0 0 1 0 60 94 107 80 114
 1418154705 212 219 0 0 1 0 58 94 107 80 114
 1418154705 212 219 0 0 1 0 58 94 107 80 114
 1418154705 212 219 0 0 1 0 58 94 107 80 114
 1418154705 212 219 0 0 1 0 60 94 107 81 114
 1418154706 212 219 0 0 1 0 60 94 107 81 113
 1418154706 212 219 0 0 1 0 111 94 107 81 113
 1418154706 212 219 0 0 1 0 111 94 107 81 114
 1418154706 212 219 0 0 1 0 60 94 107 81 114
 1418154707 212 219 0 0 1 0 60 94 107 80 114
 1418154707 212 219 0 0 1 0 58 94 107 81 114
 1418154707 212 219 0 0 1 0 58 94 107 81 114
 1418154707 212 219 0 0 1 0 58 94 107 81 114
 1418154708 212 219 0 0 1 0 59 95 107 81 114
 1418154708 212 219 0 0 1 0 59 94 107 81 114
 1418154708 212 219 0 0 1 0 59 94 107 81 114
 1418154708 212 219 0 0 1 0 58 94 107 81 114
 1418154709 212 219 0 0 1 0 58 94 107 81 114
 1418154709 212 219 0 0 1 0 60 94 107 81 114
 1418154709 212 219 0 0 1 0 60 94 107 81 114
 1418154709 212 219 0 0 1 0 59 94 107 81 114
 1418154709 212 219 0 0 1 0 59 94 107 81 114
 1418154710 212 219 0 0 1 0 59 94 107 81 114
 1418154710 212 219 0 0 1 0 60 94 107 81 114
 1418154710 212 219 0 0 1 0 60 94 107 81 113
 1418154710 212 219 0 0 1 0 60 94 107 81 113
 1418154711 212 219 0 0 1 0 60 94 107 81 113
 1418154711 212 219 0 0 1 0 113 94 107 81 114
 1418154711 212 219 0 0 1 0 60 95 107 81 114
 1418154711 212 219 0 0 1 0 60 95 107 80 114
 1418154712 212 219 0 0 1 0 60 95 107 80 114
 1418154712 212 219 0 0 1 0 60 94 107 81 114
 1418154712 212 219 0 0 1 0 59 94 107 81 114
 1418154712 212 219 0 0 1 0 58 94 107 81 114
 1418154713 212 219 0 0 1 0 58 94 107 81 71
 1418154713 212 219 0 0 1 0 59 94 107 81 71
 1418154713 212 219 0 0 1 0 59 94 107 81 66
 1418154714 212 219 0 0 1 0 58 94 107 81 76
 1418154714 212 219 0 0 1 0 59 94 107 81 114
 1418154714 212 219 0 0 1 0 59 94 107 81 114
 1418154714 212 219 0 0 1 0 59 94 107 81 114
 1418154715 212 219 0 0 1 0 59 94 107 81 113
 1418154715 212 219 0 0 1 0 59 94 107 81 113
 1418154715 212 219 0 0 1 0 59 94 107 80 113
 1418154715 212 219 0 0 1 0 59 94 107 80 113
 1418154716 212 219 0 0 1 0 59 94 107 80 113
 1418154716 212 219 0 0 1 0 59 94 107 80 109
 1418154716 212 219 0 0 1 0 59 94 107 80 113
 1418154716 212 219 0 0 1 0 60 94 107 81 113
 1418154717 212 219 0 0 1 0 60 94 107 81 113
 1418154717 212 219 0 0 1 0 59 94 107 81 113
 1418154717 212 219 0 0 1 0 59 94 107 81 113
 1418154717 212 219 0 0 1 0 60 94 107 81 113
 1418154718 212 219 0 0 1 0 60 94 107 81 113
 1418154718 212 219 0 0 1 0 60 94 107 81 113
 1418154718 212 219 0 0 1 0 60 94 107 81 113
 1418154718 212 219 0 0 1 0 60 94 107 81 113
 1418154719 212 219 0 0 1 0 60 94 107 81 113
 1418154719 212 219 0 0 1 0 60 94 107 80 113
 1418154719 212 219 0 0 1 0 59 94 107 80 113
 1418154719 212 219 0 0 1 0 59 94 107 81 113
 1418154720 212 219 0 0 1 0 59 94 107 81 113
 1418154720 212 219 0 0 1 0 60 94 107 81 113
 1418154720 212 219 0 0 1 0 60 94 107 81 113
 1418154720 212 219 0 0 1 0 59 94 107 81 113
 1418154720 212 219 0 0 1 0 59 94 107 81 113
 1418154721 212 219 0 0 1 0 59 94 107 81 113
 1418154721 212 219 0 0 1 0 59 94 107 81 113
 1418154721 212 219 0 0 1 0 59 94 107 81 113
 1418154721 212 219 0 0 1 0 59 94 107 81 113
 1418154722 212 219 0 0 1 0 59 94 107 81 113
 1418154722 212 219 0 0 1 0 59 94 107 81 113
 1418154722 212 219 0 0 1 0 59 94 107 81 113
 1418154722 212 219 0 0 1 0 59 94 107 80 113
 1418154723 212 219 0 0 1 0 59 94 107 80 113
 1418154723 212 219 0 0 1 0 59 94 107 81 113
 1418154723 212 219 0 0 1 0 59 94 107 81 113
 1418154723 212 219 0 0 1 0 59 94 107 81 113
 1418154724 212 219 0 0 1 0 59 94 107 81 113
 1418154724 212 219 0 0 1 0 60 94 107 81 113
 1418154724 212 219 0 0 1 0 60 94 107 81 113
 1418154725 212 219 0 0 1 0 60 94 107 80 113
 1418154725 212 219 0 0 1 0 59 94 107 81 113
 1418154725 212 219 0 0 1 0 59 94 107 81 113
 1418154725 212 219 0 0 1 0 59 94 107 81 113
 1418154726 212 219 0 0 1 0 59 95 107 81 113
 1418154726 212 219 0 0 1 0 59 94 107 81 113
 1418154726 212 219 0 0 1 0 59 94 107 81 113
 1418154726 212 219 0 0 1 0 60 94 107 81 113
 1418154727 212 219 0 0 1 0 60 94 107 81 113
 1418154727 212 219 0 0 1 0 60 94 107 81 113
 1418154727 212 219 0 0 1 0 60 94 107 81 113
 1418154727 212 219 0 0 1 0 60 94 107 81 113
 1418154727 212 219 0 0 1 0 60 94 107 81 113
 1418154728 212 219 0 0 1 0 59 94 107 81 113
 1418154728 212 219 0 0 1 0 59 94 107 81 113
 1418154728 212 219 0 0 1 0 59 94 107 81 113
 1418154728 212 219 0 0 1 0 59 94 107 81 113
 1418154729 212 219 0 0 1 0 59 94 107 81 113
 1418154729 212 219 0 0 1 0 59 94 107 81 113
 1418154729 212 219 0 0 1 0 59 94 107 81 113
 1418154729 212 219 0 0 1 0 59 94 107 81 113
 1418154730 212 219 0 0 1 0 60 94 107 81 113
 1418154730 212 219 0 0 1 0 60 95 107 81 113
 1418154730 212 219 0 0 1 0 60 95 107 81 113
 1418154730 212 219 0 0 1 0 60 95 107 81 113
