 1418299154 0 1 0 0 0 0 98 342 240 120 74
 1418299155 0 1 0 0 0 0 98 341 240 120 73
 1418299155 0 1 0 0 0 0 98 341 240 120 73
 1418299155 0 1 0 0 0 0 98 341 240 120 73
 1418299156 0 1 0 0 0 0 98 341 240 120 73
 1418299156 0 1 0 0 0 0 98 341 240 120 74
 1418299156 0 1 0 0 0 0 98 341 240 120 74
 1418299157 0 1 0 0 0 0 98 341 240 120 74
 1418299157 0 1 0 0 0 0 98 341 240 120 74
 1418299157 0 1 0 0 0 0 98 341 240 120 74
 1418299157 0 1 0 0 0 0 98 341 240 120 74
 1418299158 0 1 0 0 0 0 98 341 240 120 73
 1418299158 0 1 0 0 0 0 98 341 240 120 74
 1418299158 0 1 0 0 0 0 98 341 240 120 74
 1418299159 0 1 0 0 0 0 98 341 240 120 73
 1418299159 0 1 0 0 0 0 98 341 240 120 73
 1418299159 0 1 0 0 0 0 98 341 240 120 73
 1418299160 0 1 0 0 0 0 98 341 240 120 73
 1418299160 0 1 0 0 0 0 98 341 240 120 74
 1418299160 0 1 0 0 0 0 98 341 240 120 73
 1418299160 0 1 0 0 0 0 98 341 240 120 73
 1418299161 0 1 0 0 0 0 98 341 240 120 73
 1418299161 0 1 0 0 0 0 98 341 240 120 73
 1418299161 0 1 0 0 0 0 98 341 240 120 73
 1418299162 0 1 0 0 0 0 98 341 240 120 73
 1418299162 0 1 0 0 0 0 98 341 240 120 73
 1418299162 0 1 0 0 0 0 98 341 240 120 74
 1418299162 0 1 0 0 0 0 98 341 240 120 74
 1418299163 0 1 0 0 0 0 98 341 240 120 73
 1418299163 0 1 0 0 0 0 98 341 240 120 74
 1418299163 0 1 0 0 0 0 98 341 240 120 74
 1418299164 0 1 0 0 0 0 98 341 240 120 74
 1418299164 0 1 0 0 0 0 98 341 240 120 74
 1418299164 0 1 0 0 0 0 98 341 240 120 74
 1418299164 0 1 0 0 0 0 98 341 240 120 74
 1418299165 0 1 0 0 0 0 98 341 240 120 74
 1418299165 0 1 0 0 0 0 98 341 240 120 74
 1418299165 0 1 0 0 0 0 98 341 240 120 74
 1418299166 0 1 0 0 0 0 98 341 240 120 74
 1418299166 0 1 0 0 0 0 98 341 240 120 74
 1418299166 0 1 0 0 0 0 98 341 240 120 74
 1418299166 0 1 0 0 0 0 98 341 240 120 74
 1418299167 0 1 0 0 0 0 98 341 240 120 74
 1418299167 0 1 0 0 0 0 98 341 240 120 74
 1418299167 0 1 0 0 0 0 98 341 240 120 74
 1418299168 0 1 0 0 0 0 98 341 240 231 74
 1418299168 0 1 0 0 0 0 98 341 240 120 74
 1418299168 0 1 0 0 0 0 98 341 240 120 74
 1418299169 0 1 0 0 0 0 98 341 240 120 74
 1418299169 0 1 0 0 0 0 98 341 240 120 74
 1418299169 0 1 0 0 0 0 98 341 240 120 74
 1418299170 0 1 0 0 0 0 98 341 240 120 74
 1418299170 0 1 0 0 0 0 98 341 240 120 74
 1418299170 0 1 0 0 0 0 98 341 240 120 74
 1418299170 0 1 0 0 0 0 98 341 240 120 74
 1418299171 0 1 0 0 0 0 98 341 240 120 74
 1418299171 0 1 0 0 0 0 98 341 240 120 74
 1418299171 0 1 0 0 0 0 98 341 240 120 74
 1418299172 0 1 0 0 0 0 98 341 240 120 74
 1418299172 0 1 0 0 0 0 98 341 240 120 74
 1418299172 0 1 0 0 0 0 98 341 240 120 74
 1418299172 0 1 0 0 0 0 98 341 240 120 74
 1418299173 0 1 0 0 0 0 98 341 240 120 74
 1418299173 0 1 0 0 0 0 98 341 240 120 74
 1418299173 0 1 0 0 0 0 98 341 240 120 74
 1418299174 0 1 0 0 0 0 98 341 240 120 74
 1418299174 0 1 0 0 0 0 98 341 240 120 74
 1418299174 0 1 0 0 0 0 98 341 240 120 74
 1418299174 0 1 0 0 0 0 98 341 240 120 74
 1418299175 0 1 0 0 0 0 98 341 240 120 74
 1418299175 0 1 0 0 0 0 98 341 240 120 74
 1418299175 0 1 0 0 0 0 98 341 240 120 74
 1418299176 0 1 0 0 0 0 98 341 240 120 74
 1418299176 0 1 0 0 0 0 98 341 240 120 74
 1418299176 0 1 0 0 0 0 98 341 240 120 74
 1418299176 0 1 0 0 0 0 98 341 240 120 74
 1418299177 0 1 0 0 0 0 98 341 240 120 74
 1418299177 0 1 0 0 0 0 98 341 240 120 74
