 1418152992 7 9 0 0 0 0 84 298 304 305 115
 1418152992 7 9 0 0 0 0 84 298 303 305 129
 1418152992 7 9 0 0 0 0 84 297 303 305 129
 1418152993 8 10 1 1 0 0 84 340 302 304 129
 1418152993 10 12 3 3 0 0 84 340 306 304 115
 1418152993 15 17 7 7 0 0 85 325 295 300 115
 1418152993 19 20 7 6 0 0 85 291 289 292 126
 1418152994 21 21 4 2 0 0 88 291 289 290 135
 1418152994 22 22 2 1 0 0 95 288 312 290 75
 1418152994 23 25 2 4 0 0 95 278 286 289 75
 1418152995 27 29 5 6 0 0 93 278 305 282 137
 1418152995 31 33 6 7 0 0 98 281 278 282 140
 1418152995 33 34 6 5 0 0 98 275 297 268 140
 1418152996 33 34 2 1 0 0 99 275 257 267 140
 1418152996 35 35 2 1 0 0 98 274 296 267 139
 1418152996 38 38 4 4 0 0 107 270 270 265 139
 1418152996 41 41 6 6 0 0 107 270 290 261 140
 1418152997 45 45 6 7 0 0 107 263 262 261 137
 1418152997 46 46 3 4 0 0 117 259 257 260 137
 1418152997 47 46 2 1 0 0 117 259 257 259 137
 1418152997 49 47 2 1 0 0 108 257 255 259 137
 1418152998 51 49 4 3 1 0 108 252 255 256 137
 1418152998 51 49 2 1 1 0 113 252 255 253 137
 1418152998 51 49 0 0 1 0 114 253 255 253 137
 1418152999 51 49 0 0 1 0 114 253 255 253 137
 1418152999 51 49 0 0 1 0 113 253 255 253 137
 1418152999 51 49 0 0 1 0 111 253 255 253 137
 1418152999 51 49 0 0 1 0 111 253 255 253 137
 1418153000 51 49 0 0 1 0 113 253 255 253 137
 1418153000 51 49 0 0 1 0 114 253 255 253 137
 1418153000 51 49 0 0 1 0 114 253 255 253 137
 1418153001 51 49 0 0 1 0 114 252 255 253 137
