 1418145262 0 0 0 0 0 0 0 0 0 0 0
 1418145262 0 0 0 0 0 0 0 0 0 0 0
 1418145262 0 0 0 0 0 0 0 0 0 0 0
 1418145262 0 0 0 0 0 0 0 0 0 0 0
 1418145262 0 0 0 0 0 0 0 0 0 0 0
 1418145262 0 0 0 0 0 0 0 0 0 0 0
 1418145262 0 0 0 0 0 0 0 0 0 0 0
 1418145262 0 0 0 0 0 0 0 0 0 0 0
 1418145263 0 0 0 0 0 0 0 0 0 0 0
 1418145263 0 0 0 0 0 0 0 0 0 0 0
 1418145263 0 0 0 0 0 0 0 0 0 0 0
 1418145263 0 0 0 0 0 0 0 0 0 0 0
 1418145263 0 0 0 0 0 0 0 0 0 0 0
 1418145263 0 0 0 0 0 0 0 0 0 0 0
 1418145263 0 0 0 0 0 0 0 0 0 0 0
 1418145263 0 0 0 0 0 0 0 0 0 0 0
 1418145263 0 0 0 0 0 0 0 0 0 0 0
 1418145263 0 0 0 0 0 0 0 0 0 0 0
 1418145263 0 0 0 0 0 0 0 0 0 0 0
 1418145263 0 0 0 0 0 0 0 0 0 0 0
 1418145263 0 0 0 0 0 0 0 0 0 0 0
 1418145263 0 0 0 0 0 0 0 0 0 0 0
 1418145263 0 0 0 0 0 0 0 0 0 0 0
 1418145263 0 0 0 0 0 0 0 0 0 0 0
 1418145263 0 0 0 0 0 0 0 0 0 0 0
 1418145263 0 0 0 0 0 0 0 0 0 0 0
 1418145263 0 0 0 0 0 0 0 0 0 0 0
 1418145263 0 0 0 0 0 0 0 0 0 0 0
 1418145263 0 0 0 0 0 0 0 0 0 0 0
 1418145263 0 0 0 0 0 0 0 0 0 0 0
 1418145263 0 0 0 0 0 0 0 0 0 0 0
 1418145263 0 0 0 0 0 0 0 0 0 0 0
 1418145263 0 0 0 0 0 0 0 0 0 0 0
 1418145263 0 0 0 0 0 0 0 0 0 0 0
 1418145263 0 0 0 0 0 0 0 0 0 0 0
 1418145263 0 0 0 0 0 0 0 0 0 0 0
 1418145263 0 0 0 0 0 0 0 0 0 0 0
 1418145263 0 0 0 0 0 0 0 0 0 0 0
 1418145264 0 0 0 0 0 0 0 0 0 0 0
 1418145264 0 0 0 0 0 0 0 0 0 0 0
 1418145264 0 0 0 0 0 0 0 0 0 0 0
 1418145264 0 0 0 0 0 0 0 0 0 0 0
 1418145264 0 0 0 0 0 0 0 0 0 0 0
 1418145264 0 0 0 0 0 0 0 0 0 0 0
 1418145264 0 0 0 0 0 0 0 0 0 0 0
 1418145264 0 0 0 0 0 0 0 0 0 0 0
 1418145264 0 0 0 0 0 0 0 0 0 0 0
 1418145264 0 0 0 0 0 0 0 0 0 0 0
 1418145264 0 0 0 0 0 0 0 0 0 0 0
 1418145264 0 0 0 0 0 0 0 0 0 0 0
 1418145264 0 0 0 0 0 0 0 0 0 0 0
 1418145264 0 0 0 0 0 0 0 0 0 0 0
 1418145264 0 0 0 0 0 0 0 0 0 0 0
 1418145264 0 0 0 0 0 0 0 0 0 0 0
 1418145264 0 0 0 0 0 0 0 0 0 0 0
 1418145264 0 0 0 0 0 0 0 0 0 0 0
 1418145264 0 0 0 0 0 0 0 0 0 0 0
 1418145264 0 0 0 0 0 0 0 0 0 0 0
 1418145264 0 0 0 0 0 0 0 0 0 0 0
 1418145264 0 0 0 0 0 0 0 0 0 0 0
 1418145264 0 0 0 0 0 0 0 0 0 0 0
 1418145264 0 0 0 0 0 0 0 0 0 0 0
 1418145264 0 0 0 0 0 0 0 0 0 0 0
 1418145264 0 0 0 0 0 0 0 0 0 0 0
 1418145264 0 0 0 0 0 0 0 0 0 0 0
 1418145264 0 0 0 0 0 0 0 0 0 0 0
 1418145264 0 0 0 0 0 0 0 0 0 0 0
 1418145264 0 0 0 0 0 0 0 0 0 0 0
 1418145265 0 0 0 0 0 0 0 0 0 0 0
 1418145265 0 0 0 0 0 0 0 0 0 0 0
 1418145265 0 0 0 0 0 0 0 0 0 0 0
 1418145265 0 0 0 0 0 0 0 0 0 0 0
 1418145265 0 0 0 0 0 0 0 0 0 0 0
 1418145265 0 0 0 0 0 0 0 0 0 0 0
 1418145265 0 0 0 0 0 0 0 0 0 0 0
 1418145265 0 0 0 0 0 0 0 0 0 0 0
 1418145265 0 0 0 0 0 0 0 0 0 0 0
 1418145265 0 0 0 0 0 0 0 0 0 0 0
 1418145265 0 0 0 0 0 0 0 0 0 0 0
 1418145265 0 0 0 0 0 0 0 0 0 0 0
 1418145265 0 0 0 0 0 0 0 0 0 0 0
 1418145265 0 0 0 0 0 0 0 0 0 0 0
 1418145265 0 0 0 0 0 0 0 0 0 0 0
 1418145265 0 0 0 0 0 0 0 0 0 0 0
 1418145265 0 0 0 0 0 0 0 0 0 0 0
 1418145265 0 0 0 0 0 0 0 0 0 0 0
 1418145265 0 0 0 0 0 0 0 0 0 0 0
 1418145265 0 0 0 0 0 0 0 0 0 0 0
 1418145265 0 0 0 0 0 0 0 0 0 0 0
 1418145265 0 0 0 0 0 0 0 0 0 0 0
 1418145265 0 0 0 0 0 0 0 0 0 0 0
 1418145265 0 0 0 0 0 0 0 0 0 0 0
 1418145265 0 0 0 0 0 0 0 0 0 0 0
 1418145265 0 0 0 0 0 0 0 0 0 0 0
 1418145265 0 0 0 0 0 0 0 0 0 0 0
 1418145265 0 0 0 0 0 0 0 0 0 0 0
 1418145265 0 0 0 0 0 0 0 0 0 0 0
 1418145265 0 0 0 0 0 0 0 0 0 0 0
 1418145266 0 0 0 0 0 0 0 0 0 0 0
 1418145266 0 0 0 0 0 0 0 0 0 0 0
 1418145266 0 0 0 0 0 0 0 0 0 0 0
 1418145266 0 0 0 0 0 0 0 0 0 0 0
 1418145266 0 0 0 0 0 0 0 0 0 0 0
 1418145266 0 0 0 0 0 0 0 0 0 0 0
 1418145266 0 0 0 0 0 0 0 0 0 0 0
 1418145266 0 0 0 0 0 0 0 0 0 0 0
 1418145266 0 0 0 0 0 0 0 0 0 0 0
 1418145266 0 0 0 0 0 0 0 0 0 0 0
 1418145266 0 0 0 0 0 0 0 0 0 0 0
 1418145266 0 0 0 0 0 0 0 0 0 0 0
 1418145266 0 0 0 0 0 0 0 0 0 0 0
 1418145266 0 0 0 0 0 0 0 0 0 0 0
 1418145266 0 0 0 0 0 0 0 0 0 0 0
 1418145266 0 0 0 0 0 0 0 0 0 0 0
 1418145266 0 0 0 0 0 0 0 0 0 0 0
 1418145266 0 0 0 0 0 0 0 0 0 0 0
 1418145266 0 0 0 0 0 0 0 0 0 0 0
 1418145266 0 0 0 0 0 0 0 0 0 0 0
 1418145266 0 0 0 0 0 0 0 0 0 0 0
 1418145266 0 0 0 0 0 0 0 0 0 0 0
 1418145266 0 0 0 0 0 0 0 0 0 0 0
 1418145266 0 0 0 0 0 0 0 0 0 0 0
 1418145266 0 0 0 0 0 0 0 0 0 0 0
 1418145266 0 0 0 0 0 0 0 0 0 0 0
 1418145266 0 0 0 0 0 0 0 0 0 0 0
 1418145266 0 0 0 0 0 0 0 0 0 0 0
 1418145266 0 0 0 0 0 0 0 0 0 0 0
 1418145266 0 0 0 0 0 0 0 0 0 0 0
 1418145266 0 0 0 0 0 0 0 0 0 0 0
 1418145267 0 0 0 0 0 0 0 0 0 0 0
 1418145267 0 0 0 0 0 0 0 0 0 0 0
 1418145267 0 0 0 0 0 0 0 0 0 0 0
 1418145267 0 0 0 0 0 0 0 0 0 0 0
 1418145267 0 0 0 0 0 0 0 0 0 0 0
 1418145267 0 0 0 0 0 0 0 0 0 0 0
 1418145267 0 0 0 0 0 0 0 0 0 0 0
 1418145267 0 0 0 0 0 0 0 0 0 0 0
 1418145267 0 0 0 0 0 0 0 0 0 0 0
 1418145267 0 0 0 0 0 0 0 0 0 0 0
 1418145267 0 0 0 0 0 0 0 0 0 0 0
 1418145267 0 0 0 0 0 0 0 0 0 0 0
 1418145267 0 0 0 0 0 0 0 0 0 0 0
 1418145267 0 0 0 0 0 0 0 0 0 0 0
 1418145267 0 0 0 0 0 0 0 0 0 0 0
 1418145267 0 0 0 0 0 0 0 0 0 0 0
 1418145267 0 0 0 0 0 0 0 0 0 0 0
 1418145267 0 0 0 0 0 0 0 0 0 0 0
 1418145267 0 0 0 0 0 0 0 0 0 0 0
 1418145267 0 0 0 0 0 0 0 0 0 0 0
 1418145267 0 0 0 0 0 0 0 0 0 0 0
 1418145267 0 0 0 0 0 0 0 0 0 0 0
 1418145267 0 0 0 0 0 0 0 0 0 0 0
 1418145267 0 0 0 0 0 0 0 0 0 0 0
 1418145267 0 0 0 0 0 0 0 0 0 0 0
 1418145267 0 0 0 0 0 0 0 0 0 0 0
 1418145267 0 0 0 0 0 0 0 0 0 0 0
 1418145267 0 0 0 0 0 0 0 0 0 0 0
 1418145267 0 0 0 0 0 0 0 0 0 0 0
 1418145267 0 0 0 0 0 0 0 0 0 0 0
 1418145268 0 0 0 0 0 0 0 0 0 0 0
 1418145268 0 0 0 0 0 0 0 0 0 0 0
 1418145268 0 0 0 0 0 0 0 0 0 0 0
 1418145268 0 0 0 0 0 0 0 0 0 0 0
 1418145268 0 0 0 0 0 0 0 0 0 0 0
 1418145268 0 0 0 0 0 0 0 0 0 0 0
 1418145268 0 0 0 0 0 0 0 0 0 0 0
 1418145268 0 0 0 0 0 0 0 0 0 0 0
 1418145268 0 0 0 0 0 0 0 0 0 0 0
 1418145268 0 0 0 0 0 0 0 0 0 0 0
 1418145268 0 0 0 0 0 0 0 0 0 0 0
 1418145268 0 0 0 0 0 0 0 0 0 0 0
 1418145268 0 0 0 0 0 0 0 0 0 0 0
 1418145268 0 0 0 0 0 0 0 0 0 0 0
 1418145268 0 0 0 0 0 0 0 0 0 0 0
 1418145268 0 0 0 0 0 0 0 0 0 0 0
 1418145268 0 0 0 0 0 0 0 0 0 0 0
 1418145268 0 0 0 0 0 0 0 0 0 0 0
 1418145268 0 0 0 0 0 0 0 0 0 0 0
 1418145268 0 0 0 0 0 0 0 0 0 0 0
 1418145268 0 0 0 0 0 0 0 0 0 0 0
 1418145268 0 0 0 0 0 0 0 0 0 0 0
 1418145268 0 0 0 0 0 0 0 0 0 0 0
 1418145268 0 0 0 0 0 0 0 0 0 0 0
 1418145268 0 0 0 0 0 0 0 0 0 0 0
 1418145268 0 0 0 0 0 0 0 0 0 0 0
 1418145268 0 0 0 0 0 0 0 0 0 0 0
 1418145268 0 0 0 0 0 0 0 0 0 0 0
 1418145268 0 0 0 0 0 0 0 0 0 0 0
 1418145268 0 0 0 0 0 0 0 0 0 0 0
 1418145269 0 0 0 0 0 0 0 0 0 0 0
 1418145269 0 0 0 0 0 0 0 0 0 0 0
 1418145269 0 0 0 0 0 0 0 0 0 0 0
 1418145269 0 0 0 0 0 0 0 0 0 0 0
 1418145269 0 0 0 0 0 0 0 0 0 0 0
 1418145269 0 0 0 0 0 0 0 0 0 0 0
 1418145269 0 0 0 0 0 0 0 0 0 0 0
 1418145269 0 0 0 0 0 0 0 0 0 0 0
 1418145269 0 0 0 0 0 0 0 0 0 0 0
 1418145269 0 0 0 0 0 0 0 0 0 0 0
 1418145269 0 0 0 0 0 0 0 0 0 0 0
 1418145269 0 0 0 0 0 0 0 0 0 0 0
 1418145269 0 0 0 0 0 0 0 0 0 0 0
 1418145269 0 0 0 0 0 0 0 0 0 0 0
 1418145269 0 0 0 0 0 0 0 0 0 0 0
 1418145269 0 0 0 0 0 0 0 0 0 0 0
 1418145269 0 0 0 0 0 0 0 0 0 0 0
 1418145269 0 0 0 0 0 0 0 0 0 0 0
 1418145269 0 0 0 0 0 0 0 0 0 0 0
 1418145269 0 0 0 0 0 0 0 0 0 0 0
 1418145269 0 0 0 0 0 0 0 0 0 0 0
 1418145269 0 0 0 0 0 0 0 0 0 0 0
 1418145269 0 0 0 0 0 0 0 0 0 0 0
 1418145269 0 0 0 0 0 0 0 0 0 0 0
 1418145269 0 0 0 0 0 0 0 0 0 0 0
 1418145269 0 0 0 0 0 0 0 0 0 0 0
 1418145269 0 0 0 0 0 0 0 0 0 0 0
 1418145269 0 0 0 0 0 0 0 0 0 0 0
 1418145269 0 0 0 0 0 0 0 0 0 0 0
 1418145269 0 0 0 0 0 0 0 0 0 0 0
 1418145270 0 0 0 0 0 0 0 0 0 0 0
 1418145270 0 0 0 0 0 0 0 0 0 0 0
 1418145270 0 0 0 0 0 0 0 0 0 0 0
 1418145270 0 0 0 0 0 0 0 0 0 0 0
 1418145270 0 0 0 0 0 0 0 0 0 0 0
 1418145270 0 0 0 0 0 0 0 0 0 0 0
 1418145270 0 0 0 0 0 0 0 0 0 0 0
 1418145270 0 0 0 0 0 0 0 0 0 0 0
 1418145270 0 0 0 0 0 0 0 0 0 0 0
 1418145270 0 0 0 0 0 0 0 0 0 0 0
 1418145270 0 0 0 0 0 0 0 0 0 0 0
 1418145270 0 0 0 0 0 0 0 0 0 0 0
 1418145270 0 0 0 0 0 0 0 0 0 0 0
 1418145270 0 0 0 0 0 0 0 0 0 0 0
 1418145270 0 0 0 0 0 0 0 0 0 0 0
 1418145270 0 0 0 0 0 0 0 0 0 0 0
 1418145270 0 0 0 0 0 0 0 0 0 0 0
 1418145270 0 0 0 0 0 0 0 0 0 0 0
 1418145270 0 0 0 0 0 0 0 0 0 0 0
 1418145270 0 0 0 0 0 0 0 0 0 0 0
 1418145270 0 0 0 0 0 0 0 0 0 0 0
 1418145270 0 0 0 0 0 0 0 0 0 0 0
 1418145270 0 0 0 0 0 0 0 0 0 0 0
 1418145270 0 0 0 0 0 0 0 0 0 0 0
 1418145270 0 0 0 0 0 0 0 0 0 0 0
 1418145270 0 0 0 0 0 0 0 0 0 0 0
 1418145270 0 0 0 0 0 0 0 0 0 0 0
 1418145270 0 0 0 0 0 0 0 0 0 0 0
 1418145270 0 0 0 0 0 0 0 0 0 0 0
 1418145270 0 0 0 0 0 0 0 0 0 0 0
 1418145271 0 0 0 0 0 0 0 0 0 0 0
 1418145271 0 0 0 0 0 0 0 0 0 0 0
 1418145271 0 0 0 0 0 0 0 0 0 0 0
 1418145271 0 0 0 0 0 0 0 0 0 0 0
 1418145271 0 0 0 0 0 0 0 0 0 0 0
 1418145271 0 0 0 0 0 0 0 0 0 0 0
 1418145271 0 0 0 0 0 0 0 0 0 0 0
 1418145271 0 0 0 0 0 0 0 0 0 0 0
 1418145271 0 0 0 0 0 0 0 0 0 0 0
 1418145271 0 0 0 0 0 0 0 0 0 0 0
 1418145271 0 0 0 0 0 0 0 0 0 0 0
 1418145271 0 0 0 0 0 0 0 0 0 0 0
 1418145271 0 0 0 0 0 0 0 0 0 0 0
 1418145271 0 0 0 0 0 0 0 0 0 0 0
 1418145271 0 0 0 0 0 0 0 0 0 0 0
 1418145271 0 0 0 0 0 0 0 0 0 0 0
 1418145271 0 0 0 0 0 0 0 0 0 0 0
 1418145271 0 0 0 0 0 0 0 0 0 0 0
 1418145271 0 0 0 0 0 0 0 0 0 0 0
 1418145271 0 0 0 0 0 0 0 0 0 0 0
 1418145271 0 0 0 0 0 0 0 0 0 0 0
 1418145271 0 0 0 0 0 0 0 0 0 0 0
 1418145271 0 0 0 0 0 0 0 0 0 0 0
 1418145271 0 0 0 0 0 0 0 0 0 0 0
 1418145271 0 0 0 0 0 0 0 0 0 0 0
 1418145271 0 0 0 0 0 0 0 0 0 0 0
 1418145271 0 0 0 0 0 0 0 0 0 0 0
 1418145271 0 0 0 0 0 0 0 0 0 0 0
 1418145271 0 0 0 0 0 0 0 0 0 0 0
 1418145271 0 0 0 0 0 0 0 0 0 0 0
 1418145272 0 0 0 0 0 0 0 0 0 0 0
 1418145272 0 0 0 0 0 0 0 0 0 0 0
 1418145272 0 0 0 0 0 0 0 0 0 0 0
