 1418147195 9 7 0 2 0 0 100 166 216 195 400
 1418147196 9 8 0 1 0 0 101 165 217 195 401
 1418147196 9 10 0 3 0 0 100 165 216 200 400
 1418147196 11 14 2 5 0 0 91 165 190 200 400
 1418147197 14 18 6 7 0 0 93 160 184 197 400
 1418147197 19 21 7 5 0 0 93 167 179 185 401
 1418147197 21 22 4 2 0 0 95 167 176 200 403
 1418147198 21 23 1 1 0 0 96 153 176 200 404
 1418147198 24 26 3 3 0 0 93 153 172 225 162
 1418147198 29 31 6 7 0 0 91 149 167 179 162
 1418147199 33 35 7 7 0 0 91 139 161 173 166
 1418147199 35 36 5 3 0 0 87 139 159 152 162
 1418147199 35 37 1 1 0 0 85 156 157 152 161
 1418147200 36 39 1 3 0 0 85 155 155 152 161
 1418147200 39 42 4 5 0 0 85 151 163 160 159
 1418147200 44 46 7 6 0 0 84 151 138 196 159
 1418147200 47 49 6 5 0 0 81 144 206 196 162
 1418147201 49 50 2 1 0 0 80 140 188 150 161
 1418147201 52 52 4 3 0 0 80 140 142 150 205
 1418147202 57 56 8 6 0 0 42 136 137 182 205
 1418147202 61 60 6 6 0 0 82 132 131 139 162
 1418147202 61 61 3 4 0 0 82 132 64 102 163
 1418147203 63 62 2 1 0 1 100 66 63 102 158
 1418147203 65 63 3 2 0 1 96 104 103 91 158
 1418147203 65 63 2 1 0 1 96 123 120 122 159
 1418147204 65 63 0 0 0 1 95 123 122 141 159
 1418147204 65 63 0 0 0 1 58 124 122 141 158
 1418147204 65 63 0 0 0 0 95 124 123 157 158
 1418147205 65 63 0 0 0 0 95 123 140 149 158
 1418147205 66 63 1 0 0 0 95 123 157 152 158
 1418147205 69 65 4 2 0 0 93 156 157 151 160
 1418147206 74 68 7 4 0 0 91 120 150 151 166
 1418147206 77 74 5 8 0 0 93 114 127 145 166
 1418147206 79 77 3 6 0 0 93 109 109 151 160
 1418147207 79 79 1 3 0 0 93 109 108 149 161
 1418147207 79 80 1 2 0 0 94 109 108 149 140
 1418147207 80 80 1 1 0 0 94 109 107 147 140
 1418147208 81 80 1 0 0 0 94 107 107 148 141
 1418147208 82 80 1 0 0 0 94 107 106 147 141
 1418147208 84 83 2 3 0 0 94 107 116 143 151
 1418147208 89 88 6 7 0 0 97 102 110 143 167
 1418147209 93 93 7 8 0 0 97 128 126 137 167
 1418147209 94 96 4 6 0 0 97 132 90 128 160
 1418147209 95 96 2 2 0 0 98 132 89 126 148
 1418147210 96 97 2 1 0 0 97 131 89 126 148
 1418147210 99 100 4 3 0 0 97 118 98 124 161
 1418147210 104 104 7 6 0 0 99 118 91 116 169
 1418147211 108 108 7 7 0 0 100 118 86 116 149
 1418147211 109 109 1 1 0 0 101 112 84 111 154
 1418147211 110 110 1 1 0 0 101 111 100 111 164
 1418147212 113 114 4 4 0 0 102 108 98 109 164
 1418147212 117 118 6 6 0 0 102 126 75 100 162
 1418147212 119 120 6 6 0 0 106 126 71 100 168
 1418147213 120 122 1 2 0 1 106 98 69 94 168
 1418147213 120 122 0 0 0 1 106 98 69 97 162
 1418147213 120 122 0 0 0 1 106 98 68 98 162
 1418147214 120 122 0 0 0 1 106 98 69 98 163
 1418147214 120 122 0 0 0 1 106 98 69 98 163
 1418147214 120 122 0 0 0 1 106 98 69 97 162
 1418147215 120 122 0 0 0 1 106 98 69 98 162
 1418147215 120 122 0 0 0 1 106 98 69 97 162
 1418147215 120 122 0 0 0 1 106 98 69 97 162
 1418147216 120 122 0 0 0 1 106 98 69 97 162
 1418147216 120 122 0 0 0 1 106 98 69 97 162
 1418147216 120 122 0 0 0 1 106 98 69 98 162
 1418147217 120 122 0 0 0 1 106 98 69 98 162
 1418147217 120 122 0 0 0 1 106 98 69 98 162
 1418147217 120 122 0 0 0 1 106 98 69 97 162
 1418147218 120 122 0 0 0 1 106 98 69 97 162
 1418147218 120 122 0 0 0 1 106 98 69 98 162
 1418147218 120 122 0 0 0 1 106 98 69 98 163
 1418147219 120 122 0 0 0 1 106 98 69 98 164
 1418147219 120 122 0 0 0 1 106 98 69 98 164
 1418147219 120 122 0 0 0 1 106 91 69 79 164
 1418147220 120 122 0 0 0 1 106 91 69 68 164
 1418147220 120 122 0 0 0 1 106 98 69 97 164
 1418147220 120 122 0 0 0 1 106 98 69 97 164
 1418147221 120 122 0 0 0 1 106 98 69 93 164
 1418147221 120 122 0 0 0 1 106 98 69 94 20
 1418147221 120 122 0 0 0 1 106 98 69 98 163
 1418147222 120 122 0 0 0 1 106 98 69 98 164
 1418147222 120 122 0 0 0 1 106 98 69 98 162
 1418147222 120 122 0 0 0 1 106 98 69 98 162
 1418147223 120 122 0 0 0 1 106 98 69 98 163
 1418147223 120 122 0 0 0 1 106 98 69 98 163
 1418147223 120 122 0 0 0 1 106 98 69 98 163
 1418147223 120 122 0 0 0 1 106 98 69 98 163
 1418147224 120 122 0 0 0 1 106 98 69 97 164
 1418147224 120 122 0 0 0 1 106 98 69 97 164
 1418147224 120 122 0 0 0 1 106 98 69 98 164
 1418147225 120 122 0 0 0 1 106 98 69 98 164
 1418147225 120 122 0 0 0 1 106 98 69 98 166
 1418147225 120 122 0 0 0 1 106 98 69 97 166
 1418147225 120 122 0 0 0 1 106 98 69 98 165
 1418147226 120 122 0 0 0 1 106 98 69 98 164
 1418147226 120 122 0 0 0 1 106 98 69 98 164
 1418147226 120 122 0 0 0 1 106 98 69 98 164
 1418147227 120 122 0 0 0 1 106 98 69 98 164
 1418147227 120 122 0 0 0 1 106 98 69 98 164
 1418147227 120 122 0 0 0 1 106 98 69 98 141
 1418147227 120 122 0 0 0 1 106 98 69 98 141
 1418147228 120 122 0 0 0 1 106 98 69 98 162
 1418147228 120 122 0 0 0 1 106 98 69 98 162
 1418147228 120 122 0 0 0 1 106 98 69 98 163
 1418147229 120 122 0 0 0 1 106 98 69 98 162
 1418147229 120 122 0 0 0 1 106 98 69 97 162
 1418147229 120 122 0 0 0 1 106 98 69 98 163
 1418147229 120 122 0 0 0 1 106 98 69 98 164
 1418147230 120 122 0 0 0 1 106 98 69 98 164
 1418147230 120 122 0 0 0 1 106 98 69 97 163
 1418147230 120 122 0 0 0 1 106 98 69 97 164
 1418147231 120 122 0 0 0 1 106 98 69 97 164
 1418147231 120 122 0 0 0 1 106 98 69 98 163
 1418147231 120 122 0 0 0 1 106 98 69 98 141
 1418147232 120 122 0 0 0 1 106 98 69 98 141
 1418147232 120 122 0 0 0 1 106 98 69 97 141
 1418147232 120 122 0 0 0 1 106 98 69 98 141
 1418147233 120 122 0 0 0 1 106 98 69 98 141
 1418147233 120 122 0 0 0 1 106 98 69 98 163
 1418147233 120 122 0 0 0 1 106 98 69 98 163
 1418147233 120 122 0 0 0 1 106 98 69 97 141
 1418147234 120 122 0 0 0 1 106 98 69 97 141
 1418147234 120 122 0 0 0 1 107 98 69 97 141
 1418147234 120 122 0 0 0 1 107 98 69 98 162
 1418147235 120 122 0 0 0 1 106 98 69 98 163
 1418147235 120 122 0 0 0 1 106 98 69 98 163
 1418147235 120 122 0 0 0 1 106 98 69 98 163
 1418147235 120 122 0 0 0 1 106 98 69 98 163
 1418147236 120 122 0 0 0 1 106 98 69 98 162
 1418147236 120 122 0 0 0 1 107 98 69 97 162
 1418147236 120 122 0 0 0 1 107 98 69 98 162
 1418147237 120 122 0 0 0 1 106 98 69 98 163
 1418147237 120 122 0 0 0 1 106 98 69 98 163
 1418147237 120 122 0 0 0 1 106 98 69 98 163
 1418147237 120 122 0 0 0 1 106 98 69 98 162
 1418147238 120 122 0 0 0 1 106 98 69 98 162
 1418147238 120 122 0 0 0 1 106 98 69 97 163
 1418147238 120 122 0 0 0 1 106 98 69 97 162
 1418147239 120 122 0 0 0 1 106 98 69 97 164
 1418147239 120 122 0 0 0 1 106 98 69 97 164
 1418147239 120 122 0 0 0 1 106 98 69 98 164
 1418147239 120 122 0 0 0 1 106 98 69 98 164
 1418147240 120 122 0 0 0 1 106 98 69 98 164
 1418147240 120 122 0 0 0 1 106 98 69 97 164
 1418147240 120 122 0 0 0 1 106 98 69 97 164
 1418147241 120 122 0 0 0 1 106 98 69 98 164
 1418147241 120 122 0 0 0 1 106 98 69 97 163
 1418147241 120 122 0 0 0 1 106 98 69 98 163
 1418147241 120 122 0 0 0 1 106 98 69 98 163
 1418147242 120 122 0 0 0 1 106 98 69 97 163
 1418147242 120 122 0 0 0 1 106 98 69 97 163
 1418147243 120 122 0 0 0 1 106 98 69 97 163
 1418147243 120 122 0 0 0 1 106 98 69 97 163
 1418147243 120 122 0 0 0 1 106 98 69 97 163
 1418147243 120 122 0 0 0 1 106 98 69 97 163
 1418147244 120 122 0 0 0 1 106 98 69 97 163
 1418147244 120 122 0 0 0 1 106 98 69 97 162
 1418147244 120 122 0 0 0 1 106 98 69 97 162
 1418147245 120 122 0 0 0 1 106 98 69 97 163
 1418147245 120 122 0 0 0 1 106 98 69 97 162
 1418147245 120 122 0 0 0 1 106 98 69 97 162
 1418147245 120 122 0 0 0 1 106 98 69 97 163
 1418147246 120 122 0 0 0 1 106 98 69 94 163
 1418147246 120 122 0 0 0 1 106 98 69 94 162
 1418147246 120 122 0 0 0 1 106 98 69 97 162
 1418147247 120 122 0 0 0 1 106 98 69 94 162
 1418147247 120 122 0 0 0 1 106 98 69 94 162
 1418147247 120 122 0 0 0 1 106 98 69 98 162
 1418147247 120 122 0 0 0 1 106 98 69 97 163
 1418147248 120 122 0 0 0 1 106 98 69 97 162
 1418147248 120 122 0 0 0 1 106 98 69 97 162
 1418147248 120 122 0 0 0 1 106 98 69 98 163
 1418147249 120 122 0 0 0 1 106 98 69 98 163
 1418147249 120 122 0 0 0 1 106 98 69 98 163
 1418147249 120 122 0 0 0 1 106 98 69 97 163
 1418147249 120 122 0 0 0 1 106 98 69 98 164
 1418147250 120 122 0 0 0 1 106 98 69 98 163
 1418147250 120 122 0 0 0 1 106 98 69 98 163
 1418147250 120 122 0 0 0 1 106 98 69 97 163
 1418147251 120 122 0 0 0 1 106 98 69 97 163
 1418147251 120 122 0 0 0 1 106 98 69 98 163
 1418147251 120 122 0 0 0 1 106 98 69 98 163
 1418147251 120 122 0 0 0 1 106 98 69 98 163
 1418147252 120 122 0 0 0 1 106 98 69 97 163
 1418147252 120 122 0 0 0 1 106 98 69 97 163
 1418147252 120 122 0 0 0 1 106 98 69 97 163
 1418147253 120 122 0 0 0 1 106 98 69 98 163
 1418147253 120 122 0 0 0 1 106 98 69 98 163
 1418147253 120 122 0 0 0 1 106 98 69 97 163
 1418147254 120 122 0 0 0 1 106 98 69 97 162
 1418147254 120 122 0 0 0 1 106 98 69 97 163
 1418147254 120 122 0 0 0 1 106 98 69 94 163
 1418147255 120 122 0 0 0 1 106 98 69 97 162
 1418147255 120 122 0 0 0 1 106 98 69 97 167
 1418147255 120 122 0 0 0 1 106 98 69 94 167
 1418147255 120 122 0 0 0 1 106 98 69 97 162
 1418147256 120 122 0 0 0 1 106 98 69 94 167
 1418147256 120 122 0 0 0 1 106 98 69 94 167
 1418147256 120 122 0 0 0 1 106 98 69 98 164
 1418147257 120 122 0 0 0 1 106 98 69 98 167
 1418147257 120 122 0 0 0 1 106 98 69 98 167
 1418147257 120 122 0 0 0 1 106 98 69 98 167
 1418147257 120 122 0 0 0 1 106 98 69 97 164
 1418147258 120 122 0 0 0 1 106 98 69 97 163
 1418147258 120 122 0 0 0 1 106 98 69 97 163
 1418147258 120 122 0 0 0 1 106 98 69 97 162
 1418147259 120 122 0 0 0 1 106 98 69 97 162
 1418147259 120 122 0 0 0 1 106 98 69 97 162
 1418147259 120 122 0 0 0 1 106 98 69 98 162
 1418147259 120 122 0 0 0 1 106 98 69 94 163
 1418147260 120 122 0 0 0 1 106 98 69 94 162
 1418147260 120 122 0 0 0 1 106 98 69 97 162
 1418147260 120 122 0 0 0 1 106 98 69 97 163
 1418147261 120 122 0 0 0 1 106 98 69 97 163
 1418147261 120 122 0 0 0 1 106 98 69 98 163
 1418147261 120 122 0 0 0 1 106 98 69 97 162
