 1418296065 9 8 0 0 0 0 81 283 281 263 69
 1418296065 9 8 0 0 0 0 81 283 281 263 69
 1418296066 9 9 0 1 0 0 81 283 282 275 69
 1418296066 9 12 0 4 0 0 82 282 279 275 68
 1418296066 12 16 3 6 0 0 82 279 276 267 68
 1418296067 15 19 6 7 0 0 82 279 272 260 69
 1418296067 19 21 7 5 0 0 81 273 268 260 70
 1418296067 21 22 4 2 0 0 80 266 266 256 70
 1418296067 22 23 3 2 0 0 80 266 265 246 71
 1418296068 25 28 4 5 0 0 80 265 260 239 69
 1418296068 27 31 5 7 0 0 80 259 256 239 69
 1418296068 31 34 6 6 0 0 80 253 248 234 69
 1418296069 33 35 4 3 0 0 79 253 249 232 69
 1418296069 33 35 2 0 0 0 79 251 245 232 69
 1418296069 35 37 2 2 0 0 79 249 242 230 70
 1418296069 38 41 5 5 0 0 78 249 239 224 70
 1418296070 41 44 6 7 0 0 78 241 237 224 70
 1418296070 44 47 6 6 0 0 78 232 230 219 72
 1418296070 45 48 4 3 0 0 77 232 230 219 69
 1418296070 45 49 1 2 0 0 77 231 228 216 69
 1418296071 47 51 1 3 0 0 77 231 227 214 68
 1418296071 50 55 4 6 0 0 77 227 223 214 68
 1418296071 53 58 6 7 0 0 76 219 217 208 68
 1418296071 56 60 6 5 0 0 76 219 215 204 69
 1418296072 57 61 3 2 0 0 75 215 216 204 69
 1418296072 57 61 1 1 0 0 75 214 215 202 69
 1418296072 58 61 1 1 0 0 75 214 216 202 69
 1418296073 61 66 4 4 0 0 75 214 212 197 69
 1418296073 66 70 7 7 0 0 74 206 203 197 71
 1418296073 69 73 7 7 0 0 74 199 199 193 71
 1418296073 70 75 3 4 0 0 73 199 196 190 72
 1418296074 71 75 1 2 0 0 73 196 195 190 72
 1418296074 73 76 3 1 0 0 73 194 194 188 71
 1418296074 75 78 4 3 0 0 72 194 192 188 72
 1418296074 79 82 6 6 0 0 71 187 187 184 72
 1418296075 82 85 7 7 0 0 71 187 183 175 73
 1418296075 84 87 5 4 0 0 70 182 180 175 74
 1418296075 84 87 1 1 0 0 70 179 179 172 74
 1418296075 85 89 1 2 0 0 70 179 179 171 73
 1418296076 87 92 3 5 0 0 71 178 175 171 73
 1418296076 90 95 4 6 0 0 71 173 172 166 73
 1418296076 95 99 8 6 0 0 70 173 166 158 75
 1418296076 97 101 7 5 0 0 68 164 163 158 75
 1418296077 99 101 4 2 0 0 68 161 162 156 76
 1418296077 99 101 2 0 0 0 67 161 161 156 77
 1418296077 101 103 2 2 0 0 67 160 160 156 77
 1418296077 103 105 4 4 0 0 67 160 157 151 77
 1418296078 104 107 4 6 0 0 67 155 156 151 77
 1418296078 111 113 6 6 0 0 65 147 148 144 78
 1418296078 113 115 4 4 0 0 65 144 145 140 78
 1418296079 113 115 2 2 0 0 65 144 144 140 78
 1418296079 113 115 0 0 0 0 65 143 144 139 78
 1418296079 115 117 2 2 0 0 65 143 143 137 78
 1418296079 119 121 6 6 0 0 65 140 139 137 79
 1418296080 122 125 7 7 0 0 65 133 135 131 79
 1418296080 125 128 6 6 0 0 64 133 129 124 80
 1418296080 127 129 3 3 0 0 63 128 127 124 80
 1418296080 127 129 2 1 0 0 63 127 126 122 80
 1418296081 129 131 2 2 0 0 63 127 125 120 80
 1418296081 131 134 4 4 0 0 63 124 122 120 80
 1418296081 135 139 6 7 0 0 63 117 117 113 80
 1418296082 137 141 6 6 0 0 63 117 113 113 89
 1418296082 138 143 3 4 0 0 63 113 111 107 89
 1418296082 138 143 1 2 0 0 63 113 111 106 81
 1418296082 140 143 2 0 0 0 62 112 110 106 82
 1418296083 143 145 4 2 0 0 62 108 107 104 82
 1418296083 147 149 6 6 0 0 60 108 102 99 82
 1418296083 150 152 7 7 0 0 60 100 98 99 82
 1418296083 152 155 4 6 0 0 60 97 93 91 83
 1418296084 152 156 2 3 0 0 60 97 93 91 83
 1418296084 153 157 1 2 0 0 60 95 91 89 83
 1418296084 156 159 4 3 0 0 60 95 90 86 83
 1418296084 160 163 7 6 0 0 59 90 85 86 84
 1418296085 162 166 6 7 0 0 59 83 81 79 84
 1418296085 165 169 5 6 0 0 58 83 77 73 84
 1418296085 165 169 4 4 0 0 58 79 76 73 84
 1418296085 165 170 0 1 0 1 58 79 75 71 84
 1418296086 165 170 0 0 0 1 58 78 75 71 84
 1418296086 165 170 0 0 0 1 58 78 75 71 84
 1418296086 165 170 0 0 0 1 58 78 75 71 84
 1418296087 165 170 0 0 0 1 58 78 75 71 84
 1418296087 165 170 0 0 0 1 58 78 75 71 84
 1418296087 165 170 0 0 0 1 58 78 75 71 84
 1418296087 165 170 0 0 0 1 58 78 75 71 84
 1418296088 165 170 0 0 0 1 58 78 76 71 84
 1418296088 165 170 0 0 0 1 58 78 75 71 84
 1418296088 165 170 0 0 0 1 58 78 75 71 84
 1418296089 165 170 0 0 0 1 58 78 75 71 84
 1418296089 165 170 0 0 0 1 58 78 76 71 84
 1418296089 165 170 0 0 0 1 58 78 76 71 84
 1418296089 165 170 0 0 0 1 58 78 76 71 84
 1418296090 165 170 0 0 0 1 58 78 76 71 84
 1418296090 165 170 0 0 0 1 58 78 76 71 84
 1418296090 165 170 0 0 0 1 58 78 76 71 84
 1418296090 165 170 0 0 0 1 58 78 76 71 84
 1418296091 165 170 0 0 0 1 58 78 76 71 84
 1418296091 165 170 0 0 0 1 58 78 76 71 84
 1418296091 165 170 0 0 0 1 58 78 76 71 84
 1418296091 165 170 0 0 0 1 58 78 76 71 84
 1418296092 165 170 0 0 0 1 58 78 76 71 84
 1418296092 165 170 0 0 0 1 58 78 76 71 84
 1418296092 165 170 0 0 0 1 58 78 76 71 84
 1418296093 165 170 0 0 0 1 58 78 76 71 84
 1418296093 165 170 0 0 0 1 58 78 76 71 84
 1418296093 165 170 0 0 0 1 58 78 76 71 84
 1418296093 165 170 0 0 0 1 58 78 76 71 84
 1418296094 165 170 0 0 0 1 58 78 76 71 84
 1418296094 165 170 0 0 0 1 58 78 76 71 84
 1418296094 165 170 0 0 0 1 58 78 76 71 84
 1418296094 165 170 0 0 0 1 58 78 75 71 84
 1418296095 165 170 0 0 0 1 58 78 75 71 84
 1418296095 165 170 0 0 0 1 58 78 75 71 84
 1418296095 165 170 0 0 0 1 58 78 75 71 84
 1418296095 165 170 0 0 0 1 58 78 76 71 84
 1418296096 165 170 0 0 0 1 58 78 76 71 84
 1418296096 165 170 0 0 0 1 58 78 76 71 84
 1418296096 165 170 0 0 0 1 58 78 76 71 84
