 1418144114 -39 9 -18 0 0 0 214 187 105 89 102
 1418144114 -57 9 -22 0 0 0 166 168 89 89 110
 1418144115 -79 8 -26 -1 0 0 268 83 76 87 67
 1418144115 -91 9 -28 1 0 0 117 126 78 87 67
 1418144115 -107 9 -20 1 1 1 117 126 76 87 157
 1418144116 -108 9 -14 1 1 1 117 89 87 111 157
 1418144116 -107 9 0 0 1 1 117 89 87 22 142
 1418144116 -107 9 1 0 1 1 49 89 87 22 142
 1418144116 -107 9 0 0 1 1 49 89 88 107 141
 1418144117 -107 9 0 0 1 1 49 89 87 107 142
 1418144117 -107 9 0 0 1 1 49 89 87 114 142
 1418144117 -107 9 0 0 1 1 49 89 87 98 142
 1418144118 -107 9 0 0 1 1 49 89 87 122 157
 1418144118 -107 9 0 0 1 0 49 89 88 122 141
 1418144118 -107 9 0 0 1 0 49 89 88 98 141
 1418144119 -107 10 0 1 1 0 49 89 95 99 141
 1418144119 -107 14 0 4 1 0 117 89 86 97 135
 1418144119 -107 20 0 8 1 0 119 92 64 77 53
 1418144120 -107 24 0 8 1 0 123 92 65 77 43
 1418144120 -107 24 0 1 1 1 218 67 78 74 43
 1418144121 -107 25 0 1 1 1 191 99 87 78 29
 1418144121 -106 25 1 1 1 1 191 101 89 79 87
 1418144121 -103 25 3 0 1 1 191 175 89 84 87
 1418144122 -99 25 6 0 1 1 231 175 177 95 86
 1418144122 -95 26 6 2 1 0 87 291 177 95 80
 1418144122 -90 25 8 -1 1 0 85 339 180 97 80
 1418144122 -89 24 4 -2 1 0 85 347 182 173 77
 1418144123 -91 24 -2 0 1 0 85 347 183 104 78
 1418144123 -92 24 -3 0 1 0 82 194 186 104 86
 1418144123 -89 25 3 1 1 0 76 320 191 107 86
 1418144124 -88 25 2 0 1 0 74 332 264 182 86
 1418144124 -90 26 -2 1 1 0 74 259 188 177 86
 1418144125 -90 28 -1 3 1 0 74 259 261 175 74
 1418144125 -90 27 -1 0 1 0 75 346 188 175 74
 1418144125 -90 27 0 0 1 0 75 345 188 175 74
 1418144126 -90 27 0 0 1 0 74 345 188 175 74
 1418144126 -90 27 0 0 1 0 74 346 188 175 74
 1418144126 -90 27 0 0 1 0 74 346 188 175 74
 1418144127 -90 27 0 0 1 0 75 346 188 175 73
 1418144127 -90 27 0 0 1 0 75 347 188 175 73
 1418144127 -90 27 0 0 1 0 75 346 188 175 73
 1418144128 -90 27 0 0 1 0 75 347 188 175 73
 1418144128 -90 27 0 0 1 0 75 386 188 175 73
 1418144128 -90 27 0 0 1 0 69 386 188 175 73
 1418144129 -90 27 0 0 1 0 75 386 270 175 73
 1418144129 -90 27 0 0 1 0 75 348 330 175 73
 1418144129 -90 27 0 0 1 0 75 350 248 175 73
 1418144130 -90 27 0 0 1 0 75 349 188 175 74
 1418144130 -90 27 0 0 1 0 70 202 188 175 74
 1418144130 -90 27 0 0 1 0 75 202 168 170 74
 1418144131 -90 27 0 0 1 0 75 177 125 170 74
 1418144131 -90 27 0 0 1 0 75 347 102 128 74
 1418144131 -90 27 0 0 1 0 75 383 68 59 74
 1418144132 -90 27 0 0 1 0 75 383 330 36 74
 1418144132 -90 27 0 0 1 0 70 330 188 36 74
 1418144132 -90 27 0 0 1 0 70 330 188 29 74
 1418144133 -90 27 0 0 1 0 70 330 188 29 74
 1418144133 -90 27 0 0 1 1 75 348 188 29 74
 1418144133 -90 27 0 0 1 1 75 384 188 176 74
 1418144134 -90 27 0 0 1 1 74 384 344 32 74
 1418144134 -90 27 0 0 1 1 74 347 52 45 74
 1418144134 -90 27 0 0 1 1 75 348 74 45 74
 1418144135 -90 27 0 0 1 1 75 110 99 78 74
 1418144135 -90 27 0 0 1 1 75 126 124 111 74
 1418144135 -90 27 0 0 1 1 75 126 146 148 74
 1418144136 -90 27 0 0 1 1 70 156 158 148 74
 1418144136 -90 27 0 0 1 0 69 168 171 164 74
 1418144136 -90 27 0 0 1 0 75 168 168 164 74
 1418144137 -90 27 0 0 1 0 75 182 167 175 74
 1418144137 -90 27 0 0 1 0 75 182 163 165 74
 1418144137 -90 27 0 0 1 0 69 177 169 165 74
 1418144137 -90 27 0 0 1 0 69 178 171 171 74
 1418144138 -90 27 0 0 1 0 69 173 169 168 74
 1418144138 -90 27 0 0 1 0 75 173 166 176 74
 1418144138 -90 27 0 0 1 0 75 169 167 176 74
