 1418297513 10 9 2 0 0 0 57 291 286 280 96
 1418297514 10 9 0 0 0 0 56 289 287 212 96
 1418297514 11 10 1 1 0 0 56 289 286 212 96
 1418297514 13 12 3 3 0 0 56 285 287 213 96
 1418297515 17 14 6 4 0 0 56 285 282 213 96
 1418297515 21 18 8 6 0 0 56 278 280 197 96
 1418297515 23 21 5 5 0 0 56 272 271 199 95
 1418297516 24 21 3 3 0 0 57 272 270 199 95
 1418297516 25 22 1 1 0 0 57 271 270 198 95
 1418297516 26 24 2 2 0 0 57 271 267 195 96
 1418297516 31 27 5 5 0 0 57 268 267 195 93
 1418297517 33 30 6 6 0 0 57 259 263 182 93
 1418297517 37 34 6 7 0 0 58 259 255 184 91
 1418297517 37 35 4 4 0 0 58 254 254 184 91
 1418297517 38 35 0 1 0 0 58 253 253 183 91
 1418297518 40 36 3 1 0 0 58 253 251 183 91
 1418297518 44 40 6 5 0 0 58 251 248 183 91
 1418297518 46 43 7 7 0 0 58 243 243 168 91
 1418297518 49 47 5 7 0 0 60 243 238 233 89
 1418297519 50 48 3 5 0 0 60 238 237 233 89
 1418297519 50 48 1 1 0 0 60 237 236 231 88
 1418297519 51 49 1 1 0 0 60 237 236 231 88
 1418297519 55 52 5 4 0 0 60 234 232 157 88
 1418297520 58 55 6 6 0 0 60 234 229 151 87
 1418297520 62 59 7 7 0 0 61 226 223 151 84
 1418297520 63 60 5 5 0 0 61 221 221 145 84
 1418297521 64 61 2 2 0 0 62 221 219 144 84
 1418297521 64 61 1 1 0 0 62 220 220 144 84
 1418297521 67 64 3 3 0 0 62 215 216 213 83
 1418297521 70 68 5 6 0 0 63 215 212 213 82
 1418297522 74 73 7 7 0 0 64 207 206 204 82
 1418297522 76 74 5 6 0 0 64 207 205 198 80
 1418297522 77 75 3 2 0 0 64 203 202 198 80
 1418297522 77 75 1 1 0 0 64 203 202 197 80
 1418297523 78 77 1 2 0 0 64 203 203 194 80
 1418297523 80 80 3 4 0 0 65 198 200 194 80
 1418297523 85 85 7 8 0 0 65 190 192 188 79
 1418297523 87 88 6 8 0 0 65 190 188 188 78
 1418297524 90 90 5 5 0 0 65 182 184 181 78
 1418297524 91 90 3 2 0 0 65 182 183 175 79
 1418297524 91 90 1 0 0 0 65 180 183 175 79
 1418297524 93 92 2 2 0 0 65 178 181 175 79
 1418297525 96 96 5 5 0 0 65 178 177 169 78
 1418297525 99 99 6 7 0 0 66 172 174 169 78
 1418297525 103 103 7 7 0 0 66 165 168 161 78
 1418297525 105 105 4 5 0 0 66 165 165 157 77
 1418297526 105 105 2 2 0 0 66 162 165 157 77
 1418297526 105 105 0 0 0 0 66 161 164 156 77
 1418297526 107 106 2 1 0 0 66 161 163 156 78
 1418297527 111 109 7 4 0 0 66 156 159 154 78
 1418297527 116 114 8 7 0 0 66 156 157 154 78
 1418297527 118 117 6 8 0 0 66 146 150 144 78
 1418297527 120 120 4 6 0 0 67 146 147 142 77
 1418297528 121 121 3 4 0 0 68 142 146 142 77
 1418297528 122 121 1 0 0 0 67 142 144 141 76
 1418297528 124 123 2 2 0 0 67 142 143 139 76
 1418297529 128 127 6 6 0 0 67 138 139 139 77
 1418297529 133 131 7 7 0 0 67 130 133 133 77
 1418297529 134 132 5 5 0 0 67 130 130 128 76
 1418297529 135 133 2 2 0 0 67 126 129 128 76
 1418297530 135 133 1 1 0 0 67 125 128 127 76
 1418297530 137 136 2 3 0 0 68 125 126 124 76
 1418297530 139 139 4 5 0 0 69 122 123 124 76
 1418297530 143 144 6 8 0 0 69 116 117 116 75
 1418297531 145 147 6 7 0 0 69 116 113 116 75
 1418297531 146 148 3 3 0 0 69 111 111 110 75
 1418297531 147 148 2 1 0 0 69 111 111 109 76
 1418297531 149 150 3 2 0 0 69 110 109 109 74
 1418297532 151 152 4 4 0 0 69 107 107 106 74
 1418297532 156 157 7 7 0 0 69 107 100 99 73
 1418297532 158 160 7 8 0 0 69 98 97 99 73
 1418297532 160 161 4 4 0 0 69 93 94 93 73
 1418297533 161 162 2 2 0 0 69 93 93 93 73
 1418297533 161 163 1 2 0 0 69 93 92 92 73
 1418297533 163 164 2 3 0 0 69 93 91 89 73
 1418297533 168 169 5 6 0 0 69 88 86 89 73
 1418297534 171 172 6 7 0 0 69 81 80 82 73
 1418297534 173 174 5 5 0 0 69 81 78 77 73
 1418297534 173 174 4 4 0 0 69 77 77 77 73
 1418297535 173 175 0 1 0 1 69 77 77 75 73
 1418297535 173 175 0 0 0 1 69 77 77 75 73
 1418297535 173 175 0 0 0 1 69 77 77 75 73
 1418297535 173 175 0 0 0 1 69 77 77 75 73
 1418297536 173 175 0 0 0 1 69 77 77 75 73
 1418297536 173 175 0 0 0 1 69 77 77 75 73
 1418297536 173 175 0 0 0 1 69 77 77 75 73
 1418297536 173 175 0 0 0 1 69 77 77 75 73
 1418297537 173 175 0 0 0 1 69 77 77 75 73
 1418297537 173 175 0 0 0 1 69 77 77 75 73
 1418297537 173 175 0 0 0 1 69 77 77 75 73
 1418297537 173 175 0 0 0 1 69 77 77 75 73
 1418297538 173 175 0 0 0 1 69 77 77 75 73
 1418297538 173 175 0 0 0 1 69 77 77 75 73
 1418297538 173 175 0 0 0 1 69 77 77 75 73
 1418297539 173 175 0 0 0 1 69 77 77 75 73
 1418297539 173 175 0 0 0 1 69 77 77 75 73
 1418297539 173 175 0 0 0 1 69 77 77 75 73
 1418297539 173 175 0 0 0 1 69 77 77 75 73
 1418297540 173 175 0 0 0 1 69 77 77 75 73
 1418297540 173 175 0 0 0 1 69 77 77 75 73
 1418297540 173 175 0 0 0 1 69 77 77 75 73
 1418297540 173 175 0 0 0 1 69 77 77 75 73
 1418297541 173 175 0 0 0 1 69 77 77 75 73
 1418297541 173 175 0 0 0 1 69 77 77 75 73
 1418297541 173 175 0 0 0 1 69 77 77 75 73
 1418297541 173 175 0 0 0 1 69 77 77 75 73
 1418297542 173 175 0 0 0 1 69 77 77 75 73
 1418297542 173 175 0 0 0 1 69 77 77 75 73
 1418297542 173 175 0 0 0 1 69 77 77 75 73
 1418297543 173 175 0 0 0 1 69 77 77 75 73
 1418297543 173 175 0 0 0 1 69 77 77 75 73
 1418297543 173 175 0 0 0 1 69 76 77 75 73
 1418297543 173 175 0 0 0 1 69 77 77 75 73
 1418297544 173 174 0 -1 0 1 69 77 77 75 73
 1418297544 173 175 0 0 0 1 69 77 77 76 73
 1418297544 173 175 0 0 0 1 69 77 77 75 73
 1418297544 173 175 0 0 0 1 69 77 77 75 73
 1418297545 173 175 0 0 0 1 69 77 77 75 73
 1418297545 173 175 0 0 0 1 69 77 76 75 73
