 1418149197 0 0 0 0 0 0 0 0 0 0 0
 1418149197 0 0 0 0 0 0 0 0 0 0 0
 1418149197 0 0 0 0 0 0 0 0 0 0 0
 1418149197 0 0 0 0 0 0 0 0 0 0 0
 1418149197 0 0 0 0 0 0 0 0 0 0 0
 1418149197 0 0 0 0 0 0 0 0 0 0 0
 1418149197 0 0 0 0 0 0 0 0 0 0 0
 1418149197 0 0 0 0 0 0 0 0 0 0 0
 1418149197 0 0 0 0 0 0 0 0 0 0 0
 1418149197 0 0 0 0 0 0 0 0 0 0 0
 1418149197 0 0 0 0 0 0 0 0 0 0 0
 1418149197 0 0 0 0 0 0 0 0 0 0 0
 1418149197 0 0 0 0 0 0 0 0 0 0 0
 1418149197 0 0 0 0 0 0 0 0 0 0 0
 1418149197 0 0 0 0 0 0 0 0 0 0 0
 1418149198 0 0 0 0 0 0 0 0 0 0 0
 1418149198 0 0 0 0 0 0 0 0 0 0 0
 1418149198 0 0 0 0 0 0 0 0 0 0 0
 1418149198 0 0 0 0 0 0 0 0 0 0 0
 1418149198 0 0 0 0 0 0 0 0 0 0 0
 1418149198 0 0 0 0 0 0 0 0 0 0 0
 1418149198 0 0 0 0 0 0 0 0 0 0 0
 1418149198 0 0 0 0 0 0 0 0 0 0 0
 1418149198 0 0 0 0 0 0 0 0 0 0 0
 1418149198 0 0 0 0 0 0 0 0 0 0 0
 1418149198 0 0 0 0 0 0 0 0 0 0 0
 1418149198 0 0 0 0 0 0 0 0 0 0 0
 1418149198 0 0 0 0 0 0 0 0 0 0 0
 1418149198 0 0 0 0 0 0 0 0 0 0 0
 1418149198 0 0 0 0 0 0 0 0 0 0 0
 1418149198 0 0 0 0 0 0 0 0 0 0 0
 1418149198 0 0 0 0 0 0 0 0 0 0 0
 1418149198 0 0 0 0 0 0 0 0 0 0 0
 1418149198 0 0 0 0 0 0 0 0 0 0 0
 1418149198 0 0 0 0 0 0 0 0 0 0 0
 1418149198 0 0 0 0 0 0 0 0 0 0 0
 1418149198 0 0 0 0 0 0 0 0 0 0 0
 1418149198 0 0 0 0 0 0 0 0 0 0 0
 1418149198 0 0 0 0 0 0 0 0 0 0 0
 1418149198 0 0 0 0 0 0 0 0 0 0 0
 1418149198 0 0 0 0 0 0 0 0 0 0 0
 1418149198 0 0 0 0 0 0 0 0 0 0 0
 1418149198 0 0 0 0 0 0 0 0 0 0 0
 1418149198 0 0 0 0 0 0 0 0 0 0 0
 1418149198 0 0 0 0 0 0 0 0 0 0 0
 1418149199 0 0 0 0 0 0 0 0 0 0 0
 1418149199 0 0 0 0 0 0 0 0 0 0 0
 1418149199 0 0 0 0 0 0 0 0 0 0 0
 1418149199 0 0 0 0 0 0 0 0 0 0 0
 1418149199 0 0 0 0 0 0 0 0 0 0 0
 1418149199 0 0 0 0 0 0 0 0 0 0 0
 1418149199 0 0 0 0 0 0 0 0 0 0 0
 1418149199 0 0 0 0 0 0 0 0 0 0 0
 1418149199 0 0 0 0 0 0 0 0 0 0 0
 1418149199 0 0 0 0 0 0 0 0 0 0 0
 1418149199 0 0 0 0 0 0 0 0 0 0 0
 1418149199 0 0 0 0 0 0 0 0 0 0 0
 1418149199 0 0 0 0 0 0 0 0 0 0 0
 1418149199 0 0 0 0 0 0 0 0 0 0 0
 1418149199 0 0 0 0 0 0 0 0 0 0 0
 1418149199 0 0 0 0 0 0 0 0 0 0 0
 1418149199 0 0 0 0 0 0 0 0 0 0 0
 1418149199 0 0 0 0 0 0 0 0 0 0 0
 1418149199 0 0 0 0 0 0 0 0 0 0 0
 1418149199 0 0 0 0 0 0 0 0 0 0 0
 1418149199 0 0 0 0 0 0 0 0 0 0 0
 1418149199 0 0 0 0 0 0 0 0 0 0 0
 1418149199 0 0 0 0 0 0 0 0 0 0 0
 1418149199 0 0 0 0 0 0 0 0 0 0 0
 1418149199 0 0 0 0 0 0 0 0 0 0 0
 1418149199 0 0 0 0 0 0 0 0 0 0 0
 1418149199 0 0 0 0 0 0 0 0 0 0 0
 1418149199 0 0 0 0 0 0 0 0 0 0 0
 1418149199 0 0 0 0 0 0 0 0 0 0 0
 1418149199 0 0 0 0 0 0 0 0 0 0 0
 1418149200 0 0 0 0 0 0 0 0 0 0 0
 1418149200 0 0 0 0 0 0 0 0 0 0 0
 1418149200 0 0 0 0 0 0 0 0 0 0 0
 1418149200 0 0 0 0 0 0 0 0 0 0 0
 1418149200 0 0 0 0 0 0 0 0 0 0 0
 1418149200 0 0 0 0 0 0 0 0 0 0 0
 1418149200 0 0 0 0 0 0 0 0 0 0 0
 1418149200 0 0 0 0 0 0 0 0 0 0 0
 1418149200 0 0 0 0 0 0 0 0 0 0 0
 1418149200 0 0 0 0 0 0 0 0 0 0 0
 1418149200 0 0 0 0 0 0 0 0 0 0 0
 1418149200 0 0 0 0 0 0 0 0 0 0 0
 1418149200 0 0 0 0 0 0 0 0 0 0 0
 1418149200 0 0 0 0 0 0 0 0 0 0 0
 1418149200 0 0 0 0 0 0 0 0 0 0 0
 1418149200 0 0 0 0 0 0 0 0 0 0 0
 1418149200 0 0 0 0 0 0 0 0 0 0 0
 1418149200 0 0 0 0 0 0 0 0 0 0 0
 1418149200 0 0 0 0 0 0 0 0 0 0 0
 1418149200 0 0 0 0 0 0 0 0 0 0 0
 1418149200 0 0 0 0 0 0 0 0 0 0 0
 1418149200 0 0 0 0 0 0 0 0 0 0 0
 1418149200 0 0 0 0 0 0 0 0 0 0 0
 1418149200 0 0 0 0 0 0 0 0 0 0 0
 1418149200 0 0 0 0 0 0 0 0 0 0 0
 1418149200 0 0 0 0 0 0 0 0 0 0 0
 1418149200 0 0 0 0 0 0 0 0 0 0 0
 1418149200 0 0 0 0 0 0 0 0 0 0 0
 1418149200 0 0 0 0 0 0 0 0 0 0 0
 1418149200 0 0 0 0 0 0 0 0 0 0 0
 1418149201 0 0 0 0 0 0 0 0 0 0 0
 1418149201 0 0 0 0 0 0 0 0 0 0 0
 1418149201 0 0 0 0 0 0 0 0 0 0 0
 1418149201 0 0 0 0 0 0 0 0 0 0 0
 1418149201 0 0 0 0 0 0 0 0 0 0 0
 1418149201 0 0 0 0 0 0 0 0 0 0 0
 1418149201 0 0 0 0 0 0 0 0 0 0 0
 1418149201 0 0 0 0 0 0 0 0 0 0 0
 1418149201 0 0 0 0 0 0 0 0 0 0 0
 1418149201 0 0 0 0 0 0 0 0 0 0 0
 1418149201 0 0 0 0 0 0 0 0 0 0 0
 1418149201 0 0 0 0 0 0 0 0 0 0 0
 1418149201 0 0 0 0 0 0 0 0 0 0 0
 1418149201 0 0 0 0 0 0 0 0 0 0 0
 1418149201 0 0 0 0 0 0 0 0 0 0 0
 1418149201 0 0 0 0 0 0 0 0 0 0 0
 1418149201 0 0 0 0 0 0 0 0 0 0 0
 1418149201 0 0 0 0 0 0 0 0 0 0 0
 1418149201 0 0 0 0 0 0 0 0 0 0 0
 1418149201 0 0 0 0 0 0 0 0 0 0 0
 1418149201 0 0 0 0 0 0 0 0 0 0 0
 1418149201 0 0 0 0 0 0 0 0 0 0 0
 1418149201 0 0 0 0 0 0 0 0 0 0 0
 1418149201 0 0 0 0 0 0 0 0 0 0 0
 1418149201 0 0 0 0 0 0 0 0 0 0 0
 1418149201 0 0 0 0 0 0 0 0 0 0 0
 1418149201 0 0 0 0 0 0 0 0 0 0 0
 1418149201 0 0 0 0 0 0 0 0 0 0 0
 1418149201 0 0 0 0 0 0 0 0 0 0 0
 1418149201 0 0 0 0 0 0 0 0 0 0 0
 1418149202 0 0 0 0 0 0 0 0 0 0 0
 1418149202 0 0 0 0 0 0 0 0 0 0 0
 1418149202 0 0 0 0 0 0 0 0 0 0 0
 1418149202 0 0 0 0 0 0 0 0 0 0 0
 1418149202 0 0 0 0 0 0 0 0 0 0 0
 1418149202 0 0 0 0 0 0 0 0 0 0 0
 1418149202 0 0 0 0 0 0 0 0 0 0 0
 1418149202 0 0 0 0 0 0 0 0 0 0 0
 1418149202 0 0 0 0 0 0 0 0 0 0 0
 1418149202 0 0 0 0 0 0 0 0 0 0 0
 1418149202 0 0 0 0 0 0 0 0 0 0 0
 1418149202 0 0 0 0 0 0 0 0 0 0 0
 1418149202 0 0 0 0 0 0 0 0 0 0 0
 1418149202 0 0 0 0 0 0 0 0 0 0 0
 1418149202 0 0 0 0 0 0 0 0 0 0 0
 1418149202 0 0 0 0 0 0 0 0 0 0 0
 1418149202 0 0 0 0 0 0 0 0 0 0 0
 1418149202 0 0 0 0 0 0 0 0 0 0 0
 1418149202 0 0 0 0 0 0 0 0 0 0 0
 1418149202 0 0 0 0 0 0 0 0 0 0 0
 1418149202 0 0 0 0 0 0 0 0 0 0 0
 1418149202 0 0 0 0 0 0 0 0 0 0 0
 1418149202 0 0 0 0 0 0 0 0 0 0 0
 1418149202 0 0 0 0 0 0 0 0 0 0 0
 1418149202 0 0 0 0 0 0 0 0 0 0 0
 1418149202 0 0 0 0 0 0 0 0 0 0 0
 1418149202 0 0 0 0 0 0 0 0 0 0 0
 1418149202 0 0 0 0 0 0 0 0 0 0 0
 1418149202 0 0 0 0 0 0 0 0 0 0 0
 1418149202 0 0 0 0 0 0 0 0 0 0 0
 1418149203 0 0 0 0 0 0 0 0 0 0 0
 1418149203 0 0 0 0 0 0 0 0 0 0 0
 1418149203 0 0 0 0 0 0 0 0 0 0 0
 1418149203 0 0 0 0 0 0 0 0 0 0 0
 1418149203 0 0 0 0 0 0 0 0 0 0 0
 1418149203 0 0 0 0 0 0 0 0 0 0 0
 1418149203 0 0 0 0 0 0 0 0 0 0 0
 1418149203 0 0 0 0 0 0 0 0 0 0 0
 1418149203 0 0 0 0 0 0 0 0 0 0 0
 1418149203 0 0 0 0 0 0 0 0 0 0 0
 1418149203 0 0 0 0 0 0 0 0 0 0 0
 1418149203 0 0 0 0 0 0 0 0 0 0 0
 1418149203 0 0 0 0 0 0 0 0 0 0 0
 1418149203 0 0 0 0 0 0 0 0 0 0 0
 1418149203 0 0 0 0 0 0 0 0 0 0 0
 1418149203 0 0 0 0 0 0 0 0 0 0 0
 1418149203 0 0 0 0 0 0 0 0 0 0 0
 1418149203 0 0 0 0 0 0 0 0 0 0 0
 1418149203 0 0 0 0 0 0 0 0 0 0 0
 1418149203 0 0 0 0 0 0 0 0 0 0 0
 1418149203 0 0 0 0 0 0 0 0 0 0 0
 1418149203 0 0 0 0 0 0 0 0 0 0 0
 1418149203 0 0 0 0 0 0 0 0 0 0 0
 1418149203 0 0 0 0 0 0 0 0 0 0 0
 1418149203 0 0 0 0 0 0 0 0 0 0 0
 1418149203 0 0 0 0 0 0 0 0 0 0 0
 1418149203 0 0 0 0 0 0 0 0 0 0 0
 1418149203 0 0 0 0 0 0 0 0 0 0 0
 1418149203 0 0 0 0 0 0 0 0 0 0 0
 1418149203 0 0 0 0 0 0 0 0 0 0 0
 1418149204 0 0 0 0 0 0 0 0 0 0 0
 1418149204 0 0 0 0 0 0 0 0 0 0 0
 1418149204 0 0 0 0 0 0 0 0 0 0 0
 1418149204 0 0 0 0 0 0 0 0 0 0 0
 1418149204 0 0 0 0 0 0 0 0 0 0 0
 1418149204 0 0 0 0 0 0 0 0 0 0 0
 1418149204 0 0 0 0 0 0 0 0 0 0 0
 1418149204 0 0 0 0 0 0 0 0 0 0 0
 1418149204 0 0 0 0 0 0 0 0 0 0 0
 1418149204 0 0 0 0 0 0 0 0 0 0 0
 1418149204 0 0 0 0 0 0 0 0 0 0 0
 1418149204 0 0 0 0 0 0 0 0 0 0 0
 1418149204 0 0 0 0 0 0 0 0 0 0 0
 1418149204 0 0 0 0 0 0 0 0 0 0 0
 1418149204 0 0 0 0 0 0 0 0 0 0 0
 1418149204 0 0 0 0 0 0 0 0 0 0 0
 1418149204 0 0 0 0 0 0 0 0 0 0 0
 1418149204 0 0 0 0 0 0 0 0 0 0 0
 1418149204 0 0 0 0 0 0 0 0 0 0 0
 1418149204 0 0 0 0 0 0 0 0 0 0 0
 1418149204 0 0 0 0 0 0 0 0 0 0 0
 1418149204 0 0 0 0 0 0 0 0 0 0 0
 1418149204 0 0 0 0 0 0 0 0 0 0 0
 1418149204 0 0 0 0 0 0 0 0 0 0 0
 1418149204 0 0 0 0 0 0 0 0 0 0 0
 1418149204 0 0 0 0 0 0 0 0 0 0 0
 1418149204 0 0 0 0 0 0 0 0 0 0 0
 1418149204 0 0 0 0 0 0 0 0 0 0 0
 1418149204 0 0 0 0 0 0 0 0 0 0 0
 1418149204 0 0 0 0 0 0 0 0 0 0 0
 1418149205 0 0 0 0 0 0 0 0 0 0 0
 1418149205 0 0 0 0 0 0 0 0 0 0 0
 1418149205 0 0 0 0 0 0 0 0 0 0 0
 1418149205 0 0 0 0 0 0 0 0 0 0 0
 1418149205 0 0 0 0 0 0 0 0 0 0 0
 1418149205 0 0 0 0 0 0 0 0 0 0 0
 1418149205 0 0 0 0 0 0 0 0 0 0 0
 1418149205 0 0 0 0 0 0 0 0 0 0 0
 1418149205 0 0 0 0 0 0 0 0 0 0 0
 1418149205 0 0 0 0 0 0 0 0 0 0 0
 1418149205 0 0 0 0 0 0 0 0 0 0 0
 1418149205 0 0 0 0 0 0 0 0 0 0 0
 1418149205 0 0 0 0 0 0 0 0 0 0 0
 1418149205 0 0 0 0 0 0 0 0 0 0 0
 1418149205 0 0 0 0 0 0 0 0 0 0 0
 1418149205 0 0 0 0 0 0 0 0 0 0 0
 1418149205 0 0 0 0 0 0 0 0 0 0 0
 1418149205 0 0 0 0 0 0 0 0 0 0 0
 1418149205 0 0 0 0 0 0 0 0 0 0 0
 1418149205 0 0 0 0 0 0 0 0 0 0 0
 1418149205 0 0 0 0 0 0 0 0 0 0 0
 1418149205 0 0 0 0 0 0 0 0 0 0 0
 1418149205 0 0 0 0 0 0 0 0 0 0 0
 1418149205 0 0 0 0 0 0 0 0 0 0 0
 1418149205 0 0 0 0 0 0 0 0 0 0 0
 1418149205 0 0 0 0 0 0 0 0 0 0 0
 1418149205 0 0 0 0 0 0 0 0 0 0 0
 1418149205 0 0 0 0 0 0 0 0 0 0 0
 1418149205 0 0 0 0 0 0 0 0 0 0 0
 1418149205 0 0 0 0 0 0 0 0 0 0 0
 1418149206 0 0 0 0 0 0 0 0 0 0 0
 1418149206 0 0 0 0 0 0 0 0 0 0 0
 1418149206 0 0 0 0 0 0 0 0 0 0 0
 1418149206 0 0 0 0 0 0 0 0 0 0 0
 1418149206 0 0 0 0 0 0 0 0 0 0 0
 1418149206 0 0 0 0 0 0 0 0 0 0 0
 1418149206 0 0 0 0 0 0 0 0 0 0 0
 1418149206 0 0 0 0 0 0 0 0 0 0 0
 1418149206 0 0 0 0 0 0 0 0 0 0 0
 1418149206 0 0 0 0 0 0 0 0 0 0 0
 1418149206 0 0 0 0 0 0 0 0 0 0 0
 1418149206 0 0 0 0 0 0 0 0 0 0 0
 1418149206 0 0 0 0 0 0 0 0 0 0 0
 1418149206 0 0 0 0 0 0 0 0 0 0 0
 1418149206 0 0 0 0 0 0 0 0 0 0 0
 1418149206 0 0 0 0 0 0 0 0 0 0 0
 1418149206 0 0 0 0 0 0 0 0 0 0 0
 1418149206 0 0 0 0 0 0 0 0 0 0 0
 1418149206 0 0 0 0 0 0 0 0 0 0 0
 1418149206 0 0 0 0 0 0 0 0 0 0 0
 1418149206 0 0 0 0 0 0 0 0 0 0 0
 1418149206 0 0 0 0 0 0 0 0 0 0 0
 1418149206 0 0 0 0 0 0 0 0 0 0 0
 1418149206 0 0 0 0 0 0 0 0 0 0 0
 1418149206 0 0 0 0 0 0 0 0 0 0 0
 1418149206 0 0 0 0 0 0 0 0 0 0 0
 1418149206 0 0 0 0 0 0 0 0 0 0 0
 1418149206 0 0 0 0 0 0 0 0 0 0 0
 1418149206 0 0 0 0 0 0 0 0 0 0 0
 1418149206 0 0 0 0 0 0 0 0 0 0 0
 1418149207 0 0 0 0 0 0 0 0 0 0 0
 1418149207 0 0 0 0 0 0 0 0 0 0 0
 1418149207 0 0 0 0 0 0 0 0 0 0 0
 1418149207 0 0 0 0 0 0 0 0 0 0 0
 1418149207 0 0 0 0 0 0 0 0 0 0 0
 1418149207 0 0 0 0 0 0 0 0 0 0 0
 1418149207 0 0 0 0 0 0 0 0 0 0 0
 1418149207 0 0 0 0 0 0 0 0 0 0 0
 1418149207 0 0 0 0 0 0 0 0 0 0 0
 1418149207 0 0 0 0 0 0 0 0 0 0 0
 1418149207 0 0 0 0 0 0 0 0 0 0 0
 1418149207 0 0 0 0 0 0 0 0 0 0 0
 1418149207 0 0 0 0 0 0 0 0 0 0 0
 1418149207 0 0 0 0 0 0 0 0 0 0 0
 1418149207 0 0 0 0 0 0 0 0 0 0 0
 1418149207 0 0 0 0 0 0 0 0 0 0 0
 1418149207 0 0 0 0 0 0 0 0 0 0 0
 1418149207 0 0 0 0 0 0 0 0 0 0 0
 1418149207 0 0 0 0 0 0 0 0 0 0 0
 1418149207 0 0 0 0 0 0 0 0 0 0 0
 1418149207 0 0 0 0 0 0 0 0 0 0 0
 1418149207 0 0 0 0 0 0 0 0 0 0 0
 1418149207 0 0 0 0 0 0 0 0 0 0 0
 1418149207 0 0 0 0 0 0 0 0 0 0 0
 1418149207 0 0 0 0 0 0 0 0 0 0 0
 1418149207 0 0 0 0 0 0 0 0 0 0 0
 1418149207 0 0 0 0 0 0 0 0 0 0 0
 1418149207 0 0 0 0 0 0 0 0 0 0 0
 1418149207 0 0 0 0 0 0 0 0 0 0 0
 1418149207 0 0 0 0 0 0 0 0 0 0 0
 1418149208 0 0 0 0 0 0 0 0 0 0 0
 1418149208 0 0 0 0 0 0 0 0 0 0 0
 1418149208 0 0 0 0 0 0 0 0 0 0 0
 1418149208 0 0 0 0 0 0 0 0 0 0 0
 1418149208 0 0 0 0 0 0 0 0 0 0 0
 1418149208 0 0 0 0 0 0 0 0 0 0 0
 1418149208 0 0 0 0 0 0 0 0 0 0 0
 1418149208 0 0 0 0 0 0 0 0 0 0 0
 1418149208 0 0 0 0 0 0 0 0 0 0 0
 1418149208 0 0 0 0 0 0 0 0 0 0 0
 1418149208 0 0 0 0 0 0 0 0 0 0 0
 1418149208 0 0 0 0 0 0 0 0 0 0 0
 1418149208 0 0 0 0 0 0 0 0 0 0 0
 1418149208 0 0 0 0 0 0 0 0 0 0 0
 1418149208 0 0 0 0 0 0 0 0 0 0 0
 1418149208 0 0 0 0 0 0 0 0 0 0 0
 1418149208 0 0 0 0 0 0 0 0 0 0 0
 1418149208 0 0 0 0 0 0 0 0 0 0 0
 1418149208 0 0 0 0 0 0 0 0 0 0 0
 1418149208 0 0 0 0 0 0 0 0 0 0 0
 1418149208 0 0 0 0 0 0 0 0 0 0 0
 1418149208 0 0 0 0 0 0 0 0 0 0 0
 1418149208 0 0 0 0 0 0 0 0 0 0 0
 1418149208 0 0 0 0 0 0 0 0 0 0 0
 1418149208 0 0 0 0 0 0 0 0 0 0 0
 1418149208 0 0 0 0 0 0 0 0 0 0 0
 1418149208 0 0 0 0 0 0 0 0 0 0 0
 1418149208 0 0 0 0 0 0 0 0 0 0 0
 1418149208 0 0 0 0 0 0 0 0 0 0 0
 1418149208 0 0 0 0 0 0 0 0 0 0 0
 1418149209 0 0 0 0 0 0 0 0 0 0 0
 1418149209 0 0 0 0 0 0 0 0 0 0 0
 1418149209 0 0 0 0 0 0 0 0 0 0 0
 1418149209 0 0 0 0 0 0 0 0 0 0 0
 1418149209 0 0 0 0 0 0 0 0 0 0 0
 1418149209 0 0 0 0 0 0 0 0 0 0 0
 1418149209 0 0 0 0 0 0 0 0 0 0 0
 1418149209 0 0 0 0 0 0 0 0 0 0 0
 1418149209 0 0 0 0 0 0 0 0 0 0 0
 1418149209 0 0 0 0 0 0 0 0 0 0 0
 1418149209 0 0 0 0 0 0 0 0 0 0 0
 1418149209 0 0 0 0 0 0 0 0 0 0 0
 1418149209 0 0 0 0 0 0 0 0 0 0 0
 1418149209 0 0 0 0 0 0 0 0 0 0 0
 1418149209 0 0 0 0 0 0 0 0 0 0 0
 1418149209 0 0 0 0 0 0 0 0 0 0 0
 1418149209 0 0 0 0 0 0 0 0 0 0 0
 1418149209 0 0 0 0 0 0 0 0 0 0 0
 1418149209 0 0 0 0 0 0 0 0 0 0 0
 1418149209 0 0 0 0 0 0 0 0 0 0 0
 1418149209 0 0 0 0 0 0 0 0 0 0 0
 1418149209 0 0 0 0 0 0 0 0 0 0 0
 1418149209 0 0 0 0 0 0 0 0 0 0 0
 1418149209 0 0 0 0 0 0 0 0 0 0 0
 1418149209 0 0 0 0 0 0 0 0 0 0 0
 1418149209 0 0 0 0 0 0 0 0 0 0 0
 1418149209 0 0 0 0 0 0 0 0 0 0 0
 1418149209 0 0 0 0 0 0 0 0 0 0 0
 1418149209 0 0 0 0 0 0 0 0 0 0 0
 1418149209 0 0 0 0 0 0 0 0 0 0 0
 1418149210 0 0 0 0 0 0 0 0 0 0 0
 1418149210 0 0 0 0 0 0 0 0 0 0 0
 1418149210 0 0 0 0 0 0 0 0 0 0 0
 1418149210 0 0 0 0 0 0 0 0 0 0 0
 1418149210 0 0 0 0 0 0 0 0 0 0 0
 1418149210 0 0 0 0 0 0 0 0 0 0 0
 1418149210 0 0 0 0 0 0 0 0 0 0 0
 1418149210 0 0 0 0 0 0 0 0 0 0 0
 1418149210 0 0 0 0 0 0 0 0 0 0 0
 1418149210 0 0 0 0 0 0 0 0 0 0 0
 1418149210 0 0 0 0 0 0 0 0 0 0 0
 1418149210 0 0 0 0 0 0 0 0 0 0 0
 1418149210 0 0 0 0 0 0 0 0 0 0 0
 1418149210 0 0 0 0 0 0 0 0 0 0 0
 1418149210 0 0 0 0 0 0 0 0 0 0 0
 1418149210 0 0 0 0 0 0 0 0 0 0 0
 1418149210 0 0 0 0 0 0 0 0 0 0 0
 1418149210 0 0 0 0 0 0 0 0 0 0 0
 1418149210 0 0 0 0 0 0 0 0 0 0 0
 1418149210 0 0 0 0 0 0 0 0 0 0 0
 1418149210 0 0 0 0 0 0 0 0 0 0 0
 1418149210 0 0 0 0 0 0 0 0 0 0 0
 1418149210 0 0 0 0 0 0 0 0 0 0 0
 1418149210 0 0 0 0 0 0 0 0 0 0 0
 1418149210 0 0 0 0 0 0 0 0 0 0 0
 1418149210 0 0 0 0 0 0 0 0 0 0 0
 1418149210 0 0 0 0 0 0 0 0 0 0 0
 1418149210 0 0 0 0 0 0 0 0 0 0 0
 1418149210 0 0 0 0 0 0 0 0 0 0 0
 1418149210 0 0 0 0 0 0 0 0 0 0 0
 1418149211 0 0 0 0 0 0 0 0 0 0 0
 1418149211 0 0 0 0 0 0 0 0 0 0 0
 1418149211 0 0 0 0 0 0 0 0 0 0 0
 1418149211 0 0 0 0 0 0 0 0 0 0 0
 1418149211 0 0 0 0 0 0 0 0 0 0 0
 1418149211 0 0 0 0 0 0 0 0 0 0 0
 1418149211 0 0 0 0 0 0 0 0 0 0 0
 1418149211 0 0 0 0 0 0 0 0 0 0 0
 1418149211 0 0 0 0 0 0 0 0 0 0 0
 1418149211 0 0 0 0 0 0 0 0 0 0 0
 1418149211 0 0 0 0 0 0 0 0 0 0 0
 1418149211 0 0 0 0 0 0 0 0 0 0 0
 1418149211 0 0 0 0 0 0 0 0 0 0 0
 1418149211 0 0 0 0 0 0 0 0 0 0 0
 1418149211 0 0 0 0 0 0 0 0 0 0 0
 1418149211 0 0 0 0 0 0 0 0 0 0 0
 1418149211 0 0 0 0 0 0 0 0 0 0 0
 1418149211 0 0 0 0 0 0 0 0 0 0 0
 1418149211 0 0 0 0 0 0 0 0 0 0 0
 1418149211 0 0 0 0 0 0 0 0 0 0 0
 1418149211 0 0 0 0 0 0 0 0 0 0 0
 1418149211 0 0 0 0 0 0 0 0 0 0 0
 1418149211 0 0 0 0 0 0 0 0 0 0 0
 1418149211 0 0 0 0 0 0 0 0 0 0 0
 1418149211 0 0 0 0 0 0 0 0 0 0 0
 1418149211 0 0 0 0 0 0 0 0 0 0 0
 1418149211 0 0 0 0 0 0 0 0 0 0 0
 1418149211 0 0 0 0 0 0 0 0 0 0 0
 1418149211 0 0 0 0 0 0 0 0 0 0 0
 1418149211 0 0 0 0 0 0 0 0 0 0 0
 1418149212 0 0 0 0 0 0 0 0 0 0 0
 1418149212 0 0 0 0 0 0 0 0 0 0 0
 1418149212 0 0 0 0 0 0 0 0 0 0 0
 1418149212 0 0 0 0 0 0 0 0 0 0 0
 1418149212 0 0 0 0 0 0 0 0 0 0 0
 1418149212 0 0 0 0 0 0 0 0 0 0 0
 1418149212 0 0 0 0 0 0 0 0 0 0 0
 1418149212 0 0 0 0 0 0 0 0 0 0 0
 1418149212 0 0 0 0 0 0 0 0 0 0 0
 1418149212 0 0 0 0 0 0 0 0 0 0 0
 1418149212 0 0 0 0 0 0 0 0 0 0 0
 1418149212 0 0 0 0 0 0 0 0 0 0 0
 1418149212 0 0 0 0 0 0 0 0 0 0 0
 1418149212 0 0 0 0 0 0 0 0 0 0 0
 1418149212 0 0 0 0 0 0 0 0 0 0 0
 1418149212 0 0 0 0 0 0 0 0 0 0 0
 1418149212 0 0 0 0 0 0 0 0 0 0 0
 1418149212 0 0 0 0 0 0 0 0 0 0 0
 1418149212 0 0 0 0 0 0 0 0 0 0 0
 1418149212 0 0 0 0 0 0 0 0 0 0 0
 1418149212 0 0 0 0 0 0 0 0 0 0 0
 1418149212 0 0 0 0 0 0 0 0 0 0 0
 1418149212 0 0 0 0 0 0 0 0 0 0 0
 1418149212 0 0 0 0 0 0 0 0 0 0 0
 1418149212 0 0 0 0 0 0 0 0 0 0 0
 1418149212 0 0 0 0 0 0 0 0 0 0 0
 1418149212 0 0 0 0 0 0 0 0 0 0 0
 1418149212 0 0 0 0 0 0 0 0 0 0 0
 1418149212 0 0 0 0 0 0 0 0 0 0 0
 1418149212 0 0 0 0 0 0 0 0 0 0 0
 1418149212 0 0 0 0 0 0 0 0 0 0 0
 1418149213 0 0 0 0 0 0 0 0 0 0 0
 1418149213 0 0 0 0 0 0 0 0 0 0 0
 1418149213 0 0 0 0 0 0 0 0 0 0 0
 1418149213 0 0 0 0 0 0 0 0 0 0 0
 1418149213 0 0 0 0 0 0 0 0 0 0 0
 1418149213 0 0 0 0 0 0 0 0 0 0 0
 1418149213 0 0 0 0 0 0 0 0 0 0 0
 1418149213 0 0 0 0 0 0 0 0 0 0 0
 1418149213 0 0 0 0 0 0 0 0 0 0 0
 1418149213 0 0 0 0 0 0 0 0 0 0 0
 1418149213 0 0 0 0 0 0 0 0 0 0 0
 1418149213 0 0 0 0 0 0 0 0 0 0 0
 1418149213 0 0 0 0 0 0 0 0 0 0 0
 1418149213 0 0 0 0 0 0 0 0 0 0 0
 1418149213 0 0 0 0 0 0 0 0 0 0 0
 1418149213 0 0 0 0 0 0 0 0 0 0 0
 1418149213 0 0 0 0 0 0 0 0 0 0 0
 1418149213 0 0 0 0 0 0 0 0 0 0 0
 1418149213 0 0 0 0 0 0 0 0 0 0 0
 1418149213 0 0 0 0 0 0 0 0 0 0 0
 1418149213 0 0 0 0 0 0 0 0 0 0 0
 1418149213 0 0 0 0 0 0 0 0 0 0 0
 1418149213 0 0 0 0 0 0 0 0 0 0 0
 1418149213 0 0 0 0 0 0 0 0 0 0 0
 1418149213 0 0 0 0 0 0 0 0 0 0 0
 1418149213 0 0 0 0 0 0 0 0 0 0 0
 1418149213 0 0 0 0 0 0 0 0 0 0 0
 1418149213 0 0 0 0 0 0 0 0 0 0 0
 1418149213 0 0 0 0 0 0 0 0 0 0 0
 1418149213 0 0 0 0 0 0 0 0 0 0 0
 1418149214 0 0 0 0 0 0 0 0 0 0 0
 1418149214 0 0 0 0 0 0 0 0 0 0 0
 1418149214 0 0 0 0 0 0 0 0 0 0 0
 1418149214 0 0 0 0 0 0 0 0 0 0 0
 1418149214 0 0 0 0 0 0 0 0 0 0 0
 1418149214 0 0 0 0 0 0 0 0 0 0 0
 1418149214 0 0 0 0 0 0 0 0 0 0 0
 1418149214 0 0 0 0 0 0 0 0 0 0 0
 1418149214 0 0 0 0 0 0 0 0 0 0 0
 1418149214 0 0 0 0 0 0 0 0 0 0 0
 1418149214 0 0 0 0 0 0 0 0 0 0 0
 1418149214 0 0 0 0 0 0 0 0 0 0 0
 1418149214 0 0 0 0 0 0 0 0 0 0 0
 1418149214 0 0 0 0 0 0 0 0 0 0 0
 1418149214 0 0 0 0 0 0 0 0 0 0 0
 1418149214 0 0 0 0 0 0 0 0 0 0 0
 1418149214 0 0 0 0 0 0 0 0 0 0 0
 1418149214 0 0 0 0 0 0 0 0 0 0 0
 1418149214 0 0 0 0 0 0 0 0 0 0 0
 1418149214 0 0 0 0 0 0 0 0 0 0 0
 1418149214 0 0 0 0 0 0 0 0 0 0 0
 1418149214 0 0 0 0 0 0 0 0 0 0 0
 1418149214 0 0 0 0 0 0 0 0 0 0 0
 1418149214 0 0 0 0 0 0 0 0 0 0 0
 1418149214 0 0 0 0 0 0 0 0 0 0 0
 1418149214 0 0 0 0 0 0 0 0 0 0 0
 1418149214 0 0 0 0 0 0 0 0 0 0 0
 1418149214 0 0 0 0 0 0 0 0 0 0 0
 1418149214 0 0 0 0 0 0 0 0 0 0 0
 1418149214 0 0 0 0 0 0 0 0 0 0 0
 1418149215 0 0 0 0 0 0 0 0 0 0 0
 1418149215 0 0 0 0 0 0 0 0 0 0 0
 1418149215 0 0 0 0 0 0 0 0 0 0 0
 1418149215 0 0 0 0 0 0 0 0 0 0 0
 1418149215 0 0 0 0 0 0 0 0 0 0 0
 1418149215 0 0 0 0 0 0 0 0 0 0 0
 1418149215 0 0 0 0 0 0 0 0 0 0 0
 1418149215 0 0 0 0 0 0 0 0 0 0 0
 1418149215 0 0 0 0 0 0 0 0 0 0 0
 1418149215 0 0 0 0 0 0 0 0 0 0 0
 1418149215 0 0 0 0 0 0 0 0 0 0 0
 1418149215 0 0 0 0 0 0 0 0 0 0 0
 1418149215 0 0 0 0 0 0 0 0 0 0 0
 1418149215 0 0 0 0 0 0 0 0 0 0 0
 1418149215 0 0 0 0 0 0 0 0 0 0 0
 1418149215 0 0 0 0 0 0 0 0 0 0 0
 1418149215 0 0 0 0 0 0 0 0 0 0 0
 1418149215 0 0 0 0 0 0 0 0 0 0 0
 1418149215 0 0 0 0 0 0 0 0 0 0 0
 1418149215 0 0 0 0 0 0 0 0 0 0 0
 1418149215 0 0 0 0 0 0 0 0 0 0 0
 1418149215 0 0 0 0 0 0 0 0 0 0 0
 1418149215 0 0 0 0 0 0 0 0 0 0 0
 1418149215 0 0 0 0 0 0 0 0 0 0 0
 1418149215 0 0 0 0 0 0 0 0 0 0 0
 1418149215 0 0 0 0 0 0 0 0 0 0 0
 1418149215 0 0 0 0 0 0 0 0 0 0 0
 1418149215 0 0 0 0 0 0 0 0 0 0 0
 1418149215 0 0 0 0 0 0 0 0 0 0 0
 1418149215 0 0 0 0 0 0 0 0 0 0 0
 1418149216 0 0 0 0 0 0 0 0 0 0 0
 1418149216 0 0 0 0 0 0 0 0 0 0 0
 1418149216 0 0 0 0 0 0 0 0 0 0 0
 1418149216 0 0 0 0 0 0 0 0 0 0 0
 1418149216 0 0 0 0 0 0 0 0 0 0 0
 1418149216 0 0 0 0 0 0 0 0 0 0 0
 1418149216 0 0 0 0 0 0 0 0 0 0 0
 1418149216 0 0 0 0 0 0 0 0 0 0 0
 1418149216 0 0 0 0 0 0 0 0 0 0 0
 1418149216 0 0 0 0 0 0 0 0 0 0 0
 1418149216 0 0 0 0 0 0 0 0 0 0 0
 1418149216 0 0 0 0 0 0 0 0 0 0 0
 1418149216 0 0 0 0 0 0 0 0 0 0 0
 1418149216 0 0 0 0 0 0 0 0 0 0 0
 1418149216 0 0 0 0 0 0 0 0 0 0 0
 1418149216 0 0 0 0 0 0 0 0 0 0 0
 1418149216 0 0 0 0 0 0 0 0 0 0 0
 1418149216 0 0 0 0 0 0 0 0 0 0 0
 1418149216 0 0 0 0 0 0 0 0 0 0 0
 1418149216 0 0 0 0 0 0 0 0 0 0 0
 1418149216 0 0 0 0 0 0 0 0 0 0 0
 1418149216 0 0 0 0 0 0 0 0 0 0 0
 1418149216 0 0 0 0 0 0 0 0 0 0 0
 1418149216 0 0 0 0 0 0 0 0 0 0 0
 1418149216 0 0 0 0 0 0 0 0 0 0 0
 1418149216 0 0 0 0 0 0 0 0 0 0 0
 1418149216 0 0 0 0 0 0 0 0 0 0 0
 1418149216 0 0 0 0 0 0 0 0 0 0 0
 1418149216 0 0 0 0 0 0 0 0 0 0 0
 1418149216 0 0 0 0 0 0 0 0 0 0 0
 1418149217 0 0 0 0 0 0 0 0 0 0 0
 1418149217 0 0 0 0 0 0 0 0 0 0 0
 1418149217 0 0 0 0 0 0 0 0 0 0 0
 1418149217 0 0 0 0 0 0 0 0 0 0 0
 1418149217 0 0 0 0 0 0 0 0 0 0 0
 1418149217 0 0 0 0 0 0 0 0 0 0 0
 1418149217 0 0 0 0 0 0 0 0 0 0 0
 1418149217 0 0 0 0 0 0 0 0 0 0 0
 1418149217 0 0 0 0 0 0 0 0 0 0 0
 1418149217 0 0 0 0 0 0 0 0 0 0 0
 1418149217 0 0 0 0 0 0 0 0 0 0 0
 1418149217 0 0 0 0 0 0 0 0 0 0 0
 1418149217 0 0 0 0 0 0 0 0 0 0 0
 1418149217 0 0 0 0 0 0 0 0 0 0 0
 1418149217 0 0 0 0 0 0 0 0 0 0 0
 1418149217 0 0 0 0 0 0 0 0 0 0 0
 1418149217 0 0 0 0 0 0 0 0 0 0 0
 1418149217 0 0 0 0 0 0 0 0 0 0 0
 1418149217 0 0 0 0 0 0 0 0 0 0 0
 1418149217 0 0 0 0 0 0 0 0 0 0 0
 1418149217 0 0 0 0 0 0 0 0 0 0 0
 1418149217 0 0 0 0 0 0 0 0 0 0 0
 1418149217 0 0 0 0 0 0 0 0 0 0 0
 1418149217 0 0 0 0 0 0 0 0 0 0 0
 1418149217 0 0 0 0 0 0 0 0 0 0 0
 1418149217 0 0 0 0 0 0 0 0 0 0 0
 1418149217 0 0 0 0 0 0 0 0 0 0 0
 1418149217 0 0 0 0 0 0 0 0 0 0 0
 1418149217 0 0 0 0 0 0 0 0 0 0 0
 1418149217 0 0 0 0 0 0 0 0 0 0 0
 1418149218 0 0 0 0 0 0 0 0 0 0 0
 1418149218 0 0 0 0 0 0 0 0 0 0 0
 1418149218 0 0 0 0 0 0 0 0 0 0 0
 1418149218 0 0 0 0 0 0 0 0 0 0 0
 1418149218 0 0 0 0 0 0 0 0 0 0 0
 1418149218 0 0 0 0 0 0 0 0 0 0 0
 1418149218 0 0 0 0 0 0 0 0 0 0 0
 1418149218 0 0 0 0 0 0 0 0 0 0 0
 1418149218 0 0 0 0 0 0 0 0 0 0 0
 1418149218 0 0 0 0 0 0 0 0 0 0 0
 1418149218 0 0 0 0 0 0 0 0 0 0 0
 1418149218 0 0 0 0 0 0 0 0 0 0 0
 1418149218 0 0 0 0 0 0 0 0 0 0 0
 1418149218 0 0 0 0 0 0 0 0 0 0 0
 1418149218 0 0 0 0 0 0 0 0 0 0 0
 1418149218 0 0 0 0 0 0 0 0 0 0 0
 1418149218 0 0 0 0 0 0 0 0 0 0 0
 1418149218 0 0 0 0 0 0 0 0 0 0 0
 1418149218 0 0 0 0 0 0 0 0 0 0 0
 1418149218 0 0 0 0 0 0 0 0 0 0 0
 1418149218 0 0 0 0 0 0 0 0 0 0 0
 1418149218 0 0 0 0 0 0 0 0 0 0 0
 1418149218 0 0 0 0 0 0 0 0 0 0 0
 1418149218 0 0 0 0 0 0 0 0 0 0 0
 1418149218 0 0 0 0 0 0 0 0 0 0 0
 1418149218 0 0 0 0 0 0 0 0 0 0 0
 1418149218 0 0 0 0 0 0 0 0 0 0 0
 1418149218 0 0 0 0 0 0 0 0 0 0 0
 1418149218 0 0 0 0 0 0 0 0 0 0 0
 1418149218 0 0 0 0 0 0 0 0 0 0 0
 1418149219 0 0 0 0 0 0 0 0 0 0 0
 1418149219 0 0 0 0 0 0 0 0 0 0 0
 1418149219 0 0 0 0 0 0 0 0 0 0 0
 1418149219 0 0 0 0 0 0 0 0 0 0 0
 1418149219 0 0 0 0 0 0 0 0 0 0 0
 1418149219 0 0 0 0 0 0 0 0 0 0 0
 1418149219 0 0 0 0 0 0 0 0 0 0 0
 1418149219 0 0 0 0 0 0 0 0 0 0 0
 1418149219 0 0 0 0 0 0 0 0 0 0 0
 1418149219 0 0 0 0 0 0 0 0 0 0 0
 1418149219 0 0 0 0 0 0 0 0 0 0 0
 1418149219 0 0 0 0 0 0 0 0 0 0 0
 1418149219 0 0 0 0 0 0 0 0 0 0 0
 1418149219 0 0 0 0 0 0 0 0 0 0 0
 1418149219 0 0 0 0 0 0 0 0 0 0 0
 1418149219 0 0 0 0 0 0 0 0 0 0 0
 1418149219 0 0 0 0 0 0 0 0 0 0 0
 1418149219 0 0 0 0 0 0 0 0 0 0 0
 1418149219 0 0 0 0 0 0 0 0 0 0 0
 1418149219 0 0 0 0 0 0 0 0 0 0 0
 1418149219 0 0 0 0 0 0 0 0 0 0 0
 1418149219 0 0 0 0 0 0 0 0 0 0 0
 1418149219 0 0 0 0 0 0 0 0 0 0 0
 1418149219 0 0 0 0 0 0 0 0 0 0 0
 1418149219 0 0 0 0 0 0 0 0 0 0 0
 1418149219 0 0 0 0 0 0 0 0 0 0 0
 1418149219 0 0 0 0 0 0 0 0 0 0 0
 1418149219 0 0 0 0 0 0 0 0 0 0 0
 1418149219 0 0 0 0 0 0 0 0 0 0 0
 1418149219 0 0 0 0 0 0 0 0 0 0 0
 1418149220 0 0 0 0 0 0 0 0 0 0 0
 1418149220 0 0 0 0 0 0 0 0 0 0 0
 1418149220 0 0 0 0 0 0 0 0 0 0 0
 1418149220 0 0 0 0 0 0 0 0 0 0 0
 1418149220 0 0 0 0 0 0 0 0 0 0 0
 1418149220 0 0 0 0 0 0 0 0 0 0 0
 1418149220 0 0 0 0 0 0 0 0 0 0 0
 1418149220 0 0 0 0 0 0 0 0 0 0 0
 1418149220 0 0 0 0 0 0 0 0 0 0 0
 1418149220 0 0 0 0 0 0 0 0 0 0 0
 1418149220 0 0 0 0 0 0 0 0 0 0 0
 1418149220 0 0 0 0 0 0 0 0 0 0 0
 1418149220 0 0 0 0 0 0 0 0 0 0 0
 1418149220 0 0 0 0 0 0 0 0 0 0 0
 1418149220 0 0 0 0 0 0 0 0 0 0 0
 1418149220 0 0 0 0 0 0 0 0 0 0 0
 1418149220 0 0 0 0 0 0 0 0 0 0 0
 1418149220 0 0 0 0 0 0 0 0 0 0 0
 1418149220 0 0 0 0 0 0 0 0 0 0 0
 1418149220 0 0 0 0 0 0 0 0 0 0 0
 1418149220 0 0 0 0 0 0 0 0 0 0 0
 1418149220 0 0 0 0 0 0 0 0 0 0 0
 1418149220 0 0 0 0 0 0 0 0 0 0 0
 1418149220 0 0 0 0 0 0 0 0 0 0 0
 1418149220 0 0 0 0 0 0 0 0 0 0 0
 1418149220 0 0 0 0 0 0 0 0 0 0 0
 1418149220 0 0 0 0 0 0 0 0 0 0 0
 1418149220 0 0 0 0 0 0 0 0 0 0 0
 1418149220 0 0 0 0 0 0 0 0 0 0 0
 1418149220 0 0 0 0 0 0 0 0 0 0 0
 1418149221 0 0 0 0 0 0 0 0 0 0 0
 1418149221 0 0 0 0 0 0 0 0 0 0 0
 1418149221 0 0 0 0 0 0 0 0 0 0 0
 1418149221 0 0 0 0 0 0 0 0 0 0 0
 1418149221 0 0 0 0 0 0 0 0 0 0 0
 1418149221 0 0 0 0 0 0 0 0 0 0 0
 1418149221 0 0 0 0 0 0 0 0 0 0 0
 1418149221 0 0 0 0 0 0 0 0 0 0 0
 1418149221 0 0 0 0 0 0 0 0 0 0 0
 1418149221 0 0 0 0 0 0 0 0 0 0 0
 1418149221 0 0 0 0 0 0 0 0 0 0 0
 1418149221 0 0 0 0 0 0 0 0 0 0 0
 1418149221 0 0 0 0 0 0 0 0 0 0 0
 1418149221 0 0 0 0 0 0 0 0 0 0 0
 1418149221 0 0 0 0 0 0 0 0 0 0 0
 1418149221 0 0 0 0 0 0 0 0 0 0 0
 1418149221 0 0 0 0 0 0 0 0 0 0 0
 1418149221 0 0 0 0 0 0 0 0 0 0 0
 1418149221 0 0 0 0 0 0 0 0 0 0 0
 1418149221 0 0 0 0 0 0 0 0 0 0 0
 1418149221 0 0 0 0 0 0 0 0 0 0 0
 1418149221 0 0 0 0 0 0 0 0 0 0 0
 1418149221 0 0 0 0 0 0 0 0 0 0 0
 1418149221 0 0 0 0 0 0 0 0 0 0 0
 1418149221 0 0 0 0 0 0 0 0 0 0 0
 1418149221 0 0 0 0 0 0 0 0 0 0 0
 1418149221 0 0 0 0 0 0 0 0 0 0 0
 1418149221 0 0 0 0 0 0 0 0 0 0 0
 1418149221 0 0 0 0 0 0 0 0 0 0 0
 1418149221 0 0 0 0 0 0 0 0 0 0 0
 1418149222 0 0 0 0 0 0 0 0 0 0 0
 1418149222 0 0 0 0 0 0 0 0 0 0 0
 1418149222 0 0 0 0 0 0 0 0 0 0 0
 1418149222 0 0 0 0 0 0 0 0 0 0 0
 1418149222 0 0 0 0 0 0 0 0 0 0 0
 1418149222 0 0 0 0 0 0 0 0 0 0 0
 1418149222 0 0 0 0 0 0 0 0 0 0 0
 1418149222 0 0 0 0 0 0 0 0 0 0 0
 1418149222 0 0 0 0 0 0 0 0 0 0 0
 1418149222 0 0 0 0 0 0 0 0 0 0 0
 1418149222 0 0 0 0 0 0 0 0 0 0 0
 1418149222 0 0 0 0 0 0 0 0 0 0 0
 1418149222 0 0 0 0 0 0 0 0 0 0 0
 1418149222 0 0 0 0 0 0 0 0 0 0 0
 1418149222 0 0 0 0 0 0 0 0 0 0 0
 1418149222 0 0 0 0 0 0 0 0 0 0 0
 1418149222 0 0 0 0 0 0 0 0 0 0 0
 1418149222 0 0 0 0 0 0 0 0 0 0 0
 1418149222 0 0 0 0 0 0 0 0 0 0 0
 1418149222 0 0 0 0 0 0 0 0 0 0 0
 1418149222 0 0 0 0 0 0 0 0 0 0 0
 1418149222 0 0 0 0 0 0 0 0 0 0 0
 1418149222 0 0 0 0 0 0 0 0 0 0 0
 1418149222 0 0 0 0 0 0 0 0 0 0 0
 1418149222 0 0 0 0 0 0 0 0 0 0 0
 1418149222 0 0 0 0 0 0 0 0 0 0 0
 1418149222 0 0 0 0 0 0 0 0 0 0 0
 1418149222 0 0 0 0 0 0 0 0 0 0 0
 1418149222 0 0 0 0 0 0 0 0 0 0 0
 1418149222 0 0 0 0 0 0 0 0 0 0 0
 1418149223 0 0 0 0 0 0 0 0 0 0 0
 1418149223 0 0 0 0 0 0 0 0 0 0 0
 1418149223 0 0 0 0 0 0 0 0 0 0 0
 1418149223 0 0 0 0 0 0 0 0 0 0 0
 1418149223 0 0 0 0 0 0 0 0 0 0 0
 1418149223 0 0 0 0 0 0 0 0 0 0 0
 1418149223 0 0 0 0 0 0 0 0 0 0 0
 1418149223 0 0 0 0 0 0 0 0 0 0 0
 1418149223 0 0 0 0 0 0 0 0 0 0 0
 1418149223 0 0 0 0 0 0 0 0 0 0 0
 1418149223 0 0 0 0 0 0 0 0 0 0 0
 1418149223 0 0 0 0 0 0 0 0 0 0 0
 1418149223 0 0 0 0 0 0 0 0 0 0 0
 1418149223 0 0 0 0 0 0 0 0 0 0 0
 1418149223 0 0 0 0 0 0 0 0 0 0 0
 1418149223 0 0 0 0 0 0 0 0 0 0 0
 1418149223 0 0 0 0 0 0 0 0 0 0 0
 1418149223 0 0 0 0 0 0 0 0 0 0 0
 1418149223 0 0 0 0 0 0 0 0 0 0 0
 1418149223 0 0 0 0 0 0 0 0 0 0 0
 1418149223 0 0 0 0 0 0 0 0 0 0 0
 1418149223 0 0 0 0 0 0 0 0 0 0 0
 1418149223 0 0 0 0 0 0 0 0 0 0 0
 1418149223 0 0 0 0 0 0 0 0 0 0 0
 1418149223 0 0 0 0 0 0 0 0 0 0 0
 1418149223 0 0 0 0 0 0 0 0 0 0 0
 1418149223 0 0 0 0 0 0 0 0 0 0 0
 1418149223 0 0 0 0 0 0 0 0 0 0 0
 1418149223 0 0 0 0 0 0 0 0 0 0 0
 1418149223 0 0 0 0 0 0 0 0 0 0 0
 1418149224 0 0 0 0 0 0 0 0 0 0 0
 1418149224 0 0 0 0 0 0 0 0 0 0 0
 1418149224 0 0 0 0 0 0 0 0 0 0 0
 1418149224 0 0 0 0 0 0 0 0 0 0 0
 1418149224 0 0 0 0 0 0 0 0 0 0 0
 1418149224 0 0 0 0 0 0 0 0 0 0 0
 1418149224 0 0 0 0 0 0 0 0 0 0 0
 1418149224 0 0 0 0 0 0 0 0 0 0 0
 1418149224 0 0 0 0 0 0 0 0 0 0 0
 1418149224 0 0 0 0 0 0 0 0 0 0 0
 1418149224 0 0 0 0 0 0 0 0 0 0 0
 1418149224 0 0 0 0 0 0 0 0 0 0 0
 1418149224 0 0 0 0 0 0 0 0 0 0 0
 1418149224 0 0 0 0 0 0 0 0 0 0 0
 1418149224 0 0 0 0 0 0 0 0 0 0 0
 1418149224 0 0 0 0 0 0 0 0 0 0 0
 1418149224 0 0 0 0 0 0 0 0 0 0 0
 1418149224 0 0 0 0 0 0 0 0 0 0 0
 1418149224 0 0 0 0 0 0 0 0 0 0 0
 1418149224 0 0 0 0 0 0 0 0 0 0 0
 1418149224 0 0 0 0 0 0 0 0 0 0 0
 1418149224 0 0 0 0 0 0 0 0 0 0 0
 1418149224 0 0 0 0 0 0 0 0 0 0 0
 1418149224 0 0 0 0 0 0 0 0 0 0 0
 1418149224 0 0 0 0 0 0 0 0 0 0 0
 1418149224 0 0 0 0 0 0 0 0 0 0 0
 1418149224 0 0 0 0 0 0 0 0 0 0 0
 1418149224 0 0 0 0 0 0 0 0 0 0 0
 1418149224 0 0 0 0 0 0 0 0 0 0 0
 1418149224 0 0 0 0 0 0 0 0 0 0 0
 1418149225 0 0 0 0 0 0 0 0 0 0 0
 1418149225 0 0 0 0 0 0 0 0 0 0 0
 1418149225 0 0 0 0 0 0 0 0 0 0 0
 1418149225 0 0 0 0 0 0 0 0 0 0 0
 1418149225 0 0 0 0 0 0 0 0 0 0 0
 1418149225 0 0 0 0 0 0 0 0 0 0 0
 1418149225 0 0 0 0 0 0 0 0 0 0 0
 1418149225 0 0 0 0 0 0 0 0 0 0 0
 1418149225 0 0 0 0 0 0 0 0 0 0 0
 1418149225 0 0 0 0 0 0 0 0 0 0 0
 1418149225 0 0 0 0 0 0 0 0 0 0 0
 1418149225 0 0 0 0 0 0 0 0 0 0 0
 1418149225 0 0 0 0 0 0 0 0 0 0 0
 1418149225 0 0 0 0 0 0 0 0 0 0 0
 1418149225 0 0 0 0 0 0 0 0 0 0 0
 1418149225 0 0 0 0 0 0 0 0 0 0 0
 1418149225 0 0 0 0 0 0 0 0 0 0 0
 1418149225 0 0 0 0 0 0 0 0 0 0 0
 1418149225 0 0 0 0 0 0 0 0 0 0 0
 1418149225 0 0 0 0 0 0 0 0 0 0 0
 1418149225 0 0 0 0 0 0 0 0 0 0 0
 1418149225 0 0 0 0 0 0 0 0 0 0 0
 1418149225 0 0 0 0 0 0 0 0 0 0 0
 1418149225 0 0 0 0 0 0 0 0 0 0 0
 1418149225 0 0 0 0 0 0 0 0 0 0 0
 1418149225 0 0 0 0 0 0 0 0 0 0 0
 1418149225 0 0 0 0 0 0 0 0 0 0 0
 1418149225 0 0 0 0 0 0 0 0 0 0 0
 1418149225 0 0 0 0 0 0 0 0 0 0 0
 1418149225 0 0 0 0 0 0 0 0 0 0 0
 1418149226 0 0 0 0 0 0 0 0 0 0 0
 1418149226 0 0 0 0 0 0 0 0 0 0 0
 1418149226 0 0 0 0 0 0 0 0 0 0 0
 1418149226 0 0 0 0 0 0 0 0 0 0 0
 1418149226 0 0 0 0 0 0 0 0 0 0 0
 1418149226 0 0 0 0 0 0 0 0 0 0 0
 1418149226 0 0 0 0 0 0 0 0 0 0 0
 1418149226 0 0 0 0 0 0 0 0 0 0 0
 1418149226 0 0 0 0 0 0 0 0 0 0 0
 1418149226 0 0 0 0 0 0 0 0 0 0 0
 1418149226 0 0 0 0 0 0 0 0 0 0 0
 1418149226 0 0 0 0 0 0 0 0 0 0 0
 1418149226 0 0 0 0 0 0 0 0 0 0 0
 1418149226 0 0 0 0 0 0 0 0 0 0 0
 1418149226 0 0 0 0 0 0 0 0 0 0 0
 1418149226 0 0 0 0 0 0 0 0 0 0 0
 1418149226 0 0 0 0 0 0 0 0 0 0 0
 1418149226 0 0 0 0 0 0 0 0 0 0 0
 1418149226 0 0 0 0 0 0 0 0 0 0 0
 1418149226 0 0 0 0 0 0 0 0 0 0 0
 1418149226 0 0 0 0 0 0 0 0 0 0 0
 1418149226 0 0 0 0 0 0 0 0 0 0 0
 1418149226 0 0 0 0 0 0 0 0 0 0 0
 1418149226 0 0 0 0 0 0 0 0 0 0 0
 1418149226 0 0 0 0 0 0 0 0 0 0 0
 1418149226 0 0 0 0 0 0 0 0 0 0 0
 1418149226 0 0 0 0 0 0 0 0 0 0 0
 1418149226 0 0 0 0 0 0 0 0 0 0 0
 1418149226 0 0 0 0 0 0 0 0 0 0 0
 1418149226 0 0 0 0 0 0 0 0 0 0 0
 1418149227 0 0 0 0 0 0 0 0 0 0 0
 1418149227 0 0 0 0 0 0 0 0 0 0 0
 1418149227 0 0 0 0 0 0 0 0 0 0 0
 1418149227 0 0 0 0 0 0 0 0 0 0 0
 1418149227 0 0 0 0 0 0 0 0 0 0 0
 1418149227 0 0 0 0 0 0 0 0 0 0 0
 1418149227 0 0 0 0 0 0 0 0 0 0 0
 1418149227 0 0 0 0 0 0 0 0 0 0 0
 1418149227 0 0 0 0 0 0 0 0 0 0 0
 1418149227 0 0 0 0 0 0 0 0 0 0 0
 1418149227 0 0 0 0 0 0 0 0 0 0 0
 1418149227 0 0 0 0 0 0 0 0 0 0 0
 1418149227 0 0 0 0 0 0 0 0 0 0 0
 1418149227 0 0 0 0 0 0 0 0 0 0 0
 1418149227 0 0 0 0 0 0 0 0 0 0 0
 1418149227 0 0 0 0 0 0 0 0 0 0 0
