 1418301408 9 9 0 0 0 0 51 297 293 288 96
 1418301413 34 20 0 0 0 0 45 265 270 273 103
 1418301418 63 31 0 0 0 0 56 234 122 107 102
 1418301419 90 39 0 0 0 0 203 115 107 98 87
 1418301419 90 39 0 0 0 0 203 115 107 98 87
 1418301419 90 39 0 0 0 0 203 115 107 98 111
 1418301419 91 40 1 1 0 0 203 115 107 98 117
 1418301420 94 43 4 4 0 0 196 112 104 97 117
 1418301420 100 48 7 6 0 0 193 105 97 91 124
 1418301420 102 50 6 6 0 0 193 105 94 86 118
 1418301421 103 52 3 4 0 0 195 100 92 86 122
 1418301421 103 52 0 1 0 0 197 100 91 84 122
 1418301421 106 54 2 2 0 0 197 97 89 82 118
 1418301421 108 56 5 4 0 0 194 97 87 82 120
 1418301422 112 61 6 7 0 0 191 90 82 77 120
 1418301422 115 64 5 6 0 0 191 85 78 71 122
 1418301422 115 65 1 2 0 1 188 85 76 71 128
 1418301423 115 65 0 1 0 1 188 84 76 67 128
 1418301423 115 65 0 0 0 1 190 84 76 67 120
 1418301423 115 65 0 0 0 1 190 84 76 67 135
 1418301423 115 65 0 0 0 1 190 84 76 67 135
 1418301424 115 65 0 0 0 1 190 84 76 67 135
 1418301424 115 65 0 0 0 1 190 84 76 67 118
 1418301424 115 65 0 0 0 1 190 84 76 67 126
 1418301424 115 65 0 0 0 1 190 84 76 67 126
 1418301425 115 65 0 0 0 1 190 84 76 67 146
 1418301425 115 65 0 0 0 1 190 84 76 67 127
 1418301425 115 65 0 0 0 1 190 84 76 67 127
 1418301426 115 65 0 0 0 1 190 84 76 67 128
 1418301426 115 65 0 0 0 1 190 84 76 67 146
 1418301426 115 65 0 0 0 1 190 84 76 67 146
 1418301426 115 65 0 0 0 1 190 84 76 67 135
 1418301427 115 65 0 0 0 1 190 84 76 67 135
 1418301427 115 65 0 0 0 1 190 84 76 67 130
 1418301427 115 65 0 0 0 1 190 84 76 67 128
 1418301428 115 65 0 0 0 1 190 84 76 67 128
 1418301428 115 65 0 0 0 1 190 84 76 67 127
 1418301428 115 65 0 0 0 1 190 84 76 67 131
 1418301428 115 65 0 0 0 1 190 84 76 67 131
 1418301429 115 65 0 0 0 1 190 84 76 67 119
 1418301429 115 65 0 0 0 1 190 84 76 67 114
 1418301429 115 65 0 0 0 1 190 84 76 67 114
 1418301430 115 65 0 0 0 1 190 84 76 67 116
