 1418117762 0 0 0 0 0 0 0 0 0 0 0
 1418117762 0 0 0 0 0 0 0 0 0 0 0
 1418117763 0 0 0 0 0 0 0 0 0 0 0
 1418117763 0 0 0 0 0 0 0 0 0 0 0
 1418117763 0 0 0 0 0 0 0 0 0 0 0
 1418117764 0 0 0 0 0 0 0 0 0 0 0
 1418117764 0 0 0 0 0 0 0 0 0 0 0
 1418117764 0 0 0 0 0 0 0 0 0 0 0
 1418117765 0 0 0 0 0 0 0 0 0 0 0
 1418117765 0 0 0 0 0 0 0 0 0 0 0
 1418117765 0 0 0 0 0 0 0 0 0 0 0
 1418117765 0 0 0 0 0 0 0 0 0 0 0
 1418117766 0 0 0 0 0 0 0 0 0 0 0
 1418117766 0 0 0 0 0 0 0 0 0 0 0
 1418117767 0 0 0 0 0 0 0 0 0 0 0
 1418117767 0 0 0 0 0 0 0 0 0 0 0
 1418117767 0 0 0 0 0 0 0 0 0 0 0
 1418117767 0 0 0 0 0 0 0 0 0 0 0
 1418117768 0 0 0 0 0 0 0 0 0 0 0
 1418117768 0 0 0 0 0 0 0 0 0 0 0
 1418117768 0 0 0 0 0 0 0 0 0 0 0
 1418117769 0 0 0 0 0 0 0 0 0 0 0
 1418117769 0 0 0 0 0 0 0 0 0 0 0
 1418117769 0 0 0 0 0 0 0 0 0 0 0
 1418117770 0 0 0 0 0 0 0 0 0 0 0
 1418117770 0 0 0 0 0 0 0 0 0 0 0
 1418117770 0 0 0 0 0 0 0 0 0 0 0
 1418117770 0 0 0 0 0 0 0 0 0 0 0
 1418117771 0 0 0 0 0 0 0 0 0 0 0
 1418117771 0 0 0 0 0 0 0 0 0 0 0
 1418117771 0 0 0 0 0 0 0 0 0 0 0
 1418117772 0 0 0 0 0 0 0 0 0 0 0
 1418117772 0 0 0 0 0 0 0 0 0 0 0
 1418117772 0 0 0 0 0 0 0 0 0 0 0
 1418117772 0 0 0 0 0 0 0 0 0 0 0
 1418117773 0 0 0 0 0 0 0 0 0 0 0
 1418117773 0 0 0 0 0 0 0 0 0 0 0
 1418117773 0 0 0 0 0 0 0 0 0 0 0
 1418117774 0 0 0 0 0 0 0 0 0 0 0
 1418117774 0 0 0 0 0 0 0 0 0 0 0
 1418117775 0 0 0 0 0 0 0 0 0 0 0
 1418117776 0 0 0 0 0 0 0 0 0 0 0
 1418117776 0 0 0 0 0 0 0 0 0 0 0
 1418117784 0 0 0 0 0 0 0 0 0 0 0
 1418117785 0 0 0 0 0 0 0 0 0 0 0
 1418117785 0 0 0 0 0 0 0 0 0 0 0
 1418117785 0 0 0 0 0 0 0 0 0 0 0
 1418117786 0 0 0 0 0 0 0 0 0 0 0
 1418117786 0 0 0 0 0 0 0 0 0 0 0
 1418117786 0 0 0 0 0 0 0 0 0 0 0
 1418117787 0 0 0 0 0 0 0 0 0 0 0
 1418117787 0 0 0 0 0 0 0 0 0 0 0
 1418117787 0 0 0 0 0 0 0 0 0 0 0
 1418117788 0 0 0 0 0 0 0 0 0 0 0
 1418117788 0 0 0 0 0 0 0 0 0 0 0
 1418117788 0 0 0 0 0 0 0 0 0 0 0
 1418117789 0 0 0 0 0 0 0 0 0 0 0
 1418117789 0 0 0 0 0 0 0 0 0 0 0
 1418117789 0 0 0 0 0 0 0 0 0 0 0
 1418117790 0 0 0 0 0 0 0 0 0 0 0
 1418117790 0 0 0 0 0 0 0 0 0 0 0
 1418117790 0 0 0 0 0 0 0 0 0 0 0
 1418117791 0 0 0 0 0 0 0 0 0 0 0
 1418117791 0 0 0 0 0 0 0 0 0 0 0
 1418117792 0 0 0 0 0 0 0 0 0 0 0
 1418117792 0 0 0 0 0 0 0 0 0 0 0
 1418117792 0 0 0 0 0 0 0 0 0 0 0
 1418117793 0 0 0 0 0 0 0 0 0 0 0
 1418117793 0 0 0 0 0 0 0 0 0 0 0
 1418117793 0 0 0 0 0 0 0 0 0 0 0
 1418117794 0 0 0 0 0 0 0 0 0 0 0
 1418117794 0 0 0 0 0 0 0 0 0 0 0
 1418117794 0 0 0 0 0 0 0 0 0 0 0
 1418117795 0 0 0 0 0 0 0 0 0 0 0
 1418117795 0 0 0 0 0 0 0 0 0 0 0
 1418117795 0 0 0 0 0 0 0 0 0 0 0
 1418117795 0 0 0 0 0 0 0 0 0 0 0
 1418117796 0 0 0 0 0 0 0 0 0 0 0
 1418117796 0 0 0 0 0 0 0 0 0 0 0
 1418117796 0 0 0 0 0 0 0 0 0 0 0
 1418117797 0 0 0 0 0 0 0 0 0 0 0
 1418117797 0 0 0 0 0 0 0 0 0 0 0
 1418117797 0 0 0 0 0 0 0 0 0 0 0
 1418117798 0 0 0 0 0 0 0 0 0 0 0
 1418117798 0 0 0 0 0 0 0 0 0 0 0
 1418117798 0 0 0 0 0 0 0 0 0 0 0
 1418117799 0 0 0 0 0 0 0 0 0 0 0
 1418117799 0 0 0 0 0 0 0 0 0 0 0
 1418117799 0 0 0 0 0 0 0 0 0 0 0
 1418117800 0 0 0 0 0 0 0 0 0 0 0
 1418117800 0 0 0 0 0 0 0 0 0 0 0
 1418117800 0 0 0 0 0 0 0 0 0 0 0
 1418117801 0 0 0 0 0 0 0 0 0 0 0
 1418117801 0 0 0 0 0 0 0 0 0 0 0
 1418117801 0 0 0 0 0 0 0 0 0 0 0
 1418117801 0 0 0 0 0 0 0 0 0 0 0
 1418117802 0 0 0 0 0 0 0 0 0 0 0
 1418117802 0 0 0 0 0 0 0 0 0 0 0
 1418117803 0 0 0 0 0 0 0 0 0 0 0
 1418117803 0 0 0 0 0 0 0 0 0 0 0
 1418117803 0 0 0 0 0 0 0 0 0 0 0
 1418117803 0 0 0 0 0 0 0 0 0 0 0
 1418117804 0 0 0 0 0 0 0 0 0 0 0
