 1418155771 20 19 0 0 0 0 57 229 228 229 120
 1418155771 20 19 0 0 0 0 57 229 228 229 120
 1418155771 20 19 0 0 0 0 57 229 228 229 120
 1418155772 20 19 0 0 0 0 57 229 228 229 120
 1418155772 20 19 0 0 0 0 57 229 228 229 120
 1418155772 20 19 0 0 0 0 57 229 228 229 120
 1418155772 20 19 0 0 0 0 57 229 228 229 104
 1418155773 20 19 0 0 0 0 57 229 228 229 120
 1418155773 20 19 0 0 0 0 57 229 228 229 120
 1418155773 20 19 0 0 0 0 57 229 228 229 120
 1418155773 20 19 0 0 0 0 57 229 228 229 120
 1418155774 20 19 0 0 0 0 57 229 230 229 120
 1418155774 20 19 0 0 0 0 57 229 230 229 120
 1418155774 20 19 0 0 0 0 57 229 228 229 120
 1418155774 20 19 0 0 0 0 57 229 228 229 120
 1418155775 20 19 0 0 0 0 57 228 228 229 120
 1418155775 20 19 0 0 0 0 57 229 228 229 120
 1418155775 20 19 0 0 0 0 57 229 228 229 120
 1418155775 20 19 0 0 0 0 57 229 228 229 120
 1418155776 20 19 0 0 0 0 57 229 228 229 120
 1418155776 20 19 0 0 0 0 57 229 228 229 120
 1418155776 20 19 0 0 0 0 57 229 228 229 120
 1418155776 20 19 0 0 0 0 57 229 228 229 120
 1418155777 20 19 0 0 0 0 57 228 228 229 120
