 1418119263 0 0 0 0 0 0 0 0 0 0 0
 1418119264 0 0 0 0 0 0 0 0 0 0 0
 1418119264 0 0 0 0 0 0 0 0 0 0 0
 1418119264 0 0 0 0 0 0 0 0 0 0 0
 1418119265 0 0 0 0 0 0 0 0 0 0 0
 1418119265 0 0 0 0 0 0 0 0 0 0 0
 1418119265 0 0 0 0 0 0 0 0 0 0 0
 1418119266 0 0 0 0 0 0 0 0 0 0 0
 1418119266 0 0 0 0 0 0 0 0 0 0 0
 1418119266 0 0 0 0 0 0 0 0 0 0 0
 1418119266 0 0 0 0 0 0 0 0 0 0 0
 1418119267 0 0 0 0 0 0 0 0 0 0 0
 1418119267 0 0 0 0 0 0 0 0 0 0 0
 1418119267 0 0 0 0 0 0 0 0 0 0 0
 1418119268 0 0 0 0 0 0 0 0 0 0 0
 1418119268 0 0 0 0 0 0 0 0 0 0 0
 1418119268 0 0 0 0 0 0 0 0 0 0 0
 1418119268 0 0 0 0 0 0 0 0 0 0 0
 1418119269 0 0 0 0 0 0 0 0 0 0 0
 1418119269 0 0 0 0 0 0 0 0 0 0 0
 1418119269 0 0 0 0 0 0 0 0 0 0 0
 1418119270 0 0 0 0 0 0 0 0 0 0 0
 1418119270 0 0 0 0 0 0 0 0 0 0 0
 1418119270 0 0 0 0 0 0 0 0 0 0 0
 1418119270 0 0 0 0 0 0 0 0 0 0 0
 1418119271 0 0 0 0 0 0 0 0 0 0 0
 1418119271 0 0 0 0 0 0 0 0 0 0 0
 1418119271 0 0 0 0 0 0 0 0 0 0 0
 1418119272 0 0 0 0 0 0 0 0 0 0 0
 1418119272 0 0 0 0 0 0 0 0 0 0 0
 1418119272 0 0 0 0 0 0 0 0 0 0 0
 1418119272 0 0 0 0 0 0 0 0 0 0 0
 1418119273 0 0 0 0 0 0 0 0 0 0 0
 1418119273 0 0 0 0 0 0 0 0 0 0 0
 1418119273 0 0 0 0 0 0 0 0 0 0 0
 1418119274 0 0 0 0 0 0 0 0 0 0 0
 1418119274 0 0 0 0 0 0 0 0 0 0 0
 1418119274 0 0 0 0 0 0 0 0 0 0 0
 1418119274 0 0 0 0 0 0 0 0 0 0 0
 1418119275 0 0 0 0 0 0 0 0 0 0 0
 1418119275 0 0 0 0 0 0 0 0 0 0 0
 1418119275 0 0 0 0 0 0 0 0 0 0 0
 1418119276 0 0 0 0 0 0 0 0 0 0 0
 1418119276 0 0 0 0 0 0 0 0 0 0 0
 1418119276 0 0 0 0 0 0 0 0 0 0 0
 1418119276 0 0 0 0 0 0 0 0 0 0 0
 1418119277 0 0 0 0 0 0 0 0 0 0 0
 1418119277 0 0 0 0 0 0 0 0 0 0 0
 1418119277 0 0 0 0 0 0 0 0 0 0 0
 1418119278 0 0 0 0 0 0 0 0 0 0 0
 1418119278 0 0 0 0 0 0 0 0 0 0 0
 1418119278 0 0 0 0 0 0 0 0 0 0 0
 1418119278 0 0 0 0 0 0 0 0 0 0 0
 1418119279 0 0 0 0 0 0 0 0 0 0 0
 1418119279 0 0 0 0 0 0 0 0 0 0 0
 1418119279 0 0 0 0 0 0 0 0 0 0 0
 1418119279 0 0 0 0 0 0 0 0 0 0 0
 1418119280 0 0 0 0 0 0 0 0 0 0 0
 1418119280 0 0 0 0 0 0 0 0 0 0 0
 1418119280 0 0 0 0 0 0 0 0 0 0 0
 1418119281 0 0 0 0 0 0 0 0 0 0 0
 1418119281 0 0 0 0 0 0 0 0 0 0 0
 1418119281 0 0 0 0 0 0 0 0 0 0 0
 1418119282 0 0 0 0 0 0 0 0 0 0 0
 1418119282 0 0 0 0 0 0 0 0 0 0 0
 1418119282 0 0 0 0 0 0 0 0 0 0 0
 1418119282 0 0 0 0 0 0 0 0 0 0 0
 1418119283 0 0 0 0 0 0 0 0 0 0 0
 1418119283 0 0 0 0 0 0 0 0 0 0 0
 1418119283 0 0 0 0 0 0 0 0 0 0 0
 1418119284 0 0 0 0 0 0 0 0 0 0 0
 1418119284 0 0 0 0 0 0 0 0 0 0 0
 1418119284 0 0 0 0 0 0 0 0 0 0 0
 1418119284 0 0 0 0 0 0 0 0 0 0 0
 1418119285 0 0 0 0 0 0 0 0 0 0 0
 1418119285 0 0 0 0 0 0 0 0 0 0 0
 1418119285 0 0 0 0 0 0 0 0 0 0 0
 1418119286 0 0 0 0 0 0 0 0 0 0 0
 1418119286 0 0 0 0 0 0 0 0 0 0 0
 1418119286 0 0 0 0 0 0 0 0 0 0 0
 1418119287 0 0 0 0 0 0 0 0 0 0 0
 1418119287 0 0 0 0 0 0 0 0 0 0 0
 1418119287 0 0 0 0 0 0 0 0 0 0 0
 1418119287 0 0 0 0 0 0 0 0 0 0 0
 1418119288 0 0 0 0 0 0 0 0 0 0 0
 1418119288 0 0 0 0 0 0 0 0 0 0 0
 1418119288 0 0 0 0 0 0 0 0 0 0 0
 1418119289 0 0 0 0 0 0 0 0 0 0 0
 1418119289 0 0 0 0 0 0 0 0 0 0 0
 1418119289 0 0 0 0 0 0 0 0 0 0 0
 1418119289 0 0 0 0 0 0 0 0 0 0 0
 1418119290 0 0 0 0 0 0 0 0 0 0 0
 1418119290 0 0 0 0 0 0 0 0 0 0 0
 1418119290 0 0 0 0 0 0 0 0 0 0 0
 1418119291 0 0 0 0 0 0 0 0 0 0 0
 1418119291 0 0 0 0 0 0 0 0 0 0 0
 1418119291 0 0 0 0 0 0 0 0 0 0 0
 1418119291 0 0 0 0 0 0 0 0 0 0 0
 1418119292 0 0 0 0 0 0 0 0 0 0 0
 1418119292 0 0 0 0 0 0 0 0 0 0 0
 1418119292 0 0 0 0 0 0 0 0 0 0 0
 1418119292 0 0 0 0 0 0 0 0 0 0 0
 1418119293 0 0 0 0 0 0 0 0 0 0 0
 1418119293 0 0 0 0 0 0 0 0 0 0 0
 1418119293 0 0 0 0 0 0 0 0 0 0 0
 1418119294 0 0 0 0 0 0 0 0 0 0 0
 1418119294 0 0 0 0 0 0 0 0 0 0 0
 1418119294 0 0 0 0 0 0 0 0 0 0 0
 1418119294 0 0 0 0 0 0 0 0 0 0 0
 1418119295 0 0 0 0 0 0 0 0 0 0 0
 1418119295 0 0 0 0 0 0 0 0 0 0 0
 1418119295 0 0 0 0 0 0 0 0 0 0 0
 1418119296 0 0 0 0 0 0 0 0 0 0 0
 1418119296 0 0 0 0 0 0 0 0 0 0 0
 1418119296 0 0 0 0 0 0 0 0 0 0 0
 1418119296 0 0 0 0 0 0 0 0 0 0 0
 1418119297 0 0 0 0 0 0 0 0 0 0 0
 1418119297 0 0 0 0 0 0 0 0 0 0 0
 1418119297 0 0 0 0 0 0 0 0 0 0 0
 1418119297 0 0 0 0 0 0 0 0 0 0 0
 1418119298 0 0 0 0 0 0 0 0 0 0 0
 1418119298 0 0 0 0 0 0 0 0 0 0 0
 1418119298 0 0 0 0 0 0 0 0 0 0 0
 1418119299 0 0 0 0 0 0 0 0 0 0 0
 1418119299 0 0 0 0 0 0 0 0 0 0 0
 1418119299 0 0 0 0 0 0 0 0 0 0 0
 1418119299 0 0 0 0 0 0 0 0 0 0 0
 1418119300 0 0 0 0 0 0 0 0 0 0 0
 1418119300 0 0 0 0 0 0 0 0 0 0 0
 1418119300 0 0 0 0 0 0 0 0 0 0 0
 1418119301 0 0 0 0 0 0 0 0 0 0 0
 1418119301 0 0 0 0 0 0 0 0 0 0 0
 1418119301 0 0 0 0 0 0 0 0 0 0 0
 1418119302 0 0 0 0 0 0 0 0 0 0 0
 1418119302 0 0 0 0 0 0 0 0 0 0 0
 1418119302 0 0 0 0 0 0 0 0 0 0 0
 1418119302 0 0 0 0 0 0 0 0 0 0 0
 1418119303 0 0 0 0 0 0 0 0 0 0 0
 1418119303 0 0 0 0 0 0 0 0 0 0 0
 1418119303 0 0 0 0 0 0 0 0 0 0 0
 1418119304 0 0 0 0 0 0 0 0 0 0 0
 1418119304 0 0 0 0 0 0 0 0 0 0 0
 1418119304 0 0 0 0 0 0 0 0 0 0 0
 1418119305 0 0 0 0 0 0 0 0 0 0 0
 1418119305 0 0 0 0 0 0 0 0 0 0 0
 1418119305 0 0 0 0 0 0 0 0 0 0 0
 1418119306 0 0 0 0 0 0 0 0 0 0 0
 1418119306 0 0 0 0 0 0 0 0 0 0 0
 1418119306 0 0 0 0 0 0 0 0 0 0 0
 1418119306 0 0 0 0 0 0 0 0 0 0 0
 1418119307 0 0 0 0 0 0 0 0 0 0 0
 1418119307 0 0 0 0 0 0 0 0 0 0 0
 1418119307 0 0 0 0 0 0 0 0 0 0 0
 1418119307 0 0 0 0 0 0 0 0 0 0 0
 1418119308 0 0 0 0 0 0 0 0 0 0 0
 1418119308 0 0 0 0 0 0 0 0 0 0 0
 1418119308 0 0 0 0 0 0 0 0 0 0 0
 1418119309 0 0 0 0 0 0 0 0 0 0 0
 1418119309 0 0 0 0 0 0 0 0 0 0 0
