 1418300199 6 12 0 0 0 0 73 316 308 300 95
 1418300200 6 12 0 0 0 0 73 316 309 300 95
 1418300200 8 12 2 0 0 0 73 314 308 300 95
 1418300200 11 13 5 1 0 0 71 314 306 300 97
 1418300201 15 16 7 4 0 0 68 308 301 296 97
 1418300201 18 21 6 6 0 0 68 302 297 290 98
 1418300201 20 24 4 6 0 0 67 302 294 285 98
 1418300202 20 24 1 2 0 0 67 148 292 285 99
 1418300202 21 25 1 1 0 0 67 147 292 283 99
 1418300202 24 28 4 4 0 0 66 147 289 279 99
 1418300203 28 33 6 7 0 0 64 292 283 279 100
 1418300203 32 36 6 6 0 0 62 285 278 272 100
 1418300203 32 37 2 2 0 0 62 282 164 263 100
 1418300203 34 37 2 0 0 0 62 282 276 268 101
 1418300204 36 38 4 1 0 0 60 281 274 268 101
 1418300204 40 42 6 4 0 0 60 275 267 259 102
 1418300206 43 46 6 7 0 0 57 275 264 252 100
 1418300209 56 55 0 2 0 0 50 254 251 241 100
 1418300211 73 61 4 2 0 0 44 236 237 236 105
 1418300213 90 72 1 2 0 0 44 208 215 169 105
 1418300215 105 79 2 0 0 0 47 192 205 147 104
 1418300216 122 84 3 2 0 0 184 176 146 108 191
 1418300216 124 86 4 3 0 0 184 176 120 104 195
 1418300216 128 93 4 8 0 0 181 148 137 128 103
 1418300216 128 96 3 8 0 0 64 168 134 128 103
 1418300217 130 98 2 5 0 0 64 168 132 122 94
 1418300217 132 98 4 2 0 0 65 168 130 122 93
 1418300217 136 99 6 1 0 0 180 162 128 121 93
 1418300217 138 101 6 3 0 0 180 162 126 93 95
 1418300218 140 104 6 5 0 0 171 160 122 93 95
 1418300218 142 108 4 7 0 0 171 153 119 111 91
 1418300218 142 109 2 5 0 0 76 153 118 111 84
 1418300218 142 110 0 2 0 0 76 153 118 108 84
 1418300219 143 110 1 1 0 0 76 153 117 106 84
 1418300219 146 113 4 3 0 0 76 151 116 106 84
 1418300219 149 116 6 6 0 0 79 151 111 106 80
 1418300219 152 119 7 7 0 0 79 144 136 98 80
 1418300220 154 122 5 6 0 0 83 144 132 91 75
 1418300220 155 123 3 3 0 0 85 140 130 91 75
 1418300220 155 124 1 2 0 0 85 140 129 89 72
 1418300220 157 126 2 3 0 0 85 139 128 89 71
 1418300221 159 128 4 4 0 0 85 137 135 86 71
 1418300221 162 132 6 7 0 0 89 137 131 86 67
 1418300221 165 135 7 8 0 0 89 130 128 78 67
 1418300221 168 137 7 7 0 0 92 130 126 78 63
 1418300222 169 139 4 4 0 0 94 126 127 131 63
 1418300222 169 139 1 2 0 0 94 126 135 129 61
 1418300222 170 139 2 1 0 0 95 126 118 129 61
 1418300222 173 141 4 3 0 0 95 122 117 128 62
 1418300225 176 144 6 5 0 0 98 122 119 128 58
 1418300227 185 165 2 7 0 0 107 109 100 100 41
 1418300229 191 180 3 1 0 0 113 102 87 85 29
 1418300231 200 197 3 5 0 0 116 91 86 68 26
 1418300233 210 217 4 8 0 1 118 76 66 63 28
 1418300236 210 221 0 0 0 1 119 72 62 52 30
 1418300238 210 221 0 0 0 1 119 72 62 52 30
 1418300240 210 221 0 0 0 1 119 72 62 52 30
 1418300242 210 221 0 0 0 1 119 72 62 52 30
 1418300245 210 221 0 0 1 1 119 72 62 52 30
 1418300247 210 221 0 0 1 1 119 72 62 52 30
 1418300249 210 221 0 0 1 1 119 72 62 52 30
 1418300251 210 221 0 0 1 1 119 72 62 52 30
 1418300254 210 221 0 0 1 1 119 72 62 52 30
 1418300256 210 221 0 0 1 1 119 72 62 52 30
 1418300258 210 221 0 0 1 1 119 72 62 52 30
 1418300260 210 221 0 0 1 1 119 72 62 52 30
 1418300263 210 221 0 0 1 1 119 72 62 52 30
 1418300265 210 221 0 0 1 1 119 72 62 52 30
 1418300267 210 221 0 0 1 1 119 72 62 52 30
 1418300269 210 221 0 0 1 1 119 72 62 52 30
 1418300272 210 221 0 0 1 1 119 72 62 52 30
 1418300274 210 221 0 0 1 1 119 72 62 52 30
 1418300276 210 221 0 0 1 1 119 72 62 52 30
 1418300278 210 221 0 0 1 1 119 72 62 52 30
 1418300281 210 221 0 0 1 1 119 72 62 52 30
 1418300283 210 221 0 0 1 1 119 72 62 52 30
