 1418146363 0 0 0 0 0 0 0 0 0 0 0
 1418146363 0 0 0 0 0 0 0 0 0 0 0
 1418146363 0 0 0 0 0 0 0 0 0 0 0
 1418146364 0 0 0 0 0 0 0 0 0 0 0
 1418146364 0 0 0 0 0 0 0 0 0 0 0
 1418146364 0 0 0 0 0 0 0 0 0 0 0
 1418146364 0 0 0 0 0 0 0 0 0 0 0
 1418146364 0 0 0 0 0 0 0 0 0 0 0
 1418146364 0 0 0 0 0 0 0 0 0 0 0
 1418146364 0 0 0 0 0 0 0 0 0 0 0
 1418146364 0 0 0 0 0 0 0 0 0 0 0
 1418146364 0 0 0 0 0 0 0 0 0 0 0
 1418146364 0 0 0 0 0 0 0 0 0 0 0
 1418146364 0 0 0 0 0 0 0 0 0 0 0
 1418146364 0 0 0 0 0 0 0 0 0 0 0
 1418146364 0 0 0 0 0 0 0 0 0 0 0
 1418146364 0 0 0 0 0 0 0 0 0 0 0
 1418146364 0 0 0 0 0 0 0 0 0 0 0
 1418146364 0 0 0 0 0 0 0 0 0 0 0
 1418146364 0 0 0 0 0 0 0 0 0 0 0
 1418146364 0 0 0 0 0 0 0 0 0 0 0
 1418146364 0 0 0 0 0 0 0 0 0 0 0
 1418146364 0 0 0 0 0 0 0 0 0 0 0
 1418146364 0 0 0 0 0 0 0 0 0 0 0
 1418146364 0 0 0 0 0 0 0 0 0 0 0
 1418146364 0 0 0 0 0 0 0 0 0 0 0
 1418146364 0 0 0 0 0 0 0 0 0 0 0
 1418146364 0 0 0 0 0 0 0 0 0 0 0
 1418146364 0 0 0 0 0 0 0 0 0 0 0
 1418146364 0 0 0 0 0 0 0 0 0 0 0
 1418146364 0 0 0 0 0 0 0 0 0 0 0
 1418146364 0 0 0 0 0 0 0 0 0 0 0
 1418146364 0 0 0 0 0 0 0 0 0 0 0
 1418146365 0 0 0 0 0 0 0 0 0 0 0
 1418146365 0 0 0 0 0 0 0 0 0 0 0
 1418146365 0 0 0 0 0 0 0 0 0 0 0
 1418146365 0 0 0 0 0 0 0 0 0 0 0
 1418146365 0 0 0 0 0 0 0 0 0 0 0
 1418146365 0 0 0 0 0 0 0 0 0 0 0
 1418146365 0 0 0 0 0 0 0 0 0 0 0
 1418146365 0 0 0 0 0 0 0 0 0 0 0
 1418146365 0 0 0 0 0 0 0 0 0 0 0
 1418146365 0 0 0 0 0 0 0 0 0 0 0
 1418146365 0 0 0 0 0 0 0 0 0 0 0
 1418146365 0 0 0 0 0 0 0 0 0 0 0
 1418146365 0 0 0 0 0 0 0 0 0 0 0
 1418146365 0 0 0 0 0 0 0 0 0 0 0
 1418146365 0 0 0 0 0 0 0 0 0 0 0
 1418146365 0 0 0 0 0 0 0 0 0 0 0
 1418146365 0 0 0 0 0 0 0 0 0 0 0
 1418146365 0 0 0 0 0 0 0 0 0 0 0
 1418146365 0 0 0 0 0 0 0 0 0 0 0
 1418146365 0 0 0 0 0 0 0 0 0 0 0
 1418146365 0 0 0 0 0 0 0 0 0 0 0
 1418146365 0 0 0 0 0 0 0 0 0 0 0
 1418146365 0 0 0 0 0 0 0 0 0 0 0
 1418146365 0 0 0 0 0 0 0 0 0 0 0
 1418146365 0 0 0 0 0 0 0 0 0 0 0
 1418146365 0 0 0 0 0 0 0 0 0 0 0
 1418146365 0 0 0 0 0 0 0 0 0 0 0
 1418146365 0 0 0 0 0 0 0 0 0 0 0
 1418146365 0 0 0 0 0 0 0 0 0 0 0
 1418146365 0 0 0 0 0 0 0 0 0 0 0
 1418146366 0 0 0 0 0 0 0 0 0 0 0
 1418146366 0 0 0 0 0 0 0 0 0 0 0
 1418146366 0 0 0 0 0 0 0 0 0 0 0
 1418146366 0 0 0 0 0 0 0 0 0 0 0
 1418146366 0 0 0 0 0 0 0 0 0 0 0
 1418146366 0 0 0 0 0 0 0 0 0 0 0
 1418146366 0 0 0 0 0 0 0 0 0 0 0
 1418146366 0 0 0 0 0 0 0 0 0 0 0
 1418146366 0 0 0 0 0 0 0 0 0 0 0
 1418146366 0 0 0 0 0 0 0 0 0 0 0
 1418146366 0 0 0 0 0 0 0 0 0 0 0
 1418146366 0 0 0 0 0 0 0 0 0 0 0
 1418146366 0 0 0 0 0 0 0 0 0 0 0
 1418146366 0 0 0 0 0 0 0 0 0 0 0
 1418146366 0 0 0 0 0 0 0 0 0 0 0
 1418146366 0 0 0 0 0 0 0 0 0 0 0
 1418146366 0 0 0 0 0 0 0 0 0 0 0
 1418146366 0 0 0 0 0 0 0 0 0 0 0
 1418146366 0 0 0 0 0 0 0 0 0 0 0
 1418146366 0 0 0 0 0 0 0 0 0 0 0
 1418146366 0 0 0 0 0 0 0 0 0 0 0
 1418146366 0 0 0 0 0 0 0 0 0 0 0
 1418146366 0 0 0 0 0 0 0 0 0 0 0
 1418146366 0 0 0 0 0 0 0 0 0 0 0
 1418146366 0 0 0 0 0 0 0 0 0 0 0
 1418146366 0 0 0 0 0 0 0 0 0 0 0
 1418146366 0 0 0 0 0 0 0 0 0 0 0
 1418146366 0 0 0 0 0 0 0 0 0 0 0
 1418146366 0 0 0 0 0 0 0 0 0 0 0
 1418146366 0 0 0 0 0 0 0 0 0 0 0
 1418146367 0 0 0 0 0 0 0 0 0 0 0
 1418146367 0 0 0 0 0 0 0 0 0 0 0
 1418146367 0 0 0 0 0 0 0 0 0 0 0
 1418146367 0 0 0 0 0 0 0 0 0 0 0
 1418146367 0 0 0 0 0 0 0 0 0 0 0
 1418146367 0 0 0 0 0 0 0 0 0 0 0
 1418146367 0 0 0 0 0 0 0 0 0 0 0
 1418146367 0 0 0 0 0 0 0 0 0 0 0
 1418146367 0 0 0 0 0 0 0 0 0 0 0
 1418146367 0 0 0 0 0 0 0 0 0 0 0
 1418146367 0 0 0 0 0 0 0 0 0 0 0
 1418146367 0 0 0 0 0 0 0 0 0 0 0
 1418146367 0 0 0 0 0 0 0 0 0 0 0
 1418146367 0 0 0 0 0 0 0 0 0 0 0
 1418146367 0 0 0 0 0 0 0 0 0 0 0
 1418146367 0 0 0 0 0 0 0 0 0 0 0
 1418146367 0 0 0 0 0 0 0 0 0 0 0
 1418146367 0 0 0 0 0 0 0 0 0 0 0
 1418146367 0 0 0 0 0 0 0 0 0 0 0
 1418146367 0 0 0 0 0 0 0 0 0 0 0
 1418146367 0 0 0 0 0 0 0 0 0 0 0
 1418146367 0 0 0 0 0 0 0 0 0 0 0
 1418146367 0 0 0 0 0 0 0 0 0 0 0
 1418146367 0 0 0 0 0 0 0 0 0 0 0
 1418146367 0 0 0 0 0 0 0 0 0 0 0
 1418146367 0 0 0 0 0 0 0 0 0 0 0
 1418146367 0 0 0 0 0 0 0 0 0 0 0
 1418146367 0 0 0 0 0 0 0 0 0 0 0
 1418146367 0 0 0 0 0 0 0 0 0 0 0
 1418146367 0 0 0 0 0 0 0 0 0 0 0
 1418146368 0 0 0 0 0 0 0 0 0 0 0
 1418146368 0 0 0 0 0 0 0 0 0 0 0
 1418146368 0 0 0 0 0 0 0 0 0 0 0
 1418146368 0 0 0 0 0 0 0 0 0 0 0
 1418146368 0 0 0 0 0 0 0 0 0 0 0
 1418146368 0 0 0 0 0 0 0 0 0 0 0
 1418146368 0 0 0 0 0 0 0 0 0 0 0
 1418146368 0 0 0 0 0 0 0 0 0 0 0
 1418146368 0 0 0 0 0 0 0 0 0 0 0
 1418146368 0 0 0 0 0 0 0 0 0 0 0
 1418146368 0 0 0 0 0 0 0 0 0 0 0
 1418146368 0 0 0 0 0 0 0 0 0 0 0
 1418146368 0 0 0 0 0 0 0 0 0 0 0
 1418146368 0 0 0 0 0 0 0 0 0 0 0
 1418146368 0 0 0 0 0 0 0 0 0 0 0
 1418146368 0 0 0 0 0 0 0 0 0 0 0
 1418146368 0 0 0 0 0 0 0 0 0 0 0
 1418146368 0 0 0 0 0 0 0 0 0 0 0
 1418146368 0 0 0 0 0 0 0 0 0 0 0
 1418146368 0 0 0 0 0 0 0 0 0 0 0
 1418146368 0 0 0 0 0 0 0 0 0 0 0
 1418146368 0 0 0 0 0 0 0 0 0 0 0
 1418146368 0 0 0 0 0 0 0 0 0 0 0
 1418146368 0 0 0 0 0 0 0 0 0 0 0
 1418146368 0 0 0 0 0 0 0 0 0 0 0
 1418146368 0 0 0 0 0 0 0 0 0 0 0
 1418146368 0 0 0 0 0 0 0 0 0 0 0
 1418146368 0 0 0 0 0 0 0 0 0 0 0
 1418146368 0 0 0 0 0 0 0 0 0 0 0
 1418146368 0 0 0 0 0 0 0 0 0 0 0
 1418146369 0 0 0 0 0 0 0 0 0 0 0
 1418146369 0 0 0 0 0 0 0 0 0 0 0
 1418146369 0 0 0 0 0 0 0 0 0 0 0
 1418146369 0 0 0 0 0 0 0 0 0 0 0
 1418146369 0 0 0 0 0 0 0 0 0 0 0
 1418146369 0 0 0 0 0 0 0 0 0 0 0
 1418146369 0 0 0 0 0 0 0 0 0 0 0
 1418146369 0 0 0 0 0 0 0 0 0 0 0
 1418146369 0 0 0 0 0 0 0 0 0 0 0
 1418146369 0 0 0 0 0 0 0 0 0 0 0
 1418146369 0 0 0 0 0 0 0 0 0 0 0
 1418146369 0 0 0 0 0 0 0 0 0 0 0
 1418146369 0 0 0 0 0 0 0 0 0 0 0
 1418146369 0 0 0 0 0 0 0 0 0 0 0
 1418146369 0 0 0 0 0 0 0 0 0 0 0
 1418146369 0 0 0 0 0 0 0 0 0 0 0
 1418146369 0 0 0 0 0 0 0 0 0 0 0
 1418146369 0 0 0 0 0 0 0 0 0 0 0
 1418146369 0 0 0 0 0 0 0 0 0 0 0
 1418146369 0 0 0 0 0 0 0 0 0 0 0
 1418146369 0 0 0 0 0 0 0 0 0 0 0
 1418146369 0 0 0 0 0 0 0 0 0 0 0
 1418146369 0 0 0 0 0 0 0 0 0 0 0
 1418146369 0 0 0 0 0 0 0 0 0 0 0
 1418146369 0 0 0 0 0 0 0 0 0 0 0
 1418146369 0 0 0 0 0 0 0 0 0 0 0
 1418146369 0 0 0 0 0 0 0 0 0 0 0
 1418146369 0 0 0 0 0 0 0 0 0 0 0
 1418146369 0 0 0 0 0 0 0 0 0 0 0
 1418146369 0 0 0 0 0 0 0 0 0 0 0
 1418146370 0 0 0 0 0 0 0 0 0 0 0
 1418146370 0 0 0 0 0 0 0 0 0 0 0
 1418146370 0 0 0 0 0 0 0 0 0 0 0
 1418146370 0 0 0 0 0 0 0 0 0 0 0
 1418146370 0 0 0 0 0 0 0 0 0 0 0
 1418146370 0 0 0 0 0 0 0 0 0 0 0
 1418146370 0 0 0 0 0 0 0 0 0 0 0
 1418146370 0 0 0 0 0 0 0 0 0 0 0
 1418146370 0 0 0 0 0 0 0 0 0 0 0
 1418146370 0 0 0 0 0 0 0 0 0 0 0
 1418146370 0 0 0 0 0 0 0 0 0 0 0
 1418146370 0 0 0 0 0 0 0 0 0 0 0
 1418146370 0 0 0 0 0 0 0 0 0 0 0
 1418146370 0 0 0 0 0 0 0 0 0 0 0
 1418146370 0 0 0 0 0 0 0 0 0 0 0
 1418146370 0 0 0 0 0 0 0 0 0 0 0
 1418146370 0 0 0 0 0 0 0 0 0 0 0
 1418146370 0 0 0 0 0 0 0 0 0 0 0
 1418146370 0 0 0 0 0 0 0 0 0 0 0
 1418146370 0 0 0 0 0 0 0 0 0 0 0
 1418146370 0 0 0 0 0 0 0 0 0 0 0
 1418146370 0 0 0 0 0 0 0 0 0 0 0
 1418146370 0 0 0 0 0 0 0 0 0 0 0
 1418146370 0 0 0 0 0 0 0 0 0 0 0
 1418146370 0 0 0 0 0 0 0 0 0 0 0
 1418146370 0 0 0 0 0 0 0 0 0 0 0
 1418146370 0 0 0 0 0 0 0 0 0 0 0
 1418146370 0 0 0 0 0 0 0 0 0 0 0
 1418146370 0 0 0 0 0 0 0 0 0 0 0
 1418146370 0 0 0 0 0 0 0 0 0 0 0
 1418146371 0 0 0 0 0 0 0 0 0 0 0
 1418146371 0 0 0 0 0 0 0 0 0 0 0
 1418146371 0 0 0 0 0 0 0 0 0 0 0
 1418146371 0 0 0 0 0 0 0 0 0 0 0
 1418146371 0 0 0 0 0 0 0 0 0 0 0
 1418146371 0 0 0 0 0 0 0 0 0 0 0
 1418146371 0 0 0 0 0 0 0 0 0 0 0
 1418146371 0 0 0 0 0 0 0 0 0 0 0
 1418146371 0 0 0 0 0 0 0 0 0 0 0
 1418146371 0 0 0 0 0 0 0 0 0 0 0
 1418146371 0 0 0 0 0 0 0 0 0 0 0
 1418146371 0 0 0 0 0 0 0 0 0 0 0
 1418146371 0 0 0 0 0 0 0 0 0 0 0
 1418146371 0 0 0 0 0 0 0 0 0 0 0
 1418146371 0 0 0 0 0 0 0 0 0 0 0
 1418146371 0 0 0 0 0 0 0 0 0 0 0
 1418146371 0 0 0 0 0 0 0 0 0 0 0
 1418146371 0 0 0 0 0 0 0 0 0 0 0
 1418146371 0 0 0 0 0 0 0 0 0 0 0
 1418146371 0 0 0 0 0 0 0 0 0 0 0
 1418146371 0 0 0 0 0 0 0 0 0 0 0
 1418146371 0 0 0 0 0 0 0 0 0 0 0
 1418146371 0 0 0 0 0 0 0 0 0 0 0
 1418146371 0 0 0 0 0 0 0 0 0 0 0
 1418146371 0 0 0 0 0 0 0 0 0 0 0
 1418146371 0 0 0 0 0 0 0 0 0 0 0
 1418146371 0 0 0 0 0 0 0 0 0 0 0
 1418146371 0 0 0 0 0 0 0 0 0 0 0
 1418146371 0 0 0 0 0 0 0 0 0 0 0
 1418146371 0 0 0 0 0 0 0 0 0 0 0
 1418146372 0 0 0 0 0 0 0 0 0 0 0
 1418146372 0 0 0 0 0 0 0 0 0 0 0
 1418146372 0 0 0 0 0 0 0 0 0 0 0
 1418146372 0 0 0 0 0 0 0 0 0 0 0
 1418146372 0 0 0 0 0 0 0 0 0 0 0
 1418146372 0 0 0 0 0 0 0 0 0 0 0
 1418146372 0 0 0 0 0 0 0 0 0 0 0
 1418146372 0 0 0 0 0 0 0 0 0 0 0
 1418146372 0 0 0 0 0 0 0 0 0 0 0
 1418146372 0 0 0 0 0 0 0 0 0 0 0
 1418146372 0 0 0 0 0 0 0 0 0 0 0
 1418146372 0 0 0 0 0 0 0 0 0 0 0
 1418146372 0 0 0 0 0 0 0 0 0 0 0
 1418146372 0 0 0 0 0 0 0 0 0 0 0
 1418146372 0 0 0 0 0 0 0 0 0 0 0
 1418146372 0 0 0 0 0 0 0 0 0 0 0
 1418146372 0 0 0 0 0 0 0 0 0 0 0
 1418146372 0 0 0 0 0 0 0 0 0 0 0
 1418146372 0 0 0 0 0 0 0 0 0 0 0
 1418146372 0 0 0 0 0 0 0 0 0 0 0
 1418146372 0 0 0 0 0 0 0 0 0 0 0
 1418146372 0 0 0 0 0 0 0 0 0 0 0
 1418146372 0 0 0 0 0 0 0 0 0 0 0
 1418146372 0 0 0 0 0 0 0 0 0 0 0
 1418146372 0 0 0 0 0 0 0 0 0 0 0
 1418146372 0 0 0 0 0 0 0 0 0 0 0
 1418146372 0 0 0 0 0 0 0 0 0 0 0
 1418146372 0 0 0 0 0 0 0 0 0 0 0
 1418146372 0 0 0 0 0 0 0 0 0 0 0
 1418146372 0 0 0 0 0 0 0 0 0 0 0
 1418146373 0 0 0 0 0 0 0 0 0 0 0
 1418146373 0 0 0 0 0 0 0 0 0 0 0
 1418146373 0 0 0 0 0 0 0 0 0 0 0
 1418146373 0 0 0 0 0 0 0 0 0 0 0
 1418146373 0 0 0 0 0 0 0 0 0 0 0
 1418146373 0 0 0 0 0 0 0 0 0 0 0
 1418146373 0 0 0 0 0 0 0 0 0 0 0
 1418146373 0 0 0 0 0 0 0 0 0 0 0
 1418146373 0 0 0 0 0 0 0 0 0 0 0
 1418146373 0 0 0 0 0 0 0 0 0 0 0
 1418146373 0 0 0 0 0 0 0 0 0 0 0
 1418146373 0 0 0 0 0 0 0 0 0 0 0
 1418146373 0 0 0 0 0 0 0 0 0 0 0
 1418146373 0 0 0 0 0 0 0 0 0 0 0
 1418146373 0 0 0 0 0 0 0 0 0 0 0
 1418146373 0 0 0 0 0 0 0 0 0 0 0
 1418146373 0 0 0 0 0 0 0 0 0 0 0
 1418146373 0 0 0 0 0 0 0 0 0 0 0
 1418146373 0 0 0 0 0 0 0 0 0 0 0
 1418146373 0 0 0 0 0 0 0 0 0 0 0
 1418146373 0 0 0 0 0 0 0 0 0 0 0
 1418146373 0 0 0 0 0 0 0 0 0 0 0
 1418146373 0 0 0 0 0 0 0 0 0 0 0
 1418146373 0 0 0 0 0 0 0 0 0 0 0
 1418146373 0 0 0 0 0 0 0 0 0 0 0
 1418146373 0 0 0 0 0 0 0 0 0 0 0
 1418146373 0 0 0 0 0 0 0 0 0 0 0
 1418146373 0 0 0 0 0 0 0 0 0 0 0
 1418146373 0 0 0 0 0 0 0 0 0 0 0
 1418146373 0 0 0 0 0 0 0 0 0 0 0
 1418146373 0 0 0 0 0 0 0 0 0 0 0
 1418146374 0 0 0 0 0 0 0 0 0 0 0
 1418146374 0 0 0 0 0 0 0 0 0 0 0
 1418146374 0 0 0 0 0 0 0 0 0 0 0
 1418146374 0 0 0 0 0 0 0 0 0 0 0
 1418146374 0 0 0 0 0 0 0 0 0 0 0
 1418146374 0 0 0 0 0 0 0 0 0 0 0
 1418146374 0 0 0 0 0 0 0 0 0 0 0
 1418146374 0 0 0 0 0 0 0 0 0 0 0
 1418146374 0 0 0 0 0 0 0 0 0 0 0
 1418146374 0 0 0 0 0 0 0 0 0 0 0
 1418146374 0 0 0 0 0 0 0 0 0 0 0
 1418146374 0 0 0 0 0 0 0 0 0 0 0
 1418146374 0 0 0 0 0 0 0 0 0 0 0
 1418146374 0 0 0 0 0 0 0 0 0 0 0
 1418146374 0 0 0 0 0 0 0 0 0 0 0
 1418146374 0 0 0 0 0 0 0 0 0 0 0
 1418146374 0 0 0 0 0 0 0 0 0 0 0
 1418146374 0 0 0 0 0 0 0 0 0 0 0
 1418146374 0 0 0 0 0 0 0 0 0 0 0
 1418146374 0 0 0 0 0 0 0 0 0 0 0
 1418146374 0 0 0 0 0 0 0 0 0 0 0
 1418146374 0 0 0 0 0 0 0 0 0 0 0
 1418146374 0 0 0 0 0 0 0 0 0 0 0
 1418146374 0 0 0 0 0 0 0 0 0 0 0
 1418146374 0 0 0 0 0 0 0 0 0 0 0
 1418146374 0 0 0 0 0 0 0 0 0 0 0
 1418146374 0 0 0 0 0 0 0 0 0 0 0
 1418146374 0 0 0 0 0 0 0 0 0 0 0
 1418146374 0 0 0 0 0 0 0 0 0 0 0
 1418146374 0 0 0 0 0 0 0 0 0 0 0
 1418146375 0 0 0 0 0 0 0 0 0 0 0
 1418146375 0 0 0 0 0 0 0 0 0 0 0
 1418146375 0 0 0 0 0 0 0 0 0 0 0
 1418146375 0 0 0 0 0 0 0 0 0 0 0
 1418146375 0 0 0 0 0 0 0 0 0 0 0
 1418146375 0 0 0 0 0 0 0 0 0 0 0
 1418146375 0 0 0 0 0 0 0 0 0 0 0
 1418146375 0 0 0 0 0 0 0 0 0 0 0
 1418146375 0 0 0 0 0 0 0 0 0 0 0
 1418146375 0 0 0 0 0 0 0 0 0 0 0
 1418146375 0 0 0 0 0 0 0 0 0 0 0
 1418146375 0 0 0 0 0 0 0 0 0 0 0
 1418146375 0 0 0 0 0 0 0 0 0 0 0
 1418146375 0 0 0 0 0 0 0 0 0 0 0
 1418146375 0 0 0 0 0 0 0 0 0 0 0
 1418146375 0 0 0 0 0 0 0 0 0 0 0
 1418146375 0 0 0 0 0 0 0 0 0 0 0
 1418146375 0 0 0 0 0 0 0 0 0 0 0
 1418146375 0 0 0 0 0 0 0 0 0 0 0
 1418146375 0 0 0 0 0 0 0 0 0 0 0
 1418146375 0 0 0 0 0 0 0 0 0 0 0
 1418146375 0 0 0 0 0 0 0 0 0 0 0
 1418146375 0 0 0 0 0 0 0 0 0 0 0
 1418146375 0 0 0 0 0 0 0 0 0 0 0
 1418146375 0 0 0 0 0 0 0 0 0 0 0
 1418146375 0 0 0 0 0 0 0 0 0 0 0
 1418146375 0 0 0 0 0 0 0 0 0 0 0
 1418146375 0 0 0 0 0 0 0 0 0 0 0
 1418146375 0 0 0 0 0 0 0 0 0 0 0
 1418146375 0 0 0 0 0 0 0 0 0 0 0
 1418146376 0 0 0 0 0 0 0 0 0 0 0
 1418146376 0 0 0 0 0 0 0 0 0 0 0
 1418146376 0 0 0 0 0 0 0 0 0 0 0
 1418146376 0 0 0 0 0 0 0 0 0 0 0
 1418146376 0 0 0 0 0 0 0 0 0 0 0
 1418146376 0 0 0 0 0 0 0 0 0 0 0
 1418146376 0 0 0 0 0 0 0 0 0 0 0
 1418146376 0 0 0 0 0 0 0 0 0 0 0
 1418146376 0 0 0 0 0 0 0 0 0 0 0
 1418146376 0 0 0 0 0 0 0 0 0 0 0
 1418146376 0 0 0 0 0 0 0 0 0 0 0
 1418146376 0 0 0 0 0 0 0 0 0 0 0
 1418146376 0 0 0 0 0 0 0 0 0 0 0
 1418146376 0 0 0 0 0 0 0 0 0 0 0
 1418146376 0 0 0 0 0 0 0 0 0 0 0
 1418146376 0 0 0 0 0 0 0 0 0 0 0
 1418146376 0 0 0 0 0 0 0 0 0 0 0
 1418146376 0 0 0 0 0 0 0 0 0 0 0
 1418146376 0 0 0 0 0 0 0 0 0 0 0
 1418146376 0 0 0 0 0 0 0 0 0 0 0
 1418146376 0 0 0 0 0 0 0 0 0 0 0
 1418146376 0 0 0 0 0 0 0 0 0 0 0
 1418146376 0 0 0 0 0 0 0 0 0 0 0
 1418146376 0 0 0 0 0 0 0 0 0 0 0
 1418146376 0 0 0 0 0 0 0 0 0 0 0
 1418146376 0 0 0 0 0 0 0 0 0 0 0
 1418146376 0 0 0 0 0 0 0 0 0 0 0
 1418146376 0 0 0 0 0 0 0 0 0 0 0
 1418146376 0 0 0 0 0 0 0 0 0 0 0
 1418146376 0 0 0 0 0 0 0 0 0 0 0
 1418146377 0 0 0 0 0 0 0 0 0 0 0
 1418146377 0 0 0 0 0 0 0 0 0 0 0
 1418146377 0 0 0 0 0 0 0 0 0 0 0
 1418146377 0 0 0 0 0 0 0 0 0 0 0
 1418146377 0 0 0 0 0 0 0 0 0 0 0
 1418146377 0 0 0 0 0 0 0 0 0 0 0
 1418146377 0 0 0 0 0 0 0 0 0 0 0
 1418146377 0 0 0 0 0 0 0 0 0 0 0
 1418146377 0 0 0 0 0 0 0 0 0 0 0
 1418146377 0 0 0 0 0 0 0 0 0 0 0
 1418146377 0 0 0 0 0 0 0 0 0 0 0
 1418146377 0 0 0 0 0 0 0 0 0 0 0
 1418146377 0 0 0 0 0 0 0 0 0 0 0
 1418146377 0 0 0 0 0 0 0 0 0 0 0
 1418146377 0 0 0 0 0 0 0 0 0 0 0
 1418146377 0 0 0 0 0 0 0 0 0 0 0
 1418146377 0 0 0 0 0 0 0 0 0 0 0
 1418146377 0 0 0 0 0 0 0 0 0 0 0
 1418146377 0 0 0 0 0 0 0 0 0 0 0
 1418146377 0 0 0 0 0 0 0 0 0 0 0
 1418146377 0 0 0 0 0 0 0 0 0 0 0
 1418146377 0 0 0 0 0 0 0 0 0 0 0
 1418146377 0 0 0 0 0 0 0 0 0 0 0
 1418146377 0 0 0 0 0 0 0 0 0 0 0
 1418146377 0 0 0 0 0 0 0 0 0 0 0
 1418146377 0 0 0 0 0 0 0 0 0 0 0
 1418146377 0 0 0 0 0 0 0 0 0 0 0
 1418146377 0 0 0 0 0 0 0 0 0 0 0
 1418146377 0 0 0 0 0 0 0 0 0 0 0
 1418146377 0 0 0 0 0 0 0 0 0 0 0
 1418146378 0 0 0 0 0 0 0 0 0 0 0
 1418146378 0 0 0 0 0 0 0 0 0 0 0
 1418146378 0 0 0 0 0 0 0 0 0 0 0
 1418146378 0 0 0 0 0 0 0 0 0 0 0
 1418146378 0 0 0 0 0 0 0 0 0 0 0
 1418146378 0 0 0 0 0 0 0 0 0 0 0
 1418146378 0 0 0 0 0 0 0 0 0 0 0
 1418146378 0 0 0 0 0 0 0 0 0 0 0
 1418146378 0 0 0 0 0 0 0 0 0 0 0
 1418146378 0 0 0 0 0 0 0 0 0 0 0
 1418146378 0 0 0 0 0 0 0 0 0 0 0
 1418146378 0 0 0 0 0 0 0 0 0 0 0
 1418146378 0 0 0 0 0 0 0 0 0 0 0
 1418146378 0 0 0 0 0 0 0 0 0 0 0
 1418146378 0 0 0 0 0 0 0 0 0 0 0
 1418146378 0 0 0 0 0 0 0 0 0 0 0
 1418146378 0 0 0 0 0 0 0 0 0 0 0
 1418146378 0 0 0 0 0 0 0 0 0 0 0
 1418146378 0 0 0 0 0 0 0 0 0 0 0
 1418146378 0 0 0 0 0 0 0 0 0 0 0
 1418146378 0 0 0 0 0 0 0 0 0 0 0
 1418146378 0 0 0 0 0 0 0 0 0 0 0
 1418146378 0 0 0 0 0 0 0 0 0 0 0
 1418146378 0 0 0 0 0 0 0 0 0 0 0
 1418146378 0 0 0 0 0 0 0 0 0 0 0
 1418146378 0 0 0 0 0 0 0 0 0 0 0
 1418146378 0 0 0 0 0 0 0 0 0 0 0
 1418146378 0 0 0 0 0 0 0 0 0 0 0
 1418146378 0 0 0 0 0 0 0 0 0 0 0
 1418146378 0 0 0 0 0 0 0 0 0 0 0
 1418146379 0 0 0 0 0 0 0 0 0 0 0
 1418146379 0 0 0 0 0 0 0 0 0 0 0
 1418146379 0 0 0 0 0 0 0 0 0 0 0
 1418146379 0 0 0 0 0 0 0 0 0 0 0
 1418146379 0 0 0 0 0 0 0 0 0 0 0
 1418146379 0 0 0 0 0 0 0 0 0 0 0
 1418146379 0 0 0 0 0 0 0 0 0 0 0
 1418146379 0 0 0 0 0 0 0 0 0 0 0
 1418146379 0 0 0 0 0 0 0 0 0 0 0
 1418146379 0 0 0 0 0 0 0 0 0 0 0
 1418146379 0 0 0 0 0 0 0 0 0 0 0
 1418146379 0 0 0 0 0 0 0 0 0 0 0
 1418146379 0 0 0 0 0 0 0 0 0 0 0
 1418146379 0 0 0 0 0 0 0 0 0 0 0
 1418146379 0 0 0 0 0 0 0 0 0 0 0
 1418146379 0 0 0 0 0 0 0 0 0 0 0
 1418146379 0 0 0 0 0 0 0 0 0 0 0
 1418146379 0 0 0 0 0 0 0 0 0 0 0
 1418146379 0 0 0 0 0 0 0 0 0 0 0
