 1418119364 0 0 0 0 0 0 0 0 0 0 0
 1418119365 0 0 0 0 0 0 0 0 0 0 0
 1418119365 0 0 0 0 0 0 0 0 0 0 0
 1418119365 0 0 0 0 0 0 0 0 0 0 0
 1418119365 0 0 0 0 0 0 0 0 0 0 0
 1418119366 0 0 0 0 0 0 0 0 0 0 0
 1418119366 0 0 0 0 0 0 0 0 0 0 0
 1418119366 0 0 0 0 0 0 0 0 0 0 0
 1418119367 0 0 0 0 0 0 0 0 0 0 0
 1418119367 0 0 0 0 0 0 0 0 0 0 0
 1418119367 0 0 0 0 0 0 0 0 0 0 0
 1418119367 0 0 0 0 0 0 0 0 0 0 0
 1418119368 0 0 0 0 0 0 0 0 0 0 0
 1418119368 0 0 0 0 0 0 0 0 0 0 0
 1418119368 0 0 0 0 0 0 0 0 0 0 0
 1418119369 0 0 0 0 0 0 0 0 0 0 0
 1418119369 0 0 0 0 0 0 0 0 0 0 0
 1418119369 0 0 0 0 0 0 0 0 0 0 0
 1418119369 0 0 0 0 0 0 0 0 0 0 0
 1418119370 0 0 0 0 0 0 0 0 0 0 0
 1418119370 0 0 0 0 0 0 0 0 0 0 0
 1418119370 0 0 0 0 0 0 0 0 0 0 0
 1418119370 0 0 0 0 0 0 0 0 0 0 0
 1418119371 0 0 0 0 0 0 0 0 0 0 0
 1418119371 0 0 0 0 0 0 0 0 0 0 0
 1418119371 0 0 0 0 0 0 0 0 0 0 0
 1418119372 0 0 0 0 0 0 0 0 0 0 0
 1418119372 0 0 0 0 0 0 0 0 0 0 0
 1418119372 0 0 0 0 0 0 0 0 0 0 0
 1418119372 0 0 0 0 0 0 0 0 0 0 0
 1418119373 0 0 0 0 0 0 0 0 0 0 0
 1418119373 0 0 0 0 0 0 0 0 0 0 0
 1418119373 0 0 0 0 0 0 0 0 0 0 0
 1418119374 0 0 0 0 0 0 0 0 0 0 0
 1418119374 0 0 0 0 0 0 0 0 0 0 0
 1418119374 0 0 0 0 0 0 0 0 0 0 0
 1418119374 0 0 0 0 0 0 0 0 0 0 0
 1418119375 0 0 0 0 0 0 0 0 0 0 0
 1418119375 0 0 0 0 0 0 0 0 0 0 0
 1418119375 0 0 0 0 0 0 0 0 0 0 0
 1418119375 0 0 0 0 0 0 0 0 0 0 0
 1418119376 0 0 0 0 0 0 0 0 0 0 0
 1418119376 0 0 0 0 0 0 0 0 0 0 0
 1418119376 0 0 0 0 0 0 0 0 0 0 0
 1418119377 0 0 0 0 0 0 0 0 0 0 0
 1418119377 0 0 0 0 0 0 0 0 0 0 0
 1418119377 0 0 0 0 0 0 0 0 0 0 0
 1418119378 0 0 0 0 0 0 0 0 0 0 0
 1418119378 0 0 0 0 0 0 0 0 0 0 0
 1418119378 0 0 0 0 0 0 0 0 0 0 0
 1418119378 0 0 0 0 0 0 0 0 0 0 0
 1418119379 0 0 0 0 0 0 0 0 0 0 0
 1418119379 0 0 0 0 0 0 0 0 0 0 0
 1418119379 0 0 0 0 0 0 0 0 0 0 0
 1418119380 0 0 0 0 0 0 0 0 0 0 0
 1418119380 0 0 0 0 0 0 0 0 0 0 0
 1418119380 0 0 0 0 0 0 0 0 0 0 0
 1418119381 0 0 0 0 0 0 0 0 0 0 0
 1418119381 0 0 0 0 0 0 0 0 0 0 0
 1418119381 0 0 0 0 0 0 0 0 0 0 0
 1418119382 0 0 0 0 0 0 0 0 0 0 0
