 1418153267 7 9 0 0 0 0 81 144 316 318 73
 1418153267 7 10 0 1 0 0 81 144 317 326 99
 1418153267 8 13 1 4 0 0 82 144 318 326 101
 1418153268 11 17 4 6 0 0 82 142 308 316 101
 1418153268 14 20 6 7 0 0 82 142 150 169 102
 1418153268 18 21 6 3 0 0 81 135 320 169 71
 1418153269 19 22 3 1 0 0 81 147 305 306 71
 1418153269 21 25 2 4 0 0 81 288 298 302 118
 1418153269 24 28 4 6 0 0 82 288 294 302 134
 1418153270 28 32 6 7 0 0 83 283 317 297 134
 1418153270 31 34 5 4 0 0 83 119 312 154 137
 1418153270 31 35 3 2 0 0 92 119 289 154 138
 1418153270 32 36 1 1 0 0 85 118 310 285 138
 1418153271 35 39 4 4 0 0 85 116 281 284 138
 1418153271 40 44 7 7 0 0 153 116 128 280 141
 1418153271 42 46 7 6 0 0 97 252 122 280 141
 1418153272 43 48 3 3 0 0 97 248 254 267 141
 1418153272 44 49 1 2 0 0 100 248 253 267 141
 1418153272 45 50 1 2 0 0 100 247 128 267 141
 1418153272 48 53 4 4 0 0 100 267 126 263 141
 1418153273 54 58 8 7 0 0 100 267 118 257 139
 1418153273 57 61 7 6 0 0 107 257 117 257 124
 1418153273 58 62 4 4 0 0 107 255 116 255 124
 1418153274 58 62 1 1 0 0 140 255 265 254 125
 1418153274 61 64 2 2 0 0 119 254 253 254 139
 1418153274 63 67 5 4 0 0 119 248 250 248 139
 1418153274 67 72 6 7 0 0 118 248 244 241 138
 1418153275 69 75 4 6 0 0 118 231 239 241 107
 1418153275 70 76 3 4 0 0 118 88 222 226 107
 1418153275 70 77 1 2 0 0 157 88 221 226 107
 1418153275 72 78 2 2 0 0 117 87 237 226 107
 1418153276 76 81 6 4 0 0 117 83 231 222 108
 1418153276 79 85 7 6 0 0 89 83 247 222 105
 1418153276 82 88 6 6 0 0 138 221 220 215 105
 1418153277 84 89 3 3 0 0 138 198 219 210 84
 1418153277 84 89 1 1 0 0 100 198 219 210 84
 1418153277 86 91 2 2 0 0 96 198 218 215 84
 1418153277 89 95 5 5 0 0 96 173 215 217 105
 1418153278 92 98 6 5 0 0 76 173 211 217 82
 1418153278 95 100 5 5 0 0 75 166 208 206 82
 1418153278 95 100 3 2 0 0 75 166 207 197 82
 1418153278 96 100 1 0 0 0 87 164 206 197 81
 1418153279 97 101 2 1 0 0 87 180 206 195 81
 1418153279 102 105 5 5 0 0 57 180 201 191 80
 1418153279 104 108 7 7 0 0 77 174 198 191 80
 1418153279 108 111 5 6 0 0 77 168 189 182 82
 1418153280 109 112 4 4 0 0 75 168 178 182 84
 1418153280 109 113 1 2 0 0 49 167 178 180 84
 1418153280 110 113 1 1 0 0 49 167 179 180 83
 1418153280 111 114 2 2 0 0 49 166 187 180 83
 1418153281 114 117 5 4 0 0 49 166 175 175 86
 1418153281 118 122 7 7 0 0 50 177 168 175 90
 1418153281 121 125 7 8 0 0 50 173 164 167 90
 1418153281 122 126 4 5 0 0 41 173 162 167 89
 1418153282 122 126 1 1 0 0 39 164 161 162 89
 1418153282 123 127 1 1 0 0 39 164 160 173 90
 1418153282 125 129 3 3 0 0 58 163 159 173 90
 1418153282 127 130 4 3 0 0 58 163 156 157 150
 1418153283 129 133 4 4 0 0 37 158 153 157 151
 1418153283 130 134 3 4 0 0 37 154 152 156 151
 1418153283 131 137 3 4 0 0 37 154 150 156 151
 1418153283 133 139 3 5 0 0 37 157 148 149 151
 1418153283 137 142 6 5 0 0 37 157 143 144 151
 1418153284 140 143 7 4 0 0 64 147 140 144 151
 1418153284 142 144 6 3 0 0 64 147 138 141 122
 1418153284 142 144 3 1 0 0 81 133 137 141 122
 1418153284 143 145 2 1 0 0 81 133 137 139 122
 1418153285 146 149 4 5 0 0 66 131 133 139 125
 1418153285 148 153 5 7 0 0 66 125 130 133 125
 1418153285 151 155 5 7 0 0 97 125 126 133 129
 1418153285 152 157 5 6 0 0 97 120 123 125 129
 1418153286 153 158 3 4 0 0 71 120 122 125 156
 1418153286 153 158 1 0 0 0 71 119 122 122 156
 1418153286 154 159 1 1 0 0 71 119 121 122 156
 1418153286 156 161 3 3 0 0 95 117 119 122 156
 1418153287 162 167 7 7 0 0 90 109 111 116 157
 1418153287 165 169 7 6 0 0 90 109 108 110 161
 1418153287 166 171 5 5 0 0 89 103 106 110 161
 1418153287 166 171 2 2 0 0 89 103 105 108 162
 1418153288 168 171 2 0 0 0 89 101 105 107 163
 1418153288 170 173 4 2 0 0 146 100 103 107 163
 1418153288 174 177 6 5 0 0 146 93 99 103 164
 1418153288 177 181 7 8 0 0 82 93 96 103 168
 1418153289 179 185 5 7 0 0 80 87 111 96 168
 1418153289 180 186 3 5 0 0 80 87 113 91 138
 1418153289 181 186 2 3 0 0 80 84 109 91 138
 1418153289 183 186 3 0 0 0 80 82 108 91 138
 1418153290 185 187 4 1 0 0 77 82 106 91 140
 1418153290 188 189 6 3 0 0 77 76 104 89 140
 1418153290 193 194 7 7 0 0 75 76 101 82 93
 1418153290 194 195 7 7 1 0 75 69 98 82 93
 1418153291 194 195 2 2 1 0 75 69 97 80 93
 1418153291 194 195 0 -1 1 0 75 69 97 80 93
 1418153291 194 195 0 0 1 0 75 69 97 80 93
 1418153291 194 195 0 0 1 0 75 69 97 80 134
 1418153292 194 195 0 0 1 0 75 69 97 80 134
 1418153292 194 195 0 0 1 0 75 69 97 80 134
 1418153292 194 195 0 0 1 0 75 69 97 80 134
 1418153292 194 195 0 0 1 0 75 69 97 80 134
 1418153293 194 195 0 0 1 0 75 69 97 80 134
 1418153293 194 195 0 0 1 0 75 69 97 80 134
 1418153293 194 195 0 0 1 0 75 69 97 80 133
 1418153293 194 195 0 0 1 0 75 69 97 80 133
 1418153294 194 195 0 0 1 0 75 69 97 80 134
 1418153294 194 195 0 0 1 0 75 69 97 80 134
 1418153294 194 195 0 0 1 0 75 69 97 80 134
 1418153294 194 195 0 0 1 0 75 69 97 80 134
 1418153295 194 195 0 0 1 0 75 69 97 80 134
 1418153295 194 195 0 0 1 0 75 69 97 80 134
 1418153295 194 195 0 0 1 0 75 69 97 80 133
