 1418300918 7 8 0 0 0 0 67 312 307 292 80
 1418300918 7 8 0 0 0 0 67 312 307 292 80
 1418300918 8 10 1 1 0 0 67 311 305 294 80
 1418300919 11 13 4 4 0 0 67 306 302 295 80
 1418300919 14 17 6 7 0 0 66 306 298 295 84
 1418300919 19 21 8 7 0 0 64 299 292 288 84
 1418300920 21 23 3 3 0 0 62 294 288 283 85
 1418300920 22 23 2 1 0 0 62 292 287 281 87
 1418300920 24 25 3 2 0 0 62 292 285 281 87
 1418300920 30 30 7 6 0 0 60 287 277 278 89
 1418300922 34 34 7 7 0 0 58 279 269 271 89
 1418300923 42 36 5 0 0 0 53 269 261 257 91
 1418300924 51 39 4 0 0 0 51 259 257 252 96
 1418300926 62 43 6 1 0 0 50 248 184 175 97
 1418300927 70 47 5 1 0 0 51 238 179 170 98
 1418300928 80 51 4 1 0 0 54 225 171 166 99
 1418300929 88 56 5 2 0 0 60 215 162 159 98
 1418300929 90 57 5 2 0 0 60 164 116 157 98
 1418300929 91 60 2 4 0 0 62 164 115 153 98
 1418300929 92 62 2 5 0 0 63 210 155 153 98
 1418300930 94 67 3 7 0 0 63 206 153 146 92
 1418300930 96 68 4 5 0 0 65 206 149 146 89
 1418300930 100 69 6 2 0 0 68 202 145 140 89
 1418300930 103 69 6 1 0 0 68 202 144 93 90
 1418300931 104 71 3 2 0 0 319 197 107 93 92
 1418300931 105 73 2 3 0 0 319 194 140 136 92
 1418300931 107 78 3 7 0 0 72 194 136 129 84
 1418300931 110 81 5 8 0 0 75 186 133 129 84
 1418300932 115 85 7 5 0 0 78 184 126 122 80
 1418300932 116 85 4 2 0 0 78 165 124 119 78
 1418300932 116 85 1 0 0 0 79 165 124 119 78
 1418300933 116 86 0 1 0 0 79 164 124 118 78
 1418300933 120 90 4 5 0 0 80 164 120 113 76
 1418300933 122 93 5 7 0 0 84 163 118 113 76
 1418300933 126 97 6 7 0 0 84 157 113 106 72
 1418300934 128 98 6 5 0 0 87 157 111 106 69
 1418300934 128 98 2 1 0 0 87 166 110 102 69
 1418300934 128 98 0 0 0 0 87 166 110 101 68
 1418300934 131 101 2 2 0 0 88 162 108 101 67
 1418300935 133 103 6 5 0 0 88 156 105 98 67
 1418300935 138 107 7 6 0 0 91 156 100 91 64
 1418300935 140 109 6 6 0 0 95 150 97 91 64
 1418300935 140 110 3 4 0 0 95 150 96 87 60
 1418300936 141 110 1 1 0 0 96 148 95 87 60
 1418300936 143 112 3 2 0 0 96 147 94 86 60
 1418300937 146 115 5 5 0 0 98 147 90 81 59
 1418300938 154 125 1 1 0 0 106 133 80 69 49
