 1418297577 8 10 0 0 0 0 70 299 294 281 84
 1418297577 8 10 0 0 0 0 70 299 294 281 84
 1418297577 8 10 0 0 0 0 70 299 294 281 84
 1418297578 9 12 1 2 0 0 70 299 293 281 84
 1418297578 12 16 4 5 0 0 69 296 291 285 84
 1418297578 16 20 6 7 0 0 69 289 285 278 84
 1418297579 20 23 5 4 0 0 67 283 279 272 88
 1418297579 20 24 1 2 0 0 66 283 278 271 87
 1418297579 21 25 1 1 0 0 66 283 278 271 87
 1418297580 24 29 4 5 0 0 65 281 273 269 87
 1418297580 29 34 7 8 0 0 65 273 269 262 88
 1418297580 32 37 6 6 0 0 63 273 264 256 89
 1418297581 33 38 3 3 0 0 62 268 145 256 90
 1418297581 34 38 2 0 0 0 62 267 262 253 90
 1418297581 36 40 3 2 0 0 62 264 259 248 91
 1418297582 42 46 7 7 0 0 59 258 252 247 92
 1418297582 46 49 7 6 0 0 57 258 245 235 94
 1418297582 46 51 3 4 0 0 56 251 243 235 93
 1418297583 47 52 1 2 0 0 55 251 244 232 93
 1418297583 49 54 3 3 0 0 55 251 242 230 94
 1418297583 53 58 6 6 0 0 54 144 237 230 95
 1418297583 57 62 7 7 0 0 52 176 233 227 95
 1418297584 59 65 4 5 0 0 52 171 228 217 96
 1418297584 60 66 2 2 0 0 51 171 228 215 97
 1418297584 62 66 3 0 0 0 50 170 227 215 98
 1418297585 66 69 6 3 0 0 47 229 224 215 98
 1418297585 70 73 7 6 0 0 47 158 218 209 99
 1418297585 74 77 6 7 0 0 45 158 210 201 101
 1418297586 74 78 2 3 0 0 45 216 208 201 102
 1418297586 76 78 2 1 0 0 44 151 207 199 102
 1418297586 78 78 3 0 0 0 44 212 205 199 102
 1418297587 83 78 7 0 0 0 41 212 203 200 105
 1418297587 88 78 8 0 0 0 38 199 199 200 107
 1418297587 90 78 5 0 0 0 36 194 197 197 107
 1418297587 90 78 1 0 0 0 36 192 197 197 109
 1418297588 91 78 1 0 0 0 36 192 197 197 109
 1418297588 93 78 3 0 0 0 36 191 196 197 109
 1418297588 97 78 6 0 0 0 36 186 194 196 110
 1418297589 100 78 7 0 0 0 36 186 192 196 113
 1418297589 103 78 6 0 0 0 36 179 193 195 113
 1418297589 104 78 5 0 0 0 36 179 190 195 116
 1418297589 105 78 1 0 0 0 38 177 191 195 116
 1418297590 107 78 3 0 0 0 38 177 190 195 117
 1418297590 110 78 5 0 0 0 38 177 188 195 117
 1418297590 113 78 7 0 0 0 42 177 185 195 120
 1418297590 116 78 6 0 0 0 173 172 155 120 120
 1418297591 117 78 4 0 0 0 173 172 152 120 198
 1418297591 118 78 2 0 0 0 172 149 151 120 166
 1418297591 119 78 2 0 0 0 172 146 152 120 166
 1418297591 121 78 4 0 0 0 164 146 133 120 162
 1418297592 126 79 7 1 0 0 154 142 130 119 162
 1418297592 129 80 7 2 0 0 154 142 128 117 166
 1418297592 131 84 5 5 0 0 151 137 124 117 161
 1418297593 133 88 3 6 0 0 153 133 120 111 161
 1418297593 133 90 3 5 0 0 153 133 120 106 182
 1418297593 136 90 3 2 0 0 152 131 118 106 189
 1418297593 139 91 5 1 0 0 152 127 116 105 189
 1418297594 143 94 7 4 0 0 143 127 112 101 192
 1418297594 146 99 5 7 0 0 139 120 108 101 189
 1418297594 147 101 4 6 0 0 139 116 105 95 189
 1418297594 147 102 0 3 0 0 139 116 104 92 188
 1418297595 148 102 1 1 0 0 140 116 104 92 188
 1418297595 150 104 3 2 0 0 140 113 102 91 188
 1418297595 154 108 6 6 0 0 138 113 98 86 188
 1418297596 157 111 7 7 0 0 133 107 95 86 188
 1418297596 160 114 5 5 0 0 133 102 91 80 188
 1418297596 160 114 2 2 0 0 130 102 91 79 188
 1418297596 161 114 1 0 0 0 130 102 91 79 188
 1418297597 163 114 3 0 0 0 130 100 89 79 188
 1418297597 168 114 6 0 0 0 126 100 87 79 191
 1418297597 170 114 7 0 0 0 121 93 86 79 191
 1418297597 173 114 5 0 0 0 121 89 84 78 194
 1418297598 174 114 2 0 0 0 119 89 84 78 252
 1418297598 174 114 1 0 0 0 118 89 84 78 252
 1418297598 176 114 2 0 0 0 118 86 82 78 203
 1418297599 180 114 6 0 0 0 116 86 80 78 204
 1418297599 184 114 6 0 0 0 113 80 78 78 206
 1418297599 185 114 4 0 0 1 113 76 77 78 206
 1418297600 185 114 1 0 0 1 112 76 76 78 208
 1418297600 185 114 0 0 0 1 112 75 76 77 207
 1418297600 185 114 0 0 0 1 112 75 76 77 207
 1418297600 185 114 0 0 0 1 112 75 76 77 207
 1418297601 185 114 0 0 0 1 112 75 76 77 208
 1418297601 185 114 0 0 0 1 112 75 76 77 208
 1418297601 185 114 0 0 0 1 112 75 76 77 208
 1418297602 185 114 0 0 0 1 112 75 76 77 208
 1418297602 185 114 0 0 0 1 112 75 76 77 207
 1418297602 185 114 0 0 0 1 112 75 76 77 207
 1418297602 185 114 0 0 0 1 112 75 76 77 208
 1418297603 185 114 0 0 0 1 112 75 76 77 208
 1418297603 185 114 0 0 0 1 112 75 76 77 228
 1418297603 185 114 0 0 0 1 112 75 76 77 228
 1418297604 185 114 0 0 0 1 112 75 76 77 211
 1418297604 185 114 0 0 0 1 113 75 76 77 225
 1418297604 185 114 0 0 0 1 67 75 76 77 225
 1418297605 185 114 0 0 0 1 67 75 76 77 230
 1418297605 185 114 0 0 0 1 113 75 76 77 209
 1418297605 185 114 0 0 0 1 113 75 76 77 230
 1418297605 185 114 0 0 0 1 113 75 76 77 230
 1418297606 185 114 0 0 0 1 113 75 76 77 209
 1418297606 185 114 0 0 0 1 115 75 76 77 209
 1418297606 185 114 0 0 0 1 113 75 76 77 209
 1418297607 185 114 0 0 0 1 113 75 76 77 209
 1418297607 185 114 0 0 0 1 113 75 76 77 210
 1418297607 185 114 0 0 0 1 113 75 76 77 210
 1418297607 185 114 0 0 0 1 113 75 76 77 209
 1418297608 185 114 0 0 0 1 113 75 76 77 209
 1418297608 185 114 0 0 0 1 113 75 76 77 230
 1418297608 185 114 0 0 0 1 113 75 76 77 230
 1418297609 185 114 0 0 0 1 113 75 76 77 230
 1418297609 185 114 0 0 0 1 113 75 76 77 229
 1418297609 185 114 0 0 0 1 113 75 76 77 229
 1418297609 185 114 0 0 0 1 113 75 76 77 225
 1418297610 185 114 0 0 0 1 113 75 76 77 230
 1418297610 185 114 0 0 0 1 113 75 76 77 206
 1418297610 185 114 0 0 0 1 113 75 76 77 206
 1418297611 185 114 0 0 0 1 113 75 76 77 226
 1418297611 185 114 0 0 0 1 113 75 76 77 210
 1418297611 185 114 0 0 0 1 29 75 76 77 208
 1418297612 185 114 0 0 0 1 115 75 76 77 208
 1418297612 185 114 0 0 0 1 115 75 76 77 230
 1418297612 185 114 0 0 0 1 113 75 76 77 208
 1418297613 185 114 0 0 0 1 111 75 76 77 208
 1418297613 185 114 0 0 0 1 111 75 76 77 230
 1418297613 185 114 0 0 0 1 112 75 76 77 208
 1418297613 185 114 0 0 0 1 112 75 76 77 211
 1418297614 185 114 0 0 0 1 112 75 76 77 211
 1418297614 185 114 0 0 0 1 112 75 76 77 231
 1418297614 185 114 0 0 0 1 112 75 76 77 230
 1418297615 185 114 0 0 0 1 112 75 76 77 230
 1418297615 185 114 0 0 0 1 112 75 76 77 211
 1418297615 185 114 0 0 0 1 112 75 76 77 198
 1418297615 185 114 0 0 0 1 112 75 76 77 198
 1418297616 185 114 0 0 0 1 112 75 76 77 183
 1418297616 185 114 0 0 0 1 112 75 76 77 184
 1418297616 185 114 0 0 0 1 112 75 76 77 177
 1418297617 185 114 0 0 0 1 112 75 76 77 177
 1418297617 185 114 0 0 0 1 112 75 76 77 190
 1418297617 185 114 0 0 0 1 112 75 76 77 159
 1418297617 185 114 0 0 0 1 112 75 76 77 159
 1418297618 185 114 0 0 0 1 112 75 76 77 151
 1418297618 185 114 0 0 0 1 112 75 76 77 130
 1418297618 185 114 0 0 0 1 112 75 76 77 130
 1418297619 185 114 0 0 0 1 112 75 76 77 103
 1418297619 185 114 0 0 0 1 37 75 76 77 83
 1418297619 185 114 0 0 0 1 33 75 76 77 62
 1418297619 186 114 1 0 0 1 36 75 76 77 62
 1418297620 186 114 1 0 0 1 36 75 76 77 297
 1418297620 186 114 0 0 0 1 35 75 76 77 296
 1418297621 186 114 0 0 0 1 35 75 76 77 296
 1418297621 186 114 0 0 0 1 35 75 76 77 296
 1418297621 186 114 0 0 0 1 35 75 76 77 296
 1418297621 186 114 0 0 0 1 35 75 76 77 296
 1418297622 186 114 0 0 0 1 35 75 76 77 296
 1418297622 186 114 0 0 0 1 35 75 76 77 296
 1418297622 186 114 0 0 0 1 35 75 76 77 296
 1418297623 186 114 0 0 0 1 35 75 76 77 296
 1418297623 186 114 0 0 0 1 35 75 76 77 296
 1418297623 186 114 0 0 0 1 35 75 76 77 296
 1418297623 186 114 0 0 0 1 35 75 76 77 296
