 1418152960 32 37 0 0 0 0 84 344 318 315 111
 1418152961 32 37 0 0 0 0 84 343 319 315 111
 1418152961 32 37 0 0 0 0 84 343 318 315 111
 1418152961 32 37 0 0 0 0 84 343 318 315 111
 1418152962 32 37 0 0 0 0 84 344 318 315 111
 1418152962 32 37 0 0 0 0 84 344 319 315 111
 1418152962 32 37 0 0 0 0 84 343 320 315 111
 1418152963 32 37 0 0 0 0 84 200 319 315 111
 1418152963 32 37 0 0 0 0 84 343 320 315 111
 1418152963 32 37 0 0 0 0 84 343 319 315 111
 1418152963 32 37 0 0 0 0 84 344 318 315 62
 1418152964 32 37 0 0 0 0 84 200 319 315 62
 1418152964 32 37 0 0 0 0 84 200 319 318 111
 1418152964 32 37 0 0 0 0 84 200 319 316 75
 1418152965 32 37 0 0 0 0 84 200 320 316 75
 1418152965 32 37 0 0 0 0 84 200 320 319 112
 1418152965 32 37 0 0 0 0 84 200 340 316 111
 1418152965 32 37 0 0 0 0 84 200 320 316 111
 1418152966 32 37 0 0 0 0 84 200 318 316 111
 1418152966 32 37 0 0 0 0 84 200 319 316 111
 1418152966 32 37 0 0 0 0 84 343 319 316 111
 1418152967 32 37 0 0 0 0 84 343 318 316 111
 1418152967 32 37 0 0 0 0 84 343 318 316 111
 1418152967 32 37 0 0 0 0 84 343 318 316 111
 1418152968 32 37 0 0 0 0 84 343 318 316 111
 1418152968 32 37 0 0 0 0 84 343 318 316 111
 1418152968 32 37 0 0 0 0 84 343 318 319 75
 1418152968 32 37 0 0 0 0 84 343 318 319 75
 1418152969 32 37 0 0 0 0 84 343 318 316 75
 1418152969 32 37 0 0 0 0 84 343 318 316 74
 1418152969 32 37 0 0 0 0 84 343 318 316 74
 1418152970 32 37 0 0 0 0 84 343 318 316 74
 1418152970 32 37 0 0 0 0 84 343 318 316 74
 1418152970 32 37 0 0 0 0 84 343 318 316 74
 1418152971 32 37 0 0 0 0 84 343 318 316 75
 1418152971 32 37 0 0 0 0 84 343 318 316 111
 1418152971 32 37 0 0 0 0 84 343 318 318 111
 1418152971 32 37 0 0 0 0 84 343 318 317 75
 1418152972 32 37 0 0 0 0 84 343 318 317 74
 1418152972 32 37 0 0 0 0 84 344 318 317 74
 1418152972 32 37 0 0 0 0 84 344 318 316 62
 1418152973 32 37 0 0 0 0 84 344 318 318 62
 1418152973 32 37 0 0 0 0 84 351 318 318 62
 1418152973 32 37 0 0 0 0 84 351 318 317 62
 1418152973 32 37 0 0 0 0 84 351 318 317 62
 1418152974 32 37 0 0 0 0 84 351 319 317 62
 1418152974 32 37 0 0 0 0 84 344 318 317 62
 1418152974 32 37 0 0 0 0 84 344 318 317 62
 1418152975 32 37 0 0 0 0 84 344 318 317 61
 1418152975 32 37 0 0 0 0 84 344 318 317 61
 1418152975 32 37 0 0 0 0 84 344 319 317 61
