 1418143874 0 0 0 0 0 0 0 0 0 0 0
 1418143874 0 0 0 0 0 0 0 0 0 0 0
 1418143874 0 0 0 0 0 0 0 0 0 0 0
 1418143874 0 0 0 0 0 0 0 0 0 0 0
 1418143874 0 0 0 0 0 0 0 0 0 0 0
 1418143874 0 0 0 0 0 0 0 0 0 0 0
 1418143874 0 0 0 0 0 0 0 0 0 0 0
 1418143874 0 0 0 0 0 0 0 0 0 0 0
 1418143874 0 0 0 0 0 0 0 0 0 0 0
 1418143874 0 0 0 0 0 0 0 0 0 0 0
 1418143874 0 0 0 0 0 0 0 0 0 0 0
 1418143874 0 0 0 0 0 0 0 0 0 0 0
 1418143874 0 0 0 0 0 0 0 0 0 0 0
 1418143874 0 0 0 0 0 0 0 0 0 0 0
 1418143874 0 0 0 0 0 0 0 0 0 0 0
 1418143874 0 0 0 0 0 0 0 0 0 0 0
 1418143874 0 0 0 0 0 0 0 0 0 0 0
 1418143874 0 0 0 0 0 0 0 0 0 0 0
 1418143874 0 0 0 0 0 0 0 0 0 0 0
 1418143874 0 0 0 0 0 0 0 0 0 0 0
 1418143874 0 0 0 0 0 0 0 0 0 0 0
 1418143874 0 0 0 0 0 0 0 0 0 0 0
 1418143874 0 0 0 0 0 0 0 0 0 0 0
 1418143875 0 0 0 0 0 0 0 0 0 0 0
 1418143875 0 0 0 0 0 0 0 0 0 0 0
 1418143875 0 0 0 0 0 0 0 0 0 0 0
 1418143875 0 0 0 0 0 0 0 0 0 0 0
 1418143875 0 0 0 0 0 0 0 0 0 0 0
 1418143875 0 0 0 0 0 0 0 0 0 0 0
 1418143875 0 0 0 0 0 0 0 0 0 0 0
 1418143875 0 0 0 0 0 0 0 0 0 0 0
 1418143875 0 0 0 0 0 0 0 0 0 0 0
 1418143875 0 0 0 0 0 0 0 0 0 0 0
 1418143875 0 0 0 0 0 0 0 0 0 0 0
 1418143875 0 0 0 0 0 0 0 0 0 0 0
 1418143875 0 0 0 0 0 0 0 0 0 0 0
 1418143875 0 0 0 0 0 0 0 0 0 0 0
 1418143875 0 0 0 0 0 0 0 0 0 0 0
 1418143875 0 0 0 0 0 0 0 0 0 0 0
 1418143875 0 0 0 0 0 0 0 0 0 0 0
 1418143875 0 0 0 0 0 0 0 0 0 0 0
 1418143875 0 0 0 0 0 0 0 0 0 0 0
 1418143875 0 0 0 0 0 0 0 0 0 0 0
 1418143875 0 0 0 0 0 0 0 0 0 0 0
 1418143875 0 0 0 0 0 0 0 0 0 0 0
 1418143875 0 0 0 0 0 0 0 0 0 0 0
 1418143875 0 0 0 0 0 0 0 0 0 0 0
 1418143875 0 0 0 0 0 0 0 0 0 0 0
 1418143875 0 0 0 0 0 0 0 0 0 0 0
 1418143875 0 0 0 0 0 0 0 0 0 0 0
 1418143875 0 0 0 0 0 0 0 0 0 0 0
 1418143875 0 0 0 0 0 0 0 0 0 0 0
 1418143875 0 0 0 0 0 0 0 0 0 0 0
 1418143876 0 0 0 0 0 0 0 0 0 0 0
 1418143876 0 0 0 0 0 0 0 0 0 0 0
 1418143876 0 0 0 0 0 0 0 0 0 0 0
 1418143876 0 0 0 0 0 0 0 0 0 0 0
 1418143876 0 0 0 0 0 0 0 0 0 0 0
 1418143876 0 0 0 0 0 0 0 0 0 0 0
 1418143876 0 0 0 0 0 0 0 0 0 0 0
 1418143876 0 0 0 0 0 0 0 0 0 0 0
 1418143876 0 0 0 0 0 0 0 0 0 0 0
 1418143876 0 0 0 0 0 0 0 0 0 0 0
 1418143876 0 0 0 0 0 0 0 0 0 0 0
 1418143876 0 0 0 0 0 0 0 0 0 0 0
 1418143876 0 0 0 0 0 0 0 0 0 0 0
 1418143876 0 0 0 0 0 0 0 0 0 0 0
 1418143876 0 0 0 0 0 0 0 0 0 0 0
 1418143876 0 0 0 0 0 0 0 0 0 0 0
 1418143876 0 0 0 0 0 0 0 0 0 0 0
 1418143876 0 0 0 0 0 0 0 0 0 0 0
 1418143876 0 0 0 0 0 0 0 0 0 0 0
 1418143876 0 0 0 0 0 0 0 0 0 0 0
 1418143876 0 0 0 0 0 0 0 0 0 0 0
 1418143876 0 0 0 0 0 0 0 0 0 0 0
 1418143876 0 0 0 0 0 0 0 0 0 0 0
 1418143876 0 0 0 0 0 0 0 0 0 0 0
 1418143876 0 0 0 0 0 0 0 0 0 0 0
 1418143876 0 0 0 0 0 0 0 0 0 0 0
 1418143876 0 0 0 0 0 0 0 0 0 0 0
 1418143876 0 0 0 0 0 0 0 0 0 0 0
 1418143876 0 0 0 0 0 0 0 0 0 0 0
 1418143876 0 0 0 0 0 0 0 0 0 0 0
 1418143877 0 0 0 0 0 0 0 0 0 0 0
 1418143877 0 0 0 0 0 0 0 0 0 0 0
 1418143877 0 0 0 0 0 0 0 0 0 0 0
 1418143877 0 0 0 0 0 0 0 0 0 0 0
 1418143877 0 0 0 0 0 0 0 0 0 0 0
 1418143877 0 0 0 0 0 0 0 0 0 0 0
 1418143877 0 0 0 0 0 0 0 0 0 0 0
 1418143877 0 0 0 0 0 0 0 0 0 0 0
 1418143877 0 0 0 0 0 0 0 0 0 0 0
 1418143877 0 0 0 0 0 0 0 0 0 0 0
 1418143877 0 0 0 0 0 0 0 0 0 0 0
 1418143877 0 0 0 0 0 0 0 0 0 0 0
 1418143877 0 0 0 0 0 0 0 0 0 0 0
 1418143877 0 0 0 0 0 0 0 0 0 0 0
 1418143877 0 0 0 0 0 0 0 0 0 0 0
 1418143877 0 0 0 0 0 0 0 0 0 0 0
 1418143877 0 0 0 0 0 0 0 0 0 0 0
 1418143877 0 0 0 0 0 0 0 0 0 0 0
 1418143877 0 0 0 0 0 0 0 0 0 0 0
 1418143877 0 0 0 0 0 0 0 0 0 0 0
 1418143877 0 0 0 0 0 0 0 0 0 0 0
 1418143877 0 0 0 0 0 0 0 0 0 0 0
 1418143877 0 0 0 0 0 0 0 0 0 0 0
 1418143877 0 0 0 0 0 0 0 0 0 0 0
 1418143877 0 0 0 0 0 0 0 0 0 0 0
 1418143877 0 0 0 0 0 0 0 0 0 0 0
 1418143877 0 0 0 0 0 0 0 0 0 0 0
 1418143877 0 0 0 0 0 0 0 0 0 0 0
 1418143877 0 0 0 0 0 0 0 0 0 0 0
 1418143877 0 0 0 0 0 0 0 0 0 0 0
 1418143878 0 0 0 0 0 0 0 0 0 0 0
 1418143878 0 0 0 0 0 0 0 0 0 0 0
 1418143878 0 0 0 0 0 0 0 0 0 0 0
 1418143878 0 0 0 0 0 0 0 0 0 0 0
 1418143878 0 0 0 0 0 0 0 0 0 0 0
 1418143878 0 0 0 0 0 0 0 0 0 0 0
 1418143878 0 0 0 0 0 0 0 0 0 0 0
 1418143878 0 0 0 0 0 0 0 0 0 0 0
 1418143878 0 0 0 0 0 0 0 0 0 0 0
 1418143878 0 0 0 0 0 0 0 0 0 0 0
 1418143878 0 0 0 0 0 0 0 0 0 0 0
 1418143878 0 0 0 0 0 0 0 0 0 0 0
 1418143878 0 0 0 0 0 0 0 0 0 0 0
 1418143878 0 0 0 0 0 0 0 0 0 0 0
 1418143878 0 0 0 0 0 0 0 0 0 0 0
 1418143878 0 0 0 0 0 0 0 0 0 0 0
 1418143878 0 0 0 0 0 0 0 0 0 0 0
 1418143878 0 0 0 0 0 0 0 0 0 0 0
 1418143878 0 0 0 0 0 0 0 0 0 0 0
 1418143878 0 0 0 0 0 0 0 0 0 0 0
 1418143878 0 0 0 0 0 0 0 0 0 0 0
 1418143878 0 0 0 0 0 0 0 0 0 0 0
 1418143878 0 0 0 0 0 0 0 0 0 0 0
 1418143878 0 0 0 0 0 0 0 0 0 0 0
 1418143878 0 0 0 0 0 0 0 0 0 0 0
 1418143878 0 0 0 0 0 0 0 0 0 0 0
 1418143878 0 0 0 0 0 0 0 0 0 0 0
 1418143878 0 0 0 0 0 0 0 0 0 0 0
 1418143878 0 0 0 0 0 0 0 0 0 0 0
 1418143878 0 0 0 0 0 0 0 0 0 0 0
 1418143879 0 0 0 0 0 0 0 0 0 0 0
 1418143879 0 0 0 0 0 0 0 0 0 0 0
 1418143879 0 0 0 0 0 0 0 0 0 0 0
 1418143879 0 0 0 0 0 0 0 0 0 0 0
 1418143879 0 0 0 0 0 0 0 0 0 0 0
 1418143879 0 0 0 0 0 0 0 0 0 0 0
 1418143879 0 0 0 0 0 0 0 0 0 0 0
 1418143879 0 0 0 0 0 0 0 0 0 0 0
 1418143879 0 0 0 0 0 0 0 0 0 0 0
 1418143879 0 0 0 0 0 0 0 0 0 0 0
 1418143879 0 0 0 0 0 0 0 0 0 0 0
 1418143879 0 0 0 0 0 0 0 0 0 0 0
 1418143879 0 0 0 0 0 0 0 0 0 0 0
 1418143879 0 0 0 0 0 0 0 0 0 0 0
 1418143879 0 0 0 0 0 0 0 0 0 0 0
 1418143879 0 0 0 0 0 0 0 0 0 0 0
 1418143879 0 0 0 0 0 0 0 0 0 0 0
 1418143879 0 0 0 0 0 0 0 0 0 0 0
 1418143879 0 0 0 0 0 0 0 0 0 0 0
 1418143879 0 0 0 0 0 0 0 0 0 0 0
 1418143879 0 0 0 0 0 0 0 0 0 0 0
 1418143879 0 0 0 0 0 0 0 0 0 0 0
 1418143879 0 0 0 0 0 0 0 0 0 0 0
 1418143879 0 0 0 0 0 0 0 0 0 0 0
 1418143879 0 0 0 0 0 0 0 0 0 0 0
 1418143879 0 0 0 0 0 0 0 0 0 0 0
 1418143879 0 0 0 0 0 0 0 0 0 0 0
 1418143879 0 0 0 0 0 0 0 0 0 0 0
 1418143879 0 0 0 0 0 0 0 0 0 0 0
 1418143879 0 0 0 0 0 0 0 0 0 0 0
 1418143880 0 0 0 0 0 0 0 0 0 0 0
 1418143880 0 0 0 0 0 0 0 0 0 0 0
 1418143880 0 0 0 0 0 0 0 0 0 0 0
 1418143880 0 0 0 0 0 0 0 0 0 0 0
 1418143880 0 0 0 0 0 0 0 0 0 0 0
 1418143880 0 0 0 0 0 0 0 0 0 0 0
 1418143880 0 0 0 0 0 0 0 0 0 0 0
 1418143880 0 0 0 0 0 0 0 0 0 0 0
 1418143880 0 0 0 0 0 0 0 0 0 0 0
 1418143880 0 0 0 0 0 0 0 0 0 0 0
 1418143880 0 0 0 0 0 0 0 0 0 0 0
 1418143880 0 0 0 0 0 0 0 0 0 0 0
 1418143880 0 0 0 0 0 0 0 0 0 0 0
 1418143880 0 0 0 0 0 0 0 0 0 0 0
 1418143880 0 0 0 0 0 0 0 0 0 0 0
 1418143880 0 0 0 0 0 0 0 0 0 0 0
 1418143880 0 0 0 0 0 0 0 0 0 0 0
 1418143880 0 0 0 0 0 0 0 0 0 0 0
 1418143880 0 0 0 0 0 0 0 0 0 0 0
 1418143880 0 0 0 0 0 0 0 0 0 0 0
 1418143880 0 0 0 0 0 0 0 0 0 0 0
 1418143880 0 0 0 0 0 0 0 0 0 0 0
 1418143880 0 0 0 0 0 0 0 0 0 0 0
 1418143880 0 0 0 0 0 0 0 0 0 0 0
 1418143880 0 0 0 0 0 0 0 0 0 0 0
 1418143880 0 0 0 0 0 0 0 0 0 0 0
 1418143880 0 0 0 0 0 0 0 0 0 0 0
 1418143880 0 0 0 0 0 0 0 0 0 0 0
 1418143880 0 0 0 0 0 0 0 0 0 0 0
 1418143880 0 0 0 0 0 0 0 0 0 0 0
 1418143881 0 0 0 0 0 0 0 0 0 0 0
 1418143881 0 0 0 0 0 0 0 0 0 0 0
 1418143881 0 0 0 0 0 0 0 0 0 0 0
 1418143881 0 0 0 0 0 0 0 0 0 0 0
 1418143881 0 0 0 0 0 0 0 0 0 0 0
 1418143881 0 0 0 0 0 0 0 0 0 0 0
 1418143881 0 0 0 0 0 0 0 0 0 0 0
 1418143881 0 0 0 0 0 0 0 0 0 0 0
 1418143881 0 0 0 0 0 0 0 0 0 0 0
 1418143881 0 0 0 0 0 0 0 0 0 0 0
 1418143881 0 0 0 0 0 0 0 0 0 0 0
 1418143881 0 0 0 0 0 0 0 0 0 0 0
 1418143881 0 0 0 0 0 0 0 0 0 0 0
 1418143881 0 0 0 0 0 0 0 0 0 0 0
 1418143881 0 0 0 0 0 0 0 0 0 0 0
 1418143881 0 0 0 0 0 0 0 0 0 0 0
 1418143881 0 0 0 0 0 0 0 0 0 0 0
 1418143881 0 0 0 0 0 0 0 0 0 0 0
 1418143881 0 0 0 0 0 0 0 0 0 0 0
 1418143881 0 0 0 0 0 0 0 0 0 0 0
 1418143881 0 0 0 0 0 0 0 0 0 0 0
 1418143881 0 0 0 0 0 0 0 0 0 0 0
 1418143881 0 0 0 0 0 0 0 0 0 0 0
 1418143881 0 0 0 0 0 0 0 0 0 0 0
 1418143881 0 0 0 0 0 0 0 0 0 0 0
 1418143881 0 0 0 0 0 0 0 0 0 0 0
 1418143881 0 0 0 0 0 0 0 0 0 0 0
 1418143881 0 0 0 0 0 0 0 0 0 0 0
 1418143881 0 0 0 0 0 0 0 0 0 0 0
 1418143881 0 0 0 0 0 0 0 0 0 0 0
 1418143882 0 0 0 0 0 0 0 0 0 0 0
 1418143882 0 0 0 0 0 0 0 0 0 0 0
 1418143882 0 0 0 0 0 0 0 0 0 0 0
 1418143882 0 0 0 0 0 0 0 0 0 0 0
 1418143882 0 0 0 0 0 0 0 0 0 0 0
 1418143882 0 0 0 0 0 0 0 0 0 0 0
 1418143882 0 0 0 0 0 0 0 0 0 0 0
 1418143882 0 0 0 0 0 0 0 0 0 0 0
 1418143882 0 0 0 0 0 0 0 0 0 0 0
 1418143882 0 0 0 0 0 0 0 0 0 0 0
 1418143882 0 0 0 0 0 0 0 0 0 0 0
 1418143882 0 0 0 0 0 0 0 0 0 0 0
 1418143882 0 0 0 0 0 0 0 0 0 0 0
 1418143882 0 0 0 0 0 0 0 0 0 0 0
 1418143882 0 0 0 0 0 0 0 0 0 0 0
 1418143882 0 0 0 0 0 0 0 0 0 0 0
 1418143882 0 0 0 0 0 0 0 0 0 0 0
 1418143882 0 0 0 0 0 0 0 0 0 0 0
 1418143882 0 0 0 0 0 0 0 0 0 0 0
 1418143882 0 0 0 0 0 0 0 0 0 0 0
 1418143882 0 0 0 0 0 0 0 0 0 0 0
 1418143882 0 0 0 0 0 0 0 0 0 0 0
 1418143882 0 0 0 0 0 0 0 0 0 0 0
 1418143882 0 0 0 0 0 0 0 0 0 0 0
 1418143882 0 0 0 0 0 0 0 0 0 0 0
 1418143882 0 0 0 0 0 0 0 0 0 0 0
 1418143882 0 0 0 0 0 0 0 0 0 0 0
 1418143882 0 0 0 0 0 0 0 0 0 0 0
 1418143882 0 0 0 0 0 0 0 0 0 0 0
 1418143882 0 0 0 0 0 0 0 0 0 0 0
 1418143883 0 0 0 0 0 0 0 0 0 0 0
 1418143883 0 0 0 0 0 0 0 0 0 0 0
 1418143883 0 0 0 0 0 0 0 0 0 0 0
 1418143883 0 0 0 0 0 0 0 0 0 0 0
 1418143883 0 0 0 0 0 0 0 0 0 0 0
 1418143883 0 0 0 0 0 0 0 0 0 0 0
 1418143883 0 0 0 0 0 0 0 0 0 0 0
 1418143883 0 0 0 0 0 0 0 0 0 0 0
 1418143883 0 0 0 0 0 0 0 0 0 0 0
 1418143883 0 0 0 0 0 0 0 0 0 0 0
 1418143883 0 0 0 0 0 0 0 0 0 0 0
 1418143883 0 0 0 0 0 0 0 0 0 0 0
 1418143883 0 0 0 0 0 0 0 0 0 0 0
 1418143883 0 0 0 0 0 0 0 0 0 0 0
 1418143883 0 0 0 0 0 0 0 0 0 0 0
 1418143883 0 0 0 0 0 0 0 0 0 0 0
 1418143883 0 0 0 0 0 0 0 0 0 0 0
 1418143883 0 0 0 0 0 0 0 0 0 0 0
 1418143883 0 0 0 0 0 0 0 0 0 0 0
 1418143883 0 0 0 0 0 0 0 0 0 0 0
 1418143883 0 0 0 0 0 0 0 0 0 0 0
 1418143883 0 0 0 0 0 0 0 0 0 0 0
 1418143883 0 0 0 0 0 0 0 0 0 0 0
 1418143883 0 0 0 0 0 0 0 0 0 0 0
 1418143883 0 0 0 0 0 0 0 0 0 0 0
 1418143883 0 0 0 0 0 0 0 0 0 0 0
 1418143883 0 0 0 0 0 0 0 0 0 0 0
 1418143883 0 0 0 0 0 0 0 0 0 0 0
 1418143883 0 0 0 0 0 0 0 0 0 0 0
 1418143883 0 0 0 0 0 0 0 0 0 0 0
 1418143883 0 0 0 0 0 0 0 0 0 0 0
 1418143884 0 0 0 0 0 0 0 0 0 0 0
 1418143884 0 0 0 0 0 0 0 0 0 0 0
 1418143884 0 0 0 0 0 0 0 0 0 0 0
 1418143884 0 0 0 0 0 0 0 0 0 0 0
 1418143884 0 0 0 0 0 0 0 0 0 0 0
 1418143884 0 0 0 0 0 0 0 0 0 0 0
 1418143884 0 0 0 0 0 0 0 0 0 0 0
 1418143884 0 0 0 0 0 0 0 0 0 0 0
 1418143884 0 0 0 0 0 0 0 0 0 0 0
 1418143884 0 0 0 0 0 0 0 0 0 0 0
 1418143884 0 0 0 0 0 0 0 0 0 0 0
 1418143884 0 0 0 0 0 0 0 0 0 0 0
 1418143884 0 0 0 0 0 0 0 0 0 0 0
 1418143884 0 0 0 0 0 0 0 0 0 0 0
 1418143884 0 0 0 0 0 0 0 0 0 0 0
 1418143884 0 0 0 0 0 0 0 0 0 0 0
 1418143884 0 0 0 0 0 0 0 0 0 0 0
 1418143884 0 0 0 0 0 0 0 0 0 0 0
 1418143884 0 0 0 0 0 0 0 0 0 0 0
 1418143884 0 0 0 0 0 0 0 0 0 0 0
 1418143884 0 0 0 0 0 0 0 0 0 0 0
 1418143884 0 0 0 0 0 0 0 0 0 0 0
 1418143884 0 0 0 0 0 0 0 0 0 0 0
 1418143884 0 0 0 0 0 0 0 0 0 0 0
 1418143884 0 0 0 0 0 0 0 0 0 0 0
 1418143884 0 0 0 0 0 0 0 0 0 0 0
 1418143884 0 0 0 0 0 0 0 0 0 0 0
 1418143884 0 0 0 0 0 0 0 0 0 0 0
 1418143884 0 0 0 0 0 0 0 0 0 0 0
 1418143884 0 0 0 0 0 0 0 0 0 0 0
 1418143885 0 0 0 0 0 0 0 0 0 0 0
 1418143885 0 0 0 0 0 0 0 0 0 0 0
 1418143885 0 0 0 0 0 0 0 0 0 0 0
 1418143885 0 0 0 0 0 0 0 0 0 0 0
 1418143885 0 0 0 0 0 0 0 0 0 0 0
 1418143885 0 0 0 0 0 0 0 0 0 0 0
 1418143885 0 0 0 0 0 0 0 0 0 0 0
 1418143885 0 0 0 0 0 0 0 0 0 0 0
 1418143885 0 0 0 0 0 0 0 0 0 0 0
 1418143885 0 0 0 0 0 0 0 0 0 0 0
 1418143885 0 0 0 0 0 0 0 0 0 0 0
 1418143885 0 0 0 0 0 0 0 0 0 0 0
 1418143885 0 0 0 0 0 0 0 0 0 0 0
 1418143885 0 0 0 0 0 0 0 0 0 0 0
 1418143885 0 0 0 0 0 0 0 0 0 0 0
 1418143885 0 0 0 0 0 0 0 0 0 0 0
 1418143885 0 0 0 0 0 0 0 0 0 0 0
 1418143885 0 0 0 0 0 0 0 0 0 0 0
 1418143885 0 0 0 0 0 0 0 0 0 0 0
 1418143885 0 0 0 0 0 0 0 0 0 0 0
 1418143885 0 0 0 0 0 0 0 0 0 0 0
 1418143885 0 0 0 0 0 0 0 0 0 0 0
 1418143885 0 0 0 0 0 0 0 0 0 0 0
 1418143885 0 0 0 0 0 0 0 0 0 0 0
 1418143885 0 0 0 0 0 0 0 0 0 0 0
 1418143885 0 0 0 0 0 0 0 0 0 0 0
 1418143885 0 0 0 0 0 0 0 0 0 0 0
 1418143885 0 0 0 0 0 0 0 0 0 0 0
 1418143885 0 0 0 0 0 0 0 0 0 0 0
 1418143885 0 0 0 0 0 0 0 0 0 0 0
 1418143886 0 0 0 0 0 0 0 0 0 0 0
 1418143886 0 0 0 0 0 0 0 0 0 0 0
 1418143886 0 0 0 0 0 0 0 0 0 0 0
 1418143886 0 0 0 0 0 0 0 0 0 0 0
 1418143886 0 0 0 0 0 0 0 0 0 0 0
 1418143886 0 0 0 0 0 0 0 0 0 0 0
 1418143886 0 0 0 0 0 0 0 0 0 0 0
 1418143886 0 0 0 0 0 0 0 0 0 0 0
 1418143886 0 0 0 0 0 0 0 0 0 0 0
 1418143886 0 0 0 0 0 0 0 0 0 0 0
 1418143886 0 0 0 0 0 0 0 0 0 0 0
 1418143886 0 0 0 0 0 0 0 0 0 0 0
 1418143886 0 0 0 0 0 0 0 0 0 0 0
 1418143886 0 0 0 0 0 0 0 0 0 0 0
 1418143886 0 0 0 0 0 0 0 0 0 0 0
 1418143886 0 0 0 0 0 0 0 0 0 0 0
 1418143886 0 0 0 0 0 0 0 0 0 0 0
 1418143886 0 0 0 0 0 0 0 0 0 0 0
 1418143886 0 0 0 0 0 0 0 0 0 0 0
 1418143886 0 0 0 0 0 0 0 0 0 0 0
 1418143886 0 0 0 0 0 0 0 0 0 0 0
 1418143886 0 0 0 0 0 0 0 0 0 0 0
 1418143886 0 0 0 0 0 0 0 0 0 0 0
 1418143886 0 0 0 0 0 0 0 0 0 0 0
 1418143886 0 0 0 0 0 0 0 0 0 0 0
 1418143886 0 0 0 0 0 0 0 0 0 0 0
 1418143886 0 0 0 0 0 0 0 0 0 0 0
 1418143886 0 0 0 0 0 0 0 0 0 0 0
 1418143886 0 0 0 0 0 0 0 0 0 0 0
 1418143886 0 0 0 0 0 0 0 0 0 0 0
 1418143887 0 0 0 0 0 0 0 0 0 0 0
 1418143887 0 0 0 0 0 0 0 0 0 0 0
 1418143887 0 0 0 0 0 0 0 0 0 0 0
 1418143887 0 0 0 0 0 0 0 0 0 0 0
 1418143887 0 0 0 0 0 0 0 0 0 0 0
 1418143887 0 0 0 0 0 0 0 0 0 0 0
 1418143887 0 0 0 0 0 0 0 0 0 0 0
 1418143887 0 0 0 0 0 0 0 0 0 0 0
 1418143887 0 0 0 0 0 0 0 0 0 0 0
 1418143887 0 0 0 0 0 0 0 0 0 0 0
 1418143887 0 0 0 0 0 0 0 0 0 0 0
 1418143887 0 0 0 0 0 0 0 0 0 0 0
 1418143887 0 0 0 0 0 0 0 0 0 0 0
 1418143887 0 0 0 0 0 0 0 0 0 0 0
 1418143887 0 0 0 0 0 0 0 0 0 0 0
 1418143887 0 0 0 0 0 0 0 0 0 0 0
 1418143887 0 0 0 0 0 0 0 0 0 0 0
 1418143887 0 0 0 0 0 0 0 0 0 0 0
 1418143887 0 0 0 0 0 0 0 0 0 0 0
 1418143887 0 0 0 0 0 0 0 0 0 0 0
 1418143887 0 0 0 0 0 0 0 0 0 0 0
 1418143887 0 0 0 0 0 0 0 0 0 0 0
 1418143887 0 0 0 0 0 0 0 0 0 0 0
 1418143887 0 0 0 0 0 0 0 0 0 0 0
 1418143887 0 0 0 0 0 0 0 0 0 0 0
 1418143887 0 0 0 0 0 0 0 0 0 0 0
 1418143887 0 0 0 0 0 0 0 0 0 0 0
 1418143887 0 0 0 0 0 0 0 0 0 0 0
 1418143887 0 0 0 0 0 0 0 0 0 0 0
 1418143887 0 0 0 0 0 0 0 0 0 0 0
 1418143888 0 0 0 0 0 0 0 0 0 0 0
 1418143888 0 0 0 0 0 0 0 0 0 0 0
 1418143888 0 0 0 0 0 0 0 0 0 0 0
 1418143888 0 0 0 0 0 0 0 0 0 0 0
 1418143888 0 0 0 0 0 0 0 0 0 0 0
 1418143888 0 0 0 0 0 0 0 0 0 0 0
 1418143888 0 0 0 0 0 0 0 0 0 0 0
 1418143888 0 0 0 0 0 0 0 0 0 0 0
 1418143888 0 0 0 0 0 0 0 0 0 0 0
 1418143888 0 0 0 0 0 0 0 0 0 0 0
 1418143888 0 0 0 0 0 0 0 0 0 0 0
 1418143888 0 0 0 0 0 0 0 0 0 0 0
 1418143888 0 0 0 0 0 0 0 0 0 0 0
 1418143888 0 0 0 0 0 0 0 0 0 0 0
 1418143888 0 0 0 0 0 0 0 0 0 0 0
 1418143888 0 0 0 0 0 0 0 0 0 0 0
 1418143888 0 0 0 0 0 0 0 0 0 0 0
 1418143888 0 0 0 0 0 0 0 0 0 0 0
 1418143888 0 0 0 0 0 0 0 0 0 0 0
 1418143888 0 0 0 0 0 0 0 0 0 0 0
 1418143888 0 0 0 0 0 0 0 0 0 0 0
 1418143888 0 0 0 0 0 0 0 0 0 0 0
 1418143888 0 0 0 0 0 0 0 0 0 0 0
 1418143888 0 0 0 0 0 0 0 0 0 0 0
 1418143888 0 0 0 0 0 0 0 0 0 0 0
 1418143888 0 0 0 0 0 0 0 0 0 0 0
 1418143888 0 0 0 0 0 0 0 0 0 0 0
 1418143888 0 0 0 0 0 0 0 0 0 0 0
 1418143888 0 0 0 0 0 0 0 0 0 0 0
 1418143888 0 0 0 0 0 0 0 0 0 0 0
 1418143889 0 0 0 0 0 0 0 0 0 0 0
 1418143889 0 0 0 0 0 0 0 0 0 0 0
 1418143889 0 0 0 0 0 0 0 0 0 0 0
 1418143889 0 0 0 0 0 0 0 0 0 0 0
 1418143889 0 0 0 0 0 0 0 0 0 0 0
 1418143889 0 0 0 0 0 0 0 0 0 0 0
 1418143889 0 0 0 0 0 0 0 0 0 0 0
 1418143889 0 0 0 0 0 0 0 0 0 0 0
 1418143889 0 0 0 0 0 0 0 0 0 0 0
 1418143889 0 0 0 0 0 0 0 0 0 0 0
 1418143889 0 0 0 0 0 0 0 0 0 0 0
 1418143889 0 0 0 0 0 0 0 0 0 0 0
 1418143889 0 0 0 0 0 0 0 0 0 0 0
 1418143889 0 0 0 0 0 0 0 0 0 0 0
 1418143889 0 0 0 0 0 0 0 0 0 0 0
 1418143889 0 0 0 0 0 0 0 0 0 0 0
 1418143889 0 0 0 0 0 0 0 0 0 0 0
 1418143889 0 0 0 0 0 0 0 0 0 0 0
 1418143889 0 0 0 0 0 0 0 0 0 0 0
 1418143889 0 0 0 0 0 0 0 0 0 0 0
 1418143889 0 0 0 0 0 0 0 0 0 0 0
 1418143889 0 0 0 0 0 0 0 0 0 0 0
 1418143889 0 0 0 0 0 0 0 0 0 0 0
 1418143889 0 0 0 0 0 0 0 0 0 0 0
 1418143889 0 0 0 0 0 0 0 0 0 0 0
 1418143889 0 0 0 0 0 0 0 0 0 0 0
 1418143889 0 0 0 0 0 0 0 0 0 0 0
 1418143889 0 0 0 0 0 0 0 0 0 0 0
 1418143889 0 0 0 0 0 0 0 0 0 0 0
 1418143889 0 0 0 0 0 0 0 0 0 0 0
 1418143890 0 0 0 0 0 0 0 0 0 0 0
 1418143890 0 0 0 0 0 0 0 0 0 0 0
 1418143890 0 0 0 0 0 0 0 0 0 0 0
 1418143890 0 0 0 0 0 0 0 0 0 0 0
 1418143890 0 0 0 0 0 0 0 0 0 0 0
 1418143890 0 0 0 0 0 0 0 0 0 0 0
 1418143890 0 0 0 0 0 0 0 0 0 0 0
 1418143890 0 0 0 0 0 0 0 0 0 0 0
 1418143890 0 0 0 0 0 0 0 0 0 0 0
 1418143890 0 0 0 0 0 0 0 0 0 0 0
 1418143890 0 0 0 0 0 0 0 0 0 0 0
 1418143890 0 0 0 0 0 0 0 0 0 0 0
 1418143890 0 0 0 0 0 0 0 0 0 0 0
 1418143890 0 0 0 0 0 0 0 0 0 0 0
 1418143890 0 0 0 0 0 0 0 0 0 0 0
 1418143890 0 0 0 0 0 0 0 0 0 0 0
 1418143890 0 0 0 0 0 0 0 0 0 0 0
 1418143890 0 0 0 0 0 0 0 0 0 0 0
 1418143890 0 0 0 0 0 0 0 0 0 0 0
 1418143890 0 0 0 0 0 0 0 0 0 0 0
 1418143890 0 0 0 0 0 0 0 0 0 0 0
 1418143890 0 0 0 0 0 0 0 0 0 0 0
 1418143890 0 0 0 0 0 0 0 0 0 0 0
 1418143890 0 0 0 0 0 0 0 0 0 0 0
 1418143890 0 0 0 0 0 0 0 0 0 0 0
 1418143890 0 0 0 0 0 0 0 0 0 0 0
 1418143890 0 0 0 0 0 0 0 0 0 0 0
 1418143890 0 0 0 0 0 0 0 0 0 0 0
 1418143890 0 0 0 0 0 0 0 0 0 0 0
 1418143890 0 0 0 0 0 0 0 0 0 0 0
 1418143891 0 0 0 0 0 0 0 0 0 0 0
 1418143891 0 0 0 0 0 0 0 0 0 0 0
 1418143891 0 0 0 0 0 0 0 0 0 0 0
 1418143891 0 0 0 0 0 0 0 0 0 0 0
 1418143891 0 0 0 0 0 0 0 0 0 0 0
 1418143891 0 0 0 0 0 0 0 0 0 0 0
 1418143891 0 0 0 0 0 0 0 0 0 0 0
 1418143891 0 0 0 0 0 0 0 0 0 0 0
 1418143891 0 0 0 0 0 0 0 0 0 0 0
 1418143891 0 0 0 0 0 0 0 0 0 0 0
 1418143891 0 0 0 0 0 0 0 0 0 0 0
 1418143891 0 0 0 0 0 0 0 0 0 0 0
 1418143891 0 0 0 0 0 0 0 0 0 0 0
 1418143891 0 0 0 0 0 0 0 0 0 0 0
 1418143891 0 0 0 0 0 0 0 0 0 0 0
 1418143891 0 0 0 0 0 0 0 0 0 0 0
 1418143891 0 0 0 0 0 0 0 0 0 0 0
 1418143891 0 0 0 0 0 0 0 0 0 0 0
 1418143891 0 0 0 0 0 0 0 0 0 0 0
 1418143891 0 0 0 0 0 0 0 0 0 0 0
 1418143891 0 0 0 0 0 0 0 0 0 0 0
 1418143891 0 0 0 0 0 0 0 0 0 0 0
 1418143891 0 0 0 0 0 0 0 0 0 0 0
 1418143891 0 0 0 0 0 0 0 0 0 0 0
 1418143891 0 0 0 0 0 0 0 0 0 0 0
 1418143891 0 0 0 0 0 0 0 0 0 0 0
 1418143891 0 0 0 0 0 0 0 0 0 0 0
 1418143891 0 0 0 0 0 0 0 0 0 0 0
 1418143891 0 0 0 0 0 0 0 0 0 0 0
 1418143891 0 0 0 0 0 0 0 0 0 0 0
 1418143891 0 0 0 0 0 0 0 0 0 0 0
 1418143892 0 0 0 0 0 0 0 0 0 0 0
 1418143892 0 0 0 0 0 0 0 0 0 0 0
 1418143892 0 0 0 0 0 0 0 0 0 0 0
 1418143892 0 0 0 0 0 0 0 0 0 0 0
 1418143892 0 0 0 0 0 0 0 0 0 0 0
 1418143892 0 0 0 0 0 0 0 0 0 0 0
 1418143892 0 0 0 0 0 0 0 0 0 0 0
 1418143892 0 0 0 0 0 0 0 0 0 0 0
 1418143892 0 0 0 0 0 0 0 0 0 0 0
 1418143892 0 0 0 0 0 0 0 0 0 0 0
 1418143892 0 0 0 0 0 0 0 0 0 0 0
 1418143892 0 0 0 0 0 0 0 0 0 0 0
 1418143892 0 0 0 0 0 0 0 0 0 0 0
 1418143892 0 0 0 0 0 0 0 0 0 0 0
 1418143892 0 0 0 0 0 0 0 0 0 0 0
 1418143892 0 0 0 0 0 0 0 0 0 0 0
 1418143892 0 0 0 0 0 0 0 0 0 0 0
 1418143892 0 0 0 0 0 0 0 0 0 0 0
 1418143892 0 0 0 0 0 0 0 0 0 0 0
 1418143892 0 0 0 0 0 0 0 0 0 0 0
 1418143892 0 0 0 0 0 0 0 0 0 0 0
 1418143892 0 0 0 0 0 0 0 0 0 0 0
 1418143892 0 0 0 0 0 0 0 0 0 0 0
 1418143892 0 0 0 0 0 0 0 0 0 0 0
 1418143892 0 0 0 0 0 0 0 0 0 0 0
 1418143892 0 0 0 0 0 0 0 0 0 0 0
 1418143892 0 0 0 0 0 0 0 0 0 0 0
 1418143892 0 0 0 0 0 0 0 0 0 0 0
 1418143892 0 0 0 0 0 0 0 0 0 0 0
 1418143892 0 0 0 0 0 0 0 0 0 0 0
 1418143893 0 0 0 0 0 0 0 0 0 0 0
 1418143893 0 0 0 0 0 0 0 0 0 0 0
 1418143893 0 0 0 0 0 0 0 0 0 0 0
 1418143893 0 0 0 0 0 0 0 0 0 0 0
 1418143893 0 0 0 0 0 0 0 0 0 0 0
 1418143893 0 0 0 0 0 0 0 0 0 0 0
 1418143893 0 0 0 0 0 0 0 0 0 0 0
 1418143893 0 0 0 0 0 0 0 0 0 0 0
 1418143893 0 0 0 0 0 0 0 0 0 0 0
 1418143893 0 0 0 0 0 0 0 0 0 0 0
 1418143893 0 0 0 0 0 0 0 0 0 0 0
 1418143893 0 0 0 0 0 0 0 0 0 0 0
 1418143893 0 0 0 0 0 0 0 0 0 0 0
 1418143893 0 0 0 0 0 0 0 0 0 0 0
 1418143893 0 0 0 0 0 0 0 0 0 0 0
 1418143893 0 0 0 0 0 0 0 0 0 0 0
 1418143893 0 0 0 0 0 0 0 0 0 0 0
 1418143893 0 0 0 0 0 0 0 0 0 0 0
 1418143893 0 0 0 0 0 0 0 0 0 0 0
 1418143893 0 0 0 0 0 0 0 0 0 0 0
 1418143893 0 0 0 0 0 0 0 0 0 0 0
 1418143893 0 0 0 0 0 0 0 0 0 0 0
 1418143893 0 0 0 0 0 0 0 0 0 0 0
 1418143893 0 0 0 0 0 0 0 0 0 0 0
 1418143893 0 0 0 0 0 0 0 0 0 0 0
 1418143893 0 0 0 0 0 0 0 0 0 0 0
 1418143893 0 0 0 0 0 0 0 0 0 0 0
 1418143893 0 0 0 0 0 0 0 0 0 0 0
 1418143893 0 0 0 0 0 0 0 0 0 0 0
 1418143893 0 0 0 0 0 0 0 0 0 0 0
 1418143894 0 0 0 0 0 0 0 0 0 0 0
 1418143894 0 0 0 0 0 0 0 0 0 0 0
 1418143894 0 0 0 0 0 0 0 0 0 0 0
 1418143894 0 0 0 0 0 0 0 0 0 0 0
 1418143894 0 0 0 0 0 0 0 0 0 0 0
 1418143894 0 0 0 0 0 0 0 0 0 0 0
 1418143894 0 0 0 0 0 0 0 0 0 0 0
 1418143894 0 0 0 0 0 0 0 0 0 0 0
 1418143894 0 0 0 0 0 0 0 0 0 0 0
