 1418146637 0 0 0 0 0 0 0 0 0 0 0
 1418146637 0 0 0 0 0 0 0 0 0 0 0
 1418146637 0 0 0 0 0 0 0 0 0 0 0
 1418146638 0 0 0 0 0 0 0 0 0 0 0
 1418146638 0 0 0 0 0 0 0 0 0 0 0
 1418146638 0 0 0 0 0 0 0 0 0 0 0
 1418146638 0 0 0 0 0 0 0 0 0 0 0
 1418146638 0 0 0 0 0 0 0 0 0 0 0
 1418146638 0 0 0 0 0 0 0 0 0 0 0
 1418146638 0 0 0 0 0 0 0 0 0 0 0
 1418146638 0 0 0 0 0 0 0 0 0 0 0
 1418146638 0 0 0 0 0 0 0 0 0 0 0
 1418146638 0 0 0 0 0 0 0 0 0 0 0
 1418146638 0 0 0 0 0 0 0 0 0 0 0
 1418146638 0 0 0 0 0 0 0 0 0 0 0
 1418146638 0 0 0 0 0 0 0 0 0 0 0
 1418146638 0 0 0 0 0 0 0 0 0 0 0
 1418146638 0 0 0 0 0 0 0 0 0 0 0
 1418146638 0 0 0 0 0 0 0 0 0 0 0
 1418146638 0 0 0 0 0 0 0 0 0 0 0
 1418146638 0 0 0 0 0 0 0 0 0 0 0
 1418146638 0 0 0 0 0 0 0 0 0 0 0
 1418146638 0 0 0 0 0 0 0 0 0 0 0
 1418146638 0 0 0 0 0 0 0 0 0 0 0
 1418146638 0 0 0 0 0 0 0 0 0 0 0
 1418146638 0 0 0 0 0 0 0 0 0 0 0
 1418146638 0 0 0 0 0 0 0 0 0 0 0
 1418146638 0 0 0 0 0 0 0 0 0 0 0
 1418146638 0 0 0 0 0 0 0 0 0 0 0
 1418146638 0 0 0 0 0 0 0 0 0 0 0
 1418146638 0 0 0 0 0 0 0 0 0 0 0
 1418146638 0 0 0 0 0 0 0 0 0 0 0
 1418146638 0 0 0 0 0 0 0 0 0 0 0
 1418146639 0 0 0 0 0 0 0 0 0 0 0
 1418146639 0 0 0 0 0 0 0 0 0 0 0
 1418146639 0 0 0 0 0 0 0 0 0 0 0
 1418146639 0 0 0 0 0 0 0 0 0 0 0
 1418146639 0 0 0 0 0 0 0 0 0 0 0
 1418146639 0 0 0 0 0 0 0 0 0 0 0
 1418146639 0 0 0 0 0 0 0 0 0 0 0
 1418146639 0 0 0 0 0 0 0 0 0 0 0
 1418146639 0 0 0 0 0 0 0 0 0 0 0
 1418146639 0 0 0 0 0 0 0 0 0 0 0
 1418146639 0 0 0 0 0 0 0 0 0 0 0
 1418146639 0 0 0 0 0 0 0 0 0 0 0
 1418146639 0 0 0 0 0 0 0 0 0 0 0
 1418146639 0 0 0 0 0 0 0 0 0 0 0
 1418146639 0 0 0 0 0 0 0 0 0 0 0
 1418146639 0 0 0 0 0 0 0 0 0 0 0
 1418146639 0 0 0 0 0 0 0 0 0 0 0
 1418146639 0 0 0 0 0 0 0 0 0 0 0
 1418146639 0 0 0 0 0 0 0 0 0 0 0
 1418146639 0 0 0 0 0 0 0 0 0 0 0
 1418146639 0 0 0 0 0 0 0 0 0 0 0
 1418146639 0 0 0 0 0 0 0 0 0 0 0
 1418146639 0 0 0 0 0 0 0 0 0 0 0
 1418146639 0 0 0 0 0 0 0 0 0 0 0
 1418146639 0 0 0 0 0 0 0 0 0 0 0
 1418146639 0 0 0 0 0 0 0 0 0 0 0
 1418146639 0 0 0 0 0 0 0 0 0 0 0
 1418146639 0 0 0 0 0 0 0 0 0 0 0
 1418146639 0 0 0 0 0 0 0 0 0 0 0
 1418146639 0 0 0 0 0 0 0 0 0 0 0
