 1418154545 8 9 0 0 0 0 86 327 344 195 80
 1418154546 8 9 0 0 0 0 86 353 344 195 80
 1418154546 8 9 0 0 0 0 86 328 344 195 80
 1418154546 8 11 0 2 0 0 86 354 342 194 80
 1418154547 12 15 4 5 0 0 86 347 349 328 80
 1418154547 17 19 7 7 0 0 95 347 333 327 107
 1418154547 21 22 7 5 0 0 151 316 329 327 107
 1418154548 22 22 5 3 0 0 151 312 308 312 107
 1418154548 22 22 1 0 0 0 99 312 309 312 107
 1418154548 22 22 0 0 0 0 99 311 328 312 106
 1418154548 24 25 2 3 0 0 151 311 326 337 106
 1418154549 28 28 6 5 0 0 151 311 323 311 74
 1418154549 31 31 7 7 0 0 102 300 320 311 74
 1418154550 36 34 3 2 0 0 105 292 314 281 112
 1418154550 38 36 2 2 0 0 149 290 301 281 113
 1418154550 40 38 4 4 0 0 149 285 311 287 113
 1418154550 44 43 6 7 0 0 150 285 296 281 118
 1418154551 47 47 6 7 0 0 111 280 301 281 143
 1418154551 48 48 4 5 0 0 111 275 277 274 143
 1418154551 48 49 0 2 0 0 151 275 299 273 143
 1418154552 49 49 1 1 0 0 151 274 299 273 143
 1418154552 52 50 4 1 0 0 151 272 296 273 143
 1418154552 57 53 7 4 0 0 151 272 292 268 80
 1418154552 59 57 6 7 0 0 153 264 306 268 80
 1418154553 61 61 4 7 0 0 153 260 285 261 78
 1418154553 62 63 2 4 0 0 155 260 283 257 138
 1418154553 64 64 3 2 0 0 156 257 282 257 138
 1418154553 68 66 6 3 0 0 156 253 280 257 140
 1418154554 72 69 7 5 0 0 161 253 273 253 140
 1418154554 74 71 6 5 0 0 175 267 249 253 140
 1418154554 76 73 4 4 0 0 175 242 246 249 122
 1418154555 76 74 2 2 0 0 168 242 246 249 122
 1418154555 77 75 1 2 0 0 168 265 245 248 122
 1418154555 79 77 3 3 0 0 168 265 243 244 121
 1418154555 83 82 6 8 0 0 155 237 240 244 132
 1418154556 87 87 7 8 0 0 151 228 230 234 132
 1418154556 88 88 5 5 0 0 151 228 228 234 120
 1418154556 88 88 1 1 0 0 150 225 229 234 120
 1418154556 89 89 0 1 0 0 150 247 229 232 120
 1418154557 92 91 4 3 0 0 149 247 226 230 100
 1418154557 94 95 5 6 0 0 147 213 223 230 100
 1418154557 98 99 6 8 0 0 147 209 216 222 96
 1418154557 100 101 5 6 0 0 144 209 215 222 129
 1418154558 100 101 2 2 0 0 144 209 214 228 129
 1418154558 101 101 1 0 0 0 144 209 214 222 128
 1418154558 102 103 2 2 0 0 142 210 213 222 128
 1418154558 106 106 5 5 0 0 142 223 210 224 97
 1418154559 109 109 6 6 0 0 142 223 205 224 71
 1418154559 112 111 5 5 0 0 138 215 201 219 71
 1418154559 112 111 2 2 0 0 138 215 201 203 69
 1418154560 113 112 2 1 0 0 138 214 201 203 69
