 1418298807 22 9 1 0 0 0 168 163 91 0 0
 1418298807 22 9 1 0 0 0 168 163 91 0 0
 1418298807 22 9 1 0 0 0 168 163 91 0 0
 1418298807 22 9 1 0 0 0 168 163 91 0 0
 1418298807 22 9 1 0 0 0 168 163 91 0 0
 1418298807 22 9 1 0 0 0 168 163 91 0 0
 1418298807 22 9 1 0 0 0 168 163 91 0 0
 1418298807 22 9 1 0 0 0 168 163 91 0 0
 1418298807 22 9 1 0 0 0 168 163 91 0 0
 1418298807 22 9 1 0 0 0 168 163 91 0 0
 1418298810 27 9 5 0 0 0 235 164 162 1623 93
 1418298810 45 11 5 0 0 0 0 0 228 114 97
 1418298810 45 11 5 0 0 0 0 0 228 114 97
 1418298810 45 11 5 0 0 0 0 0 228 114 97
 1418298810 45 11 5 0 0 0 0 0 228 114 97
 1418298810 45 11 5 0 0 0 0 0 228 114 97
 1418298810 45 11 5 0 0 0 0 0 228 114 97
 1418298810 45 11 5 0 0 0 0 0 228 114 97
 1418298810 45 11 5 0 0 0 0 0 228 114 97
 1418298811 45 11 5 0 0 0 0 0 228 114 97
 1418298811 45 11 5 0 0 0 0 0 228 114 97
 1418298811 45 11 5 0 0 0 0 0 228 114 97
 1418298811 45 11 5 0 0 0 0 0 228 114 97
 1418298811 45 11 5 0 0 0 0 0 228 114 97
 1418298811 45 11 5 0 0 0 0 0 228 114 97
 1418298811 40 124 86 966 1 1 0 0 0 0 20
 1418298811 40 124 86 966 1 1 0 0 0 0 20
 1418298811 40 124 86 966 1 1 0 0 0 0 20
 1418298811 40 124 86 966 1 1 0 0 0 0 20
 1418298811 40 124 86 966 1 1 0 0 0 0 20
 1418298811 40 124 86 966 1 1 0 0 0 0 20
 1418298811 40 124 86 966 1 1 0 0 0 0 20
 1418298811 40 124 86 966 1 1 0 0 0 0 20
 1418298811 40 124 86 966 1 1 0 0 0 0 20
 1418298811 40 124 86 966 1 1 0 0 0 0 20
 1418298811 40 124 86 966 1 1 0 0 0 0 20
 1418298811 40 124 86 966 1 1 0 0 0 0 20
 1418298811 40 124 86 966 1 1 0 0 0 0 20
 1418298811 40 124 86 966 1 1 0 0 0 0 20
 1418298811 40 124 86 966 1 1 0 0 0 0 20
 1418298811 40 124 86 966 1 1 0 0 0 0 20
 1418298811 40 124 86 966 1 1 0 0 0 0 20
 1418298811 40 124 86 966 1 1 0 0 0 0 20
 1418298811 40 124 86 966 1 1 0 0 0 0 20
 1418298811 40 124 86 966 1 1 0 0 0 0 20
 1418298811 40 124 86 966 1 1 0 0 0 0 20
 1418298811 40 124 86 966 1 1 0 0 0 0 20
 1418298811 40 124 86 966 1 1 0 0 0 0 20
 1418298811 40 124 86 966 1 1 0 0 0 0 20
 1418298811 40 124 86 966 1 1 0 0 0 0 20
 1418298812 40 124 86 966 1 1 0 0 0 0 20
 1418298812 40 124 86 966 1 1 0 0 0 0 20
 1418298812 40 124 86 966 1 1 0 0 0 0 20
 1418298812 52 11 2 0 0 0 0 0 0 0 130
 1418298812 52 11 2 0 0 0 0 0 0 0 130
 1418298812 52 11 2 0 0 0 0 0 0 0 130
 1418298812 52 11 2 0 0 0 0 0 0 0 130
 1418298812 52 11 2 0 0 0 0 0 0 0 130
 1418298812 52 11 2 0 0 0 0 0 0 0 130
 1418298812 52 11 2 0 0 0 0 0 0 0 130
 1418298812 52 11 2 0 0 0 0 0 0 0 130
 1418298812 52 11 2 0 0 0 0 0 0 0 130
 1418298812 50 67 85 93 0 0 0 0 0 0 0
 1418298812 50 67 85 93 0 0 0 0 0 0 0
 1418298812 50 67 85 93 0 0 0 0 0 0 0
 1418298812 57 1 201 0 0 0 0 0 0 0 0
 1418298812 57 1 201 0 0 0 0 0 0 0 0
 1418298812 57 1 201 0 0 0 0 0 0 0 0
 1418298812 57 1 201 0 0 0 0 0 0 0 0
 1418298812 57 1 201 0 0 0 0 0 0 0 0
 1418298812 57 1 201 0 0 0 0 0 0 0 0
 1418298812 57 1 201 0 0 0 0 0 0 0 0
 1418298812 57 1 201 0 0 0 0 0 0 0 0
 1418298812 57 1 201 0 0 0 0 0 0 0 0
 1418298812 57 1 201 0 0 0 0 0 0 0 0
 1418298812 60 11 7 1 1 0 0 0 6191 0 0
 1418298812 60 11 7 1 1 0 0 0 6191 0 0
 1418298812 60 11 7 1 1 0 0 0 6191 0 0
 1418298812 60 11 7 1 1 0 0 0 6191 0 0
 1418298812 60 11 7 1 1 0 0 0 6191 0 0
 1418298813 60 11 7 1 1 0 0 0 6191 0 0
 1418298813 60 11 7 1 1 0 0 0 6191 0 0
 1418298813 60 11 7 1 1 0 0 0 6191 0 0
 1418298813 60 11 7 1 1 0 0 0 6191 0 0
 1418298813 60 11 7 1 1 0 0 0 6191 0 0
 1418298813 60 11 7 1 1 0 0 0 6191 0 0
 1418298813 60 11 7 1 1 0 0 0 6191 0 0
 1418298813 60 11 7 1 1 0 0 0 6191 0 0
 1418298813 60 11 7 1 1 0 0 0 6191 0 0
 1418298813 60 11 7 1 1 0 0 0 6191 0 0
 1418298813 6 0 0 0 1 0 0 0 0 0 0
 1418298813 6 0 0 0 1 0 0 0 0 0 0
 1418298813 6 0 0 0 1 0 0 0 0 0 0
 1418298813 6 0 0 0 1 0 0 0 0 0 0
 1418298813 6 0 0 0 1 0 0 0 0 0 0
 1418298813 6 0 0 0 1 0 0 0 0 0 0
 1418298813 6 0 0 0 1 0 0 0 0 0 0
 1418298813 6 0 0 0 1 0 0 0 0 0 0
 1418298813 6 0 0 0 1 0 0 0 0 0 0
 1418298813 6 0 0 0 1 0 0 0 0 0 0
 1418298813 65 11 1 4 1 1 0 0 0 187 89
 1418298813 65 11 1 4 1 1 0 0 0 187 89
 1418298813 65 11 1 4 1 1 0 0 0 187 89
 1418298813 65 11 1 4 1 1 0 0 0 187 89
 1418298813 65 11 1 4 1 1 0 0 0 187 89
 1418298813 65 11 1 4 1 1 0 0 0 187 89
 1418298813 65 11 1 4 1 1 0 0 0 187 89
 1418298813 65 11 1 4 1 1 0 0 0 187 89
 1418298813 65 11 1 4 1 1 0 0 0 187 89
 1418298813 65 11 1 4 1 1 0 0 0 187 89
 1418298814 65 11 1 4 1 1 0 0 0 187 89
 1418298814 65 11 1 4 1 1 0 0 0 187 89
 1418298814 65 11 1 4 1 1 0 0 0 187 89
 1418298814 65 11 1 4 1 1 0 0 0 187 89
 1418298814 65 11 1 4 1 1 0 0 0 187 89
 1418298814 70 11 5 0 1 1 0 0 0 0 186
 1418298814 70 11 5 0 1 1 0 0 0 0 186
 1418298814 70 11 5 0 1 1 0 0 0 0 186
 1418298814 70 11 5 0 1 1 0 0 0 0 186
 1418298814 70 11 5 0 1 1 0 0 0 0 186
 1418298814 70 11 5 0 1 1 0 0 0 0 186
 1418298814 70 90 82 83 1 1 0 0 0 0 0
 1418298814 70 90 82 83 1 1 0 0 0 0 0
 1418298814 70 90 82 83 1 1 0 0 0 0 0
 1418298814 70 90 82 83 1 1 0 0 0 0 0
 1418298814 70 90 82 83 1 1 0 0 0 0 0
 1418298814 70 90 82 83 1 1 0 0 0 0 0
 1418298814 70 90 82 83 1 1 0 0 0 0 0
 1418298814 70 90 82 83 1 1 0 0 0 0 0
 1418298814 70 90 82 83 1 1 0 0 0 0 0
 1418298814 70 90 82 83 1 1 0 0 0 0 0
 1418298814 70 90 82 83 1 1 0 0 0 0 0
 1418298814 70 90 82 83 1 1 0 0 0 0 0
 1418298814 70 90 82 83 1 1 0 0 0 0 0
 1418298814 70 90 82 83 1 1 0 0 0 0 0
 1418298814 70 90 82 83 1 1 0 0 0 0 0
 1418298814 70 90 82 83 1 1 0 0 0 0 0
 1418298814 72 6 1 0 0 1 0 0 0 0 0
 1418298814 72 6 1 0 0 1 0 0 0 0 0
 1418298814 72 6 1 0 0 1 0 0 0 0 0
 1418298815 72 6 1 0 0 1 0 0 0 0 0
 1418298815 72 6 1 0 0 1 0 0 0 0 0
 1418298815 72 6 1 0 0 1 0 0 0 0 0
 1418298815 72 6 1 0 0 1 0 0 0 0 0
 1418298815 72 6 1 0 0 1 0 0 0 0 0
 1418298818 77 14 1 3 0 1 174 76 78 82 73
 1418298818 78 18 0 0 1 1 0 0 0 0 182
 1418298818 78 18 0 0 1 1 0 0 0 0 182
 1418298818 78 18 0 0 1 1 0 0 0 0 182
 1418298818 78 18 0 0 1 1 0 0 0 0 182
 1418298818 78 18 0 0 1 1 0 0 0 0 182
 1418298818 78 18 0 0 1 1 0 0 0 0 182
 1418298818 78 18 0 0 1 1 0 0 0 0 182
 1418298818 78 18 0 0 1 1 0 0 0 0 182
 1418298818 78 18 0 0 1 1 0 0 0 0 182
 1418298821 78 18 0 0 0 1 74 74 74 773 73
 1418298821 78 18 0 0 0 1 0 0 0 0 0
 1418298821 78 18 0 0 0 1 0 0 0 0 0
 1418298821 78 18 0 0 0 1 0 0 0 0 0
 1418298821 78 18 0 0 0 1 0 0 0 0 0
 1418298821 78 18 0 0 0 1 0 0 0 0 0
 1418298821 78 18 0 0 0 1 0 0 0 0 0
 1418298821 78 18 0 0 0 1 0 0 0 0 0
 1418298821 78 18 0 0 0 1 0 0 0 0 0
 1418298824 78 18 0 0 0 1 182 74 74 74 223
 1418298827 78 18 0 0 0 1 182 74 74 74 223
