 1418144025 148 321 0 0 0 0 97 341 201 255 90
 1418144026 148 321 0 0 0 0 97 341 203 255 90
 1418144026 148 321 0 0 0 0 97 341 201 255 91
 1418144026 148 321 0 0 0 0 97 341 201 255 90
 1418144027 148 321 0 0 0 0 97 341 202 255 90
 1418144027 148 321 0 0 0 0 96 341 201 255 91
 1418144027 148 321 0 0 0 0 96 342 339 255 91
 1418144028 148 321 0 0 0 0 96 341 201 255 91
 1418144028 148 321 0 0 0 0 96 341 202 255 91
 1418144028 148 321 0 0 0 0 96 343 202 255 91
 1418144029 148 321 0 0 0 0 96 341 201 255 91
 1418144029 148 321 0 0 0 0 96 342 202 255 91
 1418144029 148 321 0 0 0 0 96 342 201 255 91
 1418144030 148 321 0 0 0 0 96 342 202 255 91
 1418144030 148 322 0 1 0 0 96 341 201 255 91
 1418144030 148 322 0 1 0 0 96 341 202 255 91
 1418144031 148 322 0 0 0 0 96 394 201 255 91
 1418144031 148 322 0 0 0 0 96 341 201 255 91
 1418144031 148 322 0 0 0 0 96 360 202 255 91
 1418144032 148 322 0 0 0 0 96 360 201 255 91
 1418144032 148 322 0 0 0 0 96 354 201 255 91
 1418144032 148 322 0 0 0 0 96 395 202 255 91
 1418144033 148 322 0 0 0 0 96 395 201 255 91
 1418144033 148 322 0 0 0 0 96 395 202 255 91
 1418144033 148 322 0 0 0 0 96 341 201 255 91
 1418144034 148 322 0 0 0 0 97 343 202 255 91
 1418144034 148 322 0 0 0 0 97 395 201 255 91
 1418144034 148 322 0 0 0 0 97 395 202 255 91
 1418144035 148 322 0 0 0 0 97 394 202 255 91
 1418144035 148 322 0 0 0 0 96 395 201 255 91
 1418144035 148 322 0 0 0 0 96 341 201 255 91
 1418144036 148 322 0 0 0 0 96 341 201 255 91
 1418144036 148 322 0 0 0 0 96 341 201 255 91
 1418144036 148 322 0 0 0 0 96 393 201 255 91
 1418144036 148 322 0 0 0 0 96 342 202 255 91
 1418144037 148 322 0 0 0 0 96 342 201 255 91
 1418144037 148 322 0 0 0 0 96 358 201 255 91
 1418144038 148 322 0 0 0 0 96 342 202 255 91
 1418144038 148 322 0 0 0 0 96 394 201 255 91
 1418144038 148 322 0 0 0 0 96 341 202 255 91
 1418144039 148 322 0 0 0 0 96 395 202 255 91
 1418144039 148 322 0 0 0 0 97 395 201 255 91
 1418144039 148 322 0 0 0 0 97 359 201 255 91
 1418144040 148 322 0 0 0 0 96 396 202 255 91
 1418144040 148 322 0 0 0 0 96 394 202 255 91
 1418144040 148 322 0 0 0 0 96 394 202 255 91
 1418144041 148 322 0 0 0 0 96 359 202 255 92
 1418144041 148 322 0 0 0 0 96 396 201 255 92
 1418144041 148 322 0 0 0 0 96 363 201 255 91
 1418144042 148 322 0 0 0 0 96 363 202 255 91
 1418144042 148 322 0 0 0 0 96 395 201 255 90
 1418144042 148 322 0 0 0 0 96 395 201 255 90
 1418144043 148 322 0 0 0 0 96 395 201 255 90
 1418144043 148 322 0 0 0 0 96 395 202 255 91
 1418144043 148 322 0 0 0 0 96 395 202 255 91
 1418144044 148 322 0 0 0 0 96 362 202 255 91
 1418144044 148 322 0 0 0 0 96 359 202 255 91
 1418144044 148 322 0 0 0 0 96 341 202 255 91
 1418144045 148 322 0 0 0 0 96 342 202 255 91
 1418144045 148 322 0 0 0 0 96 342 202 255 91
 1418144045 148 322 0 0 0 0 96 394 203 255 91
 1418144046 148 322 0 0 0 0 97 362 202 255 91
 1418144046 148 322 0 0 0 0 97 394 203 255 91
 1418144046 148 322 0 0 0 0 96 394 202 255 91
 1418144047 148 322 0 0 0 0 96 341 202 255 91
 1418144047 148 322 0 0 0 0 97 343 202 255 91
 1418144047 148 322 0 0 0 0 97 342 203 255 90
 1418144048 148 322 0 0 0 0 96 342 202 255 90
 1418144048 148 322 0 0 0 0 97 341 203 255 90
 1418144048 148 322 0 0 0 0 97 393 202 255 90
 1418144049 148 322 0 0 0 0 97 362 201 255 90
 1418144049 148 322 0 0 0 0 97 364 201 255 91
 1418144049 148 322 0 0 0 0 96 364 203 255 90
 1418144050 148 322 0 0 0 0 97 343 202 255 91
 1418144050 148 322 0 0 0 0 96 342 201 255 90
 1418144050 148 322 0 0 0 0 96 393 201 255 90
 1418144051 148 322 0 0 0 0 96 341 201 255 90
 1418144051 148 322 0 0 0 0 96 341 201 255 90
 1418144051 148 322 0 0 0 0 96 343 201 255 90
 1418144052 148 322 0 0 0 0 96 342 202 255 90
 1418144052 148 322 0 0 0 0 96 343 202 255 90
 1418144052 148 322 0 0 0 0 96 343 201 255 90
 1418144053 149 322 1 0 0 0 96 394 202 255 90
 1418144053 149 322 0 0 0 0 97 341 202 255 90
 1418144053 149 322 0 0 0 0 97 341 202 255 90
 1418144054 149 322 0 0 0 0 97 341 202 255 90
 1418144054 149 322 0 0 0 0 97 341 202 255 90
 1418144054 149 322 0 0 0 0 98 342 201 255 90
 1418144055 149 322 0 0 0 0 97 341 202 255 90
 1418144055 149 322 0 0 0 0 97 341 202 255 90
 1418144055 149 322 0 0 0 0 97 341 202 255 89
 1418144055 149 322 0 0 0 0 97 341 201 255 90
 1418144056 149 322 0 0 0 0 97 342 202 255 90
 1418144056 149 322 0 0 0 0 97 341 201 255 89
 1418144056 149 322 0 0 0 0 97 341 201 255 89
 1418144057 149 322 0 0 0 0 97 342 202 255 89
 1418144057 149 322 0 0 0 0 97 342 202 255 89
 1418144057 149 322 0 0 0 0 97 341 202 255 90
 1418144058 149 322 0 0 0 0 97 341 202 255 90
 1418144058 149 322 0 0 0 0 97 342 202 255 90
 1418144059 149 322 0 0 0 0 97 341 202 255 90
 1418144059 149 322 0 0 0 0 97 341 202 255 89
 1418144059 149 322 0 0 0 0 97 341 202 255 34
 1418144059 149 322 0 0 0 0 97 342 202 255 34
 1418144060 149 322 0 0 0 0 97 341 202 255 92
 1418144060 149 322 0 0 0 0 97 341 85 255 91
 1418144060 149 322 0 0 0 0 98 341 122 255 91
 1418144061 149 322 0 0 0 0 98 160 154 255 91
 1418144061 149 322 0 0 0 0 98 342 189 255 90
 1418144061 149 322 0 0 0 0 97 342 202 255 90
 1418144062 149 322 0 0 0 0 97 342 201 255 90
 1418144062 149 322 0 0 0 0 97 341 202 255 90
 1418144062 149 322 0 0 0 0 97 342 201 255 90
 1418144063 149 322 0 0 0 0 97 342 201 255 89
 1418144063 149 322 0 0 0 0 97 342 202 255 90
 1418144063 149 322 0 0 0 0 97 342 202 255 90
 1418144064 149 322 0 0 0 0 97 341 202 255 90
 1418144064 149 322 0 0 0 0 97 343 202 255 90
 1418144064 149 322 0 0 0 0 97 343 202 255 90
 1418144065 149 322 0 0 0 0 98 342 201 255 90
 1418144065 149 322 0 0 0 0 97 342 202 255 90
 1418144065 149 322 0 0 0 0 97 393 202 255 90
 1418144066 149 322 0 0 0 0 97 393 202 255 90
 1418144066 149 322 0 0 0 0 97 342 201 255 90
 1418144066 149 322 0 0 0 0 98 341 201 255 90
 1418144067 149 322 0 0 0 0 98 341 202 255 90
