 1418295834 8 9 0 0 0 0 79 263 255 242 63
 1418295834 8 9 0 0 0 0 79 263 261 242 63
 1418295835 8 9 0 0 0 0 79 263 261 241 63
 1418295835 8 9 0 0 0 0 79 263 261 241 63
 1418295835 8 9 0 0 0 0 79 263 261 241 63
 1418295835 8 9 0 0 0 0 79 262 261 242 63
 1418295835 9 9 1 0 0 0 79 262 260 242 64
 1418295835 13 9 5 0 0 0 79 262 260 241 64
 1418295836 17 9 7 0 0 0 76 255 248 241 67
 1418295836 21 9 6 0 0 0 75 247 246 242 67
 1418295836 22 9 4 0 0 0 75 247 245 164 69
 1418295837 23 9 2 0 0 0 75 241 245 164 69
 1418295837 24 9 2 0 0 0 75 244 244 164 69
 1418295837 28 9 5 0 0 0 76 244 170 164 71
 1418295837 30 9 6 0 0 0 77 238 168 164 71
 1418295838 32 9 4 0 0 0 77 168 165 79 74
 1418295838 33 9 3 0 0 0 78 168 164 79 75
 1418295838 35 9 3 0 0 0 79 165 163 162 75
 1418295838 37 9 4 0 0 0 79 165 162 78 76
 1418295839 42 9 6 0 0 0 239 160 159 78 63
 1418295839 44 9 6 0 0 0 239 109 157 77 63
 1418295839 45 9 3 0 0 0 234 109 93 77 63
 1418295839 46 10 2 1 0 0 220 107 93 77 63
 1418295840 48 11 3 2 0 0 220 105 91 77 64
 1418295840 52 16 6 5 0 0 219 105 88 72 64
 1418295840 56 19 8 8 0 0 212 99 85 72 64
 1418295841 58 22 6 6 0 0 212 93 81 65 72
 1418295841 59 24 2 3 0 0 168 93 80 64 96
 1418295841 60 24 1 1 0 0 168 93 80 64 96
 1418295841 62 26 3 2 0 0 168 93 79 64 66
 1418295842 63 28 4 3 0 0 168 93 77 62 66
 1418295842 70 36 6 7 0 1 199 89 69 62 66
 1418295842 72 39 6 8 0 1 199 89 122 51 102
 1418295843 75 44 5 8 0 1 223 116 117 51 111
 1418295843 76 46 3 5 0 1 119 112 114 47 111
 1418295843 76 46 1 2 0 1 119 112 113 130 111
 1418295843 76 46 0 0 0 1 118 112 114 130 111
 1418295844 76 46 0 0 0 0 118 112 114 130 111
 1418295844 76 46 0 0 0 0 118 112 114 130 111
 1418295844 76 46 0 0 0 0 118 112 114 130 110
 1418295845 76 46 0 0 0 0 118 112 114 130 110
 1418295845 77 46 1 0 0 0 223 112 113 45 111
 1418295845 80 46 4 0 0 0 220 109 111 45 111
 1418295845 84 46 7 0 0 0 220 69 57 44 101
 1418295846 85 46 7 0 0 0 183 69 56 44 101
 1418295846 88 47 3 1 0 1 183 65 55 44 98
 1418295846 88 48 1 2 0 1 181 65 54 44 115
 1418295847 88 48 0 1 0 1 181 65 54 42 115
 1418295847 88 48 0 0 0 1 181 65 54 42 82
 1418295847 88 48 0 0 0 1 181 65 54 42 78
 1418295847 88 48 0 0 0 1 181 65 54 42 78
 1418295848 88 48 0 0 0 1 181 65 54 42 96
 1418295848 88 48 0 0 0 1 181 65 54 42 96
 1418295848 88 48 0 0 0 1 181 65 54 42 96
 1418295849 88 48 0 0 0 1 181 65 54 42 106
 1418295849 88 48 0 0 0 1 181 65 54 42 95
 1418295849 88 48 0 0 0 1 181 65 54 42 101
 1418295849 88 48 0 0 0 1 181 65 54 42 101
 1418295850 88 48 0 0 0 1 181 65 54 42 97
 1418295850 88 48 0 0 0 1 181 65 54 42 97
 1418295850 88 48 0 0 0 1 181 65 54 42 97
 1418295850 88 48 0 0 0 1 181 65 54 42 97
 1418295851 88 48 0 0 0 1 181 65 54 42 96
 1418295851 88 48 0 0 0 1 181 65 54 42 96
 1418295851 88 48 0 0 0 1 181 65 54 42 111
 1418295852 88 48 0 0 0 1 181 65 54 42 95
 1418295852 88 48 0 0 0 1 181 65 54 42 95
 1418295852 88 48 0 0 0 1 181 65 54 42 94
 1418295852 88 48 0 0 0 1 181 65 54 42 104
 1418295853 88 48 0 0 0 1 181 65 54 42 104
 1418295853 88 48 0 0 0 1 181 65 54 42 104
 1418295853 88 48 0 0 0 1 181 65 54 42 102
 1418295854 88 48 0 0 0 1 181 65 54 42 104
 1418295854 88 48 0 0 0 1 181 65 54 42 104
 1418295854 88 48 0 0 0 1 181 65 54 42 102
 1418295855 88 48 0 0 0 1 181 65 54 42 95
