 1418116517 0 0 0 0 0 0 0 0 0 0 0
 1418116518 0 0 0 0 0 0 0 0 0 0 0
 1418116518 0 0 0 0 0 0 0 0 0 0 0
 1418116518 0 0 0 0 0 0 0 0 0 0 0
 1418116519 0 0 0 0 0 0 0 0 0 0 0
 1418116519 0 0 0 0 0 0 0 0 0 0 0
 1418116519 0 0 0 0 0 0 0 0 0 0 0
 1418116520 0 0 0 0 0 0 0 0 0 0 0
 1418116520 0 0 0 0 0 0 0 0 0 0 0
 1418116520 0 0 0 0 0 0 0 0 0 0 0
 1418116520 0 0 0 0 0 0 0 0 0 0 0
 1418116521 0 0 0 0 0 0 0 0 0 0 0
 1418116521 0 0 0 0 0 0 0 0 0 0 0
 1418116521 0 0 0 0 0 0 0 0 0 0 0
 1418116522 0 0 0 0 0 0 0 0 0 0 0
 1418116522 0 0 0 0 0 0 0 0 0 0 0
 1418116522 0 0 0 0 0 0 0 0 0 0 0
 1418116523 0 0 0 0 0 0 0 0 0 0 0
 1418116523 0 0 0 0 0 0 0 0 0 0 0
 1418116523 0 0 0 0 0 0 0 0 0 0 0
 1418116524 0 0 0 0 0 0 0 0 0 0 0
 1418116524 0 0 0 0 0 0 0 0 0 0 0
 1418116524 0 0 0 0 0 0 0 0 0 0 0
 1418116525 0 0 0 0 0 0 0 0 0 0 0
 1418116525 0 0 0 0 0 0 0 0 0 0 0
 1418116525 0 0 0 0 0 0 0 0 0 0 0
 1418116526 0 0 0 0 0 0 0 0 0 0 0
 1418116526 0 0 0 0 0 0 0 0 0 0 0
 1418116526 0 0 0 0 0 0 0 0 0 0 0
 1418116527 0 0 0 0 0 0 0 0 0 0 0
 1418116527 0 0 0 0 0 0 0 0 0 0 0
 1418116527 0 0 0 0 0 0 0 0 0 0 0
 1418116527 0 0 0 0 0 0 0 0 0 0 0
 1418116528 0 0 0 0 0 0 0 0 0 0 0
 1418116528 0 0 0 0 0 0 0 0 0 0 0
 1418116528 0 0 0 0 0 0 0 0 0 0 0
 1418116529 0 0 0 0 0 0 0 0 0 0 0
 1418116529 0 0 0 0 0 0 0 0 0 0 0
 1418116529 0 0 0 0 0 0 0 0 0 0 0
 1418116529 0 0 0 0 0 0 0 0 0 0 0
 1418116530 0 0 0 0 0 0 0 0 0 0 0
 1418116530 0 0 0 0 0 0 0 0 0 0 0
 1418116530 0 0 0 0 0 0 0 0 0 0 0
 1418116530 0 0 0 0 0 0 0 0 0 0 0
 1418116531 0 0 0 0 0 0 0 0 0 0 0
 1418116531 0 0 0 0 0 0 0 0 0 0 0
 1418116531 0 0 0 0 0 0 0 0 0 0 0
 1418116531 0 0 0 0 0 0 0 0 0 0 0
 1418116531 0 0 0 0 0 0 0 0 0 0 0
 1418116532 0 0 0 0 0 0 0 0 0 0 0
 1418116532 0 0 0 0 0 0 0 0 0 0 0
 1418116532 0 0 0 0 0 0 0 0 0 0 0
 1418116533 0 0 0 0 0 0 0 0 0 0 0
 1418116533 0 0 0 0 0 0 0 0 0 0 0
 1418116533 0 0 0 0 0 0 0 0 0 0 0
 1418116534 0 0 0 0 0 0 0 0 0 0 0
 1418116534 0 0 0 0 0 0 0 0 0 0 0
 1418116534 0 0 0 0 0 0 0 0 0 0 0
 1418116535 0 0 0 0 0 0 0 0 0 0 0
 1418116535 0 0 0 0 0 0 0 0 0 0 0
 1418116535 0 0 0 0 0 0 0 0 0 0 0
 1418116536 0 0 0 0 0 0 0 0 0 0 0
 1418116536 0 0 0 0 0 0 0 0 0 0 0
 1418116536 0 0 0 0 0 0 0 0 0 0 0
 1418116537 0 0 0 0 0 0 0 0 0 0 0
 1418116537 0 0 0 0 0 0 0 0 0 0 0
 1418116537 0 0 0 0 0 0 0 0 0 0 0
 1418116538 0 0 0 0 0 0 0 0 0 0 0
 1418116538 0 0 0 0 0 0 0 0 0 0 0
 1418116538 0 0 0 0 0 0 0 0 0 0 0
 1418116539 0 0 0 0 0 0 0 0 0 0 0
 1418116539 0 0 0 0 0 0 0 0 0 0 0
 1418116539 0 0 0 0 0 0 0 0 0 0 0
 1418116540 0 0 0 0 0 0 0 0 0 0 0
 1418116540 0 0 0 0 0 0 0 0 0 0 0
 1418116540 0 0 0 0 0 0 0 0 0 0 0
 1418116541 0 0 0 0 0 0 0 0 0 0 0
 1418116541 0 0 0 0 0 0 0 0 0 0 0
 1418116541 0 0 0 0 0 0 0 0 0 0 0
 1418116542 0 0 0 0 0 0 0 0 0 0 0
 1418116542 0 0 0 0 0 0 0 0 0 0 0
 1418116542 0 0 0 0 0 0 0 0 0 0 0
 1418116542 0 0 0 0 0 0 0 0 0 0 0
 1418116543 0 0 0 0 0 0 0 0 0 0 0
 1418116543 0 0 0 0 0 0 0 0 0 0 0
 1418116543 0 0 0 0 0 0 0 0 0 0 0
 1418116544 0 0 0 0 0 0 0 0 0 0 0
 1418116544 0 0 0 0 0 0 0 0 0 0 0
 1418116544 0 0 0 0 0 0 0 0 0 0 0
 1418116545 0 0 0 0 0 0 0 0 0 0 0
 1418116545 0 0 0 0 0 0 0 0 0 0 0
 1418116545 0 0 0 0 0 0 0 0 0 0 0
 1418116546 0 0 0 0 0 0 0 0 0 0 0
 1418116546 0 0 0 0 0 0 0 0 0 0 0
 1418116546 0 0 0 0 0 0 0 0 0 0 0
 1418116547 0 0 0 0 0 0 0 0 0 0 0
 1418116547 0 0 0 0 0 0 0 0 0 0 0
 1418116547 0 0 0 0 0 0 0 0 0 0 0
 1418116548 0 0 0 0 0 0 0 0 0 0 0
 1418116548 0 0 0 0 0 0 0 0 0 0 0
 1418116548 0 0 0 0 0 0 0 0 0 0 0
 1418116549 0 0 0 0 0 0 0 0 0 0 0
 1418116549 0 0 0 0 0 0 0 0 0 0 0
 1418116549 0 0 0 0 0 0 0 0 0 0 0
 1418116549 0 0 0 0 0 0 0 0 0 0 0
 1418116550 0 0 0 0 0 0 0 0 0 0 0
 1418116550 0 0 0 0 0 0 0 0 0 0 0
 1418116550 0 0 0 0 0 0 0 0 0 0 0
 1418116551 0 0 0 0 0 0 0 0 0 0 0
 1418116551 0 0 0 0 0 0 0 0 0 0 0
 1418116551 0 0 0 0 0 0 0 0 0 0 0
 1418116552 0 0 0 0 0 0 0 0 0 0 0
 1418116552 0 0 0 0 0 0 0 0 0 0 0
 1418116552 0 0 0 0 0 0 0 0 0 0 0
 1418116552 0 0 0 0 0 0 0 0 0 0 0
 1418116553 0 0 0 0 0 0 0 0 0 0 0
 1418116553 0 0 0 0 0 0 0 0 0 0 0
 1418116553 0 0 0 0 0 0 0 0 0 0 0
 1418116554 0 0 0 0 0 0 0 0 0 0 0
 1418116554 0 0 0 0 0 0 0 0 0 0 0
 1418116554 0 0 0 0 0 0 0 0 0 0 0
 1418116555 0 0 0 0 0 0 0 0 0 0 0
 1418116555 0 0 0 0 0 0 0 0 0 0 0
 1418116555 0 0 0 0 0 0 0 0 0 0 0
 1418116556 0 0 0 0 0 0 0 0 0 0 0
 1418116556 0 0 0 0 0 0 0 0 0 0 0
 1418116556 0 0 0 0 0 0 0 0 0 0 0
 1418116556 0 0 0 0 0 0 0 0 0 0 0
 1418116557 0 0 0 0 0 0 0 0 0 0 0
 1418116557 0 0 0 0 0 0 0 0 0 0 0
 1418116557 0 0 0 0 0 0 0 0 0 0 0
 1418116558 0 0 0 0 0 0 0 0 0 0 0
 1418116558 0 0 0 0 0 0 0 0 0 0 0
 1418116558 0 0 0 0 0 0 0 0 0 0 0
 1418116559 0 0 0 0 0 0 0 0 0 0 0
 1418116559 0 0 0 0 0 0 0 0 0 0 0
 1418116559 0 0 0 0 0 0 0 0 0 0 0
 1418116559 0 0 0 0 0 0 0 0 0 0 0
 1418116560 0 0 0 0 0 0 0 0 0 0 0
 1418116560 0 0 0 0 0 0 0 0 0 0 0
 1418116560 0 0 0 0 0 0 0 0 0 0 0
 1418116561 0 0 0 0 0 0 0 0 0 0 0
 1418116561 0 0 0 0 0 0 0 0 0 0 0
 1418116561 0 0 0 0 0 0 0 0 0 0 0
 1418116562 0 0 0 0 0 0 0 0 0 0 0
 1418116562 0 0 0 0 0 0 0 0 0 0 0
 1418116562 0 0 0 0 0 0 0 0 0 0 0
 1418116563 0 0 0 0 0 0 0 0 0 0 0
 1418116563 0 0 0 0 0 0 0 0 0 0 0
 1418116563 0 0 0 0 0 0 0 0 0 0 0
 1418116564 0 0 0 0 0 0 0 0 0 0 0
 1418116564 0 0 0 0 0 0 0 0 0 0 0
 1418116564 0 0 0 0 0 0 0 0 0 0 0
 1418116564 0 0 0 0 0 0 0 0 0 0 0
 1418116565 0 0 0 0 0 0 0 0 0 0 0
 1418116565 0 0 0 0 0 0 0 0 0 0 0
 1418116565 0 0 0 0 0 0 0 0 0 0 0
 1418116566 0 0 0 0 0 0 0 0 0 0 0
 1418116566 0 0 0 0 0 0 0 0 0 0 0
 1418116566 0 0 0 0 0 0 0 0 0 0 0
 1418116567 0 0 0 0 0 0 0 0 0 0 0
 1418116567 0 0 0 0 0 0 0 0 0 0 0
 1418116567 0 0 0 0 0 0 0 0 0 0 0
 1418116568 0 0 0 0 0 0 0 0 0 0 0
 1418116568 0 0 0 0 0 0 0 0 0 0 0
 1418116568 0 0 0 0 0 0 0 0 0 0 0
 1418116568 0 0 0 0 0 0 0 0 0 0 0
 1418116569 0 0 0 0 0 0 0 0 0 0 0
 1418116569 0 0 0 0 0 0 0 0 0 0 0
 1418116569 0 0 0 0 0 0 0 0 0 0 0
 1418116570 0 0 0 0 0 0 0 0 0 0 0
 1418116570 0 0 0 0 0 0 0 0 0 0 0
 1418116570 0 0 0 0 0 0 0 0 0 0 0
 1418116571 0 0 0 0 0 0 0 0 0 0 0
 1418116571 0 0 0 0 0 0 0 0 0 0 0
 1418116571 0 0 0 0 0 0 0 0 0 0 0
 1418116571 0 0 0 0 0 0 0 0 0 0 0
 1418116572 0 0 0 0 0 0 0 0 0 0 0
 1418116572 0 0 0 0 0 0 0 0 0 0 0
 1418116572 0 0 0 0 0 0 0 0 0 0 0
 1418116573 0 0 0 0 0 0 0 0 0 0 0
 1418116573 0 0 0 0 0 0 0 0 0 0 0
 1418116573 0 0 0 0 0 0 0 0 0 0 0
 1418116574 0 0 0 0 0 0 0 0 0 0 0
 1418116574 0 0 0 0 0 0 0 0 0 0 0
 1418116574 0 0 0 0 0 0 0 0 0 0 0
 1418116575 0 0 0 0 0 0 0 0 0 0 0
 1418116575 0 0 0 0 0 0 0 0 0 0 0
 1418116575 0 0 0 0 0 0 0 0 0 0 0
 1418116576 0 0 0 0 0 0 0 0 0 0 0
 1418116576 0 0 0 0 0 0 0 0 0 0 0
 1418116576 0 0 0 0 0 0 0 0 0 0 0
 1418116577 0 0 0 0 0 0 0 0 0 0 0
 1418116577 0 0 0 0 0 0 0 0 0 0 0
 1418116577 0 0 0 0 0 0 0 0 0 0 0
 1418116578 0 0 0 0 0 0 0 0 0 0 0
 1418116578 0 0 0 0 0 0 0 0 0 0 0
 1418116578 0 0 0 0 0 0 0 0 0 0 0
 1418116579 0 0 0 0 0 0 0 0 0 0 0
 1418116579 0 0 0 0 0 0 0 0 0 0 0
 1418116579 0 0 0 0 0 0 0 0 0 0 0
 1418116579 0 0 0 0 0 0 0 0 0 0 0
 1418116580 0 0 0 0 0 0 0 0 0 0 0
 1418116580 0 0 0 0 0 0 0 0 0 0 0
 1418116580 0 0 0 0 0 0 0 0 0 0 0
 1418116581 0 0 0 0 0 0 0 0 0 0 0
 1418116581 0 0 0 0 0 0 0 0 0 0 0
 1418116581 0 0 0 0 0 0 0 0 0 0 0
 1418116582 0 0 0 0 0 0 0 0 0 0 0
 1418116582 0 0 0 0 0 0 0 0 0 0 0
 1418116582 0 0 0 0 0 0 0 0 0 0 0
 1418116583 0 0 0 0 0 0 0 0 0 0 0
 1418116583 0 0 0 0 0 0 0 0 0 0 0
 1418116583 0 0 0 0 0 0 0 0 0 0 0
 1418116584 0 0 0 0 0 0 0 0 0 0 0
 1418116584 0 0 0 0 0 0 0 0 0 0 0
 1418116584 0 0 0 0 0 0 0 0 0 0 0
 1418116585 0 0 0 0 0 0 0 0 0 0 0
 1418116585 0 0 0 0 0 0 0 0 0 0 0
 1418116585 0 0 0 0 0 0 0 0 0 0 0
 1418116586 0 0 0 0 0 0 0 0 0 0 0
 1418116586 0 0 0 0 0 0 0 0 0 0 0
 1418116586 0 0 0 0 0 0 0 0 0 0 0
 1418116587 0 0 0 0 0 0 0 0 0 0 0
 1418116587 0 0 0 0 0 0 0 0 0 0 0
 1418116587 0 0 0 0 0 0 0 0 0 0 0
 1418116588 0 0 0 0 0 0 0 0 0 0 0
 1418116588 0 0 0 0 0 0 0 0 0 0 0
 1418116588 0 0 0 0 0 0 0 0 0 0 0
 1418116589 0 0 0 0 0 0 0 0 0 0 0
 1418116589 0 0 0 0 0 0 0 0 0 0 0
 1418116589 0 0 0 0 0 0 0 0 0 0 0
 1418116590 0 0 0 0 0 0 0 0 0 0 0
 1418116590 0 0 0 0 0 0 0 0 0 0 0
 1418116590 0 0 0 0 0 0 0 0 0 0 0
 1418116590 0 0 0 0 0 0 0 0 0 0 0
 1418116591 0 0 0 0 0 0 0 0 0 0 0
 1418116591 0 0 0 0 0 0 0 0 0 0 0
 1418116591 0 0 0 0 0 0 0 0 0 0 0
 1418116592 0 0 0 0 0 0 0 0 0 0 0
 1418116592 0 0 0 0 0 0 0 0 0 0 0
 1418116592 0 0 0 0 0 0 0 0 0 0 0
 1418116593 0 0 0 0 0 0 0 0 0 0 0
 1418116593 0 0 0 0 0 0 0 0 0 0 0
 1418116593 0 0 0 0 0 0 0 0 0 0 0
 1418116594 0 0 0 0 0 0 0 0 0 0 0
 1418116594 0 0 0 0 0 0 0 0 0 0 0
 1418116594 0 0 0 0 0 0 0 0 0 0 0
 1418116595 0 0 0 0 0 0 0 0 0 0 0
 1418116595 0 0 0 0 0 0 0 0 0 0 0
 1418116595 0 0 0 0 0 0 0 0 0 0 0
 1418116595 0 0 0 0 0 0 0 0 0 0 0
 1418116596 0 0 0 0 0 0 0 0 0 0 0
 1418116596 0 0 0 0 0 0 0 0 0 0 0
 1418116596 0 0 0 0 0 0 0 0 0 0 0
 1418116597 0 0 0 0 0 0 0 0 0 0 0
 1418116597 0 0 0 0 0 0 0 0 0 0 0
 1418116597 0 0 0 0 0 0 0 0 0 0 0
 1418116598 0 0 0 0 0 0 0 0 0 0 0
 1418116598 0 0 0 0 0 0 0 0 0 0 0
 1418116598 0 0 0 0 0 0 0 0 0 0 0
 1418116599 0 0 0 0 0 0 0 0 0 0 0
 1418116599 0 0 0 0 0 0 0 0 0 0 0
 1418116599 0 0 0 0 0 0 0 0 0 0 0
 1418116600 0 0 0 0 0 0 0 0 0 0 0
 1418116600 0 0 0 0 0 0 0 0 0 0 0
 1418116600 0 0 0 0 0 0 0 0 0 0 0
 1418116600 0 0 0 0 0 0 0 0 0 0 0
 1418116601 0 0 0 0 0 0 0 0 0 0 0
 1418116601 0 0 0 0 0 0 0 0 0 0 0
 1418116601 0 0 0 0 0 0 0 0 0 0 0
 1418116602 0 0 0 0 0 0 0 0 0 0 0
 1418116602 0 0 0 0 0 0 0 0 0 0 0
 1418116602 0 0 0 0 0 0 0 0 0 0 0
 1418116603 0 0 0 0 0 0 0 0 0 0 0
 1418116603 0 0 0 0 0 0 0 0 0 0 0
 1418116603 0 0 0 0 0 0 0 0 0 0 0
 1418116604 0 0 0 0 0 0 0 0 0 0 0
 1418116604 0 0 0 0 0 0 0 0 0 0 0
 1418116604 0 0 0 0 0 0 0 0 0 0 0
 1418116605 0 0 0 0 0 0 0 0 0 0 0
 1418116605 0 0 0 0 0 0 0 0 0 0 0
 1418116605 0 0 0 0 0 0 0 0 0 0 0
 1418116606 0 0 0 0 0 0 0 0 0 0 0
 1418116606 0 0 0 0 0 0 0 0 0 0 0
 1418116606 0 0 0 0 0 0 0 0 0 0 0
 1418116607 0 0 0 0 0 0 0 0 0 0 0
 1418116607 0 0 0 0 0 0 0 0 0 0 0
 1418116607 0 0 0 0 0 0 0 0 0 0 0
 1418116608 0 0 0 0 0 0 0 0 0 0 0
 1418116608 0 0 0 0 0 0 0 0 0 0 0
 1418116608 0 0 0 0 0 0 0 0 0 0 0
 1418116609 0 0 0 0 0 0 0 0 0 0 0
 1418116609 0 0 0 0 0 0 0 0 0 0 0
 1418116609 0 0 0 0 0 0 0 0 0 0 0
 1418116610 0 0 0 0 0 0 0 0 0 0 0
 1418116610 0 0 0 0 0 0 0 0 0 0 0
 1418116610 0 0 0 0 0 0 0 0 0 0 0
 1418116611 0 0 0 0 0 0 0 0 0 0 0
 1418116611 0 0 0 0 0 0 0 0 0 0 0
 1418116611 0 0 0 0 0 0 0 0 0 0 0
 1418116611 0 0 0 0 0 0 0 0 0 0 0
 1418116612 0 0 0 0 0 0 0 0 0 0 0
 1418116612 0 0 0 0 0 0 0 0 0 0 0
 1418116612 0 0 0 0 0 0 0 0 0 0 0
 1418116613 0 0 0 0 0 0 0 0 0 0 0
 1418116613 0 0 0 0 0 0 0 0 0 0 0
 1418116613 0 0 0 0 0 0 0 0 0 0 0
 1418116614 0 0 0 0 0 0 0 0 0 0 0
 1418116614 0 0 0 0 0 0 0 0 0 0 0
 1418116614 0 0 0 0 0 0 0 0 0 0 0
 1418116615 0 0 0 0 0 0 0 0 0 0 0
 1418116615 0 0 0 0 0 0 0 0 0 0 0
 1418116615 0 0 0 0 0 0 0 0 0 0 0
 1418116616 0 0 0 0 0 0 0 0 0 0 0
 1418116616 0 0 0 0 0 0 0 0 0 0 0
 1418116616 0 0 0 0 0 0 0 0 0 0 0
 1418116617 0 0 0 0 0 0 0 0 0 0 0
 1418116617 0 0 0 0 0 0 0 0 0 0 0
