 1418118092 0 0 0 0 0 0 0 0 0 0 0
 1418118093 0 0 0 0 0 0 0 0 0 0 0
 1418118093 0 0 0 0 0 0 0 0 0 0 0
 1418118093 0 0 0 0 0 0 0 0 0 0 0
 1418118094 0 0 0 0 0 0 0 0 0 0 0
 1418118094 0 0 0 0 0 0 0 0 0 0 0
 1418118094 0 0 0 0 0 0 0 0 0 0 0
 1418118095 0 0 0 0 0 0 0 0 0 0 0
 1418118095 0 0 0 0 0 0 0 0 0 0 0
 1418118095 0 0 0 0 0 0 0 0 0 0 0
 1418118096 0 0 0 0 0 0 0 0 0 0 0
 1418118096 0 0 0 0 0 0 0 0 0 0 0
 1418118097 0 0 0 0 0 0 0 0 0 0 0
 1418118097 0 0 0 0 0 0 0 0 0 0 0
 1418118097 0 0 0 0 0 0 0 0 0 0 0
 1418118098 0 0 0 0 0 0 0 0 0 0 0
 1418118098 0 0 0 0 0 0 0 0 0 0 0
 1418118098 0 0 0 0 0 0 0 0 0 0 0
 1418118099 0 0 0 0 0 0 0 0 0 0 0
 1418118099 0 0 0 0 0 0 0 0 0 0 0
 1418118100 0 0 0 0 0 0 0 0 0 0 0
 1418118100 0 0 0 0 0 0 0 0 0 0 0
