 1418144186 7 9 0 0 0 0 99 343 202 189 87
 1418144186 7 9 0 0 0 0 99 343 342 189 87
 1418144187 7 9 0 0 0 0 99 343 202 189 87
 1418144187 10 11 3 2 0 0 75 342 201 188 87
 1418144187 14 15 6 5 0 0 75 354 334 184 91
 1418144188 19 20 8 8 0 0 71 354 329 175 78
 1418144188 21 23 5 5 0 0 71 346 300 175 75
 1418144188 21 24 2 2 0 0 71 325 339 171 75
 1418144189 22 24 1 0 0 0 71 324 323 171 75
 1418144189 25 27 4 3 0 0 71 324 298 169 75
 1418144189 31 33 7 7 0 0 137 372 286 163 74
 1418144190 34 36 6 6 0 0 139 363 308 163 74
 1418144190 35 38 2 3 0 0 139 307 226 158 74
 1418144190 35 38 0 1 0 0 139 307 226 157 74
 1418144191 37 39 2 1 0 0 25 307 226 156 74
 1418144191 43 45 7 6 0 0 130 357 74 87 65
 1418144191 44 46 7 6 0 0 130 71 73 87 65
 1418144192 47 49 4 4 0 1 140 71 64 87 65
 1418144192 48 49 1 1 0 1 140 70 65 65 65
 1418144192 48 49 0 0 0 1 140 71 67 67 65
 1418144193 48 49 0 0 0 1 140 78 75 77 65
 1418144193 48 49 0 0 0 1 140 78 86 77 65
 1418144193 48 49 0 0 0 1 140 91 99 97 65
 1418144193 48 49 0 0 0 1 140 97 104 116 65
 1418144194 48 49 0 0 0 1 140 97 106 117 65
 1418144194 48 49 0 0 0 1 140 102 290 117 65
 1418144194 48 49 0 0 0 0 140 291 214 146 65
 1418144195 48 49 0 0 0 0 140 290 214 146 65
 1418144195 48 50 0 1 0 0 140 290 213 145 65
 1418144195 51 53 3 4 0 0 142 342 285 145 64
 1418144196 55 58 6 7 0 0 93 298 282 277 64
 1418144196 59 62 6 7 0 0 93 274 290 245 63
 1418144196 61 64 3 4 0 0 91 274 272 221 62
 1418144197 62 64 1 1 0 0 91 270 271 221 62
 1418144197 65 67 3 3 0 0 146 268 241 220 62
 1418144197 71 72 7 6 0 0 205 117 136 215 62
 1418144198 73 75 6 6 0 0 205 155 148 168 93
 1418144198 74 76 2 2 0 0 152 155 191 206 139
 1418144198 75 77 1 2 0 0 150 218 229 206 138
 1418144199 78 81 4 5 0 0 156 252 226 205 138
 1418144199 82 85 6 7 0 0 156 252 224 197 139
 1418144199 85 88 6 5 0 0 161 252 246 217 139
 1418144200 87 90 3 3 0 0 206 263 243 217 86
 1418144200 88 91 2 1 0 0 173 248 221 190 86
 1418144200 91 95 4 5 0 0 171 247 243 210 86
 1418144201 94 98 5 5 0 0 171 244 240 210 141
 1418144201 94 99 1 2 0 0 172 236 224 201 142
 1418144201 96 99 2 0 0 0 173 236 232 206 142
 1418144202 99 102 4 3 0 0 173 221 219 206 143
 1418144202 104 106 7 6 0 0 172 226 200 206 143
 1418144202 108 110 7 7 0 0 172 204 215 198 155
 1418144203 109 111 3 3 0 0 173 204 194 183 157
 1418144203 109 112 0 1 0 0 171 221 213 183 155
 1418144203 111 115 2 4 0 0 213 218 205 191 155
 1418144204 115 120 5 7 0 0 213 206 204 198 157
 1418144204 119 123 6 6 0 0 135 206 178 178 175
 1418144204 121 124 4 3 0 0 153 186 176 178 84
 1418144204 121 125 1 1 0 0 134 186 176 175 84
 1418144205 123 127 2 2 0 0 134 182 187 173 83
 1418144205 127 132 5 6 0 0 134 182 173 176 80
 1418144205 131 136 6 7 0 0 134 178 180 176 80
 1418144206 133 138 4 4 0 0 142 178 174 158 78
 1418144206 133 139 1 2 0 0 175 181 170 158 78
 1418144206 133 139 0 0 0 0 174 166 163 159 78
 1418144207 133 139 0 0 0 0 174 185 167 157 78
 1418144207 133 139 0 0 0 0 142 185 172 157 78
 1418144207 133 139 0 0 0 0 172 166 171 157 78
 1418144208 133 139 0 0 0 0 173 181 163 153 78
 1418144208 133 139 0 0 0 0 173 164 168 157 78
 1418144208 133 139 0 0 0 0 175 164 159 152 78
 1418144209 133 139 0 0 0 0 146 184 161 152 78
 1418144209 133 139 0 0 0 0 119 168 164 159 78
 1418144209 133 139 0 0 0 0 119 140 145 149 78
 1418144210 133 139 0 0 0 0 175 140 122 137 78
 1418144210 133 139 0 0 0 0 177 123 99 137 78
 1418144210 135 139 2 0 0 0 135 203 104 153 78
 1418144210 138 141 5 2 0 0 135 194 168 152 78
 1418144211 143 147 6 7 0 0 129 190 166 151 79
 1418144211 145 153 2 7 0 0 115 191 161 144 79
 1418144212 145 154 0 3 0 0 128 191 159 142 221
 1418144212 147 155 2 2 0 0 116 185 174 142 216
 1418144212 151 158 5 4 0 0 113 185 177 140 216
 1418144213 155 163 7 7 0 0 113 174 165 134 172
 1418144213 159 167 4 5 0 0 112 171 163 126 170
 1418144213 159 168 1 2 0 0 96 171 159 128 138
 1418144214 161 168 2 0 0 0 116 171 133 128 138
 1418144214 165 171 5 3 0 0 116 162 158 117 138
 1418144214 170 176 8 6 0 0 116 155 149 106 172
 1418144215 173 180 6 7 0 0 93 155 146 98 171
 1418144215 173 181 1 2 0 0 94 153 142 111 141
 1418144215 175 182 2 1 0 0 95 173 145 111 130
 1418144216 179 185 5 4 0 0 114 155 142 94 130
 1418144216 183 190 6 7 0 0 114 143 137 91 127
 1418144216 185 193 4 6 0 0 89 143 101 99 122
 1418144217 186 193 2 2 0 0 91 141 134 99 135
 1418144217 187 195 1 2 0 0 69 138 130 99 135
 1418144217 192 200 5 6 0 0 64 133 128 108 122
 1418144218 196 205 7 7 0 0 64 149 119 84 116
 1418144218 198 206 4 4 0 0 33 149 84 80 114
 1418144218 199 206 2 1 0 0 23 142 84 80 115
 1418144219 199 206 1 0 0 0 23 142 84 81 115
 1418144219 206 211 7 5 0 1 104 144 78 81 115
 1418144219 209 213 5 3 1 1 104 135 72 88 115
 1418144220 208 213 0 0 1 1 104 134 72 71 121
 1418144220 208 213 -1 0 1 1 104 134 72 71 121
 1418144220 208 213 0 0 1 1 104 133 72 71 122
 1418144221 208 213 0 0 1 1 104 133 72 70 122
 1418144221 208 213 0 0 1 1 104 133 72 71 122
 1418144221 208 213 0 0 1 1 104 133 72 71 122
 1418144222 208 213 0 0 1 1 104 133 72 71 122
 1418144222 208 213 0 0 1 1 104 133 72 71 121
 1418144222 208 213 0 0 1 1 104 133 72 71 121
 1418144223 208 213 0 0 1 1 104 133 72 71 121
 1418144223 208 213 0 0 1 1 104 134 72 71 121
 1418144223 208 213 0 0 1 1 104 134 72 71 121
 1418144224 208 213 0 0 1 1 104 134 72 71 121
 1418144224 208 213 0 0 1 1 104 134 71 71 121
 1418144224 208 213 0 0 1 1 104 134 71 71 121
 1418144225 208 213 0 0 1 1 104 133 72 71 121
 1418144225 208 213 0 0 1 1 104 133 71 71 120
 1418144225 208 213 0 0 1 1 104 133 71 71 121
 1418144226 208 213 0 0 1 1 104 133 72 71 121
 1418144226 208 213 0 0 1 1 104 133 72 71 120
 1418144226 208 213 0 0 1 1 104 133 71 71 121
 1418144227 208 213 0 0 1 1 104 133 72 71 121
 1418144227 208 213 0 0 1 1 104 134 72 71 121
 1418144227 208 213 0 0 1 1 104 134 71 71 115
 1418144228 208 213 0 0 1 1 104 133 71 71 114
 1418144228 208 213 0 0 1 1 104 134 72 71 114
 1418144228 208 213 0 0 1 1 104 133 73 71 114
 1418144229 208 213 0 0 1 1 104 133 72 71 114
 1418144229 208 213 0 0 1 1 104 133 72 71 121
 1418144229 208 213 0 0 1 1 104 134 72 71 121
 1418144230 208 213 0 0 1 1 104 134 72 71 121
 1418144230 208 213 0 0 1 1 104 134 72 71 120
 1418144230 208 213 0 0 1 1 104 134 72 71 115
 1418144231 208 213 0 0 1 1 104 134 72 71 114
 1418144231 208 213 0 0 1 1 104 134 72 71 121
 1418144231 208 213 0 0 1 1 104 133 72 71 121
 1418144232 208 213 0 0 1 1 104 133 72 71 120
 1418144232 208 213 0 0 1 1 104 133 72 71 120
 1418144233 208 213 0 0 1 1 104 133 72 71 121
 1418144233 208 213 0 0 1 1 104 133 72 71 121
 1418144233 208 213 0 0 1 1 104 133 72 71 120
 1418144234 208 213 0 0 1 1 38 133 72 71 121
 1418144234 208 213 0 0 1 1 104 134 72 71 121
 1418144234 208 213 0 0 1 1 104 133 72 71 121
 1418144235 208 213 0 0 1 1 104 133 72 71 120
 1418144235 208 213 0 0 1 1 104 133 72 71 115
 1418144235 208 213 0 0 1 1 104 133 72 71 121
 1418144236 208 213 0 0 1 1 104 133 72 71 121
 1418144236 208 213 0 0 1 1 104 133 72 71 120
 1418144236 208 213 0 0 1 1 104 133 72 71 120
 1418144237 208 213 0 0 1 1 104 133 72 71 120
 1418144237 208 213 0 0 1 1 104 133 72 71 120
 1418144237 208 213 0 0 1 1 104 133 72 71 120
 1418144238 208 213 0 0 1 1 104 133 72 71 71
 1418144238 208 213 0 0 1 1 104 133 72 71 60
 1418144238 208 213 0 0 1 1 104 133 72 71 63
 1418144239 208 213 0 0 1 1 104 133 72 71 64
 1418144239 208 213 0 0 1 1 104 133 73 71 64
 1418144239 208 213 0 0 1 1 104 67 72 72 57
 1418144240 208 213 0 0 1 1 104 67 72 71 115
 1418144240 208 213 0 0 1 1 104 65 70 71 121
 1418144240 208 213 0 0 1 1 104 60 68 71 121
 1418144241 208 213 0 0 1 1 105 60 67 71 121
 1418144241 208 213 0 0 1 1 105 62 68 72 111
 1418144241 209 213 1 0 1 1 104 62 67 71 111
 1418144242 208 213 0 0 1 1 104 60 68 71 121
 1418144242 208 213 0 0 1 1 104 60 67 71 121
 1418144242 208 213 0 0 1 1 104 60 68 71 120
 1418144243 208 213 0 0 1 1 104 61 68 71 121
 1418144243 208 213 0 0 1 1 104 62 69 71 120
 1418144243 208 213 0 0 1 1 105 62 69 71 74
 1418144244 208 213 0 0 1 1 104 62 69 71 65
 1418144244 208 213 0 0 1 1 104 63 69 71 65
 1418144244 208 213 0 0 1 1 104 63 69 71 69
 1418144245 208 213 0 0 1 1 105 63 69 71 98
 1418144245 208 213 0 0 1 1 104 63 69 71 45
 1418144245 208 213 0 0 1 1 104 63 69 71 44
 1418144246 208 213 0 0 1 1 104 63 69 71 44
 1418144246 208 213 0 0 1 1 104 40 69 71 49
 1418144246 208 213 0 0 1 1 104 40 69 72 48
 1418144247 208 213 0 0 1 1 104 63 70 72 81
 1418144247 208 213 0 0 1 1 104 62 69 71 94
 1418144247 208 213 0 0 1 1 104 60 69 71 94
 1418144248 208 213 0 0 1 1 104 62 69 71 64
 1418144248 208 213 0 0 1 1 104 62 70 71 73
 1418144248 208 213 0 0 1 1 104 62 69 71 60
 1418144249 208 213 0 0 1 1 104 64 70 71 60
 1418144249 208 213 0 0 1 1 104 64 71 71 73
 1418144249 208 213 0 0 1 1 104 62 70 71 72
 1418144250 208 213 0 0 1 1 104 62 70 71 74
 1418144250 208 213 0 0 1 1 104 62 69 71 74
 1418144250 208 213 0 0 1 1 104 57 72 71 74
 1418144251 208 213 0 0 1 1 104 40 73 71 75
 1418144251 208 213 0 0 1 1 27 40 72 71 69
 1418144251 208 213 0 0 1 1 29 133 72 71 72
 1418144252 208 213 0 0 1 1 104 133 72 71 70
 1418144252 208 213 0 0 1 1 104 133 72 71 70
 1418144252 208 213 0 0 1 1 104 133 72 71 78
 1418144253 208 213 0 0 1 1 104 133 73 71 65
 1418144253 208 213 0 0 1 1 104 133 72 71 56
 1418144253 208 213 0 0 1 1 104 133 72 71 62
 1418144254 208 213 0 0 1 1 104 133 72 71 73
 1418144254 208 213 0 0 1 1 104 133 72 71 73
 1418144254 208 213 0 0 1 1 104 133 72 71 73
 1418144255 208 213 0 0 1 1 104 133 72 71 88
 1418144255 208 213 0 0 1 1 104 133 72 71 58
 1418144255 208 213 0 0 1 1 104 133 72 71 81
