 1418119980 0 0 0 0 0 0 0 0 0 0 0
 1418119981 0 0 0 0 0 0 0 0 0 0 0
 1418119981 0 0 0 0 0 0 0 0 0 0 0
 1418119981 0 0 0 0 0 0 0 0 0 0 0
 1418119981 0 0 0 0 0 0 0 0 0 0 0
 1418119982 0 0 0 0 0 0 0 0 0 0 0
 1418119982 0 0 0 0 0 0 0 0 0 0 0
 1418119982 0 0 0 0 0 0 0 0 0 0 0
 1418119982 0 0 0 0 0 0 0 0 0 0 0
 1418119983 0 0 0 0 0 0 0 0 0 0 0
 1418119983 0 0 0 0 0 0 0 0 0 0 0
 1418119983 0 0 0 0 0 0 0 0 0 0 0
 1418119984 0 0 0 0 0 0 0 0 0 0 0
 1418119984 0 0 0 0 0 0 0 0 0 0 0
 1418119984 0 0 0 0 0 0 0 0 0 0 0
 1418119984 0 0 0 0 0 0 0 0 0 0 0
 1418119985 0 0 0 0 0 0 0 0 0 0 0
 1418119985 0 0 0 0 0 0 0 0 0 0 0
 1418119985 0 0 0 0 0 0 0 0 0 0 0
 1418119985 0 0 0 0 0 0 0 0 0 0 0
 1418119986 0 0 0 0 0 0 0 0 0 0 0
 1418119986 0 0 0 0 0 0 0 0 0 0 0
 1418119986 0 0 0 0 0 0 0 0 0 0 0
 1418119987 0 0 0 0 0 0 0 0 0 0 0
 1418119987 0 0 0 0 0 0 0 0 0 0 0
 1418119987 0 0 0 0 0 0 0 0 0 0 0
 1418119987 0 0 0 0 0 0 0 0 0 0 0
 1418119988 0 0 0 0 0 0 0 0 0 0 0
 1418119988 0 0 0 0 0 0 0 0 0 0 0
 1418119988 0 0 0 0 0 0 0 0 0 0 0
 1418119988 0 0 0 0 0 0 0 0 0 0 0
 1418119989 0 0 0 0 0 0 0 0 0 0 0
 1418119989 0 0 0 0 0 0 0 0 0 0 0
 1418119989 0 0 0 0 0 0 0 0 0 0 0
 1418119990 0 0 0 0 0 0 0 0 0 0 0
 1418119990 0 0 0 0 0 0 0 0 0 0 0
 1418119990 0 0 0 0 0 0 0 0 0 0 0
 1418119990 0 0 0 0 0 0 0 0 0 0 0
 1418119991 0 0 0 0 0 0 0 0 0 0 0
 1418119991 0 0 0 0 0 0 0 0 0 0 0
 1418119991 0 0 0 0 0 0 0 0 0 0 0
 1418119992 0 0 0 0 0 0 0 0 0 0 0
 1418119992 0 0 0 0 0 0 0 0 0 0 0
 1418119992 0 0 0 0 0 0 0 0 0 0 0
 1418119992 0 0 0 0 0 0 0 0 0 0 0
 1418119993 0 0 0 0 0 0 0 0 0 0 0
 1418119993 0 0 0 0 0 0 0 0 0 0 0
 1418119993 0 0 0 0 0 0 0 0 0 0 0
 1418119993 0 0 0 0 0 0 0 0 0 0 0
 1418119994 0 0 0 0 0 0 0 0 0 0 0
 1418119994 0 0 0 0 0 0 0 0 0 0 0
 1418119994 0 0 0 0 0 0 0 0 0 0 0
 1418119995 0 0 0 0 0 0 0 0 0 0 0
 1418119995 0 0 0 0 0 0 0 0 0 0 0
 1418119995 0 0 0 0 0 0 0 0 0 0 0
 1418119995 0 0 0 0 0 0 0 0 0 0 0
 1418119996 0 0 0 0 0 0 0 0 0 0 0
 1418119996 0 0 0 0 0 0 0 0 0 0 0
 1418119996 0 0 0 0 0 0 0 0 0 0 0
 1418119996 0 0 0 0 0 0 0 0 0 0 0
 1418119997 0 0 0 0 0 0 0 0 0 0 0
 1418119997 0 0 0 0 0 0 0 0 0 0 0
 1418119997 0 0 0 0 0 0 0 0 0 0 0
 1418119997 0 0 0 0 0 0 0 0 0 0 0
 1418119998 0 0 0 0 0 0 0 0 0 0 0
 1418119998 0 0 0 0 0 0 0 0 0 0 0
 1418119998 0 0 0 0 0 0 0 0 0 0 0
 1418119999 0 0 0 0 0 0 0 0 0 0 0
 1418119999 0 0 0 0 0 0 0 0 0 0 0
 1418119999 0 0 0 0 0 0 0 0 0 0 0
 1418119999 0 0 0 0 0 0 0 0 0 0 0
 1418120000 0 0 0 0 0 0 0 0 0 0 0
 1418120000 0 0 0 0 0 0 0 0 0 0 0
 1418120000 0 0 0 0 0 0 0 0 0 0 0
 1418120000 0 0 0 0 0 0 0 0 0 0 0
 1418120001 0 0 0 0 0 0 0 0 0 0 0
 1418120001 0 0 0 0 0 0 0 0 0 0 0
 1418120001 0 0 0 0 0 0 0 0 0 0 0
 1418120002 0 0 0 0 0 0 0 0 0 0 0
 1418120002 0 0 0 0 0 0 0 0 0 0 0
 1418120002 0 0 0 0 0 0 0 0 0 0 0
