 1418122160 0 1 0 0 1 0 67 157 158 153 186
 1418122161 0 1 0 0 1 0 84 164 159 153 187
 1418122161 0 1 0 0 1 0 84 164 159 153 186
 1418122161 0 1 0 0 1 0 65 156 158 153 186
 1418122161 0 1 0 0 1 0 65 156 158 153 186
 1418122162 0 1 0 0 1 0 65 156 159 153 187
 1418122162 0 1 0 0 1 0 69 156 158 153 186
 1418122162 0 1 0 0 1 0 69 165 158 153 186
 1418122163 0 1 0 0 1 0 69 165 159 153 187
 1418122163 0 1 0 0 1 0 61 156 159 153 187
 1418122163 0 1 0 0 1 0 69 157 159 153 187
 1418122164 0 1 0 0 1 0 69 157 159 153 187
 1418122164 0 1 0 0 1 0 63 156 158 153 187
 1418122164 0 1 0 0 1 0 69 164 158 153 187
 1418122164 0 1 0 0 1 0 69 164 158 153 187
 1418122165 0 1 0 0 1 0 69 156 158 153 187
 1418122165 0 1 0 0 1 0 69 156 159 153 187
 1418122165 0 1 0 0 0 0 67 156 158 153 187
 1418122165 0 1 0 0 0 0 71 157 159 153 187
 1418122166 0 1 0 0 0 0 71 165 159 153 186
 1418122166 0 3 0 2 0 0 67 165 171 151 187
 1418122166 2 6 2 5 0 0 66 165 282 151 187
 1418122167 6 11 6 8 0 0 66 156 147 144 224
 1418122167 9 13 7 7 0 0 60 156 142 144 187
 1418122167 10 14 7 6 0 0 60 156 141 137 187
 1418122167 13 16 3 2 0 0 68 152 135 137 200
 1418122168 14 17 2 1 0 0 82 139 135 134 200
 1418122168 18 20 4 4 0 0 82 134 131 131 213
 1418122168 22 22 7 5 0 0 65 134 126 131 236
 1418122169 25 26 7 6 0 0 60 264 120 124 236
 1418122169 27 28 4 4 0 0 60 253 118 118 304
 1418122169 27 28 1 2 0 0 60 253 117 118 200
 1418122169 29 29 2 1 0 0 79 255 116 117 200
 1418122170 33 32 5 4 0 0 79 242 112 113 341
 1418122170 36 35 7 6 0 0 90 242 108 113 290
 1418122170 39 39 6 7 0 0 82 244 102 106 290
 1418122171 40 40 2 3 0 0 82 239 100 101 350
 1418122171 40 41 1 1 0 0 83 239 100 101 345
 1418122171 42 44 2 4 0 0 138 235 98 100 345
 1418122171 46 48 5 6 0 0 138 229 93 95 349
 1418122172 49 50 7 6 0 0 90 229 89 95 324
 1418122172 52 52 6 4 0 0 172 236 86 88 324
 1418122172 53 52 3 1 0 0 172 234 85 86 279
 1418122172 54 54 2 2 0 0 92 234 84 86 353
 1418122173 56 58 4 5 0 0 93 230 80 83 353
 1418122173 60 62 6 7 0 0 93 225 75 76 356
 1418122173 60 62 6 7 0 0 93 225 75 76 356
 1418122174 63 65 2 3 0 1 174 225 69 69 355
 1418122174 63 65 0 0 0 1 175 221 69 69 355
 1418122174 63 65 0 0 0 1 99 221 69 69 355
 1418122174 63 65 0 0 0 1 99 221 69 69 355
 1418122175 63 65 0 0 0 1 102 211 69 69 328
 1418122175 63 65 0 0 0 1 104 212 69 69 328
 1418122175 63 65 0 0 0 1 104 220 69 69 355
 1418122176 63 65 0 0 0 1 115 220 69 69 355
 1418122176 63 65 0 0 0 1 178 220 69 69 355
 1418122176 63 65 0 0 0 1 178 210 69 69 356
 1418122176 63 65 0 0 0 1 181 210 69 69 356
 1418122177 63 65 0 0 0 1 182 211 69 69 356
 1418122177 63 64 0 -1 0 1 182 208 69 70 355
 1418122177 63 64 0 -1 0 1 184 208 72 70 321
 1418122178 63 65 0 1 0 1 215 131 170 138 127
 1418122178 63 65 0 0 0 1 154 227 181 197 127
 1418122178 63 65 0 0 0 1 154 227 124 114 124
 1418122179 63 65 0 0 0 1 200 126 115 114 98
 1418122179 62 65 -1 0 0 1 336 122 119 127 98
 1418122179 62 65 -1 0 0 0 336 122 124 126 94
 1418122179 63 67 1 2 0 0 341 133 141 137 92
 1418122180 63 67 1 2 0 0 341 133 141 137 92
 1418122180 63 67 1 2 0 0 341 133 141 137 92
 1418122180 63 67 1 2 0 0 341 133 141 137 92
 1418122181 63 67 1 2 0 0 341 133 141 137 92
 1418122181 63 67 1 2 0 0 341 133 141 137 92
 1418122181 63 67 1 2 0 0 341 133 141 137 92
 1418122182 63 67 1 2 0 0 341 133 141 137 92
 1418122182 63 67 1 2 0 0 341 133 141 137 92
 1418122182 63 67 1 2 0 0 341 133 141 137 92
 1418122183 63 67 1 2 0 0 341 133 141 137 92
 1418122183 63 67 1 2 0 0 341 133 141 137 92
 1418122183 63 67 1 2 0 0 341 133 141 137 92
 1418122184 63 67 1 2 0 0 341 133 141 137 92
 1418122184 63 67 1 2 0 0 341 133 141 137 92
 1418122184 63 67 1 2 0 0 341 133 141 137 92
 1418122185 63 67 1 2 0 0 341 133 141 137 92
 1418122185 63 67 1 2 0 0 341 133 141 137 92
 1418122185 63 67 1 2 0 0 341 133 141 137 92
 1418122185 63 67 1 2 0 0 341 133 141 137 92
 1418122186 63 67 1 2 0 0 341 133 141 137 92
 1418122186 63 67 1 2 0 0 341 133 141 137 92
 1418122186 63 67 1 2 0 0 341 133 141 137 92
 1418122186 63 67 1 2 0 0 341 133 141 137 92
 1418122187 63 67 1 2 0 0 341 133 141 137 92
 1418122187 63 67 1 2 0 0 341 133 141 137 92
 1418122187 63 67 1 2 0 0 341 133 141 137 92
 1418122188 63 67 1 2 0 0 341 133 141 137 92
 1418122188 63 67 1 2 0 0 341 133 141 137 92
 1418122188 63 67 1 2 0 0 341 133 141 137 92
 1418122189 63 67 1 2 0 0 341 133 141 137 92
 1418122189 63 67 1 2 0 0 341 133 141 137 92
 1418122189 63 67 1 2 0 0 341 133 141 137 92
 1418122190 63 67 1 2 0 0 341 133 141 137 92
 1418122190 63 67 1 2 0 0 341 133 141 137 92
 1418122190 63 67 1 2 0 0 341 133 141 137 92
 1418122190 63 67 1 2 0 0 341 133 141 137 92
 1418122191 63 67 1 2 0 0 341 133 141 137 92
 1418122191 63 67 1 2 0 0 341 133 141 137 92
 1418122191 63 67 1 2 0 0 341 133 141 137 92
 1418122192 63 67 1 2 0 0 341 133 141 137 92
 1418122192 63 67 1 2 0 0 341 133 141 137 92
 1418122192 63 67 1 2 0 0 341 133 141 137 92
 1418122193 63 67 1 2 0 0 341 133 141 137 92
 1418122193 63 67 1 2 0 0 341 133 141 137 92
 1418122193 63 67 1 2 0 0 341 133 141 137 92
 1418122194 63 67 1 2 0 0 341 133 141 137 92
 1418122194 63 67 1 2 0 0 341 133 141 137 92
 1418122194 63 67 1 2 0 0 341 133 141 137 92
 1418122195 63 67 1 2 0 0 341 133 141 137 92
 1418122195 63 67 1 2 0 0 341 133 141 137 92
 1418122195 63 67 1 2 0 0 341 133 141 137 92
 1418122195 63 67 1 2 0 0 341 133 141 137 92
 1418122196 63 67 1 2 0 0 341 133 141 137 92
 1418122196 63 67 1 2 0 0 341 133 141 137 92
 1418122196 63 67 1 2 0 0 341 133 141 137 92
 1418122197 63 67 1 2 0 0 341 133 141 137 92
 1418122197 63 67 1 2 0 0 341 133 141 137 92
 1418122197 63 67 1 2 0 0 341 133 141 137 92
 1418122198 63 67 1 2 0 0 341 133 141 137 92
 1418122198 63 67 1 2 0 0 341 133 141 137 92
 1418122198 63 67 1 2 0 0 341 133 141 137 92
 1418122199 63 67 1 2 0 0 341 133 141 137 92
 1418122199 63 67 1 2 0 0 341 133 141 137 92
 1418122199 63 67 1 2 0 0 341 133 141 137 92
 1418122200 63 67 1 2 0 0 341 133 141 137 92
 1418122200 63 67 1 2 0 0 341 133 141 137 92
 1418122200 63 67 1 2 0 0 341 133 141 137 92
 1418122201 63 67 1 2 0 0 341 133 141 137 92
 1418122201 63 67 1 2 0 0 341 133 141 137 92
 1418122201 63 67 1 2 0 0 341 133 141 137 92
 1418122201 63 67 1 2 0 0 341 133 141 137 92
 1418122202 63 67 1 2 0 0 341 133 141 137 92
 1418122202 0 0 0 0 1 0 0 0 135 0 69
 1418122202 0 0 0 0 1 0 0 122 133 137 69
 1418122203 0 0 0 0 1 0 263 122 132 147 68
 1418122203 0 0 0 0 1 0 200 123 133 147 85
 1418122203 0 0 0 0 1 0 263 125 132 111 85
 1418122204 0 0 0 0 1 0 263 117 128 133 68
 1418122204 0 0 0 0 1 0 200 117 133 130 68
 1418122204 0 0 0 0 1 0 200 141 126 130 67
 1418122204 0 0 0 0 1 0 200 137 143 127 67
 1418122205 0 0 0 0 1 0 200 139 139 133 86
 1418122205 0 0 0 0 1 0 200 139 139 133 59
 1418122205 0 0 0 0 1 0 200 118 141 127 59
 1418122206 0 0 0 0 1 0 200 119 139 126 73
 1418122206 0 0 0 0 0 0 200 119 137 128 73
 1418122206 0 0 0 0 0 0 263 119 137 128 86
 1418122207 0 0 0 0 0 0 200 119 137 129 86
 1418122207 -1 2 -1 2 0 0 200 118 137 128 77
 1418122207 -5 7 -5 6 0 0 264 118 133 122 69
 1418122208 -11 11 -8 7 0 0 261 111 125 122 71
 1418122208 -18 13 -11 4 0 0 159 131 120 117 71
 1418122208 -31 14 -15 2 0 0 153 111 118 113 73
 1418122209 -43 16 -18 3 0 0 153 111 116 113 76
 1418122209 -57 21 -22 5 0 0 118 165 95 79 76
 1418122209 -73 24 -25 6 0 0 118 79 76 71 86
 1418122210 -85 24 -26 3 0 0 61 79 67 71 78
 1418122210 -109 26 -31 2 0 1 61 80 68 80 78
 1418122210 -123 26 -32 1 0 1 107 80 75 80 55
 1418122210 -146 26 -36 0 0 1 54 61 76 70 55
 1418122211 -174 26 -41 0 0 1 54 69 82 214 215
 1418122211 -201 26 -44 0 0 1 21 69 64 63 148
 1418122211 -229 26 -45 0 0 1 291 53 54 63 66
 1418122212 -259 27 -41 1 1 1 25 182 122 113 66
 1418122212 -271 27 -26 1 1 1 25 124 113 109 86
 1418122212 -273 27 -13 0 1 1 168 124 110 109 85
 1418122213 -272 27 -1 0 1 1 168 148 109 119 85
 1418122213 -272 27 1 0 1 1 168 113 111 108 91
 1418122213 -272 27 0 0 1 0 168 113 110 109 76
 1418122214 -272 27 0 0 1 0 168 113 109 109 72
 1418122214 -272 27 0 0 1 0 167 149 113 109 72
 1418122214 -272 27 0 0 1 0 167 113 113 107 66
 1418122214 -272 27 0 0 1 0 167 113 111 106 64
 1418122215 -272 27 0 0 1 0 167 136 112 106 87
 1418122215 -272 27 0 0 1 0 168 153 109 107 87
 1418122215 -272 27 0 0 1 0 168 108 112 116 91
 1418122216 -272 27 0 0 1 0 168 108 113 126 89
 1418122216 -272 27 0 0 1 0 168 112 137 126 69
 1418122216 -272 27 0 0 1 0 168 112 118 123 69
 1418122217 -272 27 0 0 1 0 168 112 119 87 82
 1418122217 -272 27 0 0 1 0 168 114 120 87 100
 1418122217 -272 27 0 0 1 0 168 116 122 127 100
 1418122218 -272 27 0 0 1 0 168 122 125 128 78
 1418122218 -272 27 0 0 1 0 167 122 127 129 86
 1418122218 -272 27 0 0 1 0 167 121 126 129 82
 1418122219 -272 27 0 0 1 0 168 121 127 129 82
 1418122219 -272 27 0 0 1 0 167 121 127 130 82
 1418122219 -272 27 0 0 1 0 167 121 127 129 84
 1418122220 -272 27 0 0 1 0 167 121 127 129 80
