 1418300822 0 0 0 0 0 0 60 320 316 305 87
 1418300822 0 0 0 0 0 0 60 320 316 305 87
 1418300823 0 0 0 0 0 0 60 320 316 305 87
 1418300823 0 0 0 0 0 0 60 320 316 305 87
 1418300823 0 0 0 0 0 0 60 320 316 306 87
 1418300824 0 0 0 0 0 0 60 320 316 306 87
 1418300824 0 0 0 0 0 0 60 320 316 306 87
 1418300824 0 0 0 0 0 0 60 320 316 306 87
 1418300825 0 0 0 0 0 0 60 320 316 307 87
 1418300825 0 0 0 0 0 0 60 320 316 307 87
 1418300825 0 0 0 0 0 0 60 320 316 312 87
 1418300825 0 0 0 0 0 0 60 320 316 312 87
 1418300826 0 0 0 0 0 0 60 320 317 307 87
 1418300826 0 0 0 0 0 0 60 320 317 312 87
 1418300826 0 0 0 0 0 0 60 320 317 312 87
 1418300827 0 0 0 0 0 0 60 320 317 312 87
 1418300827 0 0 0 0 0 0 60 321 317 307 87
 1418300827 0 0 0 0 0 0 60 321 317 307 87
 1418300828 0 0 0 0 0 0 60 321 317 307 87
 1418300828 0 0 0 0 0 0 60 321 317 306 87
 1418300828 0 0 0 0 0 0 60 321 317 307 87
