 1418299191 8 9 0 0 0 0 97 331 230 220 73
 1418299192 8 9 0 0 0 0 97 330 230 220 73
 1418299192 8 9 0 0 0 0 97 330 231 220 73
 1418299192 10 10 2 1 0 0 97 330 228 220 74
 1418299192 14 13 5 4 0 0 96 327 226 220 73
 1418299193 18 18 6 7 0 0 95 320 220 214 73
 1418299193 20 21 4 7 0 0 95 315 217 207 72
 1418299193 20 23 1 4 0 0 96 315 215 203 70
 1418299194 22 24 2 1 0 0 96 314 310 203 70
 1418299194 25 25 5 2 0 0 96 309 212 202 71
 1418299194 28 28 5 4 0 0 94 309 208 197 72
 1418299195 31 33 5 7 0 0 94 303 298 197 71
 1418299195 32 36 2 6 0 0 95 300 294 191 71
 1418299198 32 37 1 4 0 0 95 300 294 188 69
 1418299198 36 63 0 4 0 0 108 140 119 133 71
 1418299199 36 63 0 1 0 0 109 105 119 131 71
 1418299199 36 64 0 1 0 0 109 105 119 131 71
 1418299199 38 68 3 4 0 0 109 105 117 128 73
 1418299200 43 72 5 7 0 0 109 102 112 128 153
 1418299200 46 75 6 5 0 0 124 96 108 122 153
 1418299200 47 76 4 3 0 0 124 96 107 119 153
 1418299200 48 77 2 1 0 0 122 94 106 119 152
 1418299201 50 79 2 2 0 0 123 93 105 118 152
 1418299201 54 84 6 6 0 0 123 89 101 115 152
 1418299201 58 88 7 7 0 0 117 89 97 108 150
 1418299202 60 90 5 4 0 0 120 84 93 108 149
 1418299202 60 90 1 1 0 0 121 82 93 106 149
 1418299202 61 91 1 1 0 0 121 81 93 104 149
 1418299203 62 94 2 4 0 0 122 81 91 104 148
 1418299203 66 98 5 6 0 0 122 77 87 101 148
 1418299203 70 102 6 6 0 0 122 71 83 95 147
 1418299203 71 102 3 2 0 0 122 71 82 93 147
 1418299204 72 103 2 0 0 0 122 70 81 93 147
 1418299204 73 104 2 2 0 0 122 69 80 92 147
 1418299204 77 107 5 4 0 0 122 69 77 89 149
 1418299205 79 109 6 6 0 0 122 63 76 89 149
 1418299205 83 114 4 5 0 1 124 63 69 89 150
 1418299205 83 115 2 3 0 1 124 58 69 80 150
 1418299205 83 115 0 1 0 1 125 58 69 80 149
 1418299206 83 115 0 0 0 1 125 58 69 80 149
 1418299206 83 115 0 0 0 1 125 57 69 80 149
 1418299206 83 115 0 0 0 1 125 57 69 80 149
 1418299207 83 115 0 0 0 1 125 57 69 80 149
 1418299207 83 115 0 0 0 1 125 57 69 80 149
 1418299207 83 115 0 0 0 1 125 57 69 80 150
 1418299207 83 115 0 0 0 1 125 58 69 80 150
 1418299208 83 115 0 0 0 1 125 57 69 80 150
 1418299208 83 115 0 0 0 1 125 57 69 80 150
 1418299208 83 115 0 0 0 1 125 57 69 80 150
 1418299209 83 115 0 0 0 1 125 57 69 80 150
 1418299209 83 115 0 0 0 1 125 57 69 80 149
 1418299209 83 115 0 0 0 1 125 57 69 80 149
 1418299209 83 115 0 0 0 1 125 57 69 80 149
 1418299210 83 115 0 0 0 1 125 57 69 80 150
 1418299210 83 115 0 0 0 1 125 57 69 80 149
 1418299210 83 115 0 0 0 1 125 57 69 80 149
 1418299210 83 115 0 0 0 1 125 57 69 80 149
 1418299211 83 115 0 0 0 1 125 57 69 80 149
 1418299211 83 115 0 0 0 1 125 58 69 80 149
 1418299211 83 115 0 0 0 1 125 58 69 80 149
 1418299212 83 115 0 0 0 1 125 58 69 80 149
 1418299212 83 115 0 0 0 1 125 58 69 80 149
 1418299212 83 115 0 0 0 1 125 58 69 80 149
 1418299212 83 115 0 0 0 1 125 58 69 80 149
 1418299213 83 115 0 0 0 1 125 58 69 80 149
 1418299213 83 115 0 0 0 1 125 58 69 80 149
 1418299213 83 115 0 0 0 1 125 58 69 80 149
 1418299213 83 115 0 0 0 1 125 58 69 80 149
 1418299214 83 115 0 0 0 1 125 58 69 80 149
 1418299214 83 115 0 0 0 1 125 58 69 80 149
 1418299214 83 115 0 0 0 1 125 58 69 80 149
 1418299215 83 115 0 0 0 1 125 58 69 80 149
 1418299215 83 115 0 0 0 1 125 58 69 80 149
 1418299215 83 115 0 0 0 1 125 58 69 80 149
 1418299215 83 115 0 0 0 1 125 58 69 80 149
 1418299216 83 115 0 0 0 1 125 58 69 80 149
 1418299216 83 115 0 0 0 1 125 57 69 80 149
 1418299216 83 115 0 0 0 1 125 57 69 80 149
 1418299216 83 115 0 0 0 1 125 58 69 80 149
 1418299217 83 115 0 0 0 1 125 58 69 80 149
 1418299217 83 115 0 0 0 1 125 58 69 80 149
 1418299217 83 115 0 0 0 1 125 58 69 80 149
 1418299218 83 115 0 0 0 1 125 58 69 80 149
 1418299218 83 115 0 0 0 1 125 58 69 80 149
 1418299218 83 115 0 0 0 1 125 58 69 80 149
 1418299219 83 115 0 0 0 1 125 58 69 80 149
 1418299219 83 115 0 0 0 1 125 58 69 80 149
 1418299219 83 115 0 0 0 1 125 58 69 80 149
 1418299219 83 115 0 0 0 1 125 58 69 80 149
 1418299220 83 115 0 0 0 1 125 58 69 80 149
 1418299220 83 115 0 0 0 1 125 58 69 80 149
 1418299220 83 115 0 0 0 1 125 58 69 80 149
 1418299220 83 115 0 0 0 1 125 58 69 80 149
 1418299221 83 115 0 0 0 1 125 58 69 80 149
 1418299221 83 115 0 0 1 1 125 58 69 80 149
 1418299221 84 115 1 0 1 1 125 58 69 80 149
 1418299222 84 115 1 0 1 1 125 58 69 80 149
 1418299222 84 115 0 0 1 1 125 57 69 80 149
 1418299222 84 115 0 0 1 1 125 58 69 80 149
 1418299222 84 115 0 0 1 1 125 58 69 80 149
 1418299223 84 115 0 0 1 1 125 58 69 80 149
 1418299223 84 115 0 0 1 1 125 58 69 80 149
 1418299223 84 115 0 0 1 1 125 58 69 80 149
 1418299224 84 115 0 0 1 1 125 58 69 80 149
 1418299224 84 115 0 0 1 1 125 58 69 80 149
