 1418300588 8 8 0 0 0 0 64 314 310 298 103
 1418300589 8 8 0 0 0 0 64 314 309 298 103
 1418300589 8 8 0 0 0 0 64 314 310 304 103
 1418300589 9 10 1 2 0 0 64 314 309 303 103
 1418300590 12 14 4 5 0 0 64 311 305 303 102
 1418300590 16 17 7 7 0 0 64 305 301 296 102
 1418300590 21 22 6 6 0 0 62 297 294 289 104
 1418300591 22 22 3 2 0 0 60 297 291 279 104
 1418300591 23 22 2 0 0 0 60 294 291 279 104
 1418300592 26 25 3 3 0 0 58 292 288 279 104
 1418300594 37 34 1 1 0 0 55 277 270 263 105
 1418300595 42 39 5 2 0 0 54 272 265 265 104
 1418300596 54 44 5 2 0 0 51 260 255 251 107
 1418300598 64 48 5 1 0 0 50 243 249 244 108
 1418300599 71 51 3 0 0 0 50 236 240 241 109
 1418300600 81 56 5 1 0 0 53 224 232 235 113
 1418300602 88 60 4 4 0 0 57 215 165 169 158
 1418300602 98 66 6 1 0 0 62 161 153 153 95
 1418300602 100 66 6 0 0 0 62 161 152 148 163
 1418300602 102 66 4 0 0 0 206 155 151 148 164
 1418300602 103 67 3 1 0 0 206 153 150 95 164
 1418300603 105 71 3 4 0 0 206 153 147 144 166
 1418300603 108 74 5 7 0 0 204 149 144 144 166
 1418300603 112 78 7 7 0 0 204 143 139 134 87
 1418300604 114 80 5 4 0 0 75 143 135 131 85
 1418300604 115 80 3 2 0 0 76 139 133 131 85
 1418300604 116 82 2 2 0 0 76 137 133 128 83
 1418300604 119 85 4 4 0 0 78 137 130 124 81
 1418300605 124 89 7 6 0 0 82 132 124 124 77
 1418300605 126 92 7 7 0 0 82 159 120 115 77
 1418300605 128 94 4 4 0 0 86 159 115 111 167
 1418300605 128 94 2 2 0 0 87 156 116 111 167
 1418300606 129 95 1 1 0 0 87 155 115 111 73
 1418300606 131 97 3 3 0 0 88 155 113 111 168
 1418300606 135 101 6 6 0 0 92 150 108 106 168
 1418300607 138 104 7 7 0 0 92 150 105 98 170
 1418300607 141 107 5 6 0 0 97 153 100 98 63
 1418300607 141 108 3 4 0 0 97 140 98 93 63
 1418300607 142 108 1 1 0 0 98 140 98 92 62
 1418300608 144 108 3 0 0 0 163 139 97 92 62
 1418300608 147 110 5 3 0 0 163 133 94 89 173
 1418300608 150 113 6 5 0 0 180 133 90 89 76
 1418300608 153 117 6 6 0 0 151 128 85 84 76
 1418300609 154 119 2 4 0 0 151 137 82 78 77
 1418300609 154 120 1 3 0 0 109 137 82 78 136
 1418300609 156 121 2 1 0 0 110 137 81 77 136
 1418300609 158 123 4 3 0 0 110 137 79 74 134
 1418300610 160 126 5 6 0 0 113 138 76 74 134
 1418300610 160 126 5 6 0 0 113 138 76 74 134
 1418300610 165 132 3 4 0 1 113 129 67 62 76
 1418300611 165 133 1 2 1 1 118 129 67 62 39
 1418300613 165 133 0 0 1 1 118 129 67 60 39
