 1418297401 7 5 0 1 0 0 72 285 278 191 80
 1418297402 7 6 0 1 0 0 73 285 279 269 80
 1418297402 9 8 2 2 0 0 73 285 283 265 80
 1418297402 14 12 6 6 0 0 72 281 272 265 80
 1418297402 17 16 7 8 0 0 72 273 273 258 80
 1418297403 20 19 6 6 0 0 72 273 264 252 79
 1418297403 20 20 2 2 0 0 72 269 267 252 78
 1418297403 20 21 0 2 0 0 72 268 267 250 78
 1418297403 24 23 4 3 0 0 72 268 259 248 78
 1418297404 26 26 5 5 0 0 71 262 260 248 78
 1418297404 30 31 6 7 0 0 71 256 255 241 78
 1418297404 32 34 4 6 0 0 71 256 250 235 78
 1418297405 33 35 2 4 0 0 71 252 249 235 78
 1418297405 35 36 3 1 0 0 71 250 247 244 78
 1418297405 39 39 6 4 0 0 71 244 244 232 78
 1418297405 42 42 7 6 0 0 69 244 236 232 81
 1418297406 45 46 6 7 0 0 69 237 231 228 81
 1418297406 46 47 4 5 0 0 69 237 229 225 77
 1418297406 46 47 1 1 0 0 69 234 229 225 77
 1418297407 48 47 2 0 0 0 69 232 229 223 77
 1418297407 51 50 5 3 0 0 69 232 226 221 77
 1418297407 56 54 8 6 0 0 67 226 219 221 77
 1418297407 58 57 7 7 0 0 67 218 217 209 77
 1418297408 60 59 4 5 0 0 67 218 213 205 77
 1418297408 60 59 2 2 0 0 67 214 212 205 77
 1418297408 61 61 1 1 0 0 67 213 211 204 77
 1418297408 63 62 3 3 0 0 67 213 210 204 77
 1418297409 68 67 6 5 0 0 67 209 205 205 77
 1418297409 70 70 6 8 0 0 67 209 201 193 78
 1418297409 72 72 4 5 0 0 67 198 196 193 77
 1418297409 73 73 3 3 0 0 67 195 195 188 77
 1418297410 73 73 1 1 0 0 67 195 195 188 77
 1418297410 76 74 3 1 0 0 66 193 194 188 77
 1418297410 80 77 6 4 0 0 66 188 190 186 78
 1418297410 84 80 7 6 0 0 65 188 186 186 79
 1418297411 86 83 8 7 0 0 65 179 182 175 79
 1418297411 88 86 4 6 0 0 66 179 177 174 78
 1418297411 90 86 3 2 0 0 66 174 177 174 78
 1418297411 91 86 3 0 0 0 66 172 175 168 78
 1418297412 94 89 4 3 0 0 65 172 173 165 79
 1418297412 97 92 6 6 0 0 65 167 169 165 79
 1418297412 102 96 7 7 0 0 65 159 163 157 79
 1418297412 103 98 6 6 0 0 66 159 161 157 78
 1418297413 104 99 2 2 0 0 66 156 159 153 78
 1418297413 104 100 1 2 0 0 66 156 159 150 78
 1418297413 107 103 3 4 0 0 66 154 155 150 78
 1418297414 110 106 6 6 0 0 66 149 153 146 78
 1418297414 114 110 7 7 0 0 67 149 148 143 77
 1418297414 116 112 6 6 0 0 67 142 144 143 77
 1418297414 117 112 2 2 0 0 67 139 143 140 77
 1418297415 118 113 2 1 0 0 66 139 142 140 77
 1418297415 120 115 3 3 0 0 67 137 141 139 77
 1418297415 124 120 6 6 0 0 67 131 135 133 77
 1418297415 128 124 7 7 0 0 67 131 129 127 77
 1418297416 130 125 5 5 0 0 67 124 127 127 77
 1418297416 130 125 1 1 0 0 67 123 126 124 77
 1418297416 131 126 1 1 0 0 67 123 126 124 77
 1418297416 134 128 3 3 0 0 67 121 123 123 77
 1418297417 136 131 5 5 0 0 67 121 120 118 77
 1418297417 141 136 7 7 0 0 67 114 113 118 77
 1418297417 143 138 7 7 0 0 67 108 111 111 77
 1418297418 144 138 3 2 0 0 67 108 109 108 76
 1418297418 144 139 1 1 0 0 68 107 109 108 76
 1418297418 145 141 2 3 0 0 68 106 107 107 75
 1418297418 149 145 5 6 0 0 69 106 102 100 74
 1418297419 152 148 6 7 0 0 69 99 98 100 74
 1418297419 155 150 6 4 0 0 69 93 94 95 74
 1418297419 156 151 4 3 0 0 69 93 93 95 74
 1418297419 157 152 1 2 0 0 69 91 92 93 74
 1418297420 158 154 2 3 0 0 69 91 91 90 74
 1418297420 162 158 5 6 0 0 69 88 86 90 73
 1418297420 164 161 6 7 0 0 69 81 82 83 73
 1418297420 167 163 5 5 0 0 69 81 79 78 73
 1418297421 168 163 4 2 0 0 69 77 78 78 73
 1418297421 168 164 1 1 0 1 69 77 77 76 73
 1418297421 168 165 0 2 0 1 70 76 77 76 73
 1418297421 168 165 0 1 0 1 70 76 77 75 72
 1418297422 168 165 0 0 0 1 70 76 77 75 72
 1418297422 168 165 0 0 0 1 70 76 77 75 72
 1418297422 168 165 0 0 0 1 70 76 77 75 72
 1418297423 168 165 0 0 0 1 70 76 77 75 72
 1418297423 168 165 0 0 0 1 70 76 77 75 72
 1418297423 168 165 0 0 0 1 70 76 77 75 72
 1418297423 168 165 0 0 0 1 70 76 77 75 72
 1418297424 168 165 0 0 0 1 70 76 77 75 72
 1418297424 168 165 0 0 0 1 70 76 77 75 72
 1418297424 168 165 0 0 0 1 70 76 77 75 72
 1418297424 168 165 0 0 0 1 70 76 77 75 72
 1418297425 168 165 0 0 0 1 70 76 77 75 72
 1418297425 168 165 0 0 0 1 70 76 77 75 72
 1418297425 168 165 0 0 0 1 70 76 77 75 72
 1418297425 168 165 0 0 0 1 70 76 77 75 72
 1418297426 168 165 0 0 0 1 70 76 77 75 72
 1418297426 168 165 0 0 0 1 70 76 77 75 72
 1418297426 168 165 0 0 0 1 70 76 77 75 72
 1418297427 168 165 0 0 0 1 70 76 77 75 72
 1418297427 168 165 0 0 0 1 70 76 77 75 72
 1418297427 168 165 0 0 0 1 70 76 77 75 72
 1418297427 168 165 0 0 0 1 70 76 77 75 72
 1418297428 168 165 0 0 0 1 70 76 77 75 72
 1418297428 168 165 0 0 0 1 70 76 77 75 72
 1418297428 168 165 0 0 0 1 70 76 77 75 72
 1418297428 168 165 0 0 0 1 70 76 77 75 72
 1418297429 168 165 0 0 0 1 70 76 77 75 72
 1418297429 168 165 0 0 0 1 70 76 77 75 72
 1418297429 168 165 0 0 0 1 70 76 77 75 72
 1418297429 168 165 0 0 0 1 70 76 77 75 72
 1418297430 168 165 0 0 0 1 70 76 77 75 72
 1418297430 168 165 0 0 0 1 70 76 77 75 72
 1418297430 168 165 0 0 0 1 70 76 77 75 72
 1418297430 168 165 0 0 0 1 70 76 77 75 72
 1418297431 168 165 0 0 0 1 70 76 77 75 72
 1418297431 168 165 0 0 0 1 70 76 77 75 72
 1418297431 168 165 0 0 0 1 70 76 77 75 72
 1418297432 168 165 0 0 0 1 70 76 77 75 72
 1418297432 168 165 0 0 0 1 70 76 77 75 72
 1418297432 168 165 0 0 0 1 70 76 77 75 72
 1418297432 168 165 0 0 0 1 70 76 77 75 72
 1418297433 168 165 0 0 0 1 70 76 77 75 72
 1418297433 168 165 0 0 0 1 70 76 77 75 72
 1418297433 168 165 0 0 0 1 70 76 77 75 72
 1418297433 168 165 0 0 0 1 70 76 77 75 72
 1418297434 168 165 0 0 0 1 70 76 77 75 72
 1418297434 168 165 0 0 0 1 70 76 77 75 72
 1418297434 168 165 0 0 0 1 70 76 77 75 72
 1418297434 168 165 0 0 0 1 70 76 77 75 72
 1418297435 168 165 0 0 0 1 70 76 77 75 72
 1418297435 168 165 0 0 0 1 70 76 77 75 72
 1418297435 168 165 0 0 0 1 70 76 77 75 72
 1418297436 168 165 0 0 0 1 70 76 77 75 72
 1418297436 168 165 0 0 0 1 70 76 77 75 72
 1418297436 168 165 0 0 0 1 70 76 77 75 72
 1418297436 168 165 0 0 0 1 70 76 77 75 72
 1418297437 168 165 0 0 0 1 70 76 77 75 72
 1418297437 168 165 0 0 0 1 70 76 77 75 72
 1418297437 168 165 0 0 0 1 70 76 77 75 72
 1418297437 168 165 0 0 0 1 70 76 77 75 72
 1418297438 168 165 0 0 0 1 70 76 77 75 72
 1418297438 168 165 0 0 0 1 70 76 77 75 72
 1418297438 168 165 0 0 0 1 70 76 77 75 72
 1418297438 168 165 0 0 0 1 70 76 77 75 72
 1418297439 168 165 0 0 0 1 70 76 77 75 72
 1418297439 168 165 0 0 0 1 70 76 77 75 72
 1418297439 168 165 0 0 0 1 70 76 76 75 72
 1418297440 168 165 0 0 0 1 70 76 77 75 72
 1418297440 168 165 0 0 0 1 70 76 77 75 72
 1418297440 168 165 0 0 0 1 70 76 77 75 72
 1418297440 168 165 0 0 0 1 70 76 77 75 72
 1418297441 168 165 0 0 0 1 70 76 77 75 72
 1418297441 168 165 0 0 0 1 70 76 77 75 72
 1418297441 168 165 0 0 0 1 70 76 77 75 72
 1418297441 168 165 0 0 0 1 70 76 77 75 72
 1418297442 168 165 0 0 0 1 70 76 77 75 72
 1418297442 168 165 0 0 0 1 70 76 76 75 72
 1418297442 168 165 0 0 0 1 70 76 76 75 72
 1418297442 168 165 0 0 0 1 70 76 76 75 72
 1418297443 168 165 0 0 0 1 70 76 76 75 72
 1418297443 168 165 0 0 0 1 70 76 76 75 72
 1418297443 168 165 0 0 0 1 70 76 76 75 72
 1418297443 168 165 0 0 0 1 70 76 76 75 72
 1418297444 168 165 0 0 0 1 70 76 76 75 72
 1418297444 168 165 0 0 0 1 70 76 76 75 72
 1418297444 168 165 0 0 0 1 70 76 76 75 72
 1418297445 168 165 0 0 0 1 70 76 76 75 72
 1418297445 168 165 0 0 0 1 70 76 76 75 72
 1418297445 168 165 0 0 0 1 70 76 76 75 72
 1418297445 168 165 0 0 0 1 70 76 76 75 72
 1418297446 168 165 0 0 0 1 70 76 76 75 72
 1418297446 168 165 0 0 0 1 70 76 76 75 72
 1418297446 168 165 0 0 0 1 70 76 76 75 72
 1418297446 168 165 0 0 0 1 70 76 76 75 72
 1418297447 168 165 0 0 0 1 70 76 76 75 72
 1418297447 168 165 0 0 0 1 70 76 76 75 72
 1418297447 168 165 0 0 0 1 70 76 76 75 72
 1418297448 168 165 0 0 0 1 70 76 76 75 72
 1418297448 168 165 0 0 0 1 70 76 76 75 72
 1418297448 168 165 0 0 0 1 70 76 76 75 72
 1418297448 168 165 0 0 0 1 70 76 76 75 72
 1418297449 168 165 0 0 0 1 70 76 76 75 72
 1418297449 168 165 0 0 0 1 70 76 76 75 72
 1418297449 168 165 0 0 0 1 70 76 76 75 72
 1418297449 168 165 0 0 0 1 70 76 76 75 72
 1418297450 168 165 0 0 0 1 70 76 76 75 72
 1418297450 168 165 0 0 0 1 70 76 76 75 72
 1418297450 168 165 0 0 0 1 70 76 76 75 72
 1418297451 168 165 0 0 0 1 70 76 76 75 72
 1418297451 168 165 0 0 0 1 70 76 76 75 72
 1418297451 168 165 0 0 0 1 70 76 76 75 72
 1418297451 168 165 0 0 0 1 70 76 76 75 72
 1418297452 168 165 0 0 0 1 70 76 76 75 72
 1418297452 168 165 0 0 0 1 70 76 76 75 72
 1418297452 168 165 0 0 0 1 70 76 76 75 72
 1418297452 168 165 0 0 0 1 70 76 76 75 72
 1418297453 168 165 0 0 0 1 70 76 76 75 72
 1418297453 168 165 0 0 0 1 70 76 76 75 72
 1418297453 168 165 0 0 0 1 70 76 76 75 72
 1418297453 168 165 0 0 0 1 70 76 76 75 72
 1418297454 168 165 0 0 0 1 70 76 76 75 72
 1418297454 168 165 0 0 0 1 70 76 76 75 72
 1418297454 168 165 0 0 0 1 70 76 76 75 72
 1418297454 168 165 0 0 0 1 70 76 76 75 72
 1418297455 168 165 0 0 0 1 70 76 76 75 72
 1418297455 168 165 0 0 0 1 70 76 76 75 72
 1418297455 168 165 0 0 0 1 70 76 76 75 72
 1418297456 168 165 0 0 0 1 70 76 76 75 72
 1418297456 168 165 0 0 0 1 70 76 76 75 72
 1418297456 168 165 0 0 0 1 70 76 76 75 72
 1418297456 168 165 0 0 0 1 70 76 76 75 72
 1418297457 168 165 0 0 0 1 70 76 76 75 72
 1418297457 168 165 0 0 0 1 70 76 76 75 72
 1418297457 168 165 0 0 0 1 70 76 76 75 72
 1418297457 168 165 0 0 0 1 70 76 76 75 72
 1418297458 168 165 0 0 0 1 70 76 76 75 72
 1418297458 168 165 0 0 0 1 70 76 76 75 72
 1418297458 168 165 0 0 0 1 70 76 76 75 72
 1418297459 168 165 0 0 0 1 70 76 76 75 72
 1418297459 168 165 0 0 0 1 70 76 76 75 72
 1418297459 168 165 0 0 0 1 70 76 76 75 72
 1418297459 168 165 0 0 0 1 70 76 76 75 72
 1418297460 168 165 0 0 0 1 70 76 76 75 72
 1418297460 168 165 0 0 0 1 70 76 76 75 72
 1418297460 168 165 0 0 0 1 70 76 76 75 72
 1418297460 168 165 0 0 0 1 70 76 76 75 72
 1418297461 168 165 0 0 0 1 70 76 76 75 72
 1418297461 168 165 0 0 0 1 70 76 76 75 72
 1418297461 168 165 0 0 0 1 70 76 76 75 72
 1418297461 168 165 0 0 0 1 70 76 76 75 72
 1418297462 168 165 0 0 0 1 70 76 76 75 72
 1418297462 168 165 0 0 0 1 70 76 76 75 72
 1418297462 168 165 0 0 0 1 70 76 76 75 72
 1418297462 168 165 0 0 0 1 70 76 76 75 72
 1418297463 168 165 0 0 0 1 70 76 76 75 72
 1418297463 168 165 0 0 0 1 70 76 76 75 72
 1418297463 168 165 0 0 0 1 70 76 76 75 72
 1418297464 168 165 0 0 0 1 70 76 76 75 72
 1418297464 168 165 0 0 0 1 70 76 76 75 72
 1418297464 168 165 0 0 0 1 70 76 76 75 72
 1418297464 168 165 0 0 0 1 70 76 76 75 72
 1418297465 168 165 0 0 0 1 70 76 76 75 72
 1418297465 168 165 0 0 0 1 70 76 76 75 72
 1418297465 168 165 0 0 0 1 70 76 76 75 72
 1418297465 168 165 0 0 0 1 70 76 76 75 72
 1418297466 168 165 0 0 0 1 70 76 76 75 72
 1418297466 168 165 0 0 0 1 70 76 76 75 72
 1418297466 168 165 0 0 0 1 70 76 76 75 72
 1418297467 168 165 0 0 0 1 70 76 76 75 72
 1418297467 168 165 0 0 0 1 70 76 76 75 72
 1418297467 168 165 0 0 0 1 70 76 76 75 72
 1418297467 168 165 0 0 0 1 70 76 76 75 72
 1418297468 168 165 0 0 0 1 70 76 76 75 72
 1418297468 168 165 0 0 0 1 70 76 76 75 72
 1418297468 168 165 0 0 0 1 70 76 76 75 72
 1418297468 168 165 0 0 0 1 70 76 76 75 72
 1418297469 168 165 0 0 0 1 70 76 76 75 72
 1418297469 168 165 0 0 0 1 70 76 76 75 72
 1418297469 168 165 0 0 0 1 70 76 77 75 72
 1418297469 168 165 0 0 0 1 70 76 77 75 72
 1418297470 168 165 0 0 0 1 70 76 77 75 72
 1418297470 168 165 0 0 0 1 70 76 77 75 72
 1418297470 168 165 0 0 0 1 70 76 76 75 72
 1418297470 168 165 0 0 0 1 70 76 76 75 72
 1418297471 168 165 0 0 0 1 70 76 77 75 72
 1418297471 168 165 0 0 0 1 70 76 77 75 72
 1418297471 168 165 0 0 0 1 70 76 77 75 72
 1418297472 168 165 0 0 0 1 70 76 77 75 72
