 1418146319 0 0 0 0 0 0 0 0 0 0 0
 1418146319 0 0 0 0 0 0 0 0 0 0 0
 1418146319 0 0 0 0 0 0 0 0 0 0 0
 1418146319 0 0 0 0 0 0 0 0 0 0 0
 1418146319 0 0 0 0 0 0 0 0 0 0 0
 1418146319 0 0 0 0 0 0 0 0 0 0 0
 1418146319 0 0 0 0 0 0 0 0 0 0 0
 1418146319 0 0 0 0 0 0 0 0 0 0 0
 1418146319 0 0 0 0 0 0 0 0 0 0 0
 1418146319 0 0 0 0 0 0 0 0 0 0 0
 1418146319 0 0 0 0 0 0 0 0 0 0 0
 1418146319 0 0 0 0 0 0 0 0 0 0 0
 1418146319 0 0 0 0 0 0 0 0 0 0 0
 1418146319 0 0 0 0 0 0 0 0 0 0 0
 1418146319 0 0 0 0 0 0 0 0 0 0 0
 1418146320 0 0 0 0 0 0 0 0 0 0 0
 1418146320 0 0 0 0 0 0 0 0 0 0 0
 1418146320 0 0 0 0 0 0 0 0 0 0 0
 1418146320 0 0 0 0 0 0 0 0 0 0 0
 1418146320 0 0 0 0 0 0 0 0 0 0 0
 1418146320 0 0 0 0 0 0 0 0 0 0 0
 1418146320 0 0 0 0 0 0 0 0 0 0 0
 1418146320 0 0 0 0 0 0 0 0 0 0 0
 1418146320 0 0 0 0 0 0 0 0 0 0 0
 1418146320 0 0 0 0 0 0 0 0 0 0 0
 1418146320 0 0 0 0 0 0 0 0 0 0 0
 1418146320 0 0 0 0 0 0 0 0 0 0 0
 1418146320 0 0 0 0 0 0 0 0 0 0 0
 1418146320 0 0 0 0 0 0 0 0 0 0 0
 1418146320 0 0 0 0 0 0 0 0 0 0 0
 1418146320 0 0 0 0 0 0 0 0 0 0 0
 1418146320 0 0 0 0 0 0 0 0 0 0 0
 1418146320 0 0 0 0 0 0 0 0 0 0 0
 1418146320 0 0 0 0 0 0 0 0 0 0 0
 1418146320 0 0 0 0 0 0 0 0 0 0 0
 1418146320 0 0 0 0 0 0 0 0 0 0 0
 1418146320 0 0 0 0 0 0 0 0 0 0 0
 1418146320 0 0 0 0 0 0 0 0 0 0 0
 1418146320 0 0 0 0 0 0 0 0 0 0 0
 1418146320 0 0 0 0 0 0 0 0 0 0 0
 1418146320 0 0 0 0 0 0 0 0 0 0 0
 1418146320 0 0 0 0 0 0 0 0 0 0 0
 1418146320 0 0 0 0 0 0 0 0 0 0 0
 1418146320 0 0 0 0 0 0 0 0 0 0 0
 1418146320 0 0 0 0 0 0 0 0 0 0 0
 1418146321 0 0 0 0 0 0 0 0 0 0 0
 1418146321 0 0 0 0 0 0 0 0 0 0 0
 1418146321 0 0 0 0 0 0 0 0 0 0 0
 1418146321 0 0 0 0 0 0 0 0 0 0 0
 1418146321 0 0 0 0 0 0 0 0 0 0 0
 1418146321 0 0 0 0 0 0 0 0 0 0 0
 1418146321 0 0 0 0 0 0 0 0 0 0 0
 1418146321 0 0 0 0 0 0 0 0 0 0 0
 1418146321 0 0 0 0 0 0 0 0 0 0 0
 1418146321 0 0 0 0 0 0 0 0 0 0 0
 1418146321 0 0 0 0 0 0 0 0 0 0 0
 1418146321 0 0 0 0 0 0 0 0 0 0 0
 1418146321 0 0 0 0 0 0 0 0 0 0 0
 1418146321 0 0 0 0 0 0 0 0 0 0 0
 1418146321 0 0 0 0 0 0 0 0 0 0 0
 1418146321 0 0 0 0 0 0 0 0 0 0 0
 1418146321 0 0 0 0 0 0 0 0 0 0 0
 1418146321 0 0 0 0 0 0 0 0 0 0 0
 1418146321 0 0 0 0 0 0 0 0 0 0 0
 1418146321 0 0 0 0 0 0 0 0 0 0 0
 1418146321 0 0 0 0 0 0 0 0 0 0 0
 1418146321 0 0 0 0 0 0 0 0 0 0 0
 1418146321 0 0 0 0 0 0 0 0 0 0 0
 1418146321 0 0 0 0 0 0 0 0 0 0 0
 1418146321 0 0 0 0 0 0 0 0 0 0 0
 1418146321 0 0 0 0 0 0 0 0 0 0 0
 1418146321 0 0 0 0 0 0 0 0 0 0 0
 1418146321 0 0 0 0 0 0 0 0 0 0 0
 1418146321 0 0 0 0 0 0 0 0 0 0 0
 1418146321 0 0 0 0 0 0 0 0 0 0 0
 1418146322 0 0 0 0 0 0 0 0 0 0 0
 1418146322 0 0 0 0 0 0 0 0 0 0 0
 1418146322 0 0 0 0 0 0 0 0 0 0 0
 1418146322 0 0 0 0 0 0 0 0 0 0 0
 1418146322 0 0 0 0 0 0 0 0 0 0 0
 1418146322 0 0 0 0 0 0 0 0 0 0 0
 1418146322 0 0 0 0 0 0 0 0 0 0 0
 1418146322 0 0 0 0 0 0 0 0 0 0 0
 1418146322 0 0 0 0 0 0 0 0 0 0 0
 1418146322 0 0 0 0 0 0 0 0 0 0 0
 1418146322 0 0 0 0 0 0 0 0 0 0 0
 1418146322 0 0 0 0 0 0 0 0 0 0 0
 1418146322 0 0 0 0 0 0 0 0 0 0 0
 1418146322 0 0 0 0 0 0 0 0 0 0 0
 1418146322 0 0 0 0 0 0 0 0 0 0 0
 1418146322 0 0 0 0 0 0 0 0 0 0 0
 1418146322 0 0 0 0 0 0 0 0 0 0 0
 1418146322 0 0 0 0 0 0 0 0 0 0 0
 1418146322 0 0 0 0 0 0 0 0 0 0 0
 1418146322 0 0 0 0 0 0 0 0 0 0 0
 1418146322 0 0 0 0 0 0 0 0 0 0 0
 1418146322 0 0 0 0 0 0 0 0 0 0 0
 1418146322 0 0 0 0 0 0 0 0 0 0 0
 1418146322 0 0 0 0 0 0 0 0 0 0 0
 1418146322 0 0 0 0 0 0 0 0 0 0 0
 1418146322 0 0 0 0 0 0 0 0 0 0 0
 1418146322 0 0 0 0 0 0 0 0 0 0 0
 1418146322 0 0 0 0 0 0 0 0 0 0 0
 1418146322 0 0 0 0 0 0 0 0 0 0 0
 1418146322 0 0 0 0 0 0 0 0 0 0 0
 1418146323 0 0 0 0 0 0 0 0 0 0 0
 1418146323 0 0 0 0 0 0 0 0 0 0 0
 1418146323 0 0 0 0 0 0 0 0 0 0 0
 1418146323 0 0 0 0 0 0 0 0 0 0 0
 1418146323 0 0 0 0 0 0 0 0 0 0 0
 1418146323 0 0 0 0 0 0 0 0 0 0 0
 1418146323 0 0 0 0 0 0 0 0 0 0 0
 1418146323 0 0 0 0 0 0 0 0 0 0 0
 1418146323 0 0 0 0 0 0 0 0 0 0 0
 1418146323 0 0 0 0 0 0 0 0 0 0 0
 1418146323 0 0 0 0 0 0 0 0 0 0 0
 1418146323 0 0 0 0 0 0 0 0 0 0 0
 1418146323 0 0 0 0 0 0 0 0 0 0 0
 1418146323 0 0 0 0 0 0 0 0 0 0 0
 1418146323 0 0 0 0 0 0 0 0 0 0 0
 1418146323 0 0 0 0 0 0 0 0 0 0 0
 1418146323 0 0 0 0 0 0 0 0 0 0 0
 1418146323 0 0 0 0 0 0 0 0 0 0 0
 1418146323 0 0 0 0 0 0 0 0 0 0 0
 1418146323 0 0 0 0 0 0 0 0 0 0 0
 1418146323 0 0 0 0 0 0 0 0 0 0 0
 1418146323 0 0 0 0 0 0 0 0 0 0 0
 1418146323 0 0 0 0 0 0 0 0 0 0 0
 1418146323 0 0 0 0 0 0 0 0 0 0 0
 1418146323 0 0 0 0 0 0 0 0 0 0 0
 1418146323 0 0 0 0 0 0 0 0 0 0 0
 1418146323 0 0 0 0 0 0 0 0 0 0 0
 1418146323 0 0 0 0 0 0 0 0 0 0 0
 1418146323 0 0 0 0 0 0 0 0 0 0 0
 1418146323 0 0 0 0 0 0 0 0 0 0 0
 1418146324 0 0 0 0 0 0 0 0 0 0 0
 1418146324 0 0 0 0 0 0 0 0 0 0 0
 1418146324 0 0 0 0 0 0 0 0 0 0 0
 1418146324 0 0 0 0 0 0 0 0 0 0 0
 1418146324 0 0 0 0 0 0 0 0 0 0 0
 1418146324 0 0 0 0 0 0 0 0 0 0 0
 1418146324 0 0 0 0 0 0 0 0 0 0 0
 1418146324 0 0 0 0 0 0 0 0 0 0 0
 1418146324 0 0 0 0 0 0 0 0 0 0 0
 1418146324 0 0 0 0 0 0 0 0 0 0 0
 1418146324 0 0 0 0 0 0 0 0 0 0 0
 1418146324 0 0 0 0 0 0 0 0 0 0 0
 1418146324 0 0 0 0 0 0 0 0 0 0 0
 1418146324 0 0 0 0 0 0 0 0 0 0 0
 1418146324 0 0 0 0 0 0 0 0 0 0 0
 1418146324 0 0 0 0 0 0 0 0 0 0 0
 1418146324 0 0 0 0 0 0 0 0 0 0 0
 1418146324 0 0 0 0 0 0 0 0 0 0 0
 1418146324 0 0 0 0 0 0 0 0 0 0 0
 1418146324 0 0 0 0 0 0 0 0 0 0 0
 1418146324 0 0 0 0 0 0 0 0 0 0 0
 1418146324 0 0 0 0 0 0 0 0 0 0 0
 1418146324 0 0 0 0 0 0 0 0 0 0 0
 1418146324 0 0 0 0 0 0 0 0 0 0 0
 1418146324 0 0 0 0 0 0 0 0 0 0 0
 1418146324 0 0 0 0 0 0 0 0 0 0 0
 1418146324 0 0 0 0 0 0 0 0 0 0 0
 1418146324 0 0 0 0 0 0 0 0 0 0 0
 1418146324 0 0 0 0 0 0 0 0 0 0 0
 1418146324 0 0 0 0 0 0 0 0 0 0 0
 1418146325 0 0 0 0 0 0 0 0 0 0 0
 1418146325 0 0 0 0 0 0 0 0 0 0 0
 1418146325 0 0 0 0 0 0 0 0 0 0 0
 1418146325 0 0 0 0 0 0 0 0 0 0 0
 1418146325 0 0 0 0 0 0 0 0 0 0 0
 1418146325 0 0 0 0 0 0 0 0 0 0 0
 1418146325 0 0 0 0 0 0 0 0 0 0 0
 1418146325 0 0 0 0 0 0 0 0 0 0 0
 1418146325 0 0 0 0 0 0 0 0 0 0 0
 1418146325 0 0 0 0 0 0 0 0 0 0 0
 1418146325 0 0 0 0 0 0 0 0 0 0 0
 1418146325 0 0 0 0 0 0 0 0 0 0 0
 1418146325 0 0 0 0 0 0 0 0 0 0 0
 1418146325 0 0 0 0 0 0 0 0 0 0 0
 1418146325 0 0 0 0 0 0 0 0 0 0 0
 1418146325 0 0 0 0 0 0 0 0 0 0 0
 1418146325 0 0 0 0 0 0 0 0 0 0 0
 1418146325 0 0 0 0 0 0 0 0 0 0 0
 1418146325 0 0 0 0 0 0 0 0 0 0 0
 1418146325 0 0 0 0 0 0 0 0 0 0 0
 1418146325 0 0 0 0 0 0 0 0 0 0 0
 1418146325 0 0 0 0 0 0 0 0 0 0 0
 1418146325 0 0 0 0 0 0 0 0 0 0 0
 1418146325 0 0 0 0 0 0 0 0 0 0 0
 1418146325 0 0 0 0 0 0 0 0 0 0 0
 1418146325 0 0 0 0 0 0 0 0 0 0 0
 1418146325 0 0 0 0 0 0 0 0 0 0 0
 1418146325 0 0 0 0 0 0 0 0 0 0 0
 1418146325 0 0 0 0 0 0 0 0 0 0 0
 1418146325 0 0 0 0 0 0 0 0 0 0 0
 1418146325 0 0 0 0 0 0 0 0 0 0 0
 1418146326 0 0 0 0 0 0 0 0 0 0 0
 1418146326 0 0 0 0 0 0 0 0 0 0 0
 1418146326 0 0 0 0 0 0 0 0 0 0 0
 1418146326 0 0 0 0 0 0 0 0 0 0 0
 1418146326 0 0 0 0 0 0 0 0 0 0 0
 1418146326 0 0 0 0 0 0 0 0 0 0 0
 1418146326 0 0 0 0 0 0 0 0 0 0 0
 1418146326 0 0 0 0 0 0 0 0 0 0 0
 1418146326 0 0 0 0 0 0 0 0 0 0 0
 1418146326 0 0 0 0 0 0 0 0 0 0 0
 1418146326 0 0 0 0 0 0 0 0 0 0 0
 1418146326 0 0 0 0 0 0 0 0 0 0 0
 1418146326 0 0 0 0 0 0 0 0 0 0 0
 1418146326 0 0 0 0 0 0 0 0 0 0 0
 1418146326 0 0 0 0 0 0 0 0 0 0 0
 1418146326 0 0 0 0 0 0 0 0 0 0 0
 1418146326 0 0 0 0 0 0 0 0 0 0 0
 1418146326 0 0 0 0 0 0 0 0 0 0 0
 1418146326 0 0 0 0 0 0 0 0 0 0 0
 1418146326 0 0 0 0 0 0 0 0 0 0 0
 1418146326 0 0 0 0 0 0 0 0 0 0 0
 1418146326 0 0 0 0 0 0 0 0 0 0 0
 1418146326 0 0 0 0 0 0 0 0 0 0 0
 1418146326 0 0 0 0 0 0 0 0 0 0 0
 1418146326 0 0 0 0 0 0 0 0 0 0 0
 1418146326 0 0 0 0 0 0 0 0 0 0 0
 1418146326 0 0 0 0 0 0 0 0 0 0 0
 1418146326 0 0 0 0 0 0 0 0 0 0 0
 1418146326 0 0 0 0 0 0 0 0 0 0 0
 1418146326 0 0 0 0 0 0 0 0 0 0 0
 1418146327 0 0 0 0 0 0 0 0 0 0 0
 1418146327 0 0 0 0 0 0 0 0 0 0 0
 1418146327 0 0 0 0 0 0 0 0 0 0 0
 1418146327 0 0 0 0 0 0 0 0 0 0 0
 1418146327 0 0 0 0 0 0 0 0 0 0 0
 1418146327 0 0 0 0 0 0 0 0 0 0 0
 1418146327 0 0 0 0 0 0 0 0 0 0 0
 1418146327 0 0 0 0 0 0 0 0 0 0 0
 1418146327 0 0 0 0 0 0 0 0 0 0 0
 1418146327 0 0 0 0 0 0 0 0 0 0 0
 1418146327 0 0 0 0 0 0 0 0 0 0 0
 1418146327 0 0 0 0 0 0 0 0 0 0 0
 1418146327 0 0 0 0 0 0 0 0 0 0 0
 1418146327 0 0 0 0 0 0 0 0 0 0 0
 1418146327 0 0 0 0 0 0 0 0 0 0 0
 1418146327 0 0 0 0 0 0 0 0 0 0 0
 1418146327 0 0 0 0 0 0 0 0 0 0 0
 1418146327 0 0 0 0 0 0 0 0 0 0 0
 1418146327 0 0 0 0 0 0 0 0 0 0 0
 1418146327 0 0 0 0 0 0 0 0 0 0 0
 1418146327 0 0 0 0 0 0 0 0 0 0 0
 1418146327 0 0 0 0 0 0 0 0 0 0 0
 1418146327 0 0 0 0 0 0 0 0 0 0 0
 1418146327 0 0 0 0 0 0 0 0 0 0 0
 1418146327 0 0 0 0 0 0 0 0 0 0 0
 1418146327 0 0 0 0 0 0 0 0 0 0 0
 1418146327 0 0 0 0 0 0 0 0 0 0 0
 1418146327 0 0 0 0 0 0 0 0 0 0 0
 1418146327 0 0 0 0 0 0 0 0 0 0 0
 1418146327 0 0 0 0 0 0 0 0 0 0 0
 1418146328 0 0 0 0 0 0 0 0 0 0 0
 1418146328 0 0 0 0 0 0 0 0 0 0 0
 1418146328 0 0 0 0 0 0 0 0 0 0 0
 1418146328 0 0 0 0 0 0 0 0 0 0 0
 1418146328 0 0 0 0 0 0 0 0 0 0 0
 1418146328 0 0 0 0 0 0 0 0 0 0 0
 1418146328 0 0 0 0 0 0 0 0 0 0 0
 1418146328 0 0 0 0 0 0 0 0 0 0 0
 1418146328 0 0 0 0 0 0 0 0 0 0 0
 1418146328 0 0 0 0 0 0 0 0 0 0 0
 1418146328 0 0 0 0 0 0 0 0 0 0 0
 1418146328 0 0 0 0 0 0 0 0 0 0 0
 1418146328 0 0 0 0 0 0 0 0 0 0 0
 1418146328 0 0 0 0 0 0 0 0 0 0 0
 1418146328 0 0 0 0 0 0 0 0 0 0 0
 1418146328 0 0 0 0 0 0 0 0 0 0 0
 1418146328 0 0 0 0 0 0 0 0 0 0 0
 1418146328 0 0 0 0 0 0 0 0 0 0 0
 1418146328 0 0 0 0 0 0 0 0 0 0 0
 1418146328 0 0 0 0 0 0 0 0 0 0 0
 1418146328 0 0 0 0 0 0 0 0 0 0 0
 1418146328 0 0 0 0 0 0 0 0 0 0 0
 1418146328 0 0 0 0 0 0 0 0 0 0 0
 1418146328 0 0 0 0 0 0 0 0 0 0 0
 1418146328 0 0 0 0 0 0 0 0 0 0 0
 1418146328 0 0 0 0 0 0 0 0 0 0 0
 1418146328 0 0 0 0 0 0 0 0 0 0 0
 1418146328 0 0 0 0 0 0 0 0 0 0 0
 1418146328 0 0 0 0 0 0 0 0 0 0 0
 1418146328 0 0 0 0 0 0 0 0 0 0 0
 1418146329 0 0 0 0 0 0 0 0 0 0 0
 1418146329 0 0 0 0 0 0 0 0 0 0 0
 1418146329 0 0 0 0 0 0 0 0 0 0 0
 1418146329 0 0 0 0 0 0 0 0 0 0 0
 1418146329 0 0 0 0 0 0 0 0 0 0 0
 1418146329 0 0 0 0 0 0 0 0 0 0 0
 1418146329 0 0 0 0 0 0 0 0 0 0 0
 1418146329 0 0 0 0 0 0 0 0 0 0 0
 1418146329 0 0 0 0 0 0 0 0 0 0 0
 1418146329 0 0 0 0 0 0 0 0 0 0 0
 1418146329 0 0 0 0 0 0 0 0 0 0 0
 1418146329 0 0 0 0 0 0 0 0 0 0 0
 1418146329 0 0 0 0 0 0 0 0 0 0 0
 1418146329 0 0 0 0 0 0 0 0 0 0 0
 1418146329 0 0 0 0 0 0 0 0 0 0 0
 1418146329 0 0 0 0 0 0 0 0 0 0 0
 1418146329 0 0 0 0 0 0 0 0 0 0 0
 1418146329 0 0 0 0 0 0 0 0 0 0 0
 1418146329 0 0 0 0 0 0 0 0 0 0 0
 1418146329 0 0 0 0 0 0 0 0 0 0 0
 1418146329 0 0 0 0 0 0 0 0 0 0 0
 1418146329 0 0 0 0 0 0 0 0 0 0 0
 1418146329 0 0 0 0 0 0 0 0 0 0 0
 1418146329 0 0 0 0 0 0 0 0 0 0 0
 1418146329 0 0 0 0 0 0 0 0 0 0 0
 1418146329 0 0 0 0 0 0 0 0 0 0 0
 1418146329 0 0 0 0 0 0 0 0 0 0 0
 1418146329 0 0 0 0 0 0 0 0 0 0 0
 1418146329 0 0 0 0 0 0 0 0 0 0 0
 1418146329 0 0 0 0 0 0 0 0 0 0 0
 1418146330 0 0 0 0 0 0 0 0 0 0 0
 1418146330 0 0 0 0 0 0 0 0 0 0 0
 1418146330 0 0 0 0 0 0 0 0 0 0 0
 1418146330 0 0 0 0 0 0 0 0 0 0 0
 1418146330 0 0 0 0 0 0 0 0 0 0 0
 1418146330 0 0 0 0 0 0 0 0 0 0 0
 1418146330 0 0 0 0 0 0 0 0 0 0 0
 1418146330 0 0 0 0 0 0 0 0 0 0 0
 1418146330 0 0 0 0 0 0 0 0 0 0 0
 1418146330 0 0 0 0 0 0 0 0 0 0 0
 1418146330 0 0 0 0 0 0 0 0 0 0 0
 1418146330 0 0 0 0 0 0 0 0 0 0 0
 1418146330 0 0 0 0 0 0 0 0 0 0 0
 1418146330 0 0 0 0 0 0 0 0 0 0 0
 1418146330 0 0 0 0 0 0 0 0 0 0 0
 1418146330 0 0 0 0 0 0 0 0 0 0 0
 1418146330 0 0 0 0 0 0 0 0 0 0 0
 1418146330 0 0 0 0 0 0 0 0 0 0 0
 1418146330 0 0 0 0 0 0 0 0 0 0 0
 1418146330 0 0 0 0 0 0 0 0 0 0 0
 1418146330 0 0 0 0 0 0 0 0 0 0 0
 1418146330 0 0 0 0 0 0 0 0 0 0 0
 1418146330 0 0 0 0 0 0 0 0 0 0 0
 1418146330 0 0 0 0 0 0 0 0 0 0 0
 1418146330 0 0 0 0 0 0 0 0 0 0 0
 1418146330 0 0 0 0 0 0 0 0 0 0 0
 1418146330 0 0 0 0 0 0 0 0 0 0 0
 1418146330 0 0 0 0 0 0 0 0 0 0 0
 1418146330 0 0 0 0 0 0 0 0 0 0 0
 1418146330 0 0 0 0 0 0 0 0 0 0 0
 1418146331 0 0 0 0 0 0 0 0 0 0 0
 1418146331 0 0 0 0 0 0 0 0 0 0 0
 1418146331 0 0 0 0 0 0 0 0 0 0 0
 1418146331 0 0 0 0 0 0 0 0 0 0 0
 1418146331 0 0 0 0 0 0 0 0 0 0 0
 1418146331 0 0 0 0 0 0 0 0 0 0 0
 1418146331 0 0 0 0 0 0 0 0 0 0 0
 1418146331 0 0 0 0 0 0 0 0 0 0 0
 1418146331 0 0 0 0 0 0 0 0 0 0 0
 1418146331 0 0 0 0 0 0 0 0 0 0 0
 1418146331 0 0 0 0 0 0 0 0 0 0 0
 1418146331 0 0 0 0 0 0 0 0 0 0 0
 1418146331 0 0 0 0 0 0 0 0 0 0 0
 1418146331 0 0 0 0 0 0 0 0 0 0 0
 1418146331 0 0 0 0 0 0 0 0 0 0 0
 1418146331 0 0 0 0 0 0 0 0 0 0 0
 1418146331 0 0 0 0 0 0 0 0 0 0 0
 1418146331 0 0 0 0 0 0 0 0 0 0 0
 1418146331 0 0 0 0 0 0 0 0 0 0 0
 1418146331 0 0 0 0 0 0 0 0 0 0 0
 1418146331 0 0 0 0 0 0 0 0 0 0 0
 1418146331 0 0 0 0 0 0 0 0 0 0 0
 1418146331 0 0 0 0 0 0 0 0 0 0 0
 1418146331 0 0 0 0 0 0 0 0 0 0 0
 1418146331 0 0 0 0 0 0 0 0 0 0 0
 1418146331 0 0 0 0 0 0 0 0 0 0 0
 1418146331 0 0 0 0 0 0 0 0 0 0 0
 1418146331 0 0 0 0 0 0 0 0 0 0 0
 1418146331 0 0 0 0 0 0 0 0 0 0 0
 1418146331 0 0 0 0 0 0 0 0 0 0 0
 1418146332 0 0 0 0 0 0 0 0 0 0 0
 1418146332 0 0 0 0 0 0 0 0 0 0 0
 1418146332 0 0 0 0 0 0 0 0 0 0 0
 1418146332 0 0 0 0 0 0 0 0 0 0 0
 1418146332 0 0 0 0 0 0 0 0 0 0 0
 1418146332 0 0 0 0 0 0 0 0 0 0 0
 1418146332 0 0 0 0 0 0 0 0 0 0 0
 1418146332 0 0 0 0 0 0 0 0 0 0 0
 1418146332 0 0 0 0 0 0 0 0 0 0 0
 1418146332 0 0 0 0 0 0 0 0 0 0 0
 1418146332 0 0 0 0 0 0 0 0 0 0 0
 1418146332 0 0 0 0 0 0 0 0 0 0 0
 1418146332 0 0 0 0 0 0 0 0 0 0 0
 1418146332 0 0 0 0 0 0 0 0 0 0 0
 1418146332 0 0 0 0 0 0 0 0 0 0 0
 1418146332 0 0 0 0 0 0 0 0 0 0 0
 1418146332 0 0 0 0 0 0 0 0 0 0 0
 1418146332 0 0 0 0 0 0 0 0 0 0 0
 1418146332 0 0 0 0 0 0 0 0 0 0 0
 1418146332 0 0 0 0 0 0 0 0 0 0 0
 1418146332 0 0 0 0 0 0 0 0 0 0 0
 1418146332 0 0 0 0 0 0 0 0 0 0 0
 1418146332 0 0 0 0 0 0 0 0 0 0 0
 1418146332 0 0 0 0 0 0 0 0 0 0 0
 1418146332 0 0 0 0 0 0 0 0 0 0 0
 1418146332 0 0 0 0 0 0 0 0 0 0 0
 1418146332 0 0 0 0 0 0 0 0 0 0 0
 1418146332 0 0 0 0 0 0 0 0 0 0 0
 1418146332 0 0 0 0 0 0 0 0 0 0 0
 1418146332 0 0 0 0 0 0 0 0 0 0 0
 1418146333 0 0 0 0 0 0 0 0 0 0 0
 1418146333 0 0 0 0 0 0 0 0 0 0 0
 1418146333 0 0 0 0 0 0 0 0 0 0 0
 1418146333 0 0 0 0 0 0 0 0 0 0 0
 1418146333 0 0 0 0 0 0 0 0 0 0 0
 1418146333 0 0 0 0 0 0 0 0 0 0 0
 1418146333 0 0 0 0 0 0 0 0 0 0 0
 1418146333 0 0 0 0 0 0 0 0 0 0 0
 1418146333 0 0 0 0 0 0 0 0 0 0 0
 1418146333 0 0 0 0 0 0 0 0 0 0 0
 1418146333 0 0 0 0 0 0 0 0 0 0 0
 1418146333 0 0 0 0 0 0 0 0 0 0 0
 1418146333 0 0 0 0 0 0 0 0 0 0 0
 1418146333 0 0 0 0 0 0 0 0 0 0 0
 1418146333 0 0 0 0 0 0 0 0 0 0 0
 1418146333 0 0 0 0 0 0 0 0 0 0 0
 1418146333 0 0 0 0 0 0 0 0 0 0 0
 1418146333 0 0 0 0 0 0 0 0 0 0 0
 1418146333 0 0 0 0 0 0 0 0 0 0 0
 1418146333 0 0 0 0 0 0 0 0 0 0 0
 1418146333 0 0 0 0 0 0 0 0 0 0 0
 1418146333 0 0 0 0 0 0 0 0 0 0 0
 1418146333 0 0 0 0 0 0 0 0 0 0 0
 1418146333 0 0 0 0 0 0 0 0 0 0 0
 1418146333 0 0 0 0 0 0 0 0 0 0 0
 1418146333 0 0 0 0 0 0 0 0 0 0 0
 1418146333 0 0 0 0 0 0 0 0 0 0 0
 1418146333 0 0 0 0 0 0 0 0 0 0 0
 1418146333 0 0 0 0 0 0 0 0 0 0 0
 1418146333 0 0 0 0 0 0 0 0 0 0 0
 1418146333 0 0 0 0 0 0 0 0 0 0 0
 1418146334 0 0 0 0 0 0 0 0 0 0 0
 1418146334 0 0 0 0 0 0 0 0 0 0 0
 1418146334 0 0 0 0 0 0 0 0 0 0 0
 1418146334 0 0 0 0 0 0 0 0 0 0 0
 1418146334 0 0 0 0 0 0 0 0 0 0 0
 1418146334 0 0 0 0 0 0 0 0 0 0 0
 1418146334 0 0 0 0 0 0 0 0 0 0 0
 1418146334 0 0 0 0 0 0 0 0 0 0 0
 1418146334 0 0 0 0 0 0 0 0 0 0 0
 1418146334 0 0 0 0 0 0 0 0 0 0 0
 1418146334 0 0 0 0 0 0 0 0 0 0 0
 1418146334 0 0 0 0 0 0 0 0 0 0 0
 1418146334 0 0 0 0 0 0 0 0 0 0 0
 1418146334 0 0 0 0 0 0 0 0 0 0 0
 1418146334 0 0 0 0 0 0 0 0 0 0 0
 1418146334 0 0 0 0 0 0 0 0 0 0 0
 1418146334 0 0 0 0 0 0 0 0 0 0 0
 1418146334 0 0 0 0 0 0 0 0 0 0 0
 1418146334 0 0 0 0 0 0 0 0 0 0 0
 1418146334 0 0 0 0 0 0 0 0 0 0 0
 1418146334 0 0 0 0 0 0 0 0 0 0 0
 1418146334 0 0 0 0 0 0 0 0 0 0 0
 1418146334 0 0 0 0 0 0 0 0 0 0 0
 1418146334 0 0 0 0 0 0 0 0 0 0 0
 1418146334 0 0 0 0 0 0 0 0 0 0 0
 1418146334 0 0 0 0 0 0 0 0 0 0 0
 1418146334 0 0 0 0 0 0 0 0 0 0 0
 1418146334 0 0 0 0 0 0 0 0 0 0 0
 1418146334 0 0 0 0 0 0 0 0 0 0 0
 1418146334 0 0 0 0 0 0 0 0 0 0 0
 1418146335 0 0 0 0 0 0 0 0 0 0 0
 1418146335 0 0 0 0 0 0 0 0 0 0 0
 1418146335 0 0 0 0 0 0 0 0 0 0 0
 1418146335 0 0 0 0 0 0 0 0 0 0 0
 1418146335 0 0 0 0 0 0 0 0 0 0 0
 1418146335 0 0 0 0 0 0 0 0 0 0 0
 1418146335 0 0 0 0 0 0 0 0 0 0 0
 1418146335 0 0 0 0 0 0 0 0 0 0 0
 1418146335 0 0 0 0 0 0 0 0 0 0 0
 1418146335 0 0 0 0 0 0 0 0 0 0 0
 1418146335 0 0 0 0 0 0 0 0 0 0 0
 1418146335 0 0 0 0 0 0 0 0 0 0 0
 1418146335 0 0 0 0 0 0 0 0 0 0 0
 1418146335 0 0 0 0 0 0 0 0 0 0 0
 1418146335 0 0 0 0 0 0 0 0 0 0 0
 1418146335 0 0 0 0 0 0 0 0 0 0 0
 1418146335 0 0 0 0 0 0 0 0 0 0 0
 1418146335 0 0 0 0 0 0 0 0 0 0 0
 1418146335 0 0 0 0 0 0 0 0 0 0 0
 1418146335 0 0 0 0 0 0 0 0 0 0 0
 1418146335 0 0 0 0 0 0 0 0 0 0 0
 1418146335 0 0 0 0 0 0 0 0 0 0 0
 1418146335 0 0 0 0 0 0 0 0 0 0 0
 1418146335 0 0 0 0 0 0 0 0 0 0 0
 1418146335 0 0 0 0 0 0 0 0 0 0 0
 1418146335 0 0 0 0 0 0 0 0 0 0 0
 1418146335 0 0 0 0 0 0 0 0 0 0 0
 1418146335 0 0 0 0 0 0 0 0 0 0 0
 1418146335 0 0 0 0 0 0 0 0 0 0 0
 1418146335 0 0 0 0 0 0 0 0 0 0 0
 1418146336 0 0 0 0 0 0 0 0 0 0 0
 1418146336 0 0 0 0 0 0 0 0 0 0 0
 1418146336 0 0 0 0 0 0 0 0 0 0 0
 1418146336 0 0 0 0 0 0 0 0 0 0 0
 1418146336 0 0 0 0 0 0 0 0 0 0 0
 1418146336 0 0 0 0 0 0 0 0 0 0 0
 1418146336 0 0 0 0 0 0 0 0 0 0 0
 1418146336 0 0 0 0 0 0 0 0 0 0 0
 1418146336 0 0 0 0 0 0 0 0 0 0 0
 1418146336 0 0 0 0 0 0 0 0 0 0 0
 1418146336 0 0 0 0 0 0 0 0 0 0 0
 1418146336 0 0 0 0 0 0 0 0 0 0 0
 1418146336 0 0 0 0 0 0 0 0 0 0 0
 1418146336 0 0 0 0 0 0 0 0 0 0 0
 1418146336 0 0 0 0 0 0 0 0 0 0 0
 1418146336 0 0 0 0 0 0 0 0 0 0 0
 1418146336 0 0 0 0 0 0 0 0 0 0 0
 1418146336 0 0 0 0 0 0 0 0 0 0 0
 1418146336 0 0 0 0 0 0 0 0 0 0 0
 1418146336 0 0 0 0 0 0 0 0 0 0 0
 1418146336 0 0 0 0 0 0 0 0 0 0 0
 1418146336 0 0 0 0 0 0 0 0 0 0 0
 1418146336 0 0 0 0 0 0 0 0 0 0 0
 1418146336 0 0 0 0 0 0 0 0 0 0 0
 1418146336 0 0 0 0 0 0 0 0 0 0 0
 1418146336 0 0 0 0 0 0 0 0 0 0 0
 1418146336 0 0 0 0 0 0 0 0 0 0 0
 1418146336 0 0 0 0 0 0 0 0 0 0 0
 1418146336 0 0 0 0 0 0 0 0 0 0 0
 1418146336 0 0 0 0 0 0 0 0 0 0 0
 1418146337 0 0 0 0 0 0 0 0 0 0 0
 1418146337 0 0 0 0 0 0 0 0 0 0 0
 1418146337 0 0 0 0 0 0 0 0 0 0 0
 1418146337 0 0 0 0 0 0 0 0 0 0 0
 1418146337 0 0 0 0 0 0 0 0 0 0 0
 1418146337 0 0 0 0 0 0 0 0 0 0 0
 1418146337 0 0 0 0 0 0 0 0 0 0 0
 1418146337 0 0 0 0 0 0 0 0 0 0 0
 1418146337 0 0 0 0 0 0 0 0 0 0 0
 1418146337 0 0 0 0 0 0 0 0 0 0 0
 1418146337 0 0 0 0 0 0 0 0 0 0 0
 1418146337 0 0 0 0 0 0 0 0 0 0 0
 1418146337 0 0 0 0 0 0 0 0 0 0 0
 1418146337 0 0 0 0 0 0 0 0 0 0 0
 1418146337 0 0 0 0 0 0 0 0 0 0 0
 1418146337 0 0 0 0 0 0 0 0 0 0 0
 1418146337 0 0 0 0 0 0 0 0 0 0 0
 1418146337 0 0 0 0 0 0 0 0 0 0 0
 1418146337 0 0 0 0 0 0 0 0 0 0 0
 1418146337 0 0 0 0 0 0 0 0 0 0 0
 1418146337 0 0 0 0 0 0 0 0 0 0 0
 1418146337 0 0 0 0 0 0 0 0 0 0 0
 1418146337 0 0 0 0 0 0 0 0 0 0 0
 1418146337 0 0 0 0 0 0 0 0 0 0 0
 1418146337 0 0 0 0 0 0 0 0 0 0 0
 1418146337 0 0 0 0 0 0 0 0 0 0 0
 1418146337 0 0 0 0 0 0 0 0 0 0 0
 1418146337 0 0 0 0 0 0 0 0 0 0 0
 1418146337 0 0 0 0 0 0 0 0 0 0 0
 1418146337 0 0 0 0 0 0 0 0 0 0 0
 1418146338 0 0 0 0 0 0 0 0 0 0 0
 1418146338 0 0 0 0 0 0 0 0 0 0 0
 1418146338 0 0 0 0 0 0 0 0 0 0 0
 1418146338 0 0 0 0 0 0 0 0 0 0 0
 1418146338 0 0 0 0 0 0 0 0 0 0 0
 1418146338 0 0 0 0 0 0 0 0 0 0 0
 1418146338 0 0 0 0 0 0 0 0 0 0 0
 1418146338 0 0 0 0 0 0 0 0 0 0 0
 1418146338 0 0 0 0 0 0 0 0 0 0 0
 1418146338 0 0 0 0 0 0 0 0 0 0 0
 1418146338 0 0 0 0 0 0 0 0 0 0 0
 1418146338 0 0 0 0 0 0 0 0 0 0 0
 1418146338 0 0 0 0 0 0 0 0 0 0 0
 1418146338 0 0 0 0 0 0 0 0 0 0 0
 1418146338 0 0 0 0 0 0 0 0 0 0 0
 1418146338 0 0 0 0 0 0 0 0 0 0 0
 1418146338 0 0 0 0 0 0 0 0 0 0 0
 1418146338 0 0 0 0 0 0 0 0 0 0 0
 1418146338 0 0 0 0 0 0 0 0 0 0 0
 1418146338 0 0 0 0 0 0 0 0 0 0 0
 1418146338 0 0 0 0 0 0 0 0 0 0 0
 1418146338 0 0 0 0 0 0 0 0 0 0 0
 1418146338 0 0 0 0 0 0 0 0 0 0 0
 1418146338 0 0 0 0 0 0 0 0 0 0 0
 1418146338 0 0 0 0 0 0 0 0 0 0 0
 1418146338 0 0 0 0 0 0 0 0 0 0 0
 1418146338 0 0 0 0 0 0 0 0 0 0 0
 1418146338 0 0 0 0 0 0 0 0 0 0 0
 1418146338 0 0 0 0 0 0 0 0 0 0 0
 1418146338 0 0 0 0 0 0 0 0 0 0 0
 1418146339 0 0 0 0 0 0 0 0 0 0 0
 1418146339 0 0 0 0 0 0 0 0 0 0 0
 1418146339 0 0 0 0 0 0 0 0 0 0 0
 1418146339 0 0 0 0 0 0 0 0 0 0 0
 1418146339 0 0 0 0 0 0 0 0 0 0 0
 1418146339 0 0 0 0 0 0 0 0 0 0 0
 1418146339 0 0 0 0 0 0 0 0 0 0 0
 1418146339 0 0 0 0 0 0 0 0 0 0 0
 1418146339 0 0 0 0 0 0 0 0 0 0 0
 1418146339 0 0 0 0 0 0 0 0 0 0 0
 1418146339 0 0 0 0 0 0 0 0 0 0 0
 1418146339 0 0 0 0 0 0 0 0 0 0 0
 1418146339 0 0 0 0 0 0 0 0 0 0 0
 1418146339 0 0 0 0 0 0 0 0 0 0 0
 1418146339 0 0 0 0 0 0 0 0 0 0 0
 1418146339 0 0 0 0 0 0 0 0 0 0 0
 1418146339 0 0 0 0 0 0 0 0 0 0 0
 1418146339 0 0 0 0 0 0 0 0 0 0 0
 1418146339 0 0 0 0 0 0 0 0 0 0 0
 1418146339 0 0 0 0 0 0 0 0 0 0 0
 1418146339 0 0 0 0 0 0 0 0 0 0 0
 1418146339 0 0 0 0 0 0 0 0 0 0 0
 1418146339 0 0 0 0 0 0 0 0 0 0 0
 1418146339 0 0 0 0 0 0 0 0 0 0 0
 1418146339 0 0 0 0 0 0 0 0 0 0 0
 1418146339 0 0 0 0 0 0 0 0 0 0 0
 1418146339 0 0 0 0 0 0 0 0 0 0 0
 1418146339 0 0 0 0 0 0 0 0 0 0 0
 1418146339 0 0 0 0 0 0 0 0 0 0 0
 1418146339 0 0 0 0 0 0 0 0 0 0 0
 1418146340 0 0 0 0 0 0 0 0 0 0 0
 1418146340 0 0 0 0 0 0 0 0 0 0 0
 1418146340 0 0 0 0 0 0 0 0 0 0 0
 1418146340 0 0 0 0 0 0 0 0 0 0 0
 1418146340 0 0 0 0 0 0 0 0 0 0 0
 1418146340 0 0 0 0 0 0 0 0 0 0 0
 1418146340 0 0 0 0 0 0 0 0 0 0 0
 1418146340 0 0 0 0 0 0 0 0 0 0 0
 1418146340 0 0 0 0 0 0 0 0 0 0 0
 1418146340 0 0 0 0 0 0 0 0 0 0 0
 1418146340 0 0 0 0 0 0 0 0 0 0 0
 1418146340 0 0 0 0 0 0 0 0 0 0 0
 1418146340 0 0 0 0 0 0 0 0 0 0 0
 1418146340 0 0 0 0 0 0 0 0 0 0 0
 1418146340 0 0 0 0 0 0 0 0 0 0 0
 1418146340 0 0 0 0 0 0 0 0 0 0 0
 1418146340 0 0 0 0 0 0 0 0 0 0 0
 1418146340 0 0 0 0 0 0 0 0 0 0 0
 1418146340 0 0 0 0 0 0 0 0 0 0 0
 1418146340 0 0 0 0 0 0 0 0 0 0 0
 1418146340 0 0 0 0 0 0 0 0 0 0 0
 1418146340 0 0 0 0 0 0 0 0 0 0 0
 1418146340 0 0 0 0 0 0 0 0 0 0 0
 1418146340 0 0 0 0 0 0 0 0 0 0 0
 1418146340 0 0 0 0 0 0 0 0 0 0 0
 1418146340 0 0 0 0 0 0 0 0 0 0 0
 1418146340 0 0 0 0 0 0 0 0 0 0 0
 1418146340 0 0 0 0 0 0 0 0 0 0 0
 1418146340 0 0 0 0 0 0 0 0 0 0 0
 1418146340 0 0 0 0 0 0 0 0 0 0 0
 1418146341 0 0 0 0 0 0 0 0 0 0 0
 1418146341 0 0 0 0 0 0 0 0 0 0 0
 1418146341 0 0 0 0 0 0 0 0 0 0 0
 1418146341 0 0 0 0 0 0 0 0 0 0 0
 1418146341 0 0 0 0 0 0 0 0 0 0 0
 1418146341 0 0 0 0 0 0 0 0 0 0 0
 1418146341 0 0 0 0 0 0 0 0 0 0 0
 1418146341 0 0 0 0 0 0 0 0 0 0 0
 1418146341 0 0 0 0 0 0 0 0 0 0 0
 1418146341 0 0 0 0 0 0 0 0 0 0 0
 1418146341 0 0 0 0 0 0 0 0 0 0 0
 1418146341 0 0 0 0 0 0 0 0 0 0 0
 1418146341 0 0 0 0 0 0 0 0 0 0 0
 1418146341 0 0 0 0 0 0 0 0 0 0 0
 1418146341 0 0 0 0 0 0 0 0 0 0 0
 1418146341 0 0 0 0 0 0 0 0 0 0 0
 1418146341 0 0 0 0 0 0 0 0 0 0 0
 1418146341 0 0 0 0 0 0 0 0 0 0 0
 1418146341 0 0 0 0 0 0 0 0 0 0 0
 1418146341 0 0 0 0 0 0 0 0 0 0 0
 1418146341 0 0 0 0 0 0 0 0 0 0 0
 1418146341 0 0 0 0 0 0 0 0 0 0 0
 1418146341 0 0 0 0 0 0 0 0 0 0 0
 1418146341 0 0 0 0 0 0 0 0 0 0 0
 1418146341 0 0 0 0 0 0 0 0 0 0 0
 1418146341 0 0 0 0 0 0 0 0 0 0 0
 1418146341 0 0 0 0 0 0 0 0 0 0 0
 1418146341 0 0 0 0 0 0 0 0 0 0 0
 1418146341 0 0 0 0 0 0 0 0 0 0 0
 1418146341 0 0 0 0 0 0 0 0 0 0 0
 1418146342 0 0 0 0 0 0 0 0 0 0 0
 1418146342 0 0 0 0 0 0 0 0 0 0 0
 1418146342 0 0 0 0 0 0 0 0 0 0 0
 1418146342 0 0 0 0 0 0 0 0 0 0 0
 1418146342 0 0 0 0 0 0 0 0 0 0 0
 1418146342 0 0 0 0 0 0 0 0 0 0 0
 1418146342 0 0 0 0 0 0 0 0 0 0 0
 1418146342 0 0 0 0 0 0 0 0 0 0 0
 1418146342 0 0 0 0 0 0 0 0 0 0 0
 1418146342 0 0 0 0 0 0 0 0 0 0 0
 1418146342 0 0 0 0 0 0 0 0 0 0 0
 1418146342 0 0 0 0 0 0 0 0 0 0 0
 1418146342 0 0 0 0 0 0 0 0 0 0 0
 1418146342 0 0 0 0 0 0 0 0 0 0 0
 1418146342 0 0 0 0 0 0 0 0 0 0 0
 1418146342 0 0 0 0 0 0 0 0 0 0 0
 1418146342 0 0 0 0 0 0 0 0 0 0 0
 1418146342 0 0 0 0 0 0 0 0 0 0 0
 1418146342 0 0 0 0 0 0 0 0 0 0 0
 1418146342 0 0 0 0 0 0 0 0 0 0 0
 1418146342 0 0 0 0 0 0 0 0 0 0 0
 1418146342 0 0 0 0 0 0 0 0 0 0 0
 1418146342 0 0 0 0 0 0 0 0 0 0 0
 1418146342 0 0 0 0 0 0 0 0 0 0 0
 1418146342 0 0 0 0 0 0 0 0 0 0 0
 1418146342 0 0 0 0 0 0 0 0 0 0 0
 1418146342 0 0 0 0 0 0 0 0 0 0 0
 1418146342 0 0 0 0 0 0 0 0 0 0 0
 1418146342 0 0 0 0 0 0 0 0 0 0 0
 1418146342 0 0 0 0 0 0 0 0 0 0 0
 1418146342 0 0 0 0 0 0 0 0 0 0 0
 1418146343 0 0 0 0 0 0 0 0 0 0 0
 1418146343 0 0 0 0 0 0 0 0 0 0 0
 1418146343 0 0 0 0 0 0 0 0 0 0 0
 1418146343 0 0 0 0 0 0 0 0 0 0 0
 1418146343 0 0 0 0 0 0 0 0 0 0 0
 1418146343 0 0 0 0 0 0 0 0 0 0 0
 1418146343 0 0 0 0 0 0 0 0 0 0 0
 1418146343 0 0 0 0 0 0 0 0 0 0 0
 1418146343 0 0 0 0 0 0 0 0 0 0 0
 1418146343 0 0 0 0 0 0 0 0 0 0 0
 1418146343 0 0 0 0 0 0 0 0 0 0 0
 1418146343 0 0 0 0 0 0 0 0 0 0 0
 1418146343 0 0 0 0 0 0 0 0 0 0 0
 1418146343 0 0 0 0 0 0 0 0 0 0 0
 1418146343 0 0 0 0 0 0 0 0 0 0 0
 1418146343 0 0 0 0 0 0 0 0 0 0 0
 1418146343 0 0 0 0 0 0 0 0 0 0 0
 1418146343 0 0 0 0 0 0 0 0 0 0 0
 1418146343 0 0 0 0 0 0 0 0 0 0 0
 1418146343 0 0 0 0 0 0 0 0 0 0 0
 1418146343 0 0 0 0 0 0 0 0 0 0 0
 1418146343 0 0 0 0 0 0 0 0 0 0 0
 1418146343 0 0 0 0 0 0 0 0 0 0 0
 1418146343 0 0 0 0 0 0 0 0 0 0 0
 1418146343 0 0 0 0 0 0 0 0 0 0 0
 1418146343 0 0 0 0 0 0 0 0 0 0 0
 1418146343 0 0 0 0 0 0 0 0 0 0 0
 1418146343 0 0 0 0 0 0 0 0 0 0 0
 1418146343 0 0 0 0 0 0 0 0 0 0 0
 1418146343 0 0 0 0 0 0 0 0 0 0 0
 1418146344 0 0 0 0 0 0 0 0 0 0 0
 1418146344 0 0 0 0 0 0 0 0 0 0 0
 1418146344 0 0 0 0 0 0 0 0 0 0 0
 1418146344 0 0 0 0 0 0 0 0 0 0 0
 1418146344 0 0 0 0 0 0 0 0 0 0 0
 1418146344 0 0 0 0 0 0 0 0 0 0 0
 1418146344 0 0 0 0 0 0 0 0 0 0 0
 1418146344 0 0 0 0 0 0 0 0 0 0 0
 1418146344 0 0 0 0 0 0 0 0 0 0 0
 1418146344 0 0 0 0 0 0 0 0 0 0 0
 1418146344 0 0 0 0 0 0 0 0 0 0 0
 1418146344 0 0 0 0 0 0 0 0 0 0 0
 1418146344 0 0 0 0 0 0 0 0 0 0 0
 1418146344 0 0 0 0 0 0 0 0 0 0 0
 1418146344 0 0 0 0 0 0 0 0 0 0 0
 1418146344 0 0 0 0 0 0 0 0 0 0 0
 1418146344 0 0 0 0 0 0 0 0 0 0 0
 1418146344 0 0 0 0 0 0 0 0 0 0 0
 1418146344 0 0 0 0 0 0 0 0 0 0 0
 1418146344 0 0 0 0 0 0 0 0 0 0 0
 1418146344 0 0 0 0 0 0 0 0 0 0 0
 1418146344 0 0 0 0 0 0 0 0 0 0 0
 1418146344 0 0 0 0 0 0 0 0 0 0 0
 1418146344 0 0 0 0 0 0 0 0 0 0 0
 1418146344 0 0 0 0 0 0 0 0 0 0 0
 1418146344 0 0 0 0 0 0 0 0 0 0 0
 1418146344 0 0 0 0 0 0 0 0 0 0 0
 1418146344 0 0 0 0 0 0 0 0 0 0 0
 1418146344 0 0 0 0 0 0 0 0 0 0 0
 1418146344 0 0 0 0 0 0 0 0 0 0 0
 1418146345 0 0 0 0 0 0 0 0 0 0 0
 1418146345 0 0 0 0 0 0 0 0 0 0 0
 1418146345 0 0 0 0 0 0 0 0 0 0 0
 1418146345 0 0 0 0 0 0 0 0 0 0 0
 1418146345 0 0 0 0 0 0 0 0 0 0 0
 1418146345 0 0 0 0 0 0 0 0 0 0 0
 1418146345 0 0 0 0 0 0 0 0 0 0 0
 1418146345 0 0 0 0 0 0 0 0 0 0 0
 1418146345 0 0 0 0 0 0 0 0 0 0 0
 1418146345 0 0 0 0 0 0 0 0 0 0 0
 1418146345 0 0 0 0 0 0 0 0 0 0 0
 1418146345 0 0 0 0 0 0 0 0 0 0 0
 1418146345 0 0 0 0 0 0 0 0 0 0 0
 1418146345 0 0 0 0 0 0 0 0 0 0 0
 1418146345 0 0 0 0 0 0 0 0 0 0 0
 1418146345 0 0 0 0 0 0 0 0 0 0 0
 1418146345 0 0 0 0 0 0 0 0 0 0 0
 1418146345 0 0 0 0 0 0 0 0 0 0 0
 1418146345 0 0 0 0 0 0 0 0 0 0 0
 1418146345 0 0 0 0 0 0 0 0 0 0 0
 1418146345 0 0 0 0 0 0 0 0 0 0 0
 1418146345 0 0 0 0 0 0 0 0 0 0 0
 1418146345 0 0 0 0 0 0 0 0 0 0 0
 1418146345 0 0 0 0 0 0 0 0 0 0 0
 1418146345 0 0 0 0 0 0 0 0 0 0 0
 1418146345 0 0 0 0 0 0 0 0 0 0 0
 1418146345 0 0 0 0 0 0 0 0 0 0 0
 1418146345 0 0 0 0 0 0 0 0 0 0 0
 1418146345 0 0 0 0 0 0 0 0 0 0 0
 1418146345 0 0 0 0 0 0 0 0 0 0 0
 1418146346 0 0 0 0 0 0 0 0 0 0 0
 1418146346 0 0 0 0 0 0 0 0 0 0 0
 1418146346 0 0 0 0 0 0 0 0 0 0 0
 1418146346 0 0 0 0 0 0 0 0 0 0 0
 1418146346 0 0 0 0 0 0 0 0 0 0 0
 1418146346 0 0 0 0 0 0 0 0 0 0 0
 1418146346 0 0 0 0 0 0 0 0 0 0 0
 1418146346 0 0 0 0 0 0 0 0 0 0 0
 1418146346 0 0 0 0 0 0 0 0 0 0 0
 1418146346 0 0 0 0 0 0 0 0 0 0 0
 1418146346 0 0 0 0 0 0 0 0 0 0 0
 1418146346 0 0 0 0 0 0 0 0 0 0 0
