 1418117028 0 0 0 0 0 0 0 0 0 0 0
 1418117028 0 0 0 0 0 0 0 0 0 0 0
 1418117029 0 0 0 0 0 0 0 0 0 0 0
 1418117029 0 0 0 0 0 0 0 0 0 0 0
 1418117029 0 0 0 0 0 0 0 0 0 0 0
 1418117030 0 0 0 0 0 0 0 0 0 0 0
 1418117030 0 0 0 0 0 0 0 0 0 0 0
 1418117030 0 0 0 0 0 0 0 0 0 0 0
 1418117031 0 0 0 0 0 0 0 0 0 0 0
 1418117031 0 0 0 0 0 0 0 0 0 0 0
 1418117031 0 0 0 0 0 0 0 0 0 0 0
 1418117032 0 0 0 0 0 0 0 0 0 0 0
 1418117032 0 0 0 0 0 0 0 0 0 0 0
 1418117032 0 0 0 0 0 0 0 0 0 0 0
 1418117033 0 0 0 0 0 0 0 0 0 0 0
 1418117033 0 0 0 0 0 0 0 0 0 0 0
 1418117033 0 0 0 0 0 0 0 0 0 0 0
 1418117034 0 0 0 0 0 0 0 0 0 0 0
 1418117034 0 0 0 0 0 0 0 0 0 0 0
 1418117034 0 0 0 0 0 0 0 0 0 0 0
 1418117035 0 0 0 0 0 0 0 0 0 0 0
 1418117035 0 0 0 0 0 0 0 0 0 0 0
 1418117035 0 0 0 0 0 0 0 0 0 0 0
 1418117035 0 0 0 0 0 0 0 0 0 0 0
 1418117036 0 0 0 0 0 0 0 0 0 0 0
 1418117036 0 0 0 0 0 0 0 0 0 0 0
 1418117036 0 0 0 0 0 0 0 0 0 0 0
 1418117037 0 0 0 0 0 0 0 0 0 0 0
 1418117037 0 0 0 0 0 0 0 0 0 0 0
 1418117037 0 0 0 0 0 0 0 0 0 0 0
 1418117038 0 0 0 0 0 0 0 0 0 0 0
 1418117038 0 0 0 0 0 0 0 0 0 0 0
 1418117038 0 0 0 0 0 0 0 0 0 0 0
 1418117038 0 0 0 0 0 0 0 0 0 0 0
 1418117039 0 0 0 0 0 0 0 0 0 0 0
 1418117039 0 0 0 0 0 0 0 0 0 0 0
 1418117039 0 0 0 0 0 0 0 0 0 0 0
 1418117040 0 0 0 0 0 0 0 0 0 0 0
 1418117040 0 0 0 0 0 0 0 0 0 0 0
 1418117040 0 0 0 0 0 0 0 0 0 0 0
 1418117040 0 0 0 0 0 0 0 0 0 0 0
 1418117041 0 0 0 0 0 0 0 0 0 0 0
 1418117041 0 0 0 0 0 0 0 0 0 0 0
 1418117041 0 0 0 0 0 0 0 0 0 0 0
 1418117042 0 0 0 0 0 0 0 0 0 0 0
 1418117042 0 0 0 0 0 0 0 0 0 0 0
 1418117042 0 0 0 0 0 0 0 0 0 0 0
 1418117043 0 0 0 0 0 0 0 0 0 0 0
 1418117043 0 0 0 0 0 0 0 0 0 0 0
 1418117043 0 0 0 0 0 0 0 0 0 0 0
 1418117044 0 0 0 0 0 0 0 0 0 0 0
 1418117044 0 0 0 0 0 0 0 0 0 0 0
 1418117044 0 0 0 0 0 0 0 0 0 0 0
 1418117044 0 0 0 0 0 0 0 0 0 0 0
 1418117045 0 0 0 0 0 0 0 0 0 0 0
 1418117045 0 0 0 0 0 0 0 0 0 0 0
 1418117045 0 0 0 0 0 0 0 0 0 0 0
 1418117046 0 0 0 0 0 0 0 0 0 0 0
 1418117046 0 0 0 0 0 0 0 0 0 0 0
 1418117046 0 0 0 0 0 0 0 0 0 0 0
 1418117047 0 0 0 0 0 0 0 0 0 0 0
 1418117047 0 0 0 0 0 0 0 0 0 0 0
 1418117047 0 0 0 0 0 0 0 0 0 0 0
 1418117048 0 0 0 0 0 0 0 0 0 0 0
 1418117048 0 0 0 0 0 0 0 0 0 0 0
 1418117048 0 0 0 0 0 0 0 0 0 0 0
 1418117049 0 0 0 0 0 0 0 0 0 0 0
 1418117049 0 0 0 0 0 0 0 0 0 0 0
 1418117049 0 0 0 0 0 0 0 0 0 0 0
 1418117050 0 0 0 0 0 0 0 0 0 0 0
 1418117050 0 0 0 0 0 0 0 0 0 0 0
