 1418300849 0 0 0 0 0 0 60 321 316 312 87
 1418300849 0 0 0 0 0 0 60 321 316 306 87
 1418300850 0 0 0 0 0 0 60 321 316 306 87
 1418300850 0 0 0 0 0 0 60 321 316 306 87
 1418300850 0 0 0 0 0 0 60 320 316 306 87
 1418300851 0 0 0 0 0 0 60 321 316 312 87
 1418300851 0 0 0 0 0 0 60 321 316 306 87
 1418300851 0 0 0 0 0 0 60 321 316 306 87
 1418300852 0 0 0 0 0 0 60 320 316 311 87
 1418300852 0 0 0 0 0 0 60 320 316 312 87
 1418300852 0 0 0 0 0 0 60 320 316 307 87
 1418300852 0 0 0 0 0 0 60 320 316 307 87
 1418300853 0 0 0 0 0 0 60 321 316 312 87
 1418300853 0 0 0 0 0 0 60 320 316 307 87
 1418300853 0 0 0 0 0 0 60 320 316 307 87
 1418300854 0 0 0 0 0 0 60 321 316 307 87
 1418300854 0 0 0 0 0 0 60 321 316 306 87
 1418300854 0 0 0 0 0 0 60 321 316 307 87
 1418300855 0 0 0 0 0 0 60 321 316 312 87
 1418300855 0 0 0 0 0 0 60 321 316 312 87
 1418300855 0 0 0 0 0 0 60 320 316 307 87
 1418300855 0 0 0 0 0 0 60 320 316 312 87
 1418300856 0 0 0 0 0 0 60 321 316 312 87
 1418300856 0 0 0 0 0 0 60 320 316 307 87
 1418300856 0 0 0 0 0 0 60 321 317 305 87
 1418300857 0 0 0 0 0 0 60 321 316 306 87
 1418300857 0 0 0 0 0 0 60 321 316 306 87
 1418300857 0 1 0 1 0 0 60 321 316 307 87
 1418300858 0 0 0 -1 0 0 60 320 316 313 87
 1418300858 1 1 1 1 0 0 65 320 309 297 80
 1418300858 2 1 2 1 0 0 67 317 313 297 81
 1418300858 2 1 1 0 0 0 67 316 314 297 81
 1418300859 2 1 0 0 0 0 67 316 314 297 81
 1418300859 2 1 0 0 0 0 67 316 314 297 81
 1418300859 2 1 0 0 0 0 67 316 314 309 81
 1418300860 2 1 0 0 0 0 67 316 314 297 81
 1418300860 3 0 1 -1 0 0 66 316 314 297 81
 1418300860 2 0 0 -1 0 0 66 316 313 297 81
 1418300861 2 0 -1 0 0 0 66 316 313 297 81
 1418300861 2 0 0 0 0 0 66 316 313 297 81
 1418300861 3 1 0 1 0 0 67 316 313 297 81
 1418300862 3 1 1 1 0 0 67 316 313 309 81
 1418300862 4 1 1 0 0 0 67 316 306 296 81
 1418300862 5 1 2 0 0 0 65 314 305 296 81
 1418300863 4 1 0 0 0 0 65 314 306 296 82
 1418300863 4 1 0 0 0 0 66 314 306 297 82
 1418300863 4 1 0 0 0 0 66 314 306 297 82
 1418300864 4 1 0 0 0 0 66 314 307 296 82
 1418300864 4 1 0 0 0 0 66 314 306 296 82
 1418300864 4 1 0 0 0 0 66 314 306 296 82
 1418300864 4 1 0 0 0 0 66 314 306 296 82
 1418300865 4 1 0 0 0 0 66 314 306 296 82
 1418300865 4 1 0 0 0 0 66 314 306 296 82
 1418300865 4 1 0 0 0 0 66 314 306 297 82
 1418300866 4 1 0 0 0 0 66 314 306 297 82
 1418300866 4 1 0 0 0 0 66 314 306 297 82
 1418300866 4 1 0 0 0 0 66 314 306 296 82
 1418300866 4 1 0 0 0 0 66 314 306 296 82
 1418300867 4 1 0 0 0 0 66 314 306 296 82
 1418300867 4 1 0 0 0 0 66 314 306 297 82
 1418300867 4 1 0 0 0 0 66 314 306 296 82
 1418300868 4 1 0 0 0 0 66 314 306 296 82
 1418300868 4 1 0 0 0 0 66 314 306 297 82
 1418300868 4 1 0 0 0 0 66 314 306 297 82
 1418300869 4 1 0 0 0 0 66 314 306 297 82
 1418300869 4 1 0 0 0 0 66 314 306 297 82
 1418300869 4 1 0 0 0 0 66 314 306 297 82
 1418300869 4 1 0 0 0 0 66 314 306 297 82
 1418300870 4 1 0 0 0 0 66 314 306 297 82
 1418300870 4 1 0 0 0 0 66 314 305 297 82
 1418300870 4 1 0 0 0 0 66 314 305 304 82
 1418300871 4 1 0 0 0 0 66 314 305 297 82
 1418300871 4 1 0 0 0 0 66 314 305 297 82
 1418300871 4 1 0 0 0 0 66 314 305 309 82
 1418300872 4 1 0 0 0 0 66 314 305 297 82
 1418300872 4 1 0 0 0 0 66 314 305 309 82
 1418300872 4 1 0 0 0 0 66 314 305 309 82
 1418300873 4 1 0 0 0 0 66 314 305 297 82
 1418300873 4 1 0 0 0 0 66 314 305 309 82
 1418300873 4 1 0 0 0 0 66 314 305 309 82
 1418300873 4 1 0 0 0 0 66 314 305 297 82
 1418300874 4 1 0 0 0 0 66 314 305 297 82
 1418300874 4 1 0 0 0 0 66 314 305 297 82
 1418300874 4 1 0 0 0 0 66 314 305 297 82
 1418300875 4 1 0 0 0 0 66 314 305 297 82
 1418300875 4 1 0 0 0 0 66 314 305 297 82
 1418300875 4 1 0 0 0 0 66 314 305 297 82
 1418300876 4 1 0 0 0 0 66 314 305 297 82
 1418300876 4 1 0 0 0 0 66 314 305 296 82
 1418300876 4 1 0 0 0 0 66 314 305 297 82
 1418300876 4 1 0 0 0 0 66 314 305 297 82
 1418300877 4 1 0 0 0 0 66 314 305 297 82
 1418300877 4 1 0 0 0 0 66 314 305 297 82
 1418300877 4 1 0 0 0 0 66 314 305 297 82
 1418300878 4 1 0 0 0 0 66 314 305 297 82
 1418300878 4 1 0 0 0 0 66 314 305 297 82
 1418300878 4 1 0 0 0 0 66 314 305 297 82
 1418300879 4 1 0 0 0 0 66 314 305 297 82
 1418300879 4 1 0 0 0 0 66 314 305 297 82
 1418300879 4 1 0 0 0 0 66 314 305 297 82
 1418300879 4 1 0 0 0 0 66 314 305 297 82
 1418300880 4 1 0 0 0 0 66 314 305 297 82
 1418300880 4 1 0 0 0 0 66 314 305 297 82
 1418300881 4 1 0 0 0 0 66 314 305 297 82
 1418300881 4 1 0 0 0 0 66 314 305 297 82
 1418300881 4 1 0 0 0 0 66 314 305 296 82
 1418300881 4 1 0 0 0 0 66 314 305 297 82
 1418300882 4 1 0 0 0 0 66 314 305 297 82
 1418300882 4 1 0 0 0 0 66 314 305 305 82
