 1418152909 32 37 0 0 1 0 84 200 340 318 62
 1418152909 32 37 0 0 1 0 84 200 340 318 61
 1418152910 32 37 0 0 1 0 84 352 340 318 62
 1418152910 32 37 0 0 1 0 84 351 340 316 62
 1418152910 32 37 0 0 1 0 84 351 340 316 61
 1418152910 32 37 0 0 1 0 84 351 340 316 61
 1418152911 32 37 0 0 1 0 84 350 328 318 62
 1418152911 32 37 0 0 1 0 84 351 340 315 62
 1418152911 32 37 0 0 1 0 84 351 340 315 61
 1418152912 32 37 0 0 1 0 84 353 340 315 62
 1418152912 32 37 0 0 1 0 84 200 320 315 62
 1418152912 32 37 0 0 1 0 84 200 320 315 62
 1418152913 32 37 0 0 1 0 84 200 320 315 61
 1418152913 32 37 0 0 1 0 84 200 340 315 62
 1418152913 32 37 0 0 1 0 84 200 320 314 62
 1418152913 32 37 0 0 1 0 84 200 320 315 62
 1418152914 32 37 0 0 1 0 84 200 320 315 61
 1418152914 32 37 0 0 1 0 84 200 320 315 61
 1418152914 32 37 0 0 1 0 84 200 340 316 61
 1418152915 32 37 0 0 1 0 84 200 320 316 61
 1418152915 32 37 0 0 1 0 84 344 319 319 61
 1418152915 32 37 0 0 1 0 84 345 319 316 61
 1418152915 32 37 0 0 1 0 84 345 318 319 61
 1418152916 32 37 0 0 1 0 84 200 320 319 62
 1418152916 32 37 0 0 1 0 84 354 318 319 62
 1418152916 32 37 0 0 1 0 84 354 318 315 62
 1418152917 32 37 0 0 1 0 84 353 318 315 62
 1418152917 32 37 0 0 1 0 84 352 319 315 62
 1418152917 32 37 0 0 1 0 84 344 319 315 62
 1418152918 32 37 0 0 1 0 84 344 320 315 62
 1418152918 32 37 0 0 0 0 84 344 319 315 62
 1418152918 32 37 0 0 0 0 84 343 319 316 62
 1418152918 32 37 0 0 0 0 84 344 319 319 62
 1418152919 32 37 0 0 0 0 84 344 318 319 62
 1418152919 32 37 0 0 0 0 84 344 318 317 62
 1418152919 32 37 0 0 0 0 84 344 318 318 61
 1418152920 32 37 0 0 0 0 84 344 318 318 61
 1418152920 32 37 0 0 0 0 84 344 318 318 62
 1418152920 32 37 0 0 0 0 84 353 319 319 62
 1418152920 32 37 0 0 0 0 84 353 318 320 61
 1418152921 32 37 0 0 0 0 84 344 318 320 62
 1418152921 32 37 0 0 0 0 84 351 318 316 62
 1418152921 32 37 0 0 0 0 84 352 318 316 62
 1418152922 32 37 0 0 0 0 84 352 318 318 62
 1418152922 32 37 0 0 1 0 84 344 318 318 62
 1418152922 32 37 0 0 1 0 84 351 319 319 62
 1418152923 32 37 0 0 1 0 84 351 318 318 62
 1418152923 32 37 0 0 1 0 84 350 318 318 62
 1418152923 32 37 0 0 1 0 84 344 318 319 62
 1418152923 32 37 0 0 1 0 84 344 318 317 62
 1418152924 32 37 0 0 1 0 84 344 318 317 62
 1418152924 32 37 0 0 1 0 84 344 318 318 62
 1418152924 32 37 0 0 1 0 84 343 318 319 62
 1418152925 32 37 0 0 1 0 84 343 318 318 62
 1418152925 32 37 0 0 1 0 84 344 318 318 62
 1418152925 32 37 0 0 1 0 84 343 319 318 62
 1418152926 32 37 0 0 1 0 84 344 318 318 62
 1418152926 32 37 0 0 1 0 84 344 318 318 62
 1418152926 32 37 0 0 1 0 84 344 318 318 62
 1418152927 32 37 0 0 1 0 84 344 319 318 62
 1418152927 32 37 0 0 1 0 84 344 319 318 62
 1418152927 32 37 0 0 1 0 84 344 318 318 62
 1418152927 32 37 0 0 1 0 84 344 319 318 62
 1418152928 32 37 0 0 1 0 84 200 319 318 62
 1418152928 32 37 0 0 1 0 84 200 319 318 62
 1418152929 32 37 0 0 1 0 84 200 319 317 62
 1418152929 32 37 0 0 1 0 84 352 319 318 62
 1418152929 32 37 0 0 1 0 84 352 319 318 62
 1418152929 32 37 0 0 1 0 84 352 319 318 62
 1418152930 32 37 0 0 1 0 84 351 319 318 62
 1418152930 32 37 0 0 1 0 84 351 319 318 62
 1418152930 32 37 0 0 1 0 84 351 318 316 62
 1418152931 32 37 0 0 1 0 84 344 318 316 62
 1418152931 32 37 0 0 1 0 84 344 319 318 62
 1418152931 32 37 0 0 1 0 84 344 319 318 62
 1418152932 32 37 0 0 1 0 84 344 319 318 74
 1418152932 32 37 0 0 1 0 84 344 319 318 74
 1418152932 32 37 0 0 1 0 84 344 319 318 74
 1418152932 32 37 0 0 1 0 84 344 319 317 74
 1418152933 32 37 0 0 1 0 84 344 318 317 89
 1418152933 32 37 0 0 1 0 84 353 319 316 89
 1418152933 32 37 0 0 1 0 84 353 319 316 85
 1418152934 32 37 0 0 1 0 84 353 318 316 62
 1418152934 32 37 0 0 1 0 84 352 318 317 62
 1418152934 32 37 0 0 1 0 84 344 318 316 62
 1418152935 32 37 0 0 1 0 84 344 318 316 62
 1418152935 32 37 0 0 1 0 84 343 318 316 62
 1418152935 32 37 0 0 1 0 84 344 318 316 62
 1418152936 32 37 0 0 1 0 84 344 318 317 62
 1418152936 32 37 0 0 1 0 84 344 319 316 62
 1418152936 32 37 0 0 1 0 84 344 319 316 62
 1418152936 32 37 0 0 1 0 84 343 319 316 62
 1418152937 32 37 0 0 1 0 84 343 320 317 62
 1418152937 32 37 0 0 1 0 84 343 320 316 62
 1418152937 32 37 0 0 1 0 84 343 328 316 62
 1418152938 32 37 0 0 1 0 84 343 328 317 62
 1418152938 32 37 0 0 1 0 84 343 341 316 62
 1418152938 32 37 0 0 1 0 84 344 328 316 62
 1418152939 32 37 0 0 1 0 84 344 341 316 62
 1418152939 32 37 0 0 1 0 84 344 328 316 62
 1418152939 32 37 0 0 1 0 84 344 328 316 62
 1418152940 32 37 0 0 1 0 84 344 328 316 62
 1418152940 32 37 0 0 1 0 84 344 328 317 62
 1418152940 32 37 0 0 1 0 84 344 341 317 62
 1418152941 32 37 0 0 1 0 84 344 328 317 62
 1418152941 32 37 0 0 1 0 84 344 328 317 62
 1418152941 32 37 0 0 1 0 84 343 327 317 62
 1418152941 32 37 0 0 1 0 84 344 327 317 112
 1418152942 32 37 0 0 1 0 84 343 327 316 112
 1418152942 32 37 0 0 1 0 84 344 327 316 111
 1418152942 32 37 0 0 1 0 84 344 327 317 62
 1418152943 32 37 0 0 1 0 84 200 327 317 62
 1418152943 32 37 0 0 1 0 84 200 327 317 62
 1418152943 32 37 0 0 1 0 84 200 327 316 62
 1418152944 32 37 0 0 1 0 84 200 327 316 62
 1418152944 32 37 0 0 1 0 84 200 327 316 62
 1418152944 32 37 0 0 1 0 84 200 327 317 112
 1418152944 32 37 0 0 1 0 84 200 327 317 62
 1418152945 32 37 0 0 1 0 84 200 327 316 62
 1418152945 32 37 0 0 1 0 84 344 327 316 112
 1418152945 32 37 0 0 1 0 84 344 327 316 112
 1418152946 32 37 0 0 1 0 84 200 327 316 62
 1418152946 32 37 0 0 1 0 84 200 327 317 62
 1418152946 32 37 0 0 1 0 84 200 341 317 112
 1418152946 32 37 0 0 1 0 84 344 341 317 112
 1418152947 32 37 0 0 1 0 84 200 328 317 112
 1418152947 32 37 0 0 1 0 84 200 328 316 62
