 1418155817 48 -20 3 0 0 0 197 100 100 103 92
 1418155817 48 -20 0 0 0 0 199 99 100 103 92
 1418155818 48 -20 0 0 0 0 178 99 99 103 93
 1418155818 52 -19 4 1 0 0 199 97 97 103 93
 1418155818 56 -16 6 4 0 0 199 99 93 99 94
 1418155818 60 -11 6 7 0 0 206 99 88 93 114
 1418155819 61 -8 3 6 0 0 205 91 84 93 98
 1418155819 61 -7 1 4 0 0 205 88 67 60 98
 1418155819 65 -6 4 1 0 0 211 88 52 60 98
 1418155820 70 -3 6 3 0 1 211 47 46 47 98
 1418155820 72 -1 6 4 0 1 204 47 43 47 104
 1418155821 75 0 2 1 0 1 202 37 36 43 108
 1418155821 75 0 0 0 0 1 171 34 200 43 109
 1418155821 75 0 0 0 0 1 201 71 35 43 109
 1418155822 75 0 0 0 0 1 171 36 36 47 108
 1418155822 75 0 0 0 0 1 171 39 37 43 109
 1418155822 75 0 0 0 0 1 171 40 39 43 109
 1418155823 75 0 0 0 0 1 171 40 27 44 109
 1418155823 75 0 0 0 0 1 171 39 38 44 109
 1418155823 75 0 0 0 0 1 171 39 38 44 109
 1418155824 75 0 0 0 0 1 171 41 32 44 109
 1418155824 75 0 0 0 0 1 171 38 41 46 109
 1418155824 75 0 0 0 0 1 171 38 45 51 109
 1418155825 75 0 0 0 0 1 171 44 200 51 109
 1418155825 75 0 0 0 0 1 171 43 200 55 109
 1418155825 75 0 0 0 0 1 171 41 45 44 109
 1418155826 75 0 0 0 0 1 171 39 43 38 109
 1418155826 75 0 0 0 0 1 201 38 42 38 109
 1418155826 75 0 0 0 0 1 171 38 42 38 108
 1418155827 75 0 0 0 0 1 171 37 43 38 109
 1418155827 75 0 0 0 0 1 170 42 200 36 109
 1418155827 75 0 0 0 0 1 202 46 47 66 109
 1418155828 75 0 0 0 0 1 202 15 49 52 108
 1418155828 75 0 0 0 0 1 171 200 46 49 109
