 1418146418 0 0 0 0 0 0 0 0 0 0 0
 1418146418 0 0 0 0 0 0 0 0 0 0 0
 1418146418 0 0 0 0 0 0 0 0 0 0 0
 1418146418 0 0 0 0 0 0 0 0 0 0 0
 1418146418 0 0 0 0 0 0 0 0 0 0 0
 1418146418 0 0 0 0 0 0 0 0 0 0 0
 1418146418 0 0 0 0 0 0 0 0 0 0 0
 1418146418 0 0 0 0 0 0 0 0 0 0 0
 1418146418 0 0 0 0 0 0 0 0 0 0 0
 1418146418 0 0 0 0 0 0 0 0 0 0 0
 1418146418 0 0 0 0 0 0 0 0 0 0 0
 1418146418 0 0 0 0 0 0 0 0 0 0 0
 1418146418 0 0 0 0 0 0 0 0 0 0 0
 1418146418 0 0 0 0 0 0 0 0 0 0 0
 1418146418 0 0 0 0 0 0 0 0 0 0 0
 1418146418 0 0 0 0 0 0 0 0 0 0 0
 1418146418 0 0 0 0 0 0 0 0 0 0 0
 1418146418 0 0 0 0 0 0 0 0 0 0 0
 1418146418 0 0 0 0 0 0 0 0 0 0 0
 1418146418 0 0 0 0 0 0 0 0 0 0 0
 1418146418 0 0 0 0 0 0 0 0 0 0 0
 1418146418 0 0 0 0 0 0 0 0 0 0 0
 1418146418 0 0 0 0 0 0 0 0 0 0 0
 1418146418 0 0 0 0 0 0 0 0 0 0 0
 1418146418 0 0 0 0 0 0 0 0 0 0 0
 1418146418 0 0 0 0 0 0 0 0 0 0 0
 1418146419 0 0 0 0 0 0 0 0 0 0 0
 1418146419 0 0 0 0 0 0 0 0 0 0 0
 1418146419 0 0 0 0 0 0 0 0 0 0 0
 1418146419 0 0 0 0 0 0 0 0 0 0 0
 1418146419 0 0 0 0 0 0 0 0 0 0 0
 1418146419 0 0 0 0 0 0 0 0 0 0 0
 1418146419 0 0 0 0 0 0 0 0 0 0 0
 1418146419 0 0 0 0 0 0 0 0 0 0 0
 1418146419 0 0 0 0 0 0 0 0 0 0 0
 1418146419 0 0 0 0 0 0 0 0 0 0 0
 1418146419 0 0 0 0 0 0 0 0 0 0 0
 1418146419 0 0 0 0 0 0 0 0 0 0 0
 1418146419 0 0 0 0 0 0 0 0 0 0 0
 1418146419 0 0 0 0 0 0 0 0 0 0 0
 1418146419 0 0 0 0 0 0 0 0 0 0 0
 1418146419 0 0 0 0 0 0 0 0 0 0 0
 1418146419 0 0 0 0 0 0 0 0 0 0 0
 1418146419 0 0 0 0 0 0 0 0 0 0 0
 1418146419 0 0 0 0 0 0 0 0 0 0 0
 1418146419 0 0 0 0 0 0 0 0 0 0 0
 1418146419 0 0 0 0 0 0 0 0 0 0 0
 1418146419 0 0 0 0 0 0 0 0 0 0 0
 1418146419 0 0 0 0 0 0 0 0 0 0 0
 1418146419 0 0 0 0 0 0 0 0 0 0 0
 1418146419 0 0 0 0 0 0 0 0 0 0 0
 1418146419 0 0 0 0 0 0 0 0 0 0 0
 1418146419 0 0 0 0 0 0 0 0 0 0 0
 1418146419 0 0 0 0 0 0 0 0 0 0 0
 1418146419 0 0 0 0 0 0 0 0 0 0 0
 1418146419 0 0 0 0 0 0 0 0 0 0 0
 1418146420 0 0 0 0 0 0 0 0 0 0 0
 1418146420 0 0 0 0 0 0 0 0 0 0 0
 1418146420 0 0 0 0 0 0 0 0 0 0 0
 1418146420 0 0 0 0 0 0 0 0 0 0 0
 1418146420 0 0 0 0 0 0 0 0 0 0 0
 1418146420 0 0 0 0 0 0 0 0 0 0 0
 1418146420 0 0 0 0 0 0 0 0 0 0 0
 1418146420 0 0 0 0 0 0 0 0 0 0 0
 1418146420 0 0 0 0 0 0 0 0 0 0 0
 1418146420 0 0 0 0 0 0 0 0 0 0 0
 1418146420 0 0 0 0 0 0 0 0 0 0 0
 1418146420 0 0 0 0 0 0 0 0 0 0 0
 1418146420 0 0 0 0 0 0 0 0 0 0 0
 1418146420 0 0 0 0 0 0 0 0 0 0 0
 1418146420 0 0 0 0 0 0 0 0 0 0 0
 1418146420 0 0 0 0 0 0 0 0 0 0 0
 1418146420 0 0 0 0 0 0 0 0 0 0 0
 1418146420 0 0 0 0 0 0 0 0 0 0 0
 1418146420 0 0 0 0 0 0 0 0 0 0 0
 1418146420 0 0 0 0 0 0 0 0 0 0 0
 1418146420 0 0 0 0 0 0 0 0 0 0 0
 1418146420 0 0 0 0 0 0 0 0 0 0 0
 1418146420 0 0 0 0 0 0 0 0 0 0 0
 1418146420 0 0 0 0 0 0 0 0 0 0 0
 1418146420 0 0 0 0 0 0 0 0 0 0 0
 1418146420 0 0 0 0 0 0 0 0 0 0 0
 1418146420 0 0 0 0 0 0 0 0 0 0 0
 1418146420 0 0 0 0 0 0 0 0 0 0 0
 1418146420 0 0 0 0 0 0 0 0 0 0 0
 1418146420 0 0 0 0 0 0 0 0 0 0 0
 1418146421 0 0 0 0 0 0 0 0 0 0 0
 1418146421 0 0 0 0 0 0 0 0 0 0 0
 1418146421 0 0 0 0 0 0 0 0 0 0 0
 1418146421 0 0 0 0 0 0 0 0 0 0 0
 1418146421 0 0 0 0 0 0 0 0 0 0 0
 1418146421 0 0 0 0 0 0 0 0 0 0 0
 1418146421 0 0 0 0 0 0 0 0 0 0 0
 1418146421 0 0 0 0 0 0 0 0 0 0 0
 1418146421 0 0 0 0 0 0 0 0 0 0 0
 1418146421 0 0 0 0 0 0 0 0 0 0 0
 1418146421 0 0 0 0 0 0 0 0 0 0 0
 1418146421 0 0 0 0 0 0 0 0 0 0 0
 1418146421 0 0 0 0 0 0 0 0 0 0 0
 1418146421 0 0 0 0 0 0 0 0 0 0 0
 1418146421 0 0 0 0 0 0 0 0 0 0 0
 1418146421 0 0 0 0 0 0 0 0 0 0 0
 1418146421 0 0 0 0 0 0 0 0 0 0 0
 1418146421 0 0 0 0 0 0 0 0 0 0 0
 1418146421 0 0 0 0 0 0 0 0 0 0 0
 1418146421 0 0 0 0 0 0 0 0 0 0 0
 1418146421 0 0 0 0 0 0 0 0 0 0 0
 1418146421 0 0 0 0 0 0 0 0 0 0 0
 1418146421 0 0 0 0 0 0 0 0 0 0 0
 1418146421 0 0 0 0 0 0 0 0 0 0 0
 1418146421 0 0 0 0 0 0 0 0 0 0 0
 1418146421 0 0 0 0 0 0 0 0 0 0 0
 1418146421 0 0 0 0 0 0 0 0 0 0 0
 1418146421 0 0 0 0 0 0 0 0 0 0 0
 1418146421 0 0 0 0 0 0 0 0 0 0 0
 1418146421 0 0 0 0 0 0 0 0 0 0 0
 1418146422 0 0 0 0 0 0 0 0 0 0 0
 1418146422 0 0 0 0 0 0 0 0 0 0 0
 1418146422 0 0 0 0 0 0 0 0 0 0 0
 1418146422 0 0 0 0 0 0 0 0 0 0 0
 1418146422 0 0 0 0 0 0 0 0 0 0 0
 1418146422 0 0 0 0 0 0 0 0 0 0 0
 1418146422 0 0 0 0 0 0 0 0 0 0 0
 1418146422 0 0 0 0 0 0 0 0 0 0 0
 1418146422 0 0 0 0 0 0 0 0 0 0 0
 1418146422 0 0 0 0 0 0 0 0 0 0 0
 1418146422 0 0 0 0 0 0 0 0 0 0 0
 1418146422 0 0 0 0 0 0 0 0 0 0 0
 1418146422 0 0 0 0 0 0 0 0 0 0 0
 1418146422 0 0 0 0 0 0 0 0 0 0 0
 1418146422 0 0 0 0 0 0 0 0 0 0 0
 1418146422 0 0 0 0 0 0 0 0 0 0 0
 1418146422 0 0 0 0 0 0 0 0 0 0 0
 1418146422 0 0 0 0 0 0 0 0 0 0 0
 1418146422 0 0 0 0 0 0 0 0 0 0 0
 1418146422 0 0 0 0 0 0 0 0 0 0 0
 1418146422 0 0 0 0 0 0 0 0 0 0 0
 1418146422 0 0 0 0 0 0 0 0 0 0 0
 1418146422 0 0 0 0 0 0 0 0 0 0 0
 1418146422 0 0 0 0 0 0 0 0 0 0 0
 1418146422 0 0 0 0 0 0 0 0 0 0 0
 1418146422 0 0 0 0 0 0 0 0 0 0 0
 1418146422 0 0 0 0 0 0 0 0 0 0 0
 1418146422 0 0 0 0 0 0 0 0 0 0 0
 1418146422 0 0 0 0 0 0 0 0 0 0 0
 1418146422 0 0 0 0 0 0 0 0 0 0 0
 1418146423 0 0 0 0 0 0 0 0 0 0 0
 1418146423 0 0 0 0 0 0 0 0 0 0 0
 1418146423 0 0 0 0 0 0 0 0 0 0 0
 1418146423 0 0 0 0 0 0 0 0 0 0 0
 1418146423 0 0 0 0 0 0 0 0 0 0 0
 1418146423 0 0 0 0 0 0 0 0 0 0 0
 1418146423 0 0 0 0 0 0 0 0 0 0 0
 1418146423 0 0 0 0 0 0 0 0 0 0 0
 1418146423 0 0 0 0 0 0 0 0 0 0 0
 1418146423 0 0 0 0 0 0 0 0 0 0 0
 1418146423 0 0 0 0 0 0 0 0 0 0 0
 1418146423 0 0 0 0 0 0 0 0 0 0 0
 1418146423 0 0 0 0 0 0 0 0 0 0 0
 1418146423 0 0 0 0 0 0 0 0 0 0 0
 1418146423 0 0 0 0 0 0 0 0 0 0 0
 1418146423 0 0 0 0 0 0 0 0 0 0 0
 1418146423 0 0 0 0 0 0 0 0 0 0 0
 1418146423 0 0 0 0 0 0 0 0 0 0 0
 1418146423 0 0 0 0 0 0 0 0 0 0 0
 1418146423 0 0 0 0 0 0 0 0 0 0 0
 1418146423 0 0 0 0 0 0 0 0 0 0 0
 1418146423 0 0 0 0 0 0 0 0 0 0 0
 1418146423 0 0 0 0 0 0 0 0 0 0 0
 1418146423 0 0 0 0 0 0 0 0 0 0 0
 1418146423 0 0 0 0 0 0 0 0 0 0 0
 1418146423 0 0 0 0 0 0 0 0 0 0 0
 1418146423 0 0 0 0 0 0 0 0 0 0 0
 1418146423 0 0 0 0 0 0 0 0 0 0 0
 1418146423 0 0 0 0 0 0 0 0 0 0 0
 1418146423 0 0 0 0 0 0 0 0 0 0 0
 1418146423 0 0 0 0 0 0 0 0 0 0 0
 1418146424 0 0 0 0 0 0 0 0 0 0 0
 1418146424 0 0 0 0 0 0 0 0 0 0 0
 1418146424 0 0 0 0 0 0 0 0 0 0 0
 1418146424 0 0 0 0 0 0 0 0 0 0 0
 1418146424 0 0 0 0 0 0 0 0 0 0 0
 1418146424 0 0 0 0 0 0 0 0 0 0 0
 1418146424 0 0 0 0 0 0 0 0 0 0 0
 1418146424 0 0 0 0 0 0 0 0 0 0 0
 1418146424 0 0 0 0 0 0 0 0 0 0 0
 1418146424 0 0 0 0 0 0 0 0 0 0 0
 1418146424 0 0 0 0 0 0 0 0 0 0 0
 1418146424 0 0 0 0 0 0 0 0 0 0 0
 1418146424 0 0 0 0 0 0 0 0 0 0 0
 1418146424 0 0 0 0 0 0 0 0 0 0 0
 1418146424 0 0 0 0 0 0 0 0 0 0 0
 1418146424 0 0 0 0 0 0 0 0 0 0 0
 1418146424 0 0 0 0 0 0 0 0 0 0 0
 1418146424 0 0 0 0 0 0 0 0 0 0 0
 1418146424 0 0 0 0 0 0 0 0 0 0 0
 1418146424 0 0 0 0 0 0 0 0 0 0 0
 1418146424 0 0 0 0 0 0 0 0 0 0 0
 1418146424 0 0 0 0 0 0 0 0 0 0 0
 1418146424 0 0 0 0 0 0 0 0 0 0 0
 1418146424 0 0 0 0 0 0 0 0 0 0 0
 1418146424 0 0 0 0 0 0 0 0 0 0 0
 1418146424 0 0 0 0 0 0 0 0 0 0 0
 1418146424 0 0 0 0 0 0 0 0 0 0 0
 1418146424 0 0 0 0 0 0 0 0 0 0 0
 1418146424 0 0 0 0 0 0 0 0 0 0 0
 1418146424 0 0 0 0 0 0 0 0 0 0 0
 1418146425 0 0 0 0 0 0 0 0 0 0 0
 1418146425 0 0 0 0 0 0 0 0 0 0 0
 1418146425 0 0 0 0 0 0 0 0 0 0 0
 1418146425 0 0 0 0 0 0 0 0 0 0 0
 1418146425 0 0 0 0 0 0 0 0 0 0 0
 1418146425 0 0 0 0 0 0 0 0 0 0 0
 1418146425 0 0 0 0 0 0 0 0 0 0 0
 1418146425 0 0 0 0 0 0 0 0 0 0 0
 1418146425 0 0 0 0 0 0 0 0 0 0 0
 1418146425 0 0 0 0 0 0 0 0 0 0 0
 1418146425 0 0 0 0 0 0 0 0 0 0 0
 1418146425 0 0 0 0 0 0 0 0 0 0 0
 1418146425 0 0 0 0 0 0 0 0 0 0 0
 1418146425 0 0 0 0 0 0 0 0 0 0 0
 1418146425 0 0 0 0 0 0 0 0 0 0 0
 1418146425 0 0 0 0 0 0 0 0 0 0 0
 1418146425 0 0 0 0 0 0 0 0 0 0 0
 1418146425 0 0 0 0 0 0 0 0 0 0 0
 1418146425 0 0 0 0 0 0 0 0 0 0 0
 1418146425 0 0 0 0 0 0 0 0 0 0 0
 1418146425 0 0 0 0 0 0 0 0 0 0 0
 1418146425 0 0 0 0 0 0 0 0 0 0 0
 1418146425 0 0 0 0 0 0 0 0 0 0 0
 1418146425 0 0 0 0 0 0 0 0 0 0 0
 1418146425 0 0 0 0 0 0 0 0 0 0 0
 1418146425 0 0 0 0 0 0 0 0 0 0 0
 1418146425 0 0 0 0 0 0 0 0 0 0 0
 1418146425 0 0 0 0 0 0 0 0 0 0 0
 1418146425 0 0 0 0 0 0 0 0 0 0 0
 1418146425 0 0 0 0 0 0 0 0 0 0 0
 1418146426 0 0 0 0 0 0 0 0 0 0 0
 1418146426 0 0 0 0 0 0 0 0 0 0 0
 1418146426 0 0 0 0 0 0 0 0 0 0 0
 1418146426 0 0 0 0 0 0 0 0 0 0 0
 1418146426 0 0 0 0 0 0 0 0 0 0 0
 1418146426 0 0 0 0 0 0 0 0 0 0 0
 1418146426 0 0 0 0 0 0 0 0 0 0 0
 1418146426 0 0 0 0 0 0 0 0 0 0 0
 1418146426 0 0 0 0 0 0 0 0 0 0 0
 1418146426 0 0 0 0 0 0 0 0 0 0 0
 1418146426 0 0 0 0 0 0 0 0 0 0 0
 1418146426 0 0 0 0 0 0 0 0 0 0 0
 1418146426 0 0 0 0 0 0 0 0 0 0 0
 1418146426 0 0 0 0 0 0 0 0 0 0 0
 1418146426 0 0 0 0 0 0 0 0 0 0 0
 1418146426 0 0 0 0 0 0 0 0 0 0 0
 1418146426 0 0 0 0 0 0 0 0 0 0 0
 1418146426 0 0 0 0 0 0 0 0 0 0 0
 1418146426 0 0 0 0 0 0 0 0 0 0 0
 1418146426 0 0 0 0 0 0 0 0 0 0 0
 1418146426 0 0 0 0 0 0 0 0 0 0 0
 1418146426 0 0 0 0 0 0 0 0 0 0 0
 1418146426 0 0 0 0 0 0 0 0 0 0 0
 1418146426 0 0 0 0 0 0 0 0 0 0 0
 1418146426 0 0 0 0 0 0 0 0 0 0 0
 1418146426 0 0 0 0 0 0 0 0 0 0 0
 1418146426 0 0 0 0 0 0 0 0 0 0 0
 1418146426 0 0 0 0 0 0 0 0 0 0 0
 1418146426 0 0 0 0 0 0 0 0 0 0 0
 1418146426 0 0 0 0 0 0 0 0 0 0 0
 1418146427 0 0 0 0 0 0 0 0 0 0 0
 1418146427 0 0 0 0 0 0 0 0 0 0 0
 1418146427 0 0 0 0 0 0 0 0 0 0 0
 1418146427 0 0 0 0 0 0 0 0 0 0 0
 1418146427 0 0 0 0 0 0 0 0 0 0 0
 1418146427 0 0 0 0 0 0 0 0 0 0 0
 1418146427 0 0 0 0 0 0 0 0 0 0 0
 1418146427 0 0 0 0 0 0 0 0 0 0 0
 1418146427 0 0 0 0 0 0 0 0 0 0 0
 1418146427 0 0 0 0 0 0 0 0 0 0 0
 1418146427 0 0 0 0 0 0 0 0 0 0 0
 1418146427 0 0 0 0 0 0 0 0 0 0 0
 1418146427 0 0 0 0 0 0 0 0 0 0 0
 1418146427 0 0 0 0 0 0 0 0 0 0 0
 1418146427 0 0 0 0 0 0 0 0 0 0 0
 1418146427 0 0 0 0 0 0 0 0 0 0 0
 1418146427 0 0 0 0 0 0 0 0 0 0 0
 1418146427 0 0 0 0 0 0 0 0 0 0 0
 1418146427 0 0 0 0 0 0 0 0 0 0 0
 1418146427 0 0 0 0 0 0 0 0 0 0 0
 1418146427 0 0 0 0 0 0 0 0 0 0 0
 1418146427 0 0 0 0 0 0 0 0 0 0 0
 1418146427 0 0 0 0 0 0 0 0 0 0 0
 1418146427 0 0 0 0 0 0 0 0 0 0 0
 1418146427 0 0 0 0 0 0 0 0 0 0 0
 1418146427 0 0 0 0 0 0 0 0 0 0 0
 1418146427 0 0 0 0 0 0 0 0 0 0 0
 1418146427 0 0 0 0 0 0 0 0 0 0 0
 1418146427 0 0 0 0 0 0 0 0 0 0 0
 1418146427 0 0 0 0 0 0 0 0 0 0 0
 1418146428 0 0 0 0 0 0 0 0 0 0 0
 1418146428 0 0 0 0 0 0 0 0 0 0 0
 1418146428 0 0 0 0 0 0 0 0 0 0 0
 1418146428 0 0 0 0 0 0 0 0 0 0 0
 1418146428 0 0 0 0 0 0 0 0 0 0 0
 1418146428 0 0 0 0 0 0 0 0 0 0 0
 1418146428 0 0 0 0 0 0 0 0 0 0 0
 1418146428 0 0 0 0 0 0 0 0 0 0 0
 1418146428 0 0 0 0 0 0 0 0 0 0 0
 1418146428 0 0 0 0 0 0 0 0 0 0 0
 1418146428 0 0 0 0 0 0 0 0 0 0 0
 1418146428 0 0 0 0 0 0 0 0 0 0 0
 1418146428 0 0 0 0 0 0 0 0 0 0 0
 1418146428 0 0 0 0 0 0 0 0 0 0 0
 1418146428 0 0 0 0 0 0 0 0 0 0 0
 1418146428 0 0 0 0 0 0 0 0 0 0 0
 1418146428 0 0 0 0 0 0 0 0 0 0 0
 1418146428 0 0 0 0 0 0 0 0 0 0 0
 1418146428 0 0 0 0 0 0 0 0 0 0 0
 1418146428 0 0 0 0 0 0 0 0 0 0 0
 1418146428 0 0 0 0 0 0 0 0 0 0 0
 1418146428 0 0 0 0 0 0 0 0 0 0 0
 1418146428 0 0 0 0 0 0 0 0 0 0 0
 1418146428 0 0 0 0 0 0 0 0 0 0 0
 1418146428 0 0 0 0 0 0 0 0 0 0 0
 1418146428 0 0 0 0 0 0 0 0 0 0 0
 1418146428 0 0 0 0 0 0 0 0 0 0 0
 1418146428 0 0 0 0 0 0 0 0 0 0 0
 1418146428 0 0 0 0 0 0 0 0 0 0 0
 1418146428 0 0 0 0 0 0 0 0 0 0 0
 1418146429 0 0 0 0 0 0 0 0 0 0 0
 1418146429 0 0 0 0 0 0 0 0 0 0 0
 1418146429 0 0 0 0 0 0 0 0 0 0 0
 1418146429 0 0 0 0 0 0 0 0 0 0 0
 1418146429 0 0 0 0 0 0 0 0 0 0 0
 1418146429 0 0 0 0 0 0 0 0 0 0 0
 1418146429 0 0 0 0 0 0 0 0 0 0 0
 1418146429 0 0 0 0 0 0 0 0 0 0 0
 1418146429 0 0 0 0 0 0 0 0 0 0 0
 1418146429 0 0 0 0 0 0 0 0 0 0 0
 1418146429 0 0 0 0 0 0 0 0 0 0 0
 1418146429 0 0 0 0 0 0 0 0 0 0 0
 1418146429 0 0 0 0 0 0 0 0 0 0 0
 1418146429 0 0 0 0 0 0 0 0 0 0 0
 1418146429 0 0 0 0 0 0 0 0 0 0 0
 1418146429 0 0 0 0 0 0 0 0 0 0 0
 1418146429 0 0 0 0 0 0 0 0 0 0 0
 1418146429 0 0 0 0 0 0 0 0 0 0 0
 1418146429 0 0 0 0 0 0 0 0 0 0 0
 1418146429 0 0 0 0 0 0 0 0 0 0 0
 1418146429 0 0 0 0 0 0 0 0 0 0 0
 1418146429 0 0 0 0 0 0 0 0 0 0 0
 1418146429 0 0 0 0 0 0 0 0 0 0 0
 1418146429 0 0 0 0 0 0 0 0 0 0 0
 1418146429 0 0 0 0 0 0 0 0 0 0 0
 1418146429 0 0 0 0 0 0 0 0 0 0 0
 1418146429 0 0 0 0 0 0 0 0 0 0 0
 1418146429 0 0 0 0 0 0 0 0 0 0 0
 1418146429 0 0 0 0 0 0 0 0 0 0 0
 1418146429 0 0 0 0 0 0 0 0 0 0 0
 1418146430 0 0 0 0 0 0 0 0 0 0 0
 1418146430 0 0 0 0 0 0 0 0 0 0 0
 1418146430 0 0 0 0 0 0 0 0 0 0 0
 1418146430 0 0 0 0 0 0 0 0 0 0 0
 1418146430 0 0 0 0 0 0 0 0 0 0 0
 1418146430 0 0 0 0 0 0 0 0 0 0 0
 1418146430 0 0 0 0 0 0 0 0 0 0 0
 1418146430 0 0 0 0 0 0 0 0 0 0 0
 1418146430 0 0 0 0 0 0 0 0 0 0 0
 1418146430 0 0 0 0 0 0 0 0 0 0 0
 1418146430 0 0 0 0 0 0 0 0 0 0 0
 1418146430 0 0 0 0 0 0 0 0 0 0 0
 1418146430 0 0 0 0 0 0 0 0 0 0 0
 1418146430 0 0 0 0 0 0 0 0 0 0 0
 1418146430 0 0 0 0 0 0 0 0 0 0 0
 1418146430 0 0 0 0 0 0 0 0 0 0 0
 1418146430 0 0 0 0 0 0 0 0 0 0 0
 1418146430 0 0 0 0 0 0 0 0 0 0 0
 1418146430 0 0 0 0 0 0 0 0 0 0 0
 1418146430 0 0 0 0 0 0 0 0 0 0 0
 1418146430 0 0 0 0 0 0 0 0 0 0 0
 1418146430 0 0 0 0 0 0 0 0 0 0 0
 1418146430 0 0 0 0 0 0 0 0 0 0 0
 1418146430 0 0 0 0 0 0 0 0 0 0 0
 1418146430 0 0 0 0 0 0 0 0 0 0 0
 1418146430 0 0 0 0 0 0 0 0 0 0 0
 1418146430 0 0 0 0 0 0 0 0 0 0 0
 1418146430 0 0 0 0 0 0 0 0 0 0 0
 1418146430 0 0 0 0 0 0 0 0 0 0 0
 1418146430 0 0 0 0 0 0 0 0 0 0 0
 1418146431 0 0 0 0 0 0 0 0 0 0 0
 1418146431 0 0 0 0 0 0 0 0 0 0 0
 1418146431 0 0 0 0 0 0 0 0 0 0 0
 1418146431 0 0 0 0 0 0 0 0 0 0 0
 1418146431 0 0 0 0 0 0 0 0 0 0 0
 1418146431 0 0 0 0 0 0 0 0 0 0 0
 1418146431 0 0 0 0 0 0 0 0 0 0 0
 1418146431 0 0 0 0 0 0 0 0 0 0 0
 1418146431 0 0 0 0 0 0 0 0 0 0 0
 1418146431 0 0 0 0 0 0 0 0 0 0 0
 1418146431 0 0 0 0 0 0 0 0 0 0 0
 1418146431 0 0 0 0 0 0 0 0 0 0 0
 1418146431 0 0 0 0 0 0 0 0 0 0 0
 1418146431 0 0 0 0 0 0 0 0 0 0 0
 1418146431 0 0 0 0 0 0 0 0 0 0 0
 1418146431 0 0 0 0 0 0 0 0 0 0 0
 1418146431 0 0 0 0 0 0 0 0 0 0 0
 1418146431 0 0 0 0 0 0 0 0 0 0 0
 1418146431 0 0 0 0 0 0 0 0 0 0 0
