 1418300897 -5 0 0 0 0 0 69 320 314 310 80
 1418300898 -5 0 0 0 0 0 69 320 314 310 80
 1418300898 -5 0 0 0 0 0 69 320 314 310 80
 1418300898 -5 0 0 0 0 0 69 320 314 310 80
 1418300899 -5 0 0 0 0 0 69 320 314 310 80
 1418300899 -5 0 0 0 0 0 69 320 315 310 80
 1418300899 -5 0 0 0 0 0 69 320 315 310 80
 1418300900 -5 0 0 0 0 0 69 320 314 310 80
 1418300900 -5 0 0 0 0 0 69 320 314 310 80
 1418300900 -5 0 0 0 0 0 69 320 314 310 80
 1418300901 -5 0 0 0 0 0 69 320 314 310 80
 1418300901 -5 0 0 0 0 0 69 320 314 310 80
 1418300901 -5 0 0 0 0 0 69 320 314 310 80
 1418300902 -5 0 0 0 0 0 69 320 314 310 80
 1418300902 -5 0 0 0 0 0 69 320 314 310 80
 1418300902 -5 0 0 0 0 0 69 320 314 310 80
 1418300902 -5 0 0 0 0 0 69 320 314 310 80
 1418300903 -5 0 0 0 0 0 69 320 314 310 80
 1418300903 -5 0 0 0 0 0 69 320 314 310 80
 1418300903 -5 0 0 0 0 0 69 320 314 310 80
 1418300904 -5 0 0 0 0 0 69 320 314 310 80
 1418300904 -5 0 0 0 0 0 69 320 314 310 80
 1418300904 -5 0 0 0 0 0 69 320 314 310 80
