 1418296141 7 9 0 0 0 0 31 244 251 243 117
 1418296141 7 9 0 0 0 0 31 245 251 243 117
 1418296141 8 9 1 0 0 0 31 245 247 242 117
 1418296142 11 9 4 0 0 0 31 242 248 242 119
 1418296142 15 9 6 0 0 0 29 236 246 248 119
 1418296142 19 9 6 0 0 0 29 232 243 246 121
 1418296142 19 9 2 0 0 0 28 232 241 247 120
 1418296143 20 9 1 0 0 0 28 230 241 247 120
 1418296143 22 9 3 0 0 0 28 228 241 243 119
 1418296143 25 9 5 0 0 0 29 228 239 243 120
 1418296143 30 9 7 0 0 0 31 222 236 245 120
 1418296144 32 9 6 0 0 0 31 222 234 246 126
 1418296144 33 9 3 0 0 0 34 217 233 246 128
 1418296144 34 9 2 0 0 0 34 219 233 183 128
 1418296144 35 9 2 0 0 0 35 219 232 183 87
 1418296145 38 9 4 0 0 0 219 217 219 183 87
 1418296145 41 9 6 0 0 0 219 217 142 133 75
 1418296145 43 9 5 0 0 0 209 155 141 133 75
 1418296146 44 9 3 0 0 0 209 152 140 129 75
 1418296146 45 9 2 0 0 0 207 152 140 129 65
 1418296146 46 9 2 0 0 0 206 151 139 129 65
 1418296146 50 9 5 0 0 0 206 147 138 128 67
 1418296147 54 9 7 0 0 0 195 147 136 127 64
 1418296147 55 9 5 0 0 0 112 142 134 127 64
 1418296147 56 9 2 0 0 0 112 140 134 127 107
 1418296147 57 9 1 0 0 0 194 140 133 127 107
 1418296148 61 10 5 1 0 0 187 138 131 127 110
 1418296148 64 11 6 2 0 0 187 131 129 125 110
 1418296148 68 11 6 1 0 0 184 131 126 124 112
 1418296149 70 11 4 0 0 0 180 125 124 124 113
 1418296149 70 11 1 0 0 0 179 124 124 123 113
 1418296149 72 12 2 1 0 0 179 122 123 123 114
 1418296150 79 12 7 0 0 0 178 116 119 122 114
 1418296150 83 12 7 0 0 0 178 110 117 121 120
 1418296150 83 12 2 0 0 0 179 110 115 121 122
 1418296151 83 12 0 0 0 0 182 109 115 121 127
 1418296151 86 12 3 0 0 0 183 107 114 121 127
 1418296151 91 12 7 0 0 0 183 101 111 120 118
 1418296152 94 12 7 0 0 0 174 101 109 119 130
 1418296152 96 12 4 0 0 0 161 97 107 119 149
 1418296152 97 12 2 0 0 0 124 95 107 119 149
 1418296153 99 12 3 0 0 0 124 94 106 119 133
 1418296153 103 12 5 0 0 0 122 94 104 119 152
 1418296153 108 12 7 0 0 0 83 142 137 119 74
 1418296153 111 16 6 4 0 0 80 137 104 131 74
 1418296154 112 21 3 7 0 0 80 133 97 124 78
 1418296154 114 25 3 7 0 0 189 133 96 124 78
 1418296154 116 26 4 5 0 0 189 133 93 117 127
 1418296155 119 26 5 1 0 0 119 133 92 117 86
 1418296155 121 26 4 0 0 0 71 130 118 113 86
 1418296155 122 26 2 0 0 0 71 122 117 115 86
 1418296156 124 27 2 1 0 0 69 122 116 114 86
 1418296156 129 30 5 4 0 0 65 118 111 114 89
 1418296156 133 35 7 7 0 0 61 113 106 108 89
 1418296156 136 39 6 7 0 0 61 108 100 100 93
 1418296157 136 40 1 4 0 0 60 108 98 97 96
 1418296157 137 40 1 1 0 0 59 108 98 97 96
 1418296157 139 41 3 1 0 0 59 105 97 96 96
 1418296158 143 44 6 4 0 0 56 105 93 91 98
 1418296158 147 48 6 6 0 0 52 95 87 91 102
 1418296158 149 51 5 5 0 0 216 88 84 85 102
 1418296159 150 52 2 2 0 0 216 87 83 83 104
 1418296159 151 52 1 0 0 0 210 87 86 86 90
 1418296159 154 52 4 0 0 0 254 93 88 86 99
 1418296159 158 52 7 0 0 0 45 96 94 87 99
 1418296160 162 52 5 0 0 0 42 89 88 84 107
 1418296160 163 52 3 0 0 0 42 93 92 75 109
 1418296161 165 52 3 0 0 0 40 93 83 73 109
 1418296161 168 52 5 0 0 0 38 102 82 73 111
 1418296161 173 52 7 0 0 0 36 78 82 78 111
 1418296162 175 52 4 0 0 1 36 77 74 73 113
 1418296162 176 52 1 0 0 1 35 77 55 60 115
 1418296162 176 52 0 0 0 1 35 77 64 60 115
 1418296162 176 52 0 0 1 1 35 77 58 56 115
 1418296163 176 52 0 0 1 1 35 78 75 50 115
 1418296163 176 52 0 0 1 1 35 107 77 54 115
 1418296163 176 52 0 0 1 1 35 107 60 54 115
 1418296164 176 52 0 0 1 1 35 106 71 54 115
 1418296164 176 52 0 0 1 1 35 106 62 53 115
 1418296164 176 52 0 0 1 1 35 106 62 53 115
 1418296165 176 52 0 0 1 1 35 106 78 53 115
 1418296165 176 52 0 0 1 1 35 106 72 53 115
 1418296165 176 52 0 0 1 1 35 106 76 53 115
 1418296165 176 52 0 0 1 1 35 82 78 52 115
 1418296166 176 52 0 0 1 1 35 82 73 53 115
 1418296166 176 52 0 0 1 1 35 106 78 53 115
 1418296166 176 52 0 0 1 1 35 117 78 53 115
 1418296166 176 52 0 0 1 1 35 80 73 53 115
 1418296167 176 52 0 0 1 1 35 80 71 53 115
 1418296167 176 52 0 0 1 1 35 80 59 53 115
 1418296167 176 52 0 0 1 1 35 80 69 53 115
 1418296168 176 52 0 0 1 1 35 107 72 53 115
 1418296168 176 52 0 0 1 1 35 107 80 53 115
 1418296168 176 52 0 0 1 1 35 117 71 53 115
