 1418293686 26 -18 0 0 0 1 122 85 100 65 52
 1418293686 26 -18 0 0 0 1 122 87 80 72 49
 1418293686 26 -18 0 0 0 1 122 86 73 66 48
 1418293687 26 -18 0 0 0 1 122 86 73 65 29
 1418293687 26 -18 0 0 0 1 122 86 82 67 49
 1418293687 26 -18 0 0 0 1 123 86 82 67 49
 1418293688 26 -18 0 0 0 1 124 86 82 67 49
 1418293688 26 -18 0 0 0 1 124 86 82 66 48
 1418293688 26 -18 0 0 0 1 124 86 82 67 52
 1418293689 26 -18 0 0 0 0 124 86 82 67 48
 1418293689 26 -18 0 0 0 0 124 86 82 66 48
 1418293689 26 -18 0 0 0 0 124 86 82 66 47
 1418293689 28 -18 1 0 0 0 138 86 80 66 48
 1418293690 31 -16 4 2 0 0 220 85 70 66 51
 1418293690 32 -14 5 4 0 0 220 85 69 62 51
 1418293690 38 -8 6 7 0 1 220 200 67 62 51
 1418293691 38 -5 1 5 0 1 208 200 76 60 55
 1418293691 39 -1 1 5 0 1 157 200 80 60 84
 1418293691 39 0 0 3 0 1 146 198 86 66 84
 1418293692 39 0 0 1 0 1 146 198 90 71 72
 1418293692 39 0 0 0 0 1 146 198 91 71 80
 1418293692 39 0 0 0 0 1 146 198 103 71 71
 1418293693 39 0 0 0 0 0 147 198 95 71 71
 1418293693 39 0 0 0 0 0 147 198 95 72 71
 1418293693 39 0 0 0 0 0 146 198 95 72 71
 1418293693 39 1 0 1 0 0 147 198 94 72 71
 1418293694 40 3 1 3 0 0 147 196 93 70 71
 1418293694 44 8 5 7 0 0 159 196 208 65 83
 1418293694 49 12 7 7 0 0 194 189 91 65 81
 1418293695 51 15 5 5 0 0 175 182 96 83 81
 1418293695 52 15 2 1 0 0 175 179 196 89 80
 1418293695 53 15 1 0 0 0 175 179 196 91 78
 1418293696 55 17 3 2 0 0 218 178 192 91 71
 1418293696 60 22 6 6 0 0 232 172 188 110 71
 1418293696 64 25 7 6 0 0 232 164 175 86 73
 1418293696 65 27 3 4 0 0 249 164 173 90 76
 1418293697 65 27 1 1 0 0 221 163 173 90 76
 1418293697 67 28 2 1 0 0 221 162 173 109 77
 1418293697 71 31 5 4 0 0 268 162 169 288 116
 1418293698 75 36 7 7 0 0 261 155 162 288 96
 1418293698 77 39 6 7 0 0 261 150 159 80 96
 1418293698 78 40 3 3 0 0 227 150 157 180 65
 1418293699 79 41 1 1 0 0 253 148 157 180 65
 1418293699 81 43 3 3 0 0 245 146 154 277 65
 1418293699 86 47 7 6 0 0 245 140 150 174 131
 1418293699 88 51 7 8 0 0 224 140 147 174 215
 1418293700 91 53 5 5 0 0 215 133 143 165 215
 1418293700 91 54 1 2 0 0 215 132 143 261 58
 1418293700 93 55 2 1 0 0 208 132 142 261 29
 1418293701 96 58 5 4 0 0 209 129 140 261 224
 1418293701 99 60 6 5 0 0 209 124 67 56 224
 1418293701 101 64 5 6 0 0 211 124 118 113 41
 1418293702 102 65 2 3 0 0 206 120 131 113 56
 1418293702 103 66 1 2 0 0 205 120 131 149 56
 1418293702 106 69 4 4 0 0 205 117 127 146 36
 1418293702 111 74 7 7 0 0 204 117 131 139 36
 1418293703 114 77 6 6 0 0 204 111 132 139 36
 1418293703 115 78 4 3 0 0 204 118 119 134 36
 1418293703 115 79 1 1 0 0 204 118 118 133 36
 1418293704 117 81 2 3 0 0 203 116 124 133 32
 1418293704 121 85 5 6 0 0 290 119 120 227 32
 1418293704 125 89 6 7 0 0 290 111 114 124 40
 1418293704 127 91 4 4 0 0 222 111 112 119 34
 1418293705 127 91 1 1 0 0 221 109 107 119 37
 1418293705 127 91 0 0 0 0 221 109 107 119 37
 1418293705 127 91 0 0 0 0 221 109 108 119 38
 1418293706 127 91 0 0 0 0 241 110 108 119 37
 1418293706 127 91 0 0 0 0 222 109 108 119 68
 1418293706 127 91 0 0 0 0 241 109 107 120 68
 1418293707 127 91 0 0 0 0 241 109 107 120 31
 1418293707 127 91 0 0 0 0 222 109 107 119 27
 1418293707 127 91 0 0 0 0 221 109 107 119 27
 1418293708 127 91 0 0 0 0 221 109 107 119 27
 1418293708 127 91 0 0 0 0 221 109 106 119 27
 1418293708 127 91 0 0 0 0 221 109 108 119 27
 1418293708 127 91 0 0 0 0 221 109 107 120 27
 1418293709 127 91 0 0 0 0 221 110 105 104 29
 1418293709 127 91 0 0 0 0 221 110 68 67 25
 1418293709 127 91 0 0 0 0 221 45 54 67 25
 1418293710 128 94 1 3 0 1 240 45 105 117 16
 1418293710 128 94 0 1 0 1 203 102 106 117 22
 1418293710 128 94 0 0 0 1 204 164 109 116 22
 1418293711 128 94 0 0 0 1 204 157 107 116 200
