 1418152562 7 10 0 0 0 0 85 375 345 347 60
 1418152562 7 10 0 0 0 0 85 375 345 347 50
 1418152563 7 10 0 0 0 0 85 375 348 349 50
 1418152563 11 11 4 1 0 0 85 376 348 346 61
 1418152563 13 14 6 4 0 0 85 376 348 346 55
 1418152564 17 18 6 6 0 0 86 363 334 335 55
 1418152564 20 21 4 4 0 0 91 357 330 327 54
 1418152564 20 21 1 2 0 0 91 357 329 324 53
 1418152565 22 23 2 2 0 0 93 357 354 324 106
 1418152565 25 27 4 5 0 0 88 353 350 322 106
 1418152565 30 31 7 7 0 0 88 344 327 315 107
 1418152565 33 35 6 7 0 0 88 344 323 310 108
 1418152566 34 35 3 2 0 0 87 339 310 310 109
 1418152566 35 36 2 1 0 0 87 338 310 309 109
 1418152566 37 37 3 2 0 0 87 338 307 307 109
 1418152567 41 41 6 5 0 0 87 333 317 307 126
 1418152567 45 46 6 6 0 0 88 325 312 302 126
 1418152567 47 48 4 5 0 0 88 294 295 297 116
 1418152568 47 48 1 2 0 0 89 294 295 297 128
 1418152568 48 49 1 1 0 0 89 295 294 295 128
 1418152568 52 52 5 4 0 0 89 290 305 293 60
 1418152568 55 55 6 6 0 0 93 290 286 293 62
 1418152569 58 59 6 7 0 0 102 283 282 285 62
 1418152569 59 60 3 3 0 0 102 282 283 283 133
 1418152569 59 60 1 1 0 0 103 282 266 283 133
 1418152570 61 62 2 2 0 0 103 305 280 283 137
 1418152570 64 67 5 6 0 0 105 276 297 278 137
 1418152570 69 71 7 7 0 0 105 269 292 271 133
 1418152570 71 73 6 6 0 0 107 269 265 271 139
 1418152571 72 73 3 1 0 0 108 265 265 255 139
 1418152571 74 74 3 1 0 0 108 262 286 257 133
 1418152571 77 76 5 3 0 0 132 262 261 257 133
 1418152572 81 81 7 7 0 0 115 256 255 253 133
 1418152572 83 85 4 7 0 0 115 251 250 250 131
 1418152572 84 86 3 5 0 0 120 251 248 250 131
 1418152572 85 87 2 2 0 0 120 251 247 248 131
 1418152573 87 87 3 1 0 0 87 248 246 248 131
 1418152573 91 87 6 0 0 0 87 240 245 243 131
 1418152573 96 90 8 3 0 0 85 240 261 241 132
 1418152574 98 93 7 5 0 0 84 233 239 241 132
 1418152574 99 97 3 7 0 0 84 224 232 235 118
 1418152574 100 99 2 6 0 0 87 224 230 235 98
 1418152574 103 100 3 2 0 0 87 222 229 232 98
 1418152575 107 102 6 2 0 0 87 243 227 230 98
 1418152575 109 103 6 3 0 0 87 243 224 230 100
 1418152575 112 108 5 5 0 0 89 213 219 208 100
 1418152575 113 110 3 6 0 0 89 213 216 222 95
 1418152576 114 112 2 4 0 0 90 212 216 222 93
 1418152576 115 113 2 2 0 0 90 210 215 219 93
 1418152576 119 114 5 2 0 0 91 210 213 225 94
 1418152576 122 115 7 2 0 0 109 223 210 225 94
