 1418299017 0 0 1 0 0 1 0 102 110 119 129
 1418299020 0 52 0 2 0 1 0 0 0 51 109
 1418299020 22 65 6 0 0 0 95 85 90 97 171
 1418299021 30 65 6 0 0 0 92 73 84 95 173
 1418299024 31 65 5 5 1 1 0 0 0 0 98
 1418299027 46 67 0 0 0 0 55 284 98 109 108
 1418299030 60 267 40 0 0 1 0 0 0 0 0
 1418299031 60 93 0 1 0 1 110 51 62 74 165
 1418299031 60 93 0 1 0 1 110 51 62 74 165
 1418299031 60 93 0 1 0 1 110 51 62 74 165
 1418299032 60 93 0 1 0 1 110 51 62 74 165
 1418299032 60 93 0 1 0 1 110 51 62 74 165
 1418299032 60 93 0 0 0 1 110 51 62 74 165
 1418299032 60 93 0 0 0 1 110 51 62 74 165
 1418299033 60 93 0 0 0 1 110 51 62 74 165
 1418299036 60 93 0 0 0 1 0 0 0 110 1
 1418299036 60 93 0 0 0 1 110 51 62 74 164
 1418299036 60 93 0 0 0 1 110 51 62 74 164
 1418299037 60 93 0 0 0 1 110 51 62 74 164
 1418299037 60 93 0 0 0 1 110 51 62 74 164
 1418299037 60 93 0 0 0 1 110 51 62 74 164
 1418299037 60 93 0 0 0 1 110 51 62 74 164
 1418299041 60 93 0 0 0 1 1 0 62 74 164
 1418299044 60 93 0 0 1 1 0 0 0 0 110
