 1418145158 0 0 0 0 0 0 0 0 0 0 0
 1418145158 0 0 0 0 0 0 0 0 0 0 0
 1418145158 0 0 0 0 0 0 0 0 0 0 0
 1418145158 0 0 0 0 0 0 0 0 0 0 0
 1418145158 0 0 0 0 0 0 0 0 0 0 0
 1418145158 0 0 0 0 0 0 0 0 0 0 0
 1418145158 0 0 0 0 0 0 0 0 0 0 0
 1418145158 0 0 0 0 0 0 0 0 0 0 0
 1418145158 0 0 0 0 0 0 0 0 0 0 0
 1418145158 0 0 0 0 0 0 0 0 0 0 0
 1418145158 0 0 0 0 0 0 0 0 0 0 0
 1418145158 0 0 0 0 0 0 0 0 0 0 0
 1418145158 0 0 0 0 0 0 0 0 0 0 0
 1418145158 0 0 0 0 0 0 0 0 0 0 0
 1418145158 0 0 0 0 0 0 0 0 0 0 0
 1418145158 0 0 0 0 0 0 0 0 0 0 0
 1418145158 0 0 0 0 0 0 0 0 0 0 0
 1418145158 0 0 0 0 0 0 0 0 0 0 0
 1418145158 0 0 0 0 0 0 0 0 0 0 0
 1418145158 0 0 0 0 0 0 0 0 0 0 0
 1418145158 0 0 0 0 0 0 0 0 0 0 0
 1418145158 0 0 0 0 0 0 0 0 0 0 0
 1418145158 0 0 0 0 0 0 0 0 0 0 0
 1418145159 0 0 0 0 0 0 0 0 0 0 0
 1418145159 0 0 0 0 0 0 0 0 0 0 0
 1418145159 0 0 0 0 0 0 0 0 0 0 0
 1418145159 0 0 0 0 0 0 0 0 0 0 0
 1418145159 0 0 0 0 0 0 0 0 0 0 0
 1418145159 0 0 0 0 0 0 0 0 0 0 0
 1418145159 0 0 0 0 0 0 0 0 0 0 0
 1418145159 0 0 0 0 0 0 0 0 0 0 0
 1418145159 0 0 0 0 0 0 0 0 0 0 0
 1418145159 0 0 0 0 0 0 0 0 0 0 0
 1418145159 0 0 0 0 0 0 0 0 0 0 0
 1418145159 0 0 0 0 0 0 0 0 0 0 0
 1418145159 0 0 0 0 0 0 0 0 0 0 0
 1418145159 0 0 0 0 0 0 0 0 0 0 0
 1418145159 0 0 0 0 0 0 0 0 0 0 0
 1418145159 0 0 0 0 0 0 0 0 0 0 0
 1418145159 0 0 0 0 0 0 0 0 0 0 0
 1418145159 0 0 0 0 0 0 0 0 0 0 0
 1418145159 0 0 0 0 0 0 0 0 0 0 0
 1418145159 0 0 0 0 0 0 0 0 0 0 0
 1418145159 0 0 0 0 0 0 0 0 0 0 0
 1418145159 0 0 0 0 0 0 0 0 0 0 0
 1418145159 0 0 0 0 0 0 0 0 0 0 0
 1418145159 0 0 0 0 0 0 0 0 0 0 0
 1418145159 0 0 0 0 0 0 0 0 0 0 0
 1418145159 0 0 0 0 0 0 0 0 0 0 0
 1418145159 0 0 0 0 0 0 0 0 0 0 0
 1418145159 0 0 0 0 0 0 0 0 0 0 0
 1418145159 0 0 0 0 0 0 0 0 0 0 0
 1418145159 0 0 0 0 0 0 0 0 0 0 0
 1418145160 0 0 0 0 0 0 0 0 0 0 0
 1418145160 0 0 0 0 0 0 0 0 0 0 0
 1418145160 0 0 0 0 0 0 0 0 0 0 0
 1418145160 0 0 0 0 0 0 0 0 0 0 0
 1418145160 0 0 0 0 0 0 0 0 0 0 0
 1418145160 0 0 0 0 0 0 0 0 0 0 0
 1418145160 0 0 0 0 0 0 0 0 0 0 0
 1418145160 0 0 0 0 0 0 0 0 0 0 0
 1418145160 0 0 0 0 0 0 0 0 0 0 0
 1418145160 0 0 0 0 0 0 0 0 0 0 0
 1418145160 0 0 0 0 0 0 0 0 0 0 0
 1418145160 0 0 0 0 0 0 0 0 0 0 0
 1418145160 0 0 0 0 0 0 0 0 0 0 0
 1418145160 0 0 0 0 0 0 0 0 0 0 0
 1418145160 0 0 0 0 0 0 0 0 0 0 0
 1418145160 0 0 0 0 0 0 0 0 0 0 0
 1418145160 0 0 0 0 0 0 0 0 0 0 0
 1418145160 0 0 0 0 0 0 0 0 0 0 0
 1418145160 0 0 0 0 0 0 0 0 0 0 0
 1418145160 0 0 0 0 0 0 0 0 0 0 0
 1418145160 0 0 0 0 0 0 0 0 0 0 0
 1418145160 0 0 0 0 0 0 0 0 0 0 0
 1418145160 0 0 0 0 0 0 0 0 0 0 0
 1418145160 0 0 0 0 0 0 0 0 0 0 0
 1418145160 0 0 0 0 0 0 0 0 0 0 0
 1418145160 0 0 0 0 0 0 0 0 0 0 0
 1418145160 0 0 0 0 0 0 0 0 0 0 0
 1418145160 0 0 0 0 0 0 0 0 0 0 0
 1418145160 0 0 0 0 0 0 0 0 0 0 0
 1418145160 0 0 0 0 0 0 0 0 0 0 0
 1418145161 0 0 0 0 0 0 0 0 0 0 0
 1418145161 0 0 0 0 0 0 0 0 0 0 0
 1418145161 0 0 0 0 0 0 0 0 0 0 0
 1418145161 0 0 0 0 0 0 0 0 0 0 0
 1418145161 0 0 0 0 0 0 0 0 0 0 0
 1418145161 0 0 0 0 0 0 0 0 0 0 0
