 1418295677 39 -10 4 -2 0 0 241 120 113 106 81
 1418295678 41 -11 1 -1 0 0 237 120 113 107 36
 1418295678 43 -11 3 0 0 0 237 117 111 106 36
 1418295679 48 -10 7 1 0 0 234 117 109 106 38
 1418295679 51 -9 6 2 0 0 224 110 106 106 46
 1418295679 54 -6 5 4 0 0 230 105 102 103 46
 1418295679 55 -1 2 7 0 0 230 102 99 97 41
 1418295680 56 1 1 5 0 0 232 102 96 91 40
 1418295680 59 3 4 3 0 0 231 100 93 91 42
 1418295681 63 5 6 3 0 0 227 95 89 89 84
 1418295681 66 9 5 6 0 0 230 89 86 85 84
 1418295681 67 11 2 5 0 0 230 87 83 79 102
 1418295681 67 12 1 3 0 0 224 87 82 79 93
 1418295682 71 13 4 1 0 0 228 84 80 77 93
 1418295682 75 16 7 4 0 0 228 78 76 73 82
 1418295682 75 16 7 4 0 0 228 78 76 73 82
 1418295683 79 24 4 7 0 1 218 78 67 62 84
 1418295683 79 26 1 6 0 1 229 71 65 62 84
 1418295683 79 28 0 3 0 1 229 70 64 58 109
 1418295683 79 28 0 1 0 1 229 70 63 56 100
 1418295684 79 28 0 0 0 1 229 70 63 56 100
 1418295684 79 28 0 0 0 1 229 70 63 56 99
 1418295684 79 28 0 0 0 1 229 70 63 56 106
 1418295684 79 28 0 0 0 1 229 69 63 56 106
 1418295685 79 28 0 0 0 1 229 69 63 56 109
 1418295685 79 28 0 0 0 1 229 69 63 56 105
 1418295685 79 28 0 0 0 1 230 70 63 56 105
 1418295686 79 28 0 0 0 1 230 69 63 56 122
 1418295686 79 28 0 0 0 1 229 69 63 56 124
 1418295686 79 28 0 0 0 1 229 70 63 56 124
 1418295686 79 28 0 0 0 1 229 70 63 56 109
 1418295687 79 28 0 0 0 1 229 69 63 56 84
 1418295687 79 28 0 0 0 1 229 69 63 56 84
 1418295687 79 28 0 0 0 1 229 69 63 56 89
 1418295687 79 28 0 0 0 1 229 69 63 56 89
 1418295688 79 28 0 0 0 1 229 69 63 57 83
 1418295688 79 28 0 0 0 1 229 69 63 57 126
 1418295688 79 28 0 0 0 1 229 69 63 57 126
 1418295688 79 28 0 0 0 1 229 69 63 57 116
 1418295689 79 28 0 0 0 1 229 69 63 57 83
 1418295689 79 28 0 0 0 1 229 69 63 57 83
 1418295689 79 28 0 0 0 1 229 69 63 57 84
 1418295690 79 28 0 0 0 1 230 70 63 57 86
 1418295690 79 28 0 0 0 1 230 69 63 56 86
 1418295690 79 28 0 0 0 1 229 69 63 57 85
 1418295690 79 28 0 0 0 1 229 69 63 57 129
 1418295691 79 28 0 0 0 1 229 69 63 56 122
 1418295691 79 28 0 0 0 1 229 70 63 56 122
 1418295691 79 28 0 0 0 1 229 70 63 57 123
 1418295692 79 28 0 0 0 1 229 70 63 57 123
 1418295692 79 28 0 0 0 1 229 69 63 57 84
 1418295692 79 28 0 0 0 1 229 69 63 57 83
 1418295692 79 28 0 0 0 1 229 70 63 57 83
 1418295693 79 28 0 0 0 1 229 70 63 57 84
 1418295693 79 28 0 0 0 1 229 70 63 57 84
 1418295693 79 28 0 0 0 1 229 69 63 57 84
 1418295693 79 28 0 0 0 1 229 69 63 57 84
 1418295694 79 28 0 0 0 1 229 70 63 57 84
 1418295694 79 28 0 0 0 1 229 70 63 57 84
 1418295694 79 28 0 0 0 1 229 70 63 57 86
 1418295694 79 28 0 0 0 1 229 70 63 56 86
 1418295695 79 28 0 0 0 1 229 70 63 56 86
 1418295695 79 28 0 0 0 1 229 70 63 56 115
 1418295695 79 28 0 0 0 1 229 70 63 57 115
 1418295695 79 28 0 0 0 1 229 70 63 57 84
 1418295696 79 28 0 0 0 1 229 70 63 57 113
 1418295696 79 28 0 0 0 1 229 70 63 56 113
 1418295696 79 28 0 0 0 1 229 70 63 56 113
 1418295697 79 28 0 0 0 1 229 69 63 56 113
 1418295697 79 28 0 0 0 1 229 69 63 57 115
 1418295697 79 28 0 0 0 1 229 69 63 57 85
 1418295697 79 28 0 0 0 1 229 70 63 57 85
 1418295698 79 28 0 0 0 1 229 70 63 57 85
 1418295698 79 28 0 0 0 1 229 70 63 57 113
 1418295698 79 28 0 0 0 1 229 70 63 57 113
 1418295698 79 28 0 0 0 1 229 70 63 56 113
 1418295699 79 28 0 0 0 1 229 70 63 56 115
 1418295699 79 28 0 0 0 1 229 69 63 57 115
 1418295699 79 28 0 0 0 1 229 69 63 56 84
 1418295699 79 28 0 0 0 1 229 69 63 56 84
 1418295700 79 28 0 0 0 1 229 70 63 56 115
 1418295700 79 28 0 0 0 1 229 70 63 56 84
 1418295700 79 28 0 0 0 1 229 69 63 56 84
 1418295701 79 28 0 0 0 1 229 69 63 56 85
 1418295701 79 28 0 0 0 1 229 70 63 56 89
 1418295701 79 28 0 0 0 1 229 69 63 56 88
 1418295701 79 28 0 0 0 1 229 69 63 56 88
 1418295702 79 28 0 0 0 1 229 69 63 56 82
 1418295702 79 28 0 0 0 1 229 70 63 56 83
 1418295702 79 28 0 0 0 1 229 69 63 56 83
 1418295703 79 28 0 0 0 1 229 69 63 56 84
 1418295703 79 28 0 0 0 1 229 70 63 56 84
 1418295703 79 28 0 0 0 1 229 69 63 56 84
 1418295703 79 28 0 0 0 1 229 69 63 56 88
 1418295704 79 28 0 0 0 1 229 70 63 56 88
 1418295704 79 28 0 0 0 1 229 70 63 56 84
 1418295704 79 28 0 0 0 1 229 70 63 56 85
 1418295704 79 28 0 0 0 1 229 70 63 56 85
 1418295705 79 28 0 0 0 1 229 70 63 56 84
 1418295705 79 28 0 0 0 1 229 70 63 56 83
 1418295705 79 28 0 0 0 1 229 70 63 56 83
 1418295705 79 28 0 0 0 1 229 70 63 56 85
 1418295706 79 28 0 0 0 1 229 69 63 56 85
 1418295706 79 28 0 0 0 1 229 70 63 56 84
 1418295706 79 28 0 0 0 1 230 70 63 56 42
 1418295707 79 28 0 0 0 1 229 69 63 56 42
 1418295707 79 28 0 0 0 1 229 69 63 56 57
 1418295707 79 28 0 0 0 1 229 69 63 56 52
 1418295707 79 28 0 0 0 1 229 70 63 56 52
 1418295708 79 28 0 0 0 1 229 70 63 56 47
 1418295708 79 28 0 0 0 1 229 69 63 56 91
 1418295708 79 28 0 0 0 1 229 70 63 56 91
 1418295708 79 28 0 0 0 1 229 70 63 56 53
 1418295709 79 28 0 0 0 1 229 69 63 56 53
 1418295709 79 28 0 0 0 1 229 70 63 56 56
 1418295709 79 28 0 0 0 1 229 70 63 56 51
 1418295709 79 28 0 0 0 1 229 70 63 56 51
 1418295710 79 28 0 0 0 1 229 70 63 56 44
 1418295710 79 28 0 0 0 1 229 70 63 56 27
 1418295710 79 28 0 0 0 1 229 70 63 56 27
 1418295710 79 28 0 0 0 1 229 70 63 56 18
 1418295711 79 28 0 0 0 1 229 70 63 56 18
 1418295711 79 28 0 0 0 1 229 70 63 57 21
 1418295711 79 28 0 0 0 1 230 70 63 57 101
 1418295712 79 28 0 0 0 1 229 70 63 57 78
 1418295712 79 28 0 0 0 1 229 70 63 57 78
 1418295712 79 28 0 0 0 1 229 70 63 57 67
 1418295712 79 28 0 0 0 1 229 70 63 57 90
 1418295713 79 28 0 0 0 1 229 70 63 57 90
 1418295713 79 28 0 0 0 1 230 70 63 57 100
 1418295713 79 28 0 0 0 1 229 70 63 57 100
 1418295713 79 28 0 0 0 1 229 69 63 56 100
 1418295714 79 28 0 0 0 1 229 69 63 56 115
 1418295714 79 28 0 0 0 1 229 70 63 57 115
 1418295714 79 28 0 0 0 1 229 70 63 56 117
