 1418300158 0 0 0 0 0 0 60 327 322 315 108
 1418300159 0 0 0 0 0 0 60 327 322 316 108
 1418300159 0 0 0 0 0 0 60 327 322 315 108
 1418300159 0 0 0 0 0 0 60 327 323 315 108
 1418300159 0 0 0 0 0 0 60 327 322 315 108
 1418300160 0 0 0 0 0 0 60 327 323 315 108
 1418300160 0 0 0 0 0 0 60 327 321 315 108
 1418300160 0 0 0 0 0 0 60 327 322 315 108
 1418300161 0 0 0 0 0 0 60 327 323 315 108
 1418300161 0 0 0 0 0 0 60 327 322 315 108
 1418300161 0 0 0 0 0 0 60 327 322 315 108
 1418300162 0 0 0 0 0 0 60 327 323 315 108
 1418300162 0 0 0 0 0 0 60 327 322 315 108
 1418300162 0 0 0 0 0 0 60 328 322 316 108
 1418300162 0 0 0 0 0 0 60 328 323 316 108
 1418300163 0 0 0 0 0 0 60 327 322 316 108
 1418300163 0 0 0 0 0 0 60 327 322 315 108
 1418300163 0 0 0 0 0 0 60 327 180 316 108
 1418300164 0 0 0 0 0 0 60 327 180 316 108
 1418300164 0 0 0 0 0 0 60 327 323 316 108
 1418300164 0 0 0 0 0 0 60 327 323 316 108
 1418300164 0 0 0 0 0 0 60 327 179 316 108
 1418300165 0 0 0 0 0 0 60 327 322 316 108
 1418300165 0 0 0 0 0 0 60 327 322 316 108
 1418300165 0 0 0 0 0 0 60 327 322 316 108
 1418300166 0 0 0 0 0 0 60 327 322 316 108
 1418300166 0 0 0 0 0 0 60 327 322 316 108
 1418300166 0 0 0 0 0 0 60 327 322 316 108
 1418300167 0 0 0 0 0 0 60 327 322 316 108
 1418300167 0 0 0 0 0 0 60 327 322 316 108
 1418300167 0 0 0 0 0 0 60 327 322 316 108
 1418300167 0 0 0 0 0 0 60 327 322 316 108
 1418300168 0 0 0 0 0 0 60 327 322 316 108
 1418300168 0 0 0 0 0 0 60 327 322 316 108
 1418300168 0 0 0 0 0 0 60 327 322 316 108
 1418300169 0 0 0 0 0 0 60 327 322 316 108
 1418300169 0 0 0 0 0 0 60 328 322 316 108
 1418300169 0 0 0 0 0 0 60 328 322 316 108
 1418300169 0 0 0 0 0 0 60 328 322 316 108
 1418300170 0 0 0 0 0 0 60 327 322 316 108
 1418300170 0 0 0 0 0 0 60 327 322 316 108
 1418300170 0 0 0 0 0 0 60 327 322 316 108
 1418300171 0 0 0 0 0 0 60 327 322 316 108
 1418300171 0 0 0 0 0 0 60 327 322 316 108
 1418300171 0 0 0 0 0 0 61 327 322 316 108
 1418300171 0 0 0 0 0 0 60 327 322 316 108
 1418300172 0 0 0 0 0 0 60 327 322 316 108
 1418300172 0 0 0 0 0 0 61 327 322 316 108
 1418300172 0 0 0 0 0 0 61 327 322 316 108
 1418300173 0 0 0 0 0 0 61 328 322 316 108
 1418300173 0 0 0 0 0 0 61 328 322 316 108
 1418300173 0 0 0 0 0 0 61 328 322 316 108
 1418300173 0 0 0 0 0 0 61 327 322 316 108
 1418300174 0 0 0 0 0 0 61 327 322 316 108
 1418300174 0 0 0 0 0 0 61 327 322 316 108
 1418300174 0 0 0 0 0 0 61 327 322 316 108
 1418300175 0 0 0 0 0 0 61 327 322 316 108
 1418300175 0 0 0 0 0 0 61 328 322 316 108
 1418300175 0 0 0 0 0 0 61 328 322 316 108
 1418300176 0 -1 0 -1 0 0 61 327 322 316 108
 1418300176 0 -1 0 -1 0 0 61 327 322 317 107
 1418300176 0 -1 0 0 0 0 67 327 322 317 107
 1418300176 0 0 0 1 0 0 67 324 319 312 99
 1418300177 0 0 0 1 0 0 72 324 319 308 96
 1418300177 0 0 -1 0 0 0 72 324 319 308 96
 1418300177 0 0 0 0 0 0 72 324 319 308 96
 1418300178 0 0 0 0 0 0 72 324 319 308 96
 1418300178 0 0 0 0 0 0 72 324 319 308 96
 1418300178 0 0 0 0 0 0 72 324 319 308 96
 1418300179 1 0 1 0 0 0 72 323 319 309 96
 1418300179 1 0 1 0 0 0 72 323 319 308 96
 1418300179 1 -1 0 -1 0 0 71 323 319 308 96
 1418300179 1 0 0 0 0 0 71 323 319 308 97
 1418300180 1 0 0 1 0 0 71 323 319 228 96
 1418300180 1 0 0 0 0 0 71 323 319 228 96
 1418300180 1 0 0 0 0 0 71 323 319 228 96
 1418300181 1 0 0 0 0 0 71 323 319 228 96
 1418300181 1 0 0 0 0 0 71 323 319 228 96
 1418300181 1 0 0 0 0 0 71 323 319 228 96
 1418300181 1 0 0 0 0 0 71 324 319 308 96
 1418300182 1 0 0 0 0 0 71 324 319 228 96
 1418300182 1 0 0 0 0 0 71 324 319 228 96
 1418300182 1 0 0 0 0 0 71 324 319 228 96
 1418300183 1 0 0 0 0 0 71 324 319 228 96
 1418300183 1 0 0 0 0 0 71 324 319 228 96
 1418300183 1 0 0 0 0 0 71 324 319 228 96
 1418300184 1 0 0 0 0 0 71 324 319 228 96
 1418300184 1 0 0 0 0 0 71 324 319 228 96
 1418300184 1 0 0 0 0 0 71 324 319 228 96
 1418300184 1 0 0 0 0 0 71 324 319 228 96
 1418300185 1 0 0 0 0 0 71 324 319 228 96
